2025-04-03 15:35:10.668 [ERROR] [thread-id 1] - org.yaml.snakeyaml.constructor.ConstructorException: Cannot create property=general for JavaBean=com.walmartlabs.data.dependencies.Dependencies@57bd2029
 in 'reader', line 1, column 1:
    general:
    ^
Cannot create property=scrollUntilTimeout for JavaBean=com.walmartlabs.data.dependencies.General@6b410923
 in 'reader', line 2, column 3:
      automationName: XCUITest
      ^
Unable to find property 'scrollUntilTimeout' on class: com.walmartlabs.data.dependencies.General
 in 'reader', line 19, column 23:
      scrollUntilTimeout: 500000
                          ^

 in 'reader', line 2, column 3:
      automationName: XCUITest
      ^

2025-04-03 15:47:40.224 [ERROR] [thread-id 1] - org.yaml.snakeyaml.constructor.ConstructorException: Cannot create property=profiles for JavaBean=com.walmartlabs.data.dependencies.Dependencies@6a74d228
 in 'reader', line 1, column 1:
    general:
    ^
Cannot create property=saucelabs for JavaBean=com.walmartlabs.data.dependencies.Profiles@36bc415e
 in 'reader', line 51, column 5:
      - name: sm-prod
        ^
Cannot create property=armRequired for JavaBean=com.walmartlabs.data.dependencies.Saucelabs@72458efc
 in 'reader', line 80, column 7:
          userName: $SAUCE_USERNAME
          ^
Unable to find property 'armRequired' on class: com.walmartlabs.data.dependencies.Saucelabs
 in 'reader', line 83, column 20:
          armRequired: true
                       ^

 in 'reader', line 80, column 7:
          userName: $SAUCE_USERNAME
          ^

 in 'reader', line 24, column 3:
      - name: local
      ^

2025-04-03 15:51:49.598 [DEBUG] [thread-id 1] - Executing R2 4.0.2: '/Users/m0k0a2f/glass-automation/us/unified-e2e-tests/test-scripts/ecomm-and-fulfillment-flows/consolidated-shipping-flows/production/C2728517-mixed-basket-consolidation.yaml' on device: 'iPhone 15'
2025-04-03 15:54:50.650 [DEBUG] [thread-id 1] - Executing scenario: 'Before'
2025-04-03 15:54:50.653 [DEBUG] [thread-id 1] - Executing function: 'us.function.utils.getEnvironmentValue'
2025-04-03 15:54:50.654 [DEBUG] [thread-id 1] - Store in: store the value 'Onboarding' in the variable 'executionStage'
2025-04-03 15:54:50.654 [DEBUG] [thread-id 1] - Store in: store the value 'production' in the variable 'env'
2025-04-03 15:54:50.655 [DEBUG] [thread-id 1] - Timestamp: 1743720890655
2025-04-03 15:54:50.656 [DEBUG] [thread-id 1] - Executing function: 'functions.utils.setPlatformInfo'
2025-04-03 15:54:50.657 [DEBUG] [thread-id 1] - Store in: store the value 'Onboarding' in the variable 'executionStage'
2025-04-03 15:54:50.660 [WARN] [thread-id 1] - variable dependencies.general.appPackage was used, but r2 could not find a value for this variable. returning default of null
2025-04-03 15:54:50.660 [DEBUG] [thread-id 1] - Store in: store the value 'null' in the variable 'appPackage'
2025-04-03 15:54:50.671 [DEBUG] [thread-id 1] - conditionally execute a flow. condition: true
2025-04-03 15:54:50.897 [DEBUG] [thread-id 1] - Store in: store the value 'iOS' in the variable 'platform'
2025-04-03 15:54:50.908 [DEBUG] [thread-id 1] - R2_SUBFLOW_PRE_TRANSACTION
2025-04-03 15:54:51.380 [DEBUG] [thread-id 1] - Using us-errors-helpers.yaml
2025-04-03 15:54:51.845 [DEBUG] [thread-id 1] - Start Main
2025-04-03 15:54:51.846 [DEBUG] [thread-id 1] - Executing function: 'unified.us.functions.global.onboarding.navigateOnboardingToHome'
2025-04-03 15:54:51.847 [DEBUG] [thread-id 1] - Store in: store the value 'onboarding' in the variable 'executionStage'
2025-04-03 15:54:51.847 [DEBUG] [thread-id 1] - Welcome screen loaded
2025-04-03 15:54:51.851 [DEBUG] [thread-id 1] - conditionally execute a flow. condition: true
2025-04-03 15:54:52.073 [DEBUG] [thread-id 1] - Verify identifier: {cta.cancel.welcome=[true]}
2025-04-03 15:54:52.310 [DEBUG] [thread-id 1] - Store in: store the value 'true' in the variable 'testStarted'
2025-04-03 15:54:52.595 [DEBUG] [thread-id 1] - Click element: 'cta.cancel.welcome'
2025-04-03 15:54:53.530 [DEBUG] [thread-id 1] - Notifiction Prompt screen loaded
2025-04-03 15:54:53.821 [DEBUG] [thread-id 1] - Verify identifier: {NotificationPermissionViewController.titleLabel=[true]}
2025-04-03 15:54:54.161 [WARN] [thread-id 1] - variable allowNotifications was used, but r2 could not find a value for this variable. returning default of null
2025-04-03 15:54:54.162 [DEBUG] [thread-id 1] - conditionally execute a flow. condition: false
2025-04-03 15:54:56.442 [DEBUG] [thread-id 1] - Click element: 'cta.cancel.notifications'
2025-04-03 15:54:56.881 [DEBUG] [thread-id 1] - location screen loaded
2025-04-03 15:54:57.143 [DEBUG] [thread-id 1] - Verify identifier: {LocationPermissionViewController.titleLabel=[true]}
2025-04-03 15:54:57.143 [DEBUG] [thread-id 1] - Store in: store the value 'true' in the variable 'testStarted'
2025-04-03 15:54:57.180 [DEBUG] [thread-id 1] - Click element: 'Enter zip code'
2025-04-03 15:54:57.865 [DEBUG] [thread-id 1] - Verify identifier: {label.postal-code-entry=[true]}
2025-04-03 15:54:57.865 [DEBUG] [thread-id 1] - sleep:  2000 milliseconds
2025-04-03 15:54:59.949 [DEBUG] [thread-id 1] - Enter text: '95122'
2025-04-03 15:55:02.012 [DEBUG] [thread-id 1] - Click element: 'cta.continue'
2025-04-03 15:55:02.496 [DEBUG] [thread-id 1] - sleep:  3000 milliseconds
2025-04-03 15:55:15.741 [DEBUG] [thread-id 1] - Executing function: 'unified.us.functions.home.handlePersonalizedScreen'
2025-04-03 15:55:15.956 [DEBUG] [thread-id 1] - conditionally execute a flow. condition: true
2025-04-03 15:55:16.175 [DEBUG] [thread-id 1] - Observed Personalize Shopping Screen
2025-04-03 15:55:16.502 [DEBUG] [thread-id 1] - Verify identifier: {ATTPermissionViewController.bodyLabel=[true]}
2025-04-03 15:55:16.967 [DEBUG] [thread-id 1] - conditionally execute a flow. condition: true
2025-04-03 15:55:17.219 [DEBUG] [thread-id 1] - Click element: 'cta.continue.location'
2025-04-03 15:55:19.143 [DEBUG] [thread-id 1] - Personalized Shopping Experience Screen Handled.
2025-04-03 15:55:30.308 [DEBUG] [thread-id 1] - Executing function: 'unified.us.functions.home.toolTip'
2025-04-03 15:55:32.406 [DEBUG] [thread-id 1] - conditionally execute a flow. condition: true
2025-04-03 15:55:34.648 [DEBUG] [thread-id 1] - tooltip displayed
2025-04-03 15:55:39.209 [DEBUG] [thread-id 1] - conditionally execute a flow. condition: true
2025-04-03 15:55:41.478 [DEBUG] [thread-id 1] - Tool close button displayed
2025-04-03 15:55:41.675 [DEBUG] [thread-id 1] - Executing function: 'unified.us.functions.gic.collapseIfExpanded'
2025-04-03 15:55:47.703 [DEBUG] [thread-id 1] - GIC already collapsed
2025-04-03 15:55:49.987 [DEBUG] [thread-id 1] - Verify identifier: {Search Walmart=[true]}
2025-04-03 15:55:49.988 [DEBUG] [thread-id 1] - Executing function: 'unified.us.functions.home.navigateHomeToSignIn'
2025-04-03 15:55:49.989 [DEBUG] [thread-id 1] - Store in: store the value 'Pre-transactions' in the variable 'executionStage'
2025-04-03 15:55:51.612 [DEBUG] [thread-id 1] - Click element: '//XCUIElementTypeButton[@name="Account"] | Account'
2025-04-03 15:55:54.273 [DEBUG] [thread-id 1] - Verify identifier: {//XCUIElementTypeButton[@name="SignInYourAccountTableViewCell.signInButton"] | //XCUIElementTypeButton[@name="SignInYourAccountView.signInButton"]=[true]}
2025-04-03 15:55:54.592 [DEBUG] [thread-id 1] - Click element: '//XCUIElementTypeButton[@name="SignInYourAccountTableViewCell.signInButton"] | //XCUIElementTypeButton[@name="SignInYourAccountView.signInButton"]'
2025-04-03 15:55:56.623 [DEBUG] [thread-id 1] - conditionally execute a flow. condition: true
2025-04-03 15:55:57.954 [DEBUG] [thread-id 1] - Store in: store the value 'true' in the variable 'signInValidated'
2025-04-03 15:55:57.966 [DEBUG] [thread-id 1] - conditionally execute a flow. condition: true
2025-04-03 15:55:59.410 [DEBUG] [thread-id 1] - SignIn page loaded
2025-04-03 15:56:00.791 [DEBUG] [thread-id 1] - Store in: store the value 'false' in the variable 'signInValidated'
2025-04-03 15:56:00.807 [DEBUG] [thread-id 1] - Executing function: 'unified.us.functions.global.authentication.signInAccountWithParams'
2025-04-03 15:56:00.808 [DEBUG] [thread-id 1] - Store in: store the value 'Pre-transactions' in the variable 'executionStage'
2025-04-03 15:56:00.809 [DEBUG] [thread-id 1] - Executing function: 'unified.us.functions.authentication.signInInfo'
2025-04-03 15:56:00.810 [DEBUG] [thread-id 1] - conditionally execute a flow. condition: true
2025-04-03 15:56:02.049 [DEBUG] [thread-id 1] - Store in: store the value 'prod.ios.consolidatedshipping@cloudtest.org' in the variable 'email'
2025-04-03 15:56:03.332 [DEBUG] [thread-id 1] - Store in: store the value 'E2epassword$' in the variable 'password'
2025-04-03 15:56:03.339 [DEBUG] [thread-id 1] - Executing function: 'unified.us.functions.global.authentication.signInAccount'
2025-04-03 15:56:03.340 [DEBUG] [thread-id 1] - conditionally execute a flow. condition: true
2025-04-03 15:56:17.051 [DEBUG] [thread-id 1] - Verify identifier: {TextFieldStackView.containerStackView=[true]}
2025-04-03 15:56:17.208 [DEBUG] [thread-id 1] - Enter text: 'prod.ios.consolidatedshipping@cloudtest.org'
2025-04-03 15:56:22.341 [DEBUG] [thread-id 1] - Click element: 'WelcomeView.ctaButton'
2025-04-03 15:56:23.049 [DEBUG] [thread-id 1] - sleep:  2000 milliseconds
2025-04-03 15:56:25.767 [DEBUG] [thread-id 1] - conditionally execute a flow. condition: true
2025-04-03 15:56:27.108 [DEBUG] [thread-id 1] - Entered Email Successfully
2025-04-03 15:56:28.538 [DEBUG] [thread-id 1] - conditionally execute a flow. condition: true
2025-04-03 15:56:30.132 [DEBUG] [thread-id 1] - Click element: 'AuthChoiceView.passwordStackView'
2025-04-03 15:56:32.349 [DEBUG] [thread-id 1] - Selected Password Option to Login
2025-04-03 15:56:32.423 [DEBUG] [thread-id 1] - Verify identifier: {TextFieldStackView.textField=[true]}
2025-04-03 15:56:32.590 [DEBUG] [thread-id 1] - Enter text: 'E2epassword$'
2025-04-03 15:56:39.524 [DEBUG] [thread-id 1] - Click element: 'AuthChoiceView.ctaButton'
2025-04-03 15:57:01.472 [DEBUG] [thread-id 1] - conditionally execute a flow. condition: true
2025-04-03 15:57:02.176 [DEBUG] [thread-id 1] - sleep:  2000 milliseconds
2025-04-03 15:57:15.398 [DEBUG] [thread-id 1] - Executing function: 'unified.us.functions.utils.handleCartMergePopup'
2025-04-03 15:57:36.560 [DEBUG] [thread-id 1] - No Technical Error Page observed
2025-04-03 15:57:36.568 [DEBUG] [thread-id 1] - Executing function: 'unified.us.functions.home.toolTip'
2025-04-03 15:57:47.108 [DEBUG] [thread-id 1] - Executing function: 'unified.us.functions.global.navigation.accountToHome'
2025-04-03 15:57:47.110 [DEBUG] [thread-id 1] - Executing function: 'unified.us.functions.global.navigation.toTab'
2025-04-03 15:57:47.111 [DEBUG] [thread-id 1] - Executing function: 'unified.us.functions.utils.scrollIfNotVisible'
2025-04-03 15:57:47.111 [WARN] [thread-id 1] - variable scrollLimit was used, but r2 could not find a value for this variable. returning default of null
2025-04-03 15:57:47.112 [DEBUG] [thread-id 1] - conditionally execute a flow. condition: true
2025-04-03 15:57:47.879 [DEBUG] [thread-id 1] - Store in: store the value '7' in the variable 'scrollLimit'
2025-04-03 15:57:47.902 [DEBUG] [thread-id 1] - Scroll limit set to - 7
2025-04-03 15:57:47.902 [DEBUG] [thread-id 1] - conditionally execute a flow. condition: true
2025-04-03 15:57:49.216 [DEBUG] [thread-id 1] - conditionally execute a flow. condition: true
2025-04-03 15:57:49.925 [DEBUG] [thread-id 1] - Element already visible, scrolling is skipped
2025-04-03 15:57:49.946 [WARN] [thread-id 1] - variable scrollNeeded was used, but r2 could not find a value for this variable. returning default of null
2025-04-03 15:57:49.946 [DEBUG] [thread-id 1] - Resetting scrollPosition variable to default
2025-04-03 15:57:49.947 [DEBUG] [thread-id 1] - Store in: store the value 'null' in the variable 'scrollPosition'
2025-04-03 15:57:49.947 [DEBUG] [thread-id 1] - Store in: store the value 'null' in the variable 'identifierScope'
2025-04-03 15:57:49.947 [DEBUG] [thread-id 1] - Store in: store the value 'null' in the variable 'scrollLimit'
2025-04-03 15:57:49.947 [DEBUG] [thread-id 1] - Store in: store the value 'false' in the variable 'scrollNeeded'
2025-04-03 15:57:50.410 [DEBUG] [thread-id 1] - Click element: '//XCUIElementTypeButton[contains(@name, "Shop")]'
2025-04-03 15:57:50.891 [DEBUG] [thread-id 1] - Executing function: 'unified.us.functions.home.closeWPlusPromotionPopUpIfDisplayed'
2025-04-03 15:57:50.902 [DEBUG] [thread-id 1] - conditionally execute a flow. condition: true
2025-04-03 15:58:03.089 [DEBUG] [thread-id 1] - Executing function: 'unified.us.functions.global.navigation.goToDeepLink'
2025-04-03 15:58:03.090 [DEBUG] [thread-id 1] - Store in: store the value 'Post-transactions' in the variable 'executionStage'
2025-04-03 15:58:03.091 [DEBUG] [thread-id 1] - Open deep link
2025-04-03 15:58:03.092 [DEBUG] [thread-id 1] - walmart://expo?expo_preview=true&experiment_spec=AItRI&variation_specs=Ql5V9&experiment_count=0
2025-04-03 15:58:03.092 [DEBUG] [thread-id 1] - Verify value of: '$deepLinkUrl'
2025-04-03 15:58:03.092 [DEBUG] [thread-id 1] - Open link: 'walmart://expo?expo_preview=true&experiment_spec=AItRI&variation_specs=Ql5V9&experiment_count=0'
2025-04-03 15:58:05.622 [DEBUG] [thread-id 1] - conditionally execute a flow. condition: true
2025-04-03 15:58:07.669 [DEBUG] [thread-id 1] - Executing function: 'unified.us.functions.global.navigation.openDeepLink'
2025-04-03 15:58:12.248 [DEBUG] [thread-id 1] - Deeplink pop up not displayed
2025-04-03 15:58:12.441 [DEBUG] [thread-id 1] - sleep:  5000 milliseconds
2025-04-03 15:58:17.449 [DEBUG] [thread-id 1] - Executing function: 'unified.us.functions.global.navigation.toCartFromNavBar'
2025-04-03 15:58:17.456 [DEBUG] [thread-id 1] - Store in: store the value 'Transactions' in the variable 'executionStage'
2025-04-03 15:58:19.264 [DEBUG] [thread-id 1] - Verify identifier: {//XCUIElementTypeButton[contains(@label, "Your cart")] | //XCUIElementTypeButton[(@name="SearchResultsViewController.cartButton") or (contains(@label,"Your cart contains") and contains(@label,"The estimated total is")) or (@label="Your cart is empty")]=[true]}
2025-04-03 15:58:21.302 [DEBUG] [thread-id 1] - Click element: '//XCUIElementTypeButton[contains(@label, "Your cart")] | //XCUIElementTypeButton[(@name="SearchResultsViewController.cartButton") or (contains(@label,"Your cart contains") and contains(@label,"The estimated total is")) or (@label="Your cart is empty")]'
2025-04-03 15:58:22.341 [DEBUG] [thread-id 1] - Executing function: 'unified.us.functions.cart.storeChangePopUp'
2025-04-03 15:58:39.090 [DEBUG] [thread-id 1] - No Store Change pop up screen displayed
2025-04-03 15:58:51.018 [DEBUG] [thread-id 1] - conditionally execute a flow. condition: false
2025-04-03 15:59:09.039 [DEBUG] [thread-id 1] - conditionally execute a flow. condition: false
2025-04-03 15:59:14.989 [WARN] [thread-id 1] - variable skipValidation was used, but r2 could not find a value for this variable. returning default of null
2025-04-03 15:59:14.990 [DEBUG] [thread-id 1] - conditionally execute a flow. condition: true
2025-04-03 15:59:32.889 [DEBUG] [thread-id 1] - conditionally execute a flow. condition: true
2025-04-03 15:59:38.784 [DEBUG] [thread-id 1] - cart page loaded
2025-04-03 15:59:39.256 [DEBUG] [thread-id 1] - Executing function: 'unified.us.functions.cart.removeAllCartItems'
2025-04-03 15:59:39.257 [DEBUG] [thread-id 1] - Executing function: 'unified.us.functions.cart.storeChangePopUp'
2025-04-03 15:59:50.888 [DEBUG] [thread-id 1] - No Store Change pop up screen displayed
2025-04-03 15:59:51.348 [DEBUG] [thread-id 1] - Executing function: 'unified.us.functions.cart.removeAdonsNotAvailable'
2025-04-03 16:00:07.260 [DEBUG] [thread-id 1] - No remove Adons pop up screen displayed
2025-04-03 16:00:19.239 [DEBUG] [thread-id 1] - conditionally execute a flow. condition: false
2025-04-03 16:00:25.263 [DEBUG] [thread-id 1] - conditionally execute a flow. condition: true
2025-04-03 16:00:59.592 [DEBUG] [thread-id 1] - get number of child elements for //XCUIElementTypeScrollView[@name="ReviewOrderViewController.scrollView"] | //XCUIElementTypeOther[@name="CartDetailsViewController.stackView"] | //XCUIElementTypeCollectionView[@name="CartCollectionViewController.collectionView"]: 0
2025-04-03 16:01:21.251 [DEBUG] [thread-id 1] - get number of child elements for //XCUIElementTypeScrollView[@name="ReviewOrderViewController.scrollView"] | //XCUIElementTypeOther[@name="CartDetailsViewController.stackView"] | //XCUIElementTypeCollectionView[@name="CartCollectionViewController.collectionView"]: 2
2025-04-03 16:01:27.435 [DEBUG] [thread-id 1] - 2
2025-04-03 16:01:33.500 [WARN] [thread-id 1] - variable scrollDown was used, but r2 could not find a value for this variable. returning default of null
2025-04-03 16:01:33.501 [DEBUG] [thread-id 1] - conditionally execute a flow. condition: true
2025-04-03 16:01:39.640 [DEBUG] [thread-id 1] - Scroll: down
2025-04-03 16:02:04.531 [DEBUG] [thread-id 1] - loop: from 0 to 9
2025-04-03 16:02:10.602 [DEBUG] [thread-id 1] - 0
2025-04-03 16:02:27.972 [DEBUG] [thread-id 1] - Verify identifier: {//XCUIElementTypeButton[contains(@label, "Remove and continue")] | //XCUIElementTypeButton[@name="Remove" or @name = "CartItemTileView.remove"]=[true]}
2025-04-03 16:02:39.820 [DEBUG] [thread-id 1] - Click element: '//XCUIElementTypeButton[contains(@label, "Remove and continue")] | //XCUIElementTypeButton[@name="Remove" or @name = "CartItemTileView.remove"]'
2025-04-03 16:02:47.230 [DEBUG] [thread-id 1] - 1
2025-04-03 16:03:02.932 [DEBUG] [thread-id 1] - Verify identifier: {//XCUIElementTypeButton[contains(@label, "Remove and continue")] | //XCUIElementTypeButton[@name="Remove" or @name = "CartItemTileView.remove"]=[true]}
2025-04-03 16:03:13.247 [DEBUG] [thread-id 1] - Click element: '//XCUIElementTypeButton[contains(@label, "Remove and continue")] | //XCUIElementTypeButton[@name="Remove" or @name = "CartItemTileView.remove"]'
2025-04-03 16:03:19.074 [DEBUG] [thread-id 1] - 2
2025-04-03 16:03:29.602 [DEBUG] [thread-id 1] - No Items in Cart to Remove
2025-04-03 16:03:35.186 [DEBUG] [thread-id 1] - Executing function: 'unified.us.functions.cart.removeUnavailableItemsFromCart'
2025-04-03 16:03:35.188 [DEBUG] [thread-id 1] - conditionally execute a flow. condition: true
2025-04-03 16:03:48.548 [DEBUG] [thread-id 1] - Executing function: 'unified.us.functions.global.navigation.backNavigation'
2025-04-03 16:03:48.549 [DEBUG] [thread-id 1] - Global Back navigation
2025-04-03 16:03:48.550 [DEBUG] [thread-id 1] - conditionally execute a flow. condition: true
2025-04-03 16:03:53.312 [DEBUG] [thread-id 1] - conditionally execute a flow. condition: true
2025-04-03 16:04:01.327 [DEBUG] [thread-id 1] - Click element: '//XCUIElementTypeButton[@name="Back" or @label="Back"] | //XCUIElementTypeNavigationBar[@name="Cart"]/XCUIElementTypeButton[contains(@name,"Search")] | //XCUIElementTypeNavigationBar/XCUIElementTypeButton[not(contains(@label,"cart"))]'
2025-04-03 16:04:02.495 [DEBUG] [thread-id 1] - Executing function: 'unified.us.functions.gic.changeFulfillment'
2025-04-03 16:04:02.496 [DEBUG] [thread-id 1] - Executing function: 'unified.us.functions.gic.expandIfCollapsed'
2025-04-03 16:04:07.949 [DEBUG] [thread-id 1] - Verify identifier: {//*[contains(@label,"Collapsed")] | //*[contains(@name,"Collapsed")]=[true]}
2025-04-03 16:04:12.389 [DEBUG] [thread-id 1] - Click element: '//*[contains(@label,"Collapsed")] | //*[contains(@name,"Collapsed")]'
2025-04-03 16:04:13.459 [DEBUG] [thread-id 1] - Executing function: 'unified.us.functions.gic.setFulfillment'
2025-04-03 16:04:13.460 [DEBUG] [thread-id 1] - conditionally execute a flow. condition: true
2025-04-03 16:04:24.605 [DEBUG] [thread-id 1] - conditionally execute a flow. condition: false
2025-04-03 16:04:27.227 [DEBUG] [thread-id 1] - Click element: '//XCUIElementTypeButton[@name="GlobalIntentCenter.Delivery"] | //XCUIElementTypeButton[contains(@name, "Delivery") ] | //XCUIElementTypeButton[@name="HoTIntentOptionsView" or @name="HoTIntentOptionsPhase2View" and contains(@label,"Delivery")]'
2025-04-03 16:04:28.422 [DEBUG] [thread-id 1] - Delivery intent selected
2025-04-03 16:04:29.171 [DEBUG] [thread-id 1] - sleep:  3000 milliseconds
2025-04-03 16:04:42.642 [DEBUG] [thread-id 1] - Executing function: 'unified.us.functions.gic.collapseIfExpanded'
2025-04-03 16:04:44.093 [DEBUG] [thread-id 1] - Verify identifier: {//*[contains(@label,"Expanded")] | //*[contains(@name,"Expanded")]=[true]}
2025-04-03 16:04:44.966 [DEBUG] [thread-id 1] - Collapsing GIC screen
2025-04-03 16:04:46.432 [DEBUG] [thread-id 1] - Click element: '//*[contains(@label,"Expanded")] | //*[contains(@name,"Expanded")]'
2025-04-03 16:04:47.005 [DEBUG] [thread-id 1] - Executing function: 'unified.us.functions.home.setStore'
2025-04-03 16:04:47.006 [DEBUG] [thread-id 1] - conditionally execute a flow. condition: false
2025-04-03 16:04:49.196 [DEBUG] [thread-id 1] - Store in: store the value '95110' in the variable 'zipcode'
2025-04-03 16:04:49.374 [DEBUG] [thread-id 1] - Executing function: 'unified.us.functions.gic.expandIfCollapsed'
2025-04-03 16:04:53.803 [DEBUG] [thread-id 1] - Verify identifier: {//*[contains(@label,"Collapsed")] | //*[contains(@name,"Collapsed")]=[true]}
2025-04-03 16:04:58.462 [DEBUG] [thread-id 1] - Click element: '//*[contains(@label,"Collapsed")] | //*[contains(@name,"Collapsed")]'
2025-04-03 16:05:00.238 [DEBUG] [thread-id 1] - conditionally execute a flow. condition: true
2025-04-03 16:05:00.984 [DEBUG] [thread-id 1] - Executing function: 'unified.us.functions.home.changeStore'
2025-04-03 16:05:00.985 [DEBUG] [thread-id 1] - Executing function: 'unified.us.functions.gic.expandIfCollapsed'
2025-04-03 16:05:07.596 [DEBUG] [thread-id 1] - GIC already expanded
2025-04-03 16:05:07.611 [WARN] [thread-id 1] - variable storeOnly was used, but r2 could not find a value for this variable. returning default of null
2025-04-03 16:05:07.611 [DEBUG] [thread-id 1] - conditionally execute a flow. condition: true
2025-04-03 16:05:08.458 [DEBUG] [thread-id 1] - conditionally execute a flow. condition: true
2025-04-03 16:05:20.275 [DEBUG] [thread-id 1] - conditionally execute a flow. condition: false
2025-04-03 16:05:32.492 [DEBUG] [thread-id 1] - Click element: '//XCUIElementTypeButton[contains(@label, "Pickup")]'
2025-04-03 16:05:33.616 [DEBUG] [thread-id 1] - Pickup intent selected
2025-04-03 16:05:34.321 [WARN] [thread-id 1] - variable driverpopup was used, but r2 could not find a value for this variable. returning default of null
2025-04-03 16:05:37.785 [DEBUG] [thread-id 1] - Click element: '//XCUIElementTypeCollectionView[@name="GlobalIntentCenterViewController.collectionView"]//XCUIElementTypeCell[position()=last()-2 or position()=last()-1]//*[@name="GlobalIntentCenter.FullLocation" and not(contains(@label,"Shipping"))] | //XCUIElementTypeOther[@name="LayoutableChildStackViewController.stackView"]/XCUIElementTypeOther[position()=last()]//XCUIElementTypeOther[@name="HoTLocationsItemDetailsView.containerView"]'
2025-04-03 16:05:38.307 [DEBUG] [thread-id 1] - --- Selecting the store ---
2025-04-03 16:05:49.064 [DEBUG] [thread-id 1] - conditionally execute a flow. condition: false
2025-04-03 16:05:54.796 [DEBUG] [thread-id 1] - conditionally execute a flow. condition: true
2025-04-03 16:06:03.592 [DEBUG] [thread-id 1] - Click element with offset: 'ZipCodeField.clearButton'
2025-04-03 16:06:05.171 [DEBUG] [thread-id 1] - Main failed: Cannot click 'ZipCodeField.clearButton'
2025-04-03 16:06:16.733 [DEBUG] [thread-id 1] - Executing scenario: 'After'
2025-04-03 16:06:16.734 [DEBUG] [thread-id 1] - Executing function: 'unified.us.functions.utils.afterSteps'
2025-04-03 16:06:16.735 [WARN] [thread-id 1] - variable testStatus was used, but r2 could not find a value for this variable. returning default of null
2025-04-03 16:06:16.735 [DEBUG] [thread-id 1] - conditionally execute a flow. condition: false
2025-04-03 16:06:22.081 [DEBUG] [thread-id 1] - Test failed
2025-04-03 16:06:40.746 [DEBUG] [thread-id 1] - Created report: /Users/m0k0a2f/glass-automation/report/index.html
2025-04-03 16:47:44.813 [DEBUG] [thread-id 1] - Executing R2 4.0.2: '/Users/m0k0a2f/glass-automation/us/unified-e2e-tests/test-scripts/ecomm-and-fulfillment-flows/consolidated-shipping-flows/production/C2728517-mixed-basket-consolidation.yaml' on device: 'iPhone 15'
2025-04-03 16:49:15.754 [DEBUG] [thread-id 1] - Executing scenario: 'Before'
2025-04-03 16:49:15.757 [DEBUG] [thread-id 1] - Executing function: 'us.function.utils.getEnvironmentValue'
2025-04-03 16:49:15.758 [DEBUG] [thread-id 1] - Store in: store the value 'Onboarding' in the variable 'executionStage'
2025-04-03 16:49:15.759 [DEBUG] [thread-id 1] - Store in: store the value 'production' in the variable 'env'
2025-04-03 16:49:15.759 [DEBUG] [thread-id 1] - Timestamp: 1743724155759
2025-04-03 16:49:15.760 [DEBUG] [thread-id 1] - Executing function: 'functions.utils.setPlatformInfo'
2025-04-03 16:49:15.761 [DEBUG] [thread-id 1] - Store in: store the value 'Onboarding' in the variable 'executionStage'
2025-04-03 16:49:15.764 [WARN] [thread-id 1] - variable dependencies.general.appPackage was used, but r2 could not find a value for this variable. returning default of null
2025-04-03 16:49:15.764 [DEBUG] [thread-id 1] - Store in: store the value 'null' in the variable 'appPackage'
2025-04-03 16:49:15.774 [DEBUG] [thread-id 1] - conditionally execute a flow. condition: true
2025-04-03 16:49:16.014 [DEBUG] [thread-id 1] - Store in: store the value 'iOS' in the variable 'platform'
2025-04-03 16:49:16.024 [DEBUG] [thread-id 1] - R2_SUBFLOW_PRE_TRANSACTION
2025-04-03 16:49:16.617 [DEBUG] [thread-id 1] - Using us-errors-helpers.yaml
2025-04-03 16:49:17.090 [DEBUG] [thread-id 1] - Start Main
2025-04-03 16:49:17.091 [DEBUG] [thread-id 1] - Executing function: 'unified.us.functions.global.onboarding.navigateOnboardingToHome'
2025-04-03 16:49:17.091 [DEBUG] [thread-id 1] - Store in: store the value 'onboarding' in the variable 'executionStage'
2025-04-03 16:49:17.092 [DEBUG] [thread-id 1] - Welcome screen loaded
2025-04-03 16:49:17.096 [DEBUG] [thread-id 1] - conditionally execute a flow. condition: true
2025-04-03 16:49:17.326 [DEBUG] [thread-id 1] - Verify identifier: {cta.cancel.welcome=[true]}
2025-04-03 16:49:17.567 [DEBUG] [thread-id 1] - Store in: store the value 'true' in the variable 'testStarted'
2025-04-03 16:49:17.983 [DEBUG] [thread-id 1] - Click element: 'cta.cancel.welcome'
2025-04-03 16:49:18.818 [DEBUG] [thread-id 1] - Notifiction Prompt screen loaded
2025-04-03 16:49:19.115 [DEBUG] [thread-id 1] - Verify identifier: {NotificationPermissionViewController.titleLabel=[true]}
2025-04-03 16:49:19.366 [WARN] [thread-id 1] - variable allowNotifications was used, but r2 could not find a value for this variable. returning default of null
2025-04-03 16:49:19.367 [DEBUG] [thread-id 1] - conditionally execute a flow. condition: false
2025-04-03 16:49:21.677 [DEBUG] [thread-id 1] - Click element: 'cta.cancel.notifications'
2025-04-03 16:49:22.124 [DEBUG] [thread-id 1] - location screen loaded
2025-04-03 16:49:22.387 [DEBUG] [thread-id 1] - Verify identifier: {LocationPermissionViewController.titleLabel=[true]}
2025-04-03 16:49:22.387 [DEBUG] [thread-id 1] - Store in: store the value 'true' in the variable 'testStarted'
2025-04-03 16:49:22.428 [DEBUG] [thread-id 1] - Click element: 'Enter zip code'
2025-04-03 16:49:23.130 [DEBUG] [thread-id 1] - Verify identifier: {label.postal-code-entry=[true]}
2025-04-03 16:49:23.130 [DEBUG] [thread-id 1] - sleep:  2000 milliseconds
2025-04-03 16:49:25.192 [DEBUG] [thread-id 1] - Enter text: '95122'
2025-04-03 16:49:26.917 [DEBUG] [thread-id 1] - Click element: 'cta.continue'
2025-04-03 16:49:27.422 [DEBUG] [thread-id 1] - sleep:  3000 milliseconds
2025-04-03 16:49:40.486 [DEBUG] [thread-id 1] - Executing function: 'unified.us.functions.home.handlePersonalizedScreen'
2025-04-03 16:49:40.705 [DEBUG] [thread-id 1] - conditionally execute a flow. condition: true
2025-04-03 16:49:40.927 [DEBUG] [thread-id 1] - Observed Personalize Shopping Screen
2025-04-03 16:49:41.161 [DEBUG] [thread-id 1] - Verify identifier: {ATTPermissionViewController.bodyLabel=[true]}
2025-04-03 16:49:41.612 [DEBUG] [thread-id 1] - conditionally execute a flow. condition: true
2025-04-03 16:49:41.871 [DEBUG] [thread-id 1] - Click element: 'cta.continue.location'
2025-04-03 16:49:43.946 [DEBUG] [thread-id 1] - Personalized Shopping Experience Screen Handled.
2025-04-03 16:49:54.275 [DEBUG] [thread-id 1] - Executing function: 'unified.us.functions.home.toolTip'
2025-04-03 16:49:56.255 [DEBUG] [thread-id 1] - conditionally execute a flow. condition: true
2025-04-03 16:49:58.470 [DEBUG] [thread-id 1] - tooltip displayed
2025-04-03 16:50:02.907 [DEBUG] [thread-id 1] - conditionally execute a flow. condition: true
2025-04-03 16:50:05.098 [DEBUG] [thread-id 1] - Tool close button displayed
2025-04-03 16:50:05.285 [DEBUG] [thread-id 1] - Executing function: 'unified.us.functions.gic.collapseIfExpanded'
2025-04-03 16:50:11.304 [DEBUG] [thread-id 1] - GIC already collapsed
2025-04-03 16:50:13.478 [DEBUG] [thread-id 1] - Verify identifier: {Search Walmart=[true]}
2025-04-03 16:50:13.479 [DEBUG] [thread-id 1] - Executing function: 'unified.us.functions.home.navigateHomeToSignIn'
2025-04-03 16:50:13.480 [DEBUG] [thread-id 1] - Store in: store the value 'Pre-transactions' in the variable 'executionStage'
2025-04-03 16:50:15.099 [DEBUG] [thread-id 1] - Click element: '//XCUIElementTypeButton[@name="Account"] | Account'
2025-04-03 16:50:17.665 [DEBUG] [thread-id 1] - Verify identifier: {//XCUIElementTypeButton[@name="SignInYourAccountTableViewCell.signInButton"] | //XCUIElementTypeButton[@name="SignInYourAccountView.signInButton"]=[true]}
2025-04-03 16:50:17.998 [DEBUG] [thread-id 1] - Click element: '//XCUIElementTypeButton[@name="SignInYourAccountTableViewCell.signInButton"] | //XCUIElementTypeButton[@name="SignInYourAccountView.signInButton"]'
2025-04-03 16:50:20.048 [DEBUG] [thread-id 1] - conditionally execute a flow. condition: true
2025-04-03 16:50:21.403 [DEBUG] [thread-id 1] - Store in: store the value 'true' in the variable 'signInValidated'
2025-04-03 16:50:21.415 [DEBUG] [thread-id 1] - conditionally execute a flow. condition: true
2025-04-03 16:50:22.631 [DEBUG] [thread-id 1] - SignIn page loaded
2025-04-03 16:50:23.964 [DEBUG] [thread-id 1] - Store in: store the value 'false' in the variable 'signInValidated'
2025-04-03 16:50:23.980 [DEBUG] [thread-id 1] - Executing function: 'unified.us.functions.global.authentication.signInAccountWithParams'
2025-04-03 16:50:23.980 [DEBUG] [thread-id 1] - Store in: store the value 'Pre-transactions' in the variable 'executionStage'
2025-04-03 16:50:23.981 [DEBUG] [thread-id 1] - Executing function: 'unified.us.functions.authentication.signInInfo'
2025-04-03 16:50:23.982 [DEBUG] [thread-id 1] - conditionally execute a flow. condition: true
2025-04-03 16:50:25.223 [DEBUG] [thread-id 1] - Store in: store the value 'prod.ios.mixedb@cloudtest.org' in the variable 'email'
2025-04-03 16:50:26.567 [DEBUG] [thread-id 1] - Store in: store the value 'E2epassword$' in the variable 'password'
2025-04-03 16:50:26.575 [DEBUG] [thread-id 1] - Executing function: 'unified.us.functions.global.authentication.signInAccount'
2025-04-03 16:50:26.575 [DEBUG] [thread-id 1] - conditionally execute a flow. condition: true
2025-04-03 16:50:40.858 [DEBUG] [thread-id 1] - Verify identifier: {TextFieldStackView.containerStackView=[true]}
2025-04-03 16:50:41.013 [DEBUG] [thread-id 1] - Enter text: 'prod.ios.mixedb@cloudtest.org'
2025-04-03 16:50:45.764 [DEBUG] [thread-id 1] - Click element: 'WelcomeView.ctaButton'
2025-04-03 16:50:46.473 [DEBUG] [thread-id 1] - sleep:  2000 milliseconds
2025-04-03 16:50:59.104 [DEBUG] [thread-id 1] - conditionally execute a flow. condition: false
2025-04-03 16:52:20.803 [DEBUG] [thread-id 1] - Executing R2 4.0.2: '/Users/m0k0a2f/glass-automation/us/unified-e2e-tests/test-scripts/ecomm-and-fulfillment-flows/consolidated-shipping-flows/production/C2728517-mixed-basket-consolidation.yaml' on device: 'iPhone 15'
2025-04-03 16:53:44.647 [DEBUG] [thread-id 1] - Executing scenario: 'Before'
2025-04-03 16:53:44.651 [DEBUG] [thread-id 1] - Executing function: 'us.function.utils.getEnvironmentValue'
2025-04-03 16:53:44.651 [DEBUG] [thread-id 1] - Store in: store the value 'Onboarding' in the variable 'executionStage'
2025-04-03 16:53:44.652 [DEBUG] [thread-id 1] - Store in: store the value 'production' in the variable 'env'
2025-04-03 16:53:44.653 [DEBUG] [thread-id 1] - Timestamp: 1743724424653
2025-04-03 16:53:44.655 [DEBUG] [thread-id 1] - Executing function: 'functions.utils.setPlatformInfo'
2025-04-03 16:53:44.655 [DEBUG] [thread-id 1] - Store in: store the value 'Onboarding' in the variable 'executionStage'
2025-04-03 16:53:44.658 [WARN] [thread-id 1] - variable dependencies.general.appPackage was used, but r2 could not find a value for this variable. returning default of null
2025-04-03 16:53:44.658 [DEBUG] [thread-id 1] - Store in: store the value 'null' in the variable 'appPackage'
2025-04-03 16:53:44.670 [DEBUG] [thread-id 1] - conditionally execute a flow. condition: true
2025-04-03 16:53:44.929 [DEBUG] [thread-id 1] - Store in: store the value 'iOS' in the variable 'platform'
2025-04-03 16:53:44.938 [DEBUG] [thread-id 1] - R2_SUBFLOW_PRE_TRANSACTION
2025-04-03 16:53:45.445 [DEBUG] [thread-id 1] - Using us-errors-helpers.yaml
2025-04-03 16:53:45.892 [DEBUG] [thread-id 1] - Start Main
2025-04-03 16:53:45.893 [DEBUG] [thread-id 1] - Executing function: 'unified.us.functions.global.onboarding.navigateOnboardingToHome'
2025-04-03 16:53:45.894 [DEBUG] [thread-id 1] - Store in: store the value 'onboarding' in the variable 'executionStage'
2025-04-03 16:53:45.894 [DEBUG] [thread-id 1] - Welcome screen loaded
2025-04-03 16:53:45.898 [DEBUG] [thread-id 1] - conditionally execute a flow. condition: true
2025-04-03 16:53:46.120 [DEBUG] [thread-id 1] - Verify identifier: {cta.cancel.welcome=[true]}
2025-04-03 16:53:46.380 [DEBUG] [thread-id 1] - Store in: store the value 'true' in the variable 'testStarted'
2025-04-03 16:53:46.760 [DEBUG] [thread-id 1] - Click element: 'cta.cancel.welcome'
2025-04-03 16:53:47.634 [DEBUG] [thread-id 1] - Notifiction Prompt screen loaded
2025-04-03 16:53:47.921 [DEBUG] [thread-id 1] - Verify identifier: {NotificationPermissionViewController.titleLabel=[true]}
2025-04-03 16:53:48.176 [WARN] [thread-id 1] - variable allowNotifications was used, but r2 could not find a value for this variable. returning default of null
2025-04-03 16:53:48.176 [DEBUG] [thread-id 1] - conditionally execute a flow. condition: false
2025-04-03 16:53:50.480 [DEBUG] [thread-id 1] - Click element: 'cta.cancel.notifications'
2025-04-03 16:53:50.940 [DEBUG] [thread-id 1] - location screen loaded
2025-04-03 16:53:51.214 [DEBUG] [thread-id 1] - Verify identifier: {LocationPermissionViewController.titleLabel=[true]}
2025-04-03 16:53:51.214 [DEBUG] [thread-id 1] - Store in: store the value 'true' in the variable 'testStarted'
2025-04-03 16:53:51.252 [DEBUG] [thread-id 1] - Click element: 'Enter zip code'
2025-04-03 16:53:51.972 [DEBUG] [thread-id 1] - Verify identifier: {label.postal-code-entry=[true]}
2025-04-03 16:53:51.972 [DEBUG] [thread-id 1] - sleep:  2000 milliseconds
2025-04-03 16:53:54.036 [DEBUG] [thread-id 1] - Enter text: '95122'
2025-04-03 16:53:55.891 [DEBUG] [thread-id 1] - Click element: 'cta.continue'
2025-04-03 16:53:56.363 [DEBUG] [thread-id 1] - sleep:  3000 milliseconds
2025-04-03 16:54:09.555 [DEBUG] [thread-id 1] - Executing function: 'unified.us.functions.home.handlePersonalizedScreen'
2025-04-03 16:54:09.769 [DEBUG] [thread-id 1] - conditionally execute a flow. condition: true
2025-04-03 16:54:09.982 [DEBUG] [thread-id 1] - Observed Personalize Shopping Screen
2025-04-03 16:54:10.208 [DEBUG] [thread-id 1] - Verify identifier: {ATTPermissionViewController.bodyLabel=[true]}
2025-04-03 16:54:10.685 [DEBUG] [thread-id 1] - conditionally execute a flow. condition: true
2025-04-03 16:54:10.938 [DEBUG] [thread-id 1] - Click element: 'cta.continue.location'
2025-04-03 16:54:13.049 [DEBUG] [thread-id 1] - Personalized Shopping Experience Screen Handled.
2025-04-03 16:54:24.059 [DEBUG] [thread-id 1] - Executing function: 'unified.us.functions.home.toolTip'
2025-04-03 16:54:26.282 [DEBUG] [thread-id 1] - conditionally execute a flow. condition: true
2025-04-03 16:54:28.471 [DEBUG] [thread-id 1] - tooltip displayed
2025-04-03 16:54:32.927 [DEBUG] [thread-id 1] - conditionally execute a flow. condition: true
2025-04-03 16:54:35.118 [DEBUG] [thread-id 1] - Tool close button displayed
2025-04-03 16:54:35.344 [DEBUG] [thread-id 1] - Executing function: 'unified.us.functions.gic.collapseIfExpanded'
2025-04-03 16:54:41.219 [DEBUG] [thread-id 1] - GIC already collapsed
2025-04-03 16:54:43.422 [DEBUG] [thread-id 1] - Verify identifier: {Search Walmart=[true]}
2025-04-03 16:54:43.423 [DEBUG] [thread-id 1] - Executing function: 'unified.us.functions.home.navigateHomeToSignIn'
2025-04-03 16:54:43.424 [DEBUG] [thread-id 1] - Store in: store the value 'Pre-transactions' in the variable 'executionStage'
2025-04-03 16:54:45.013 [DEBUG] [thread-id 1] - Click element: '//XCUIElementTypeButton[@name="Account"] | Account'
2025-04-03 16:54:46.979 [DEBUG] [thread-id 1] - Verify identifier: {//XCUIElementTypeButton[@name="SignInYourAccountTableViewCell.signInButton"] | //XCUIElementTypeButton[@name="SignInYourAccountView.signInButton"]=[true]}
2025-04-03 16:54:47.326 [DEBUG] [thread-id 1] - Click element: '//XCUIElementTypeButton[@name="SignInYourAccountTableViewCell.signInButton"] | //XCUIElementTypeButton[@name="SignInYourAccountView.signInButton"]'
2025-04-03 16:54:49.515 [DEBUG] [thread-id 1] - conditionally execute a flow. condition: true
2025-04-03 16:54:50.863 [DEBUG] [thread-id 1] - Store in: store the value 'true' in the variable 'signInValidated'
2025-04-03 16:54:50.876 [DEBUG] [thread-id 1] - conditionally execute a flow. condition: true
2025-04-03 16:54:52.111 [DEBUG] [thread-id 1] - SignIn page loaded
2025-04-03 16:54:53.576 [DEBUG] [thread-id 1] - Store in: store the value 'false' in the variable 'signInValidated'
2025-04-03 16:54:53.593 [DEBUG] [thread-id 1] - Executing function: 'unified.us.functions.global.authentication.signInAccountWithParams'
2025-04-03 16:54:53.593 [DEBUG] [thread-id 1] - Store in: store the value 'Pre-transactions' in the variable 'executionStage'
2025-04-03 16:54:53.594 [DEBUG] [thread-id 1] - Executing function: 'unified.us.functions.authentication.signInInfo'
2025-04-03 16:54:53.596 [DEBUG] [thread-id 1] - conditionally execute a flow. condition: true
2025-04-03 16:54:54.900 [DEBUG] [thread-id 1] - Store in: store the value 'prod.ios.mixedb@cloudtest.org' in the variable 'email'
2025-04-03 16:54:56.194 [DEBUG] [thread-id 1] - Store in: store the value 'E2epassword$' in the variable 'password'
2025-04-03 16:54:56.200 [DEBUG] [thread-id 1] - Executing function: 'unified.us.functions.global.authentication.signInAccount'
2025-04-03 16:54:56.201 [DEBUG] [thread-id 1] - conditionally execute a flow. condition: true
2025-04-03 16:55:08.802 [DEBUG] [thread-id 1] - Verify identifier: {TextFieldStackView.containerStackView=[true]}
2025-04-03 16:55:09.031 [DEBUG] [thread-id 1] - Enter text: 'prod.ios.mixedb@cloudtest.org'
2025-04-03 16:55:13.796 [DEBUG] [thread-id 1] - Click element: 'WelcomeView.ctaButton'
2025-04-03 16:55:14.498 [DEBUG] [thread-id 1] - sleep:  2000 milliseconds
2025-04-03 16:55:17.351 [DEBUG] [thread-id 1] - conditionally execute a flow. condition: true
2025-04-03 16:55:18.916 [DEBUG] [thread-id 1] - Entered Email Successfully
2025-04-03 16:55:20.468 [DEBUG] [thread-id 1] - conditionally execute a flow. condition: true
2025-04-03 16:55:22.205 [DEBUG] [thread-id 1] - Click element: 'AuthChoiceView.passwordStackView'
2025-04-03 16:55:24.611 [DEBUG] [thread-id 1] - Selected Password Option to Login
2025-04-03 16:55:24.669 [DEBUG] [thread-id 1] - Verify identifier: {TextFieldStackView.textField=[true]}
2025-04-03 16:55:24.849 [DEBUG] [thread-id 1] - Enter text: 'E2epassword$'
2025-04-03 16:55:31.731 [DEBUG] [thread-id 1] - Click element: 'AuthChoiceView.ctaButton'
2025-04-03 16:55:54.399 [DEBUG] [thread-id 1] - conditionally execute a flow. condition: true
2025-04-03 16:55:55.037 [DEBUG] [thread-id 1] - sleep:  2000 milliseconds
2025-04-03 16:56:08.643 [DEBUG] [thread-id 1] - Executing function: 'unified.us.functions.utils.handleCartMergePopup'
2025-04-03 16:56:29.973 [DEBUG] [thread-id 1] - No Technical Error Page observed
2025-04-03 16:56:29.979 [DEBUG] [thread-id 1] - Executing function: 'unified.us.functions.home.toolTip'
2025-04-03 16:56:40.210 [DEBUG] [thread-id 1] - Executing function: 'unified.us.functions.global.navigation.accountToHome'
2025-04-03 16:56:40.211 [DEBUG] [thread-id 1] - Executing function: 'unified.us.functions.global.navigation.toTab'
2025-04-03 16:56:40.212 [DEBUG] [thread-id 1] - Executing function: 'unified.us.functions.utils.scrollIfNotVisible'
2025-04-03 16:56:40.212 [WARN] [thread-id 1] - variable scrollLimit was used, but r2 could not find a value for this variable. returning default of null
2025-04-03 16:56:40.213 [DEBUG] [thread-id 1] - conditionally execute a flow. condition: true
2025-04-03 16:56:40.855 [DEBUG] [thread-id 1] - Store in: store the value '7' in the variable 'scrollLimit'
2025-04-03 16:56:40.871 [DEBUG] [thread-id 1] - Scroll limit set to - 7
2025-04-03 16:56:40.872 [DEBUG] [thread-id 1] - conditionally execute a flow. condition: true
2025-04-03 16:56:42.015 [DEBUG] [thread-id 1] - conditionally execute a flow. condition: true
2025-04-03 16:56:42.646 [DEBUG] [thread-id 1] - Element already visible, scrolling is skipped
2025-04-03 16:56:42.670 [WARN] [thread-id 1] - variable scrollNeeded was used, but r2 could not find a value for this variable. returning default of null
2025-04-03 16:56:42.671 [DEBUG] [thread-id 1] - Resetting scrollPosition variable to default
2025-04-03 16:56:42.671 [DEBUG] [thread-id 1] - Store in: store the value 'null' in the variable 'scrollPosition'
2025-04-03 16:56:42.672 [DEBUG] [thread-id 1] - Store in: store the value 'null' in the variable 'identifierScope'
2025-04-03 16:56:42.672 [DEBUG] [thread-id 1] - Store in: store the value 'null' in the variable 'scrollLimit'
2025-04-03 16:56:42.672 [DEBUG] [thread-id 1] - Store in: store the value 'false' in the variable 'scrollNeeded'
2025-04-03 16:56:43.099 [DEBUG] [thread-id 1] - Click element: '//XCUIElementTypeButton[contains(@name, "Shop")]'
2025-04-03 16:56:43.565 [DEBUG] [thread-id 1] - Executing function: 'unified.us.functions.home.closeWPlusPromotionPopUpIfDisplayed'
2025-04-03 16:56:43.567 [DEBUG] [thread-id 1] - conditionally execute a flow. condition: true
2025-04-03 16:56:48.387 [DEBUG] [thread-id 1] - conditionally execute a flow. condition: true
2025-04-03 16:56:53.235 [DEBUG] [thread-id 1] - Click element: '//XCUIElementTypeButton[@name="SplashPageViewController.closeButton" or contains(@label, "Close Walmart plus promotional pop up")] | //XCUIElementTypeNavigationBar[@name="WalmartPlus.SplashPageView"]/XCUIElementTypeButton | //XCUIElementTypeButton[@name="close" or @name="Close"] | //XCUIElementTypeButton[@name="SplashPageViewController.fullScreenCloseButton"] | //XCUIElementTypeButton[@name="MultiSplashViewController.fullScreenCloseButton"] | //XCUIElementTypeButton[@name="RepeatBenefitEngagementTopBarView.closeButton"] | //XCUIElementTypeButton[@name="Close"] | //XCUIElementTypeButton[@name="close"]'
2025-04-03 16:56:54.349 [DEBUG] [thread-id 1] - Executing function: 'unified.us.functions.global.navigation.goToDeepLink'
2025-04-03 16:56:54.350 [DEBUG] [thread-id 1] - Store in: store the value 'Post-transactions' in the variable 'executionStage'
2025-04-03 16:56:54.350 [DEBUG] [thread-id 1] - Open deep link
2025-04-03 16:56:54.351 [DEBUG] [thread-id 1] - walmart://expo?expo_preview=true&experiment_spec=AItRI&variation_specs=Ql5V9&experiment_count=0
2025-04-03 16:56:54.351 [DEBUG] [thread-id 1] - Verify value of: '$deepLinkUrl'
2025-04-03 16:56:54.352 [DEBUG] [thread-id 1] - Open link: 'walmart://expo?expo_preview=true&experiment_spec=AItRI&variation_specs=Ql5V9&experiment_count=0'
2025-04-03 16:56:57.836 [DEBUG] [thread-id 1] - conditionally execute a flow. condition: true
2025-04-03 16:56:59.948 [DEBUG] [thread-id 1] - Executing function: 'unified.us.functions.global.navigation.openDeepLink'
2025-04-03 16:57:04.318 [DEBUG] [thread-id 1] - Deeplink pop up not displayed
2025-04-03 16:57:04.536 [DEBUG] [thread-id 1] - sleep:  5000 milliseconds
2025-04-03 16:57:09.541 [DEBUG] [thread-id 1] - Executing function: 'unified.us.functions.global.navigation.toCartFromNavBar'
2025-04-03 16:57:09.543 [DEBUG] [thread-id 1] - Store in: store the value 'Transactions' in the variable 'executionStage'
2025-04-03 16:57:11.394 [DEBUG] [thread-id 1] - Verify identifier: {//XCUIElementTypeButton[contains(@label, "Your cart")] | //XCUIElementTypeButton[(@name="SearchResultsViewController.cartButton") or (contains(@label,"Your cart contains") and contains(@label,"The estimated total is")) or (@label="Your cart is empty")]=[true]}
2025-04-03 16:57:13.540 [DEBUG] [thread-id 1] - Click element: '//XCUIElementTypeButton[contains(@label, "Your cart")] | //XCUIElementTypeButton[(@name="SearchResultsViewController.cartButton") or (contains(@label,"Your cart contains") and contains(@label,"The estimated total is")) or (@label="Your cart is empty")]'
2025-04-03 16:57:14.545 [DEBUG] [thread-id 1] - Executing function: 'unified.us.functions.cart.storeChangePopUp'
2025-04-03 16:57:22.214 [DEBUG] [thread-id 1] - No Store Change pop up screen displayed
2025-04-03 16:57:24.042 [DEBUG] [thread-id 1] - conditionally execute a flow. condition: true
2025-04-03 16:57:26.031 [DEBUG] [thread-id 1] - cart Page loaded
2025-04-03 16:57:26.038 [DEBUG] [thread-id 1] - Executing function: 'unified.us.functions.cart.removeAllCartItems'
2025-04-03 16:57:26.039 [DEBUG] [thread-id 1] - Executing function: 'unified.us.functions.cart.storeChangePopUp'
2025-04-03 16:57:29.836 [DEBUG] [thread-id 1] - No Store Change pop up screen displayed
2025-04-03 16:57:29.843 [DEBUG] [thread-id 1] - Executing function: 'unified.us.functions.cart.removeAdonsNotAvailable'
2025-04-03 16:57:34.731 [DEBUG] [thread-id 1] - No remove Adons pop up screen displayed
2025-04-03 16:57:36.751 [DEBUG] [thread-id 1] - conditionally execute a flow. condition: true
2025-04-03 16:57:38.733 [DEBUG] [thread-id 1] - No items in cart
2025-04-03 16:57:38.882 [DEBUG] [thread-id 1] - Executing function: 'unified.us.functions.cart.removeUnavailableItemsFromCart'
2025-04-03 16:57:38.883 [DEBUG] [thread-id 1] - conditionally execute a flow. condition: true
2025-04-03 16:57:52.561 [DEBUG] [thread-id 1] - Executing function: 'unified.us.functions.global.navigation.backNavigation'
2025-04-03 16:57:52.562 [DEBUG] [thread-id 1] - Global Back navigation
2025-04-03 16:57:52.563 [DEBUG] [thread-id 1] - conditionally execute a flow. condition: true
2025-04-03 16:57:56.367 [DEBUG] [thread-id 1] - conditionally execute a flow. condition: true
2025-04-03 16:58:03.096 [DEBUG] [thread-id 1] - Click element: '//XCUIElementTypeButton[@name="Back" or @label="Back"] | //XCUIElementTypeNavigationBar[@name="Cart"]/XCUIElementTypeButton[contains(@name,"Search")] | //XCUIElementTypeNavigationBar/XCUIElementTypeButton[not(contains(@label,"cart"))]'
2025-04-03 16:58:04.055 [DEBUG] [thread-id 1] - Executing function: 'unified.us.functions.gic.changeFulfillment'
2025-04-03 16:58:04.056 [DEBUG] [thread-id 1] - Executing function: 'unified.us.functions.gic.expandIfCollapsed'
2025-04-03 16:58:09.009 [DEBUG] [thread-id 1] - Verify identifier: {//*[contains(@label,"Collapsed")] | //*[contains(@name,"Collapsed")]=[true]}
2025-04-03 16:58:13.552 [DEBUG] [thread-id 1] - Click element: '//*[contains(@label,"Collapsed")] | //*[contains(@name,"Collapsed")]'
2025-04-03 16:58:14.616 [DEBUG] [thread-id 1] - Executing function: 'unified.us.functions.gic.setFulfillment'
2025-04-03 16:58:14.616 [DEBUG] [thread-id 1] - conditionally execute a flow. condition: true
2025-04-03 16:58:25.688 [DEBUG] [thread-id 1] - conditionally execute a flow. condition: false
2025-04-03 16:58:28.256 [DEBUG] [thread-id 1] - Click element: '//XCUIElementTypeButton[@name="GlobalIntentCenter.Delivery"] | //XCUIElementTypeButton[contains(@name, "Delivery") ] | //XCUIElementTypeButton[@name="HoTIntentOptionsView" or @name="HoTIntentOptionsPhase2View" and contains(@label,"Delivery")]'
2025-04-03 16:58:29.269 [DEBUG] [thread-id 1] - Delivery intent selected
2025-04-03 16:58:29.929 [DEBUG] [thread-id 1] - sleep:  3000 milliseconds
2025-04-03 16:58:43.411 [DEBUG] [thread-id 1] - Executing function: 'unified.us.functions.gic.collapseIfExpanded'
2025-04-03 16:58:44.174 [DEBUG] [thread-id 1] - Verify identifier: {//*[contains(@label,"Expanded")] | //*[contains(@name,"Expanded")]=[true]}
2025-04-03 16:58:44.664 [DEBUG] [thread-id 1] - Collapsing GIC screen
2025-04-03 16:58:45.474 [DEBUG] [thread-id 1] - Click element: '//*[contains(@label,"Expanded")] | //*[contains(@name,"Expanded")]'
2025-04-03 16:58:45.960 [DEBUG] [thread-id 1] - Executing function: 'unified.us.functions.home.setStore'
2025-04-03 16:58:45.962 [DEBUG] [thread-id 1] - conditionally execute a flow. condition: false
2025-04-03 16:58:48.068 [DEBUG] [thread-id 1] - Store in: store the value '95110' in the variable 'zipcode'
2025-04-03 16:58:48.247 [DEBUG] [thread-id 1] - Executing function: 'unified.us.functions.gic.expandIfCollapsed'
2025-04-03 16:58:52.582 [DEBUG] [thread-id 1] - Verify identifier: {//*[contains(@label,"Collapsed")] | //*[contains(@name,"Collapsed")]=[true]}
2025-04-03 16:58:57.029 [DEBUG] [thread-id 1] - Click element: '//*[contains(@label,"Collapsed")] | //*[contains(@name,"Collapsed")]'
2025-04-03 16:58:58.389 [DEBUG] [thread-id 1] - conditionally execute a flow. condition: true
2025-04-03 16:58:58.945 [DEBUG] [thread-id 1] - Executing function: 'unified.us.functions.home.changeStore'
2025-04-03 16:58:58.946 [DEBUG] [thread-id 1] - Executing function: 'unified.us.functions.gic.expandIfCollapsed'
2025-04-03 16:59:05.140 [DEBUG] [thread-id 1] - GIC already expanded
2025-04-03 16:59:05.146 [WARN] [thread-id 1] - variable storeOnly was used, but r2 could not find a value for this variable. returning default of null
2025-04-03 16:59:05.147 [DEBUG] [thread-id 1] - conditionally execute a flow. condition: true
2025-04-03 16:59:05.607 [DEBUG] [thread-id 1] - conditionally execute a flow. condition: true
2025-04-03 16:59:16.713 [DEBUG] [thread-id 1] - conditionally execute a flow. condition: false
2025-04-03 16:59:29.737 [DEBUG] [thread-id 1] - Click element: '//XCUIElementTypeButton[contains(@label, "Pickup")]'
2025-04-03 16:59:30.892 [DEBUG] [thread-id 1] - Pickup intent selected
2025-04-03 16:59:31.569 [WARN] [thread-id 1] - variable driverpopup was used, but r2 could not find a value for this variable. returning default of null
2025-04-03 16:59:35.046 [DEBUG] [thread-id 1] - Click element: '//XCUIElementTypeCollectionView[@name="GlobalIntentCenterViewController.collectionView"]//XCUIElementTypeCell[position()=last()-2 or position()=last()-1]//*[@name="GlobalIntentCenter.FullLocation" and not(contains(@label,"Shipping"))] | //XCUIElementTypeOther[@name="LayoutableChildStackViewController.stackView"]/XCUIElementTypeOther[position()=last()]//XCUIElementTypeOther[@name="HoTLocationsItemDetailsView.containerView"]'
2025-04-03 16:59:35.571 [DEBUG] [thread-id 1] - --- Selecting the store ---
2025-04-03 16:59:59.901 [DEBUG] [thread-id 1] - sleep:  2000 milliseconds
2025-04-03 17:00:05.233 [DEBUG] [thread-id 1] - conditionally execute a flow. condition: true
2025-04-03 17:00:11.404 [DEBUG] [thread-id 1] - Executing function: 'unified.us.functions.gic.collapseIfExpanded'
2025-04-03 17:00:21.976 [DEBUG] [thread-id 1] - Verify identifier: {//*[contains(@label,"Expanded")] | //*[contains(@name,"Expanded")]=[true]}
2025-04-03 17:00:27.913 [DEBUG] [thread-id 1] - Collapsing GIC screen
2025-04-03 17:00:41.282 [DEBUG] [thread-id 1] - Click element: '//*[contains(@label,"Expanded")] | //*[contains(@name,"Expanded")]'
2025-04-03 17:01:12.901 [DEBUG] [thread-id 1] - Main failed: Is not present: '//*[contains(@label,"Collapsed")] | //*[contains(@name,"Collapsed")]'
2025-04-03 17:01:14.300 [DEBUG] [thread-id 1] - Executing scenario: 'After'
2025-04-03 17:01:14.300 [DEBUG] [thread-id 1] - Executing function: 'unified.us.functions.utils.afterSteps'
2025-04-03 17:01:14.301 [WARN] [thread-id 1] - variable testStatus was used, but r2 could not find a value for this variable. returning default of null
2025-04-03 17:01:14.301 [DEBUG] [thread-id 1] - conditionally execute a flow. condition: false
2025-04-03 17:01:14.982 [DEBUG] [thread-id 1] - Test failed
2025-04-03 17:01:18.872 [DEBUG] [thread-id 1] - Created report: /Users/m0k0a2f/glass-automation/report/index.html
2025-04-03 17:05:02.720 [DEBUG] [thread-id 1] - Executing R2 4.0.2: '/Users/m0k0a2f/glass-automation/us/unified-e2e-tests/test-scripts/ecomm-and-fulfillment-flows/consolidated-shipping-flows/production/C2728517-mixed-basket-consolidation.yaml' on device: 'iPhone 15'
2025-04-03 17:06:27.097 [DEBUG] [thread-id 1] - Executing scenario: 'Before'
2025-04-03 17:06:27.103 [DEBUG] [thread-id 1] - Executing function: 'us.function.utils.getEnvironmentValue'
2025-04-03 17:06:27.104 [DEBUG] [thread-id 1] - Store in: store the value 'Onboarding' in the variable 'executionStage'
2025-04-03 17:06:27.105 [DEBUG] [thread-id 1] - Store in: store the value 'production' in the variable 'env'
2025-04-03 17:06:27.106 [DEBUG] [thread-id 1] - Timestamp: 1743725187105
2025-04-03 17:06:27.107 [DEBUG] [thread-id 1] - Executing function: 'functions.utils.setPlatformInfo'
2025-04-03 17:06:27.108 [DEBUG] [thread-id 1] - Store in: store the value 'Onboarding' in the variable 'executionStage'
2025-04-03 17:06:27.110 [WARN] [thread-id 1] - variable dependencies.general.appPackage was used, but r2 could not find a value for this variable. returning default of null
2025-04-03 17:06:27.111 [DEBUG] [thread-id 1] - Store in: store the value 'null' in the variable 'appPackage'
2025-04-03 17:06:27.122 [DEBUG] [thread-id 1] - conditionally execute a flow. condition: true
2025-04-03 17:06:27.344 [DEBUG] [thread-id 1] - Store in: store the value 'iOS' in the variable 'platform'
2025-04-03 17:06:27.353 [DEBUG] [thread-id 1] - R2_SUBFLOW_PRE_TRANSACTION
2025-04-03 17:06:27.808 [DEBUG] [thread-id 1] - Using us-errors-helpers.yaml
2025-04-03 17:06:28.270 [DEBUG] [thread-id 1] - Start Main
2025-04-03 17:06:28.271 [DEBUG] [thread-id 1] - Executing function: 'unified.us.functions.global.onboarding.navigateOnboardingToHome'
2025-04-03 17:06:28.271 [DEBUG] [thread-id 1] - Store in: store the value 'onboarding' in the variable 'executionStage'
2025-04-03 17:06:28.271 [DEBUG] [thread-id 1] - Welcome screen loaded
2025-04-03 17:06:28.275 [DEBUG] [thread-id 1] - conditionally execute a flow. condition: true
2025-04-03 17:06:28.493 [DEBUG] [thread-id 1] - Verify identifier: {cta.cancel.welcome=[true]}
2025-04-03 17:06:28.718 [DEBUG] [thread-id 1] - Store in: store the value 'true' in the variable 'testStarted'
2025-04-03 17:06:29.009 [DEBUG] [thread-id 1] - Click element: 'cta.cancel.welcome'
2025-04-03 17:06:29.897 [DEBUG] [thread-id 1] - Notifiction Prompt screen loaded
2025-04-03 17:06:30.155 [DEBUG] [thread-id 1] - Verify identifier: {NotificationPermissionViewController.titleLabel=[true]}
2025-04-03 17:06:30.422 [WARN] [thread-id 1] - variable allowNotifications was used, but r2 could not find a value for this variable. returning default of null
2025-04-03 17:06:30.422 [DEBUG] [thread-id 1] - conditionally execute a flow. condition: false
2025-04-03 17:06:32.720 [DEBUG] [thread-id 1] - Click element: 'cta.cancel.notifications'
2025-04-03 17:06:33.148 [DEBUG] [thread-id 1] - location screen loaded
2025-04-03 17:06:33.398 [DEBUG] [thread-id 1] - Verify identifier: {LocationPermissionViewController.titleLabel=[true]}
2025-04-03 17:06:33.398 [DEBUG] [thread-id 1] - Store in: store the value 'true' in the variable 'testStarted'
2025-04-03 17:06:33.437 [DEBUG] [thread-id 1] - Click element: 'Enter zip code'
2025-04-03 17:06:34.122 [DEBUG] [thread-id 1] - Verify identifier: {label.postal-code-entry=[true]}
2025-04-03 17:06:34.122 [DEBUG] [thread-id 1] - sleep:  2000 milliseconds
2025-04-03 17:06:36.176 [DEBUG] [thread-id 1] - Enter text: '95122'
2025-04-03 17:06:37.570 [DEBUG] [thread-id 1] - Click element: 'cta.continue'
2025-04-03 17:06:38.046 [DEBUG] [thread-id 1] - sleep:  3000 milliseconds
2025-04-03 17:06:51.183 [DEBUG] [thread-id 1] - Executing function: 'unified.us.functions.home.handlePersonalizedScreen'
2025-04-03 17:06:51.406 [DEBUG] [thread-id 1] - conditionally execute a flow. condition: true
2025-04-03 17:06:51.625 [DEBUG] [thread-id 1] - Observed Personalize Shopping Screen
2025-04-03 17:06:51.850 [DEBUG] [thread-id 1] - Verify identifier: {ATTPermissionViewController.bodyLabel=[true]}
2025-04-03 17:06:52.308 [DEBUG] [thread-id 1] - conditionally execute a flow. condition: true
2025-04-03 17:06:52.561 [DEBUG] [thread-id 1] - Click element: 'cta.continue.location'
2025-04-03 17:06:54.417 [DEBUG] [thread-id 1] - Personalized Shopping Experience Screen Handled.
2025-04-03 17:07:05.424 [DEBUG] [thread-id 1] - Executing function: 'unified.us.functions.home.toolTip'
2025-04-03 17:07:07.390 [DEBUG] [thread-id 1] - conditionally execute a flow. condition: true
2025-04-03 17:07:09.552 [DEBUG] [thread-id 1] - tooltip displayed
2025-04-03 17:07:13.699 [DEBUG] [thread-id 1] - conditionally execute a flow. condition: true
2025-04-03 17:07:15.864 [DEBUG] [thread-id 1] - Tool close button displayed
2025-04-03 17:07:16.085 [DEBUG] [thread-id 1] - Executing function: 'unified.us.functions.gic.collapseIfExpanded'
2025-04-03 17:07:21.868 [DEBUG] [thread-id 1] - GIC already collapsed
2025-04-03 17:07:24.022 [DEBUG] [thread-id 1] - Verify identifier: {Search Walmart=[true]}
2025-04-03 17:07:24.023 [DEBUG] [thread-id 1] - Executing function: 'unified.us.functions.home.navigateHomeToSignIn'
2025-04-03 17:07:24.024 [DEBUG] [thread-id 1] - Store in: store the value 'Pre-transactions' in the variable 'executionStage'
2025-04-03 17:07:25.433 [DEBUG] [thread-id 1] - Click element: '//XCUIElementTypeButton[@name="Account"] | Account'
2025-04-03 17:07:27.609 [DEBUG] [thread-id 1] - Verify identifier: {//XCUIElementTypeButton[@name="SignInYourAccountTableViewCell.signInButton"] | //XCUIElementTypeButton[@name="SignInYourAccountView.signInButton"]=[true]}
2025-04-03 17:07:27.941 [DEBUG] [thread-id 1] - Click element: '//XCUIElementTypeButton[@name="SignInYourAccountTableViewCell.signInButton"] | //XCUIElementTypeButton[@name="SignInYourAccountView.signInButton"]'
2025-04-03 17:07:29.769 [DEBUG] [thread-id 1] - conditionally execute a flow. condition: true
2025-04-03 17:07:30.981 [DEBUG] [thread-id 1] - Store in: store the value 'true' in the variable 'signInValidated'
2025-04-03 17:07:30.994 [DEBUG] [thread-id 1] - conditionally execute a flow. condition: true
2025-04-03 17:07:32.151 [DEBUG] [thread-id 1] - SignIn page loaded
2025-04-03 17:07:33.372 [DEBUG] [thread-id 1] - Store in: store the value 'false' in the variable 'signInValidated'
2025-04-03 17:07:33.379 [DEBUG] [thread-id 1] - Executing function: 'unified.us.functions.global.authentication.signInAccountWithParams'
2025-04-03 17:07:33.380 [DEBUG] [thread-id 1] - Store in: store the value 'Pre-transactions' in the variable 'executionStage'
2025-04-03 17:07:33.380 [DEBUG] [thread-id 1] - Executing function: 'unified.us.functions.authentication.signInInfo'
2025-04-03 17:07:33.381 [DEBUG] [thread-id 1] - conditionally execute a flow. condition: true
2025-04-03 17:07:34.532 [DEBUG] [thread-id 1] - Store in: store the value 'prod.ios.mixedb@cloudtest.org' in the variable 'email'
2025-04-03 17:07:35.764 [DEBUG] [thread-id 1] - Store in: store the value 'E2epassword$' in the variable 'password'
2025-04-03 17:07:35.779 [DEBUG] [thread-id 1] - Executing function: 'unified.us.functions.global.authentication.signInAccount'
2025-04-03 17:07:35.779 [DEBUG] [thread-id 1] - conditionally execute a flow. condition: true
2025-04-03 17:07:48.624 [DEBUG] [thread-id 1] - Verify identifier: {TextFieldStackView.containerStackView=[true]}
2025-04-03 17:07:48.767 [DEBUG] [thread-id 1] - Enter text: 'prod.ios.mixedb@cloudtest.org'
2025-04-03 17:07:53.539 [DEBUG] [thread-id 1] - Click element: 'WelcomeView.ctaButton'
2025-04-03 17:07:54.370 [DEBUG] [thread-id 1] - sleep:  2000 milliseconds
2025-04-03 17:07:57.072 [DEBUG] [thread-id 1] - conditionally execute a flow. condition: true
2025-04-03 17:07:58.408 [DEBUG] [thread-id 1] - Entered Email Successfully
2025-04-03 17:07:59.885 [DEBUG] [thread-id 1] - conditionally execute a flow. condition: true
2025-04-03 17:08:01.479 [DEBUG] [thread-id 1] - Click element: 'AuthChoiceView.passwordStackView'
2025-04-03 17:08:03.644 [DEBUG] [thread-id 1] - Selected Password Option to Login
2025-04-03 17:08:03.712 [DEBUG] [thread-id 1] - Verify identifier: {TextFieldStackView.textField=[true]}
2025-04-03 17:08:03.875 [DEBUG] [thread-id 1] - Enter text: 'E2epassword$'
2025-04-03 17:08:10.634 [DEBUG] [thread-id 1] - Click element: 'AuthChoiceView.ctaButton'
2025-04-03 17:08:32.697 [DEBUG] [thread-id 1] - conditionally execute a flow. condition: true
2025-04-03 17:08:33.351 [DEBUG] [thread-id 1] - sleep:  2000 milliseconds
2025-04-03 17:08:46.535 [DEBUG] [thread-id 1] - Executing function: 'unified.us.functions.utils.handleCartMergePopup'
2025-04-03 17:09:08.179 [DEBUG] [thread-id 1] - No Technical Error Page observed
2025-04-03 17:09:08.204 [DEBUG] [thread-id 1] - Executing function: 'unified.us.functions.home.toolTip'
2025-04-03 17:09:18.711 [DEBUG] [thread-id 1] - Executing function: 'unified.us.functions.global.navigation.accountToHome'
2025-04-03 17:09:18.713 [DEBUG] [thread-id 1] - Executing function: 'unified.us.functions.global.navigation.toTab'
2025-04-03 17:09:18.714 [DEBUG] [thread-id 1] - Executing function: 'unified.us.functions.utils.scrollIfNotVisible'
2025-04-03 17:09:18.714 [WARN] [thread-id 1] - variable scrollLimit was used, but r2 could not find a value for this variable. returning default of null
2025-04-03 17:09:18.714 [DEBUG] [thread-id 1] - conditionally execute a flow. condition: true
2025-04-03 17:09:19.373 [DEBUG] [thread-id 1] - Store in: store the value '7' in the variable 'scrollLimit'
2025-04-03 17:09:19.391 [DEBUG] [thread-id 1] - Scroll limit set to - 7
2025-04-03 17:09:19.391 [DEBUG] [thread-id 1] - conditionally execute a flow. condition: true
2025-04-03 17:09:20.502 [DEBUG] [thread-id 1] - conditionally execute a flow. condition: true
2025-04-03 17:09:21.149 [DEBUG] [thread-id 1] - Element already visible, scrolling is skipped
2025-04-03 17:09:21.178 [WARN] [thread-id 1] - variable scrollNeeded was used, but r2 could not find a value for this variable. returning default of null
2025-04-03 17:09:21.179 [DEBUG] [thread-id 1] - Resetting scrollPosition variable to default
2025-04-03 17:09:21.179 [DEBUG] [thread-id 1] - Store in: store the value 'null' in the variable 'scrollPosition'
2025-04-03 17:09:21.179 [DEBUG] [thread-id 1] - Store in: store the value 'null' in the variable 'identifierScope'
2025-04-03 17:09:21.180 [DEBUG] [thread-id 1] - Store in: store the value 'null' in the variable 'scrollLimit'
2025-04-03 17:09:21.180 [DEBUG] [thread-id 1] - Store in: store the value 'false' in the variable 'scrollNeeded'
2025-04-03 17:09:21.622 [DEBUG] [thread-id 1] - Click element: '//XCUIElementTypeButton[contains(@name, "Shop")]'
2025-04-03 17:09:22.088 [DEBUG] [thread-id 1] - Executing function: 'unified.us.functions.home.closeWPlusPromotionPopUpIfDisplayed'
2025-04-03 17:09:22.089 [DEBUG] [thread-id 1] - conditionally execute a flow. condition: true
2025-04-03 17:09:37.219 [DEBUG] [thread-id 1] - Executing function: 'unified.us.functions.global.navigation.goToDeepLink'
2025-04-03 17:09:37.221 [DEBUG] [thread-id 1] - Store in: store the value 'Post-transactions' in the variable 'executionStage'
2025-04-03 17:09:37.221 [DEBUG] [thread-id 1] - Open deep link
2025-04-03 17:09:37.222 [DEBUG] [thread-id 1] - walmart://expo?expo_preview=true&experiment_spec=AItRI&variation_specs=Ql5V9&experiment_count=0
2025-04-03 17:09:37.223 [DEBUG] [thread-id 1] - Verify value of: '$deepLinkUrl'
2025-04-03 17:09:37.223 [DEBUG] [thread-id 1] - Open link: 'walmart://expo?expo_preview=true&experiment_spec=AItRI&variation_specs=Ql5V9&experiment_count=0'
2025-04-03 17:09:38.117 [DEBUG] [thread-id 1] - conditionally execute a flow. condition: true
2025-04-03 17:09:40.146 [DEBUG] [thread-id 1] - Executing function: 'unified.us.functions.global.navigation.openDeepLink'
2025-04-03 17:09:44.697 [DEBUG] [thread-id 1] - Deeplink pop up not displayed
2025-04-03 17:09:44.891 [DEBUG] [thread-id 1] - sleep:  5000 milliseconds
2025-04-03 17:09:49.896 [DEBUG] [thread-id 1] - Executing function: 'unified.us.functions.global.navigation.toCartFromNavBar'
2025-04-03 17:09:49.897 [DEBUG] [thread-id 1] - Store in: store the value 'Transactions' in the variable 'executionStage'
2025-04-03 17:09:51.940 [DEBUG] [thread-id 1] - Verify identifier: {//XCUIElementTypeButton[contains(@label, "Your cart")] | //XCUIElementTypeButton[(@name="SearchResultsViewController.cartButton") or (contains(@label,"Your cart contains") and contains(@label,"The estimated total is")) or (@label="Your cart is empty")]=[true]}
2025-04-03 17:09:54.356 [DEBUG] [thread-id 1] - Click element: '//XCUIElementTypeButton[contains(@label, "Your cart")] | //XCUIElementTypeButton[(@name="SearchResultsViewController.cartButton") or (contains(@label,"Your cart contains") and contains(@label,"The estimated total is")) or (@label="Your cart is empty")]'
2025-04-03 17:09:55.409 [DEBUG] [thread-id 1] - Executing function: 'unified.us.functions.cart.storeChangePopUp'
2025-04-03 17:10:04.001 [DEBUG] [thread-id 1] - No Store Change pop up screen displayed
2025-04-03 17:10:06.133 [DEBUG] [thread-id 1] - conditionally execute a flow. condition: true
2025-04-03 17:10:08.093 [DEBUG] [thread-id 1] - cart Page loaded
2025-04-03 17:10:08.246 [DEBUG] [thread-id 1] - Executing function: 'unified.us.functions.cart.removeAllCartItems'
2025-04-03 17:10:08.249 [DEBUG] [thread-id 1] - Executing function: 'unified.us.functions.cart.storeChangePopUp'
2025-04-03 17:10:12.135 [DEBUG] [thread-id 1] - No Store Change pop up screen displayed
2025-04-03 17:10:12.304 [DEBUG] [thread-id 1] - Executing function: 'unified.us.functions.cart.removeAdonsNotAvailable'
2025-04-03 17:10:17.495 [DEBUG] [thread-id 1] - No remove Adons pop up screen displayed
2025-04-03 17:10:19.526 [DEBUG] [thread-id 1] - conditionally execute a flow. condition: true
2025-04-03 17:10:21.589 [DEBUG] [thread-id 1] - No items in cart
2025-04-03 17:10:21.610 [DEBUG] [thread-id 1] - Executing function: 'unified.us.functions.cart.removeUnavailableItemsFromCart'
2025-04-03 17:10:21.610 [DEBUG] [thread-id 1] - conditionally execute a flow. condition: true
2025-04-03 17:10:33.671 [DEBUG] [thread-id 1] - Executing function: 'unified.us.functions.global.navigation.backNavigation'
2025-04-03 17:10:33.672 [DEBUG] [thread-id 1] - Global Back navigation
2025-04-03 17:10:33.673 [DEBUG] [thread-id 1] - conditionally execute a flow. condition: true
2025-04-03 17:10:37.559 [DEBUG] [thread-id 1] - conditionally execute a flow. condition: true
2025-04-03 17:10:44.280 [DEBUG] [thread-id 1] - Click element: '//XCUIElementTypeButton[@name="Back" or @label="Back"] | //XCUIElementTypeNavigationBar[@name="Cart"]/XCUIElementTypeButton[contains(@name,"Search")] | //XCUIElementTypeNavigationBar/XCUIElementTypeButton[not(contains(@label,"cart"))]'
2025-04-03 17:10:45.260 [DEBUG] [thread-id 1] - Executing function: 'unified.us.functions.gic.changeFulfillment'
2025-04-03 17:10:45.261 [DEBUG] [thread-id 1] - Executing function: 'unified.us.functions.gic.expandIfCollapsed'
2025-04-03 17:10:50.397 [DEBUG] [thread-id 1] - Verify identifier: {//*[contains(@label,"Collapsed")] | //*[contains(@name,"Collapsed")]=[true]}
2025-04-03 17:10:54.816 [DEBUG] [thread-id 1] - Click element: '//*[contains(@label,"Collapsed")] | //*[contains(@name,"Collapsed")]'
2025-04-03 17:10:55.890 [DEBUG] [thread-id 1] - Executing function: 'unified.us.functions.gic.setFulfillment'
2025-04-03 17:10:55.891 [DEBUG] [thread-id 1] - conditionally execute a flow. condition: true
2025-04-03 17:11:06.986 [DEBUG] [thread-id 1] - conditionally execute a flow. condition: false
2025-04-03 17:11:09.397 [DEBUG] [thread-id 1] - Click element: '//XCUIElementTypeButton[@name="GlobalIntentCenter.Delivery"] | //XCUIElementTypeButton[contains(@name, "Delivery") ] | //XCUIElementTypeButton[@name="HoTIntentOptionsView" or @name="HoTIntentOptionsPhase2View" and contains(@label,"Delivery")]'
2025-04-03 17:11:10.355 [DEBUG] [thread-id 1] - Delivery intent selected
2025-04-03 17:11:10.936 [DEBUG] [thread-id 1] - sleep:  3000 milliseconds
2025-04-03 17:11:24.378 [DEBUG] [thread-id 1] - Executing function: 'unified.us.functions.gic.collapseIfExpanded'
2025-04-03 17:11:25.133 [DEBUG] [thread-id 1] - Verify identifier: {//*[contains(@label,"Expanded")] | //*[contains(@name,"Expanded")]=[true]}
2025-04-03 17:11:25.608 [DEBUG] [thread-id 1] - Collapsing GIC screen
2025-04-03 17:11:26.343 [DEBUG] [thread-id 1] - Click element: '//*[contains(@label,"Expanded")] | //*[contains(@name,"Expanded")]'
2025-04-03 17:11:27.073 [DEBUG] [thread-id 1] - Executing function: 'unified.us.functions.global.navigation.goToDeepLink'
2025-04-03 17:11:27.073 [DEBUG] [thread-id 1] - Store in: store the value 'Post-transactions' in the variable 'executionStage'
2025-04-03 17:11:27.073 [DEBUG] [thread-id 1] - Open deep link
2025-04-03 17:11:27.073 [DEBUG] [thread-id 1] - walmart://item/44390950
2025-04-03 17:11:27.074 [DEBUG] [thread-id 1] - Verify value of: '$deepLinkUrl'
2025-04-03 17:11:27.074 [DEBUG] [thread-id 1] - Open link: 'walmart://item/44390950'
2025-04-03 17:11:28.275 [DEBUG] [thread-id 1] - conditionally execute a flow. condition: true
2025-04-03 17:11:30.293 [DEBUG] [thread-id 1] - Deeplink pop up not displayed
2025-04-03 17:11:30.304 [DEBUG] [thread-id 1] - sleep:  5000 milliseconds
2025-04-03 17:11:35.311 [DEBUG] [thread-id 1] - Executing function: 'unified.us.functions.item.addItemToCart'
2025-04-03 17:11:35.312 [DEBUG] [thread-id 1] - Store in: store the value 'Transactions' in the variable 'executionStage'
2025-04-03 17:11:35.313 [DEBUG] [thread-id 1] - Executing function: 'unified.us.functions.item.validateAndClickAddToCartButton'
2025-04-03 17:11:58.281 [DEBUG] [thread-id 1] - Verify identifier: {stepper.mainButton=[true]}
2025-04-03 17:12:17.415 [DEBUG] [thread-id 1] - ATC button present
2025-04-03 17:12:40.013 [DEBUG] [thread-id 1] - Click element: 'stepper.mainButton'
2025-04-03 17:12:55.428 [WARN] [thread-id 1] - variable skipPostAddToCartSteps was used, but r2 could not find a value for this variable. returning default of null
2025-04-03 17:12:55.429 [DEBUG] [thread-id 1] - conditionally execute a flow. condition: true
2025-04-03 17:13:14.030 [DEBUG] [thread-id 1] - conditionally execute a flow. condition: true
2025-04-03 17:13:33.291 [DEBUG] [thread-id 1] - Executing function: 'unified.us.functions.global.navigation.goToDeepLink'
2025-04-03 17:13:33.292 [DEBUG] [thread-id 1] - Store in: store the value 'Post-transactions' in the variable 'executionStage'
2025-04-03 17:13:33.292 [DEBUG] [thread-id 1] - Open deep link
2025-04-03 17:13:33.292 [DEBUG] [thread-id 1] - walmart://home
2025-04-03 17:13:33.292 [DEBUG] [thread-id 1] - Verify value of: '$deepLinkUrl'
2025-04-03 17:13:33.293 [DEBUG] [thread-id 1] - Open link: 'walmart://home'
2025-04-03 17:13:36.174 [DEBUG] [thread-id 1] - conditionally execute a flow. condition: true
2025-04-03 17:13:43.862 [DEBUG] [thread-id 1] - Deeplink pop up not displayed
2025-04-03 17:13:44.048 [DEBUG] [thread-id 1] - sleep:  5000 milliseconds
2025-04-03 17:13:49.102 [DEBUG] [thread-id 1] - Store in: store the value 'false' in the variable 'skipPostAddToCartSteps'
2025-04-03 17:13:49.103 [DEBUG] [thread-id 1] - Store in: store the value 'false' in the variable 'apiFetch'
2025-04-03 17:13:49.103 [DEBUG] [thread-id 1] - Executing function: 'unified.us.functions.global.navigation.goToDeepLink'
2025-04-03 17:13:49.103 [DEBUG] [thread-id 1] - Store in: store the value 'Post-transactions' in the variable 'executionStage'
2025-04-03 17:13:49.103 [DEBUG] [thread-id 1] - Open deep link
2025-04-03 17:13:49.104 [DEBUG] [thread-id 1] - walmart://item/182565738
2025-04-03 17:13:49.104 [DEBUG] [thread-id 1] - Verify value of: '$deepLinkUrl'
2025-04-03 17:13:49.104 [DEBUG] [thread-id 1] - Open link: 'walmart://item/182565738'
2025-04-03 17:13:49.753 [DEBUG] [thread-id 1] - conditionally execute a flow. condition: true
2025-04-03 17:13:51.543 [DEBUG] [thread-id 1] - Deeplink pop up not displayed
2025-04-03 17:13:51.555 [DEBUG] [thread-id 1] - sleep:  5000 milliseconds
2025-04-03 17:13:56.562 [DEBUG] [thread-id 1] - Executing function: 'unified.us.functions.item.addItemToCart'
2025-04-03 17:13:56.565 [DEBUG] [thread-id 1] - Store in: store the value 'Transactions' in the variable 'executionStage'
2025-04-03 17:14:17.325 [DEBUG] [thread-id 1] - Verify identifier: {stepper.mainButton=[true]}
2025-04-03 17:14:32.427 [DEBUG] [thread-id 1] - ATC button present
2025-04-03 17:14:51.495 [DEBUG] [thread-id 1] - Click element: 'stepper.mainButton'
2025-04-03 17:15:03.051 [DEBUG] [thread-id 1] - conditionally execute a flow. condition: true
2025-04-03 17:15:19.927 [DEBUG] [thread-id 1] - conditionally execute a flow. condition: true
2025-04-03 17:15:37.683 [DEBUG] [thread-id 1] - Store in: store the value 'Post-transactions' in the variable 'executionStage'
2025-04-03 17:15:37.684 [DEBUG] [thread-id 1] - Open deep link
2025-04-03 17:15:37.684 [DEBUG] [thread-id 1] - walmart://home
2025-04-03 17:15:37.684 [DEBUG] [thread-id 1] - Verify value of: '$deepLinkUrl'
2025-04-03 17:15:37.684 [DEBUG] [thread-id 1] - Open link: 'walmart://home'
2025-04-03 17:15:39.194 [DEBUG] [thread-id 1] - conditionally execute a flow. condition: true
2025-04-03 17:15:47.772 [DEBUG] [thread-id 1] - Deeplink pop up not displayed
2025-04-03 17:15:47.969 [DEBUG] [thread-id 1] - sleep:  5000 milliseconds
2025-04-03 17:15:52.992 [DEBUG] [thread-id 1] - Store in: store the value 'false' in the variable 'skipPostAddToCartSteps'
2025-04-03 17:15:52.992 [DEBUG] [thread-id 1] - Store in: store the value 'false' in the variable 'apiFetch'
2025-04-03 17:15:52.994 [DEBUG] [thread-id 1] - Executing function: 'unified.us.functions.global.navigation.goToDeepLink'
2025-04-03 17:15:52.994 [DEBUG] [thread-id 1] - Store in: store the value 'Post-transactions' in the variable 'executionStage'
2025-04-03 17:15:52.994 [DEBUG] [thread-id 1] - Open deep link
2025-04-03 17:15:52.994 [DEBUG] [thread-id 1] - walmart://home
2025-04-03 17:15:52.994 [DEBUG] [thread-id 1] - Verify value of: '$deepLinkUrl'
2025-04-03 17:15:52.995 [DEBUG] [thread-id 1] - Open link: 'walmart://home'
2025-04-03 17:15:54.771 [DEBUG] [thread-id 1] - conditionally execute a flow. condition: true
2025-04-03 17:16:01.465 [DEBUG] [thread-id 1] - Deeplink pop up not displayed
2025-04-03 17:16:01.653 [DEBUG] [thread-id 1] - sleep:  5000 milliseconds
2025-04-03 17:16:06.656 [DEBUG] [thread-id 1] - Executing function: 'unified.us.functions.global.navigation.toCartFromNavBar'
2025-04-03 17:16:06.656 [DEBUG] [thread-id 1] - Store in: store the value 'Transactions' in the variable 'executionStage'
2025-04-03 17:16:08.578 [DEBUG] [thread-id 1] - Verify identifier: {//XCUIElementTypeButton[contains(@label, "Your cart")] | //XCUIElementTypeButton[(@name="SearchResultsViewController.cartButton") or (contains(@label,"Your cart contains") and contains(@label,"The estimated total is")) or (@label="Your cart is empty")]=[true]}
2025-04-03 17:16:10.675 [DEBUG] [thread-id 1] - Click element: '//XCUIElementTypeButton[contains(@label, "Your cart")] | //XCUIElementTypeButton[(@name="SearchResultsViewController.cartButton") or (contains(@label,"Your cart contains") and contains(@label,"The estimated total is")) or (@label="Your cart is empty")]'
2025-04-03 17:16:22.328 [DEBUG] [thread-id 1] - No Store Change pop up screen displayed
2025-04-03 17:16:38.195 [DEBUG] [thread-id 1] - conditionally execute a flow. condition: false
2025-04-03 17:17:03.434 [DEBUG] [thread-id 1] - conditionally execute a flow. condition: false
2025-04-03 17:17:12.025 [WARN] [thread-id 1] - variable skipValidation was used, but r2 could not find a value for this variable. returning default of null
2025-04-03 17:17:12.026 [DEBUG] [thread-id 1] - conditionally execute a flow. condition: true
2025-04-03 17:17:35.768 [DEBUG] [thread-id 1] - conditionally execute a flow. condition: true
2025-04-03 17:17:44.571 [DEBUG] [thread-id 1] - cart page loaded
2025-04-03 17:17:45.126 [DEBUG] [thread-id 1] - Executing function: 'unified.us.functions.selectBookingSlot.MBC'
2025-04-03 17:17:45.127 [DEBUG] [thread-id 1] - Slot booking from the banner for Scheduled Delivery.
2025-04-03 17:18:01.981 [DEBUG] [thread-id 1] - R2_SUBFLOW_TRANSACTION
2025-04-03 17:18:01.986 [DEBUG] [thread-id 1] - Executing function: 'unified.us.functions.cart.continueToCheckout'
2025-04-03 17:18:07.016 [DEBUG] [thread-id 1] - Verify identifier: {//XCUIElementTypeButton[@name="CartPrimaryCTAButton"] | //XCUIElementTypeButton[@name="CartFinishButton"]=[true]}
2025-04-03 17:18:12.548 [DEBUG] [thread-id 1] - Click element: '//XCUIElementTypeButton[@name="CartPrimaryCTAButton"] | //XCUIElementTypeButton[@name="CartFinishButton"]'
2025-04-03 17:18:14.405 [DEBUG] [thread-id 1] - sleep:  3000 milliseconds
2025-04-03 17:18:17.412 [DEBUG] [thread-id 1] - Executing function: 'unified.us.functions.cart.checkOutGetItFasterPopUp'
2025-04-03 17:18:21.118 [DEBUG] [thread-id 1] - Get It Faster PopUp not visible
2025-04-03 17:18:21.204 [DEBUG] [thread-id 1] - Executing function: 'unified.us.functions.cart.handleSafetyAdvice'
2025-04-03 17:18:44.951 [DEBUG] [thread-id 1] - Safety Advice Header pop up not available
2025-04-03 17:19:17.892 [DEBUG] [thread-id 1] - Executing function: 'unified.us.functions.cart.handleItemUpdatesBottomTray'
2025-04-03 17:19:17.895 [DEBUG] [thread-id 1] - conditionally execute a flow. condition: true
2025-04-03 17:19:25.629 [DEBUG] [thread-id 1] - No item update pop up
2025-04-03 17:19:26.392 [DEBUG] [thread-id 1] - conditionally execute a flow. condition: true
2025-04-03 17:19:27.903 [DEBUG] [thread-id 1] - Clicked on Checkout button successfully
2025-04-03 17:19:27.997 [WARN] [thread-id 1] - variable giftItem was used, but r2 could not find a value for this variable. returning default of null
2025-04-03 17:19:27.999 [WARN] [thread-id 1] - variable doNotCloseWplusPopup was used, but r2 could not find a value for this variable. returning default of null
2025-04-03 17:19:27.999 [DEBUG] [thread-id 1] - conditionally execute a flow. condition: false
2025-04-03 17:19:29.523 [DEBUG] [thread-id 1] - Executing function: 'unified.us.functions.home.closeWPlusPromotionPopUpIfDisplayed'
2025-04-03 17:19:29.523 [DEBUG] [thread-id 1] - conditionally execute a flow. condition: true
2025-04-03 17:19:41.113 [DEBUG] [thread-id 1] - Executing function: 'unified.us.functions.wplus.handle.SubstitutionPreferencePopup'
2025-04-03 17:19:52.065 [DEBUG] [thread-id 1] - Executing function: 'unified.us.functions.reviewOrder.verifyMixedBasketConsolidation'
2025-04-03 17:19:52.067 [DEBUG] [thread-id 1] - Executing function: 'us.functions.checkout.reviewOrder.scrollToTopOfReviewOrder'
2025-04-03 17:19:52.067 [DEBUG] [thread-id 1] - Scrolling to top of review order page
2025-04-03 17:20:11.504 [DEBUG] [thread-id 1] - Verify identifier: {Checkout=[true]}
2025-04-03 17:20:11.505 [DEBUG] [thread-id 1] - Executing function: 'us.functions.utils.scrollIfNotVisible'
2025-04-03 17:20:14.288 [DEBUG] [thread-id 1] - Verify identifier: {//*[@name="ReviewOrderViewController.stackView"]/XCUIElementTypeOther[1]//*[@name="FulfillmentTitleView.titlePrefixLabel"] | (//XCUIElementTypeStaticText[@name="FulfillmentTitleView.titlePrefixLabel"])[1]=[true]}
2025-04-03 17:20:15.770 [DEBUG] [thread-id 1] - Element already visible, scrolling is skipped
2025-04-03 17:20:15.787 [DEBUG] [thread-id 1] - Resetting scrollPosition variable to default
2025-04-03 17:20:15.787 [DEBUG] [thread-id 1] - Store in: store the value 'null' in the variable 'scrollPosition'
2025-04-03 17:20:15.788 [DEBUG] [thread-id 1] - Store in: store the value 'null' in the variable 'identifierScope'
2025-04-03 17:20:15.788 [DEBUG] [thread-id 1] - Store in: store the value 'null' in the variable 'limit'
2025-04-03 17:20:27.971 [DEBUG] [thread-id 1] - conditionally execute a flow. condition: false
2025-04-03 17:20:38.089 [DEBUG] [thread-id 1] - Main failed: ENV_FAILURE - production - Mixed Basket Consolidation is NOT happening
2025-04-03 17:20:41.188 [DEBUG] [thread-id 1] - Executing scenario: 'After'
2025-04-03 17:20:41.189 [DEBUG] [thread-id 1] - Executing function: 'unified.us.functions.utils.afterSteps'
2025-04-03 17:20:41.189 [WARN] [thread-id 1] - variable testStatus was used, but r2 could not find a value for this variable. returning default of null
2025-04-03 17:20:41.190 [DEBUG] [thread-id 1] - conditionally execute a flow. condition: false
2025-04-03 17:20:42.641 [DEBUG] [thread-id 1] - Test failed
2025-04-03 17:20:49.042 [DEBUG] [thread-id 1] - Created report: /Users/m0k0a2f/glass-automation/report/index.html
2025-04-03 17:47:29.486 [DEBUG] [thread-id 1] - Executing R2 4.0.2: '/Users/m0k0a2f/glass-automation/us/unified-e2e-tests/test-scripts/ecomm-and-fulfillment-flows/consolidated-shipping-flows/production/C2728517-mixed-basket-consolidation.yaml' on device: 'iPhone 15'
2025-04-03 17:48:52.180 [DEBUG] [thread-id 1] - Executing scenario: 'Before'
2025-04-03 17:48:52.182 [DEBUG] [thread-id 1] - Executing function: 'us.function.utils.getEnvironmentValue'
2025-04-03 17:48:52.183 [DEBUG] [thread-id 1] - Store in: store the value 'Onboarding' in the variable 'executionStage'
2025-04-03 17:48:52.184 [DEBUG] [thread-id 1] - Store in: store the value 'production' in the variable 'env'
2025-04-03 17:48:52.184 [DEBUG] [thread-id 1] - Timestamp: 1743727732184
2025-04-03 17:48:52.185 [DEBUG] [thread-id 1] - Executing function: 'functions.utils.setPlatformInfo'
2025-04-03 17:48:52.186 [DEBUG] [thread-id 1] - Store in: store the value 'Onboarding' in the variable 'executionStage'
2025-04-03 17:48:52.188 [WARN] [thread-id 1] - variable dependencies.general.appPackage was used, but r2 could not find a value for this variable. returning default of null
2025-04-03 17:48:52.189 [DEBUG] [thread-id 1] - Store in: store the value 'null' in the variable 'appPackage'
2025-04-03 17:48:52.198 [DEBUG] [thread-id 1] - conditionally execute a flow. condition: true
2025-04-03 17:48:52.412 [DEBUG] [thread-id 1] - Store in: store the value 'iOS' in the variable 'platform'
2025-04-03 17:48:52.420 [DEBUG] [thread-id 1] - R2_SUBFLOW_PRE_TRANSACTION
2025-04-03 17:48:52.865 [DEBUG] [thread-id 1] - Using us-errors-helpers.yaml
2025-04-03 17:48:53.311 [DEBUG] [thread-id 1] - Start Main
2025-04-03 17:48:53.312 [DEBUG] [thread-id 1] - Executing function: 'unified.us.functions.global.onboarding.navigateOnboardingToHome'
2025-04-03 17:48:53.312 [DEBUG] [thread-id 1] - Store in: store the value 'onboarding' in the variable 'executionStage'
2025-04-03 17:48:53.313 [DEBUG] [thread-id 1] - Welcome screen loaded
2025-04-03 17:48:53.317 [DEBUG] [thread-id 1] - conditionally execute a flow. condition: true
2025-04-03 17:48:53.531 [DEBUG] [thread-id 1] - Verify identifier: {cta.cancel.welcome=[true]}
2025-04-03 17:48:53.750 [DEBUG] [thread-id 1] - Store in: store the value 'true' in the variable 'testStarted'
2025-04-03 17:48:54.012 [DEBUG] [thread-id 1] - Click element: 'cta.cancel.welcome'
2025-04-03 17:48:54.888 [DEBUG] [thread-id 1] - Notifiction Prompt screen loaded
2025-04-03 17:48:55.150 [DEBUG] [thread-id 1] - Verify identifier: {NotificationPermissionViewController.titleLabel=[true]}
2025-04-03 17:48:55.376 [WARN] [thread-id 1] - variable allowNotifications was used, but r2 could not find a value for this variable. returning default of null
2025-04-03 17:48:55.377 [DEBUG] [thread-id 1] - conditionally execute a flow. condition: false
2025-04-03 17:48:57.675 [DEBUG] [thread-id 1] - Click element: 'cta.cancel.notifications'
2025-04-03 17:48:58.095 [DEBUG] [thread-id 1] - location screen loaded
2025-04-03 17:48:58.344 [DEBUG] [thread-id 1] - Verify identifier: {LocationPermissionViewController.titleLabel=[true]}
2025-04-03 17:48:58.344 [DEBUG] [thread-id 1] - Store in: store the value 'true' in the variable 'testStarted'
2025-04-03 17:48:58.382 [DEBUG] [thread-id 1] - Click element: 'Enter zip code'
2025-04-03 17:48:59.204 [DEBUG] [thread-id 1] - Verify identifier: {label.postal-code-entry=[true]}
2025-04-03 17:48:59.204 [DEBUG] [thread-id 1] - sleep:  2000 milliseconds
2025-04-03 17:49:01.254 [DEBUG] [thread-id 1] - Enter text: '95122'
2025-04-03 17:49:02.697 [DEBUG] [thread-id 1] - Click element: 'cta.continue'
2025-04-03 17:49:03.153 [DEBUG] [thread-id 1] - sleep:  3000 milliseconds
2025-04-03 17:49:16.234 [DEBUG] [thread-id 1] - Executing function: 'unified.us.functions.home.handlePersonalizedScreen'
2025-04-03 17:49:16.450 [DEBUG] [thread-id 1] - conditionally execute a flow. condition: true
2025-04-03 17:49:16.660 [DEBUG] [thread-id 1] - Observed Personalize Shopping Screen
2025-04-03 17:49:16.882 [DEBUG] [thread-id 1] - Verify identifier: {ATTPermissionViewController.bodyLabel=[true]}
2025-04-03 17:49:17.331 [DEBUG] [thread-id 1] - conditionally execute a flow. condition: true
2025-04-03 17:49:17.579 [DEBUG] [thread-id 1] - Click element: 'cta.continue.location'
2025-04-03 17:49:19.521 [DEBUG] [thread-id 1] - Personalized Shopping Experience Screen Handled.
2025-04-03 17:49:32.756 [DEBUG] [thread-id 1] - Executing function: 'unified.us.functions.home.toolTip'
2025-04-03 17:49:34.745 [DEBUG] [thread-id 1] - conditionally execute a flow. condition: true
2025-04-03 17:49:36.892 [DEBUG] [thread-id 1] - tooltip displayed
2025-04-03 17:49:41.044 [DEBUG] [thread-id 1] - conditionally execute a flow. condition: true
2025-04-03 17:49:43.209 [DEBUG] [thread-id 1] - Tool close button displayed
2025-04-03 17:49:43.229 [DEBUG] [thread-id 1] - Executing function: 'unified.us.functions.gic.collapseIfExpanded'
2025-04-03 17:49:49.119 [DEBUG] [thread-id 1] - GIC already collapsed
2025-04-03 17:49:51.275 [DEBUG] [thread-id 1] - Verify identifier: {Search Walmart=[true]}
2025-04-03 17:49:51.276 [DEBUG] [thread-id 1] - Executing function: 'unified.us.functions.home.navigateHomeToSignIn'
2025-04-03 17:49:51.277 [DEBUG] [thread-id 1] - Store in: store the value 'Pre-transactions' in the variable 'executionStage'
2025-04-03 17:49:52.860 [DEBUG] [thread-id 1] - Click element: '//XCUIElementTypeButton[@name="Account"] | Account'
2025-04-03 17:49:54.720 [DEBUG] [thread-id 1] - Verify identifier: {//XCUIElementTypeButton[@name="SignInYourAccountTableViewCell.signInButton"] | //XCUIElementTypeButton[@name="SignInYourAccountView.signInButton"]=[true]}
2025-04-03 17:49:55.037 [DEBUG] [thread-id 1] - Click element: '//XCUIElementTypeButton[@name="SignInYourAccountTableViewCell.signInButton"] | //XCUIElementTypeButton[@name="SignInYourAccountView.signInButton"]'
2025-04-03 17:49:56.860 [DEBUG] [thread-id 1] - conditionally execute a flow. condition: true
2025-04-03 17:49:58.082 [DEBUG] [thread-id 1] - Store in: store the value 'true' in the variable 'signInValidated'
2025-04-03 17:49:58.093 [DEBUG] [thread-id 1] - conditionally execute a flow. condition: true
2025-04-03 17:49:59.281 [DEBUG] [thread-id 1] - SignIn page loaded
2025-04-03 17:50:00.545 [DEBUG] [thread-id 1] - Store in: store the value 'false' in the variable 'signInValidated'
2025-04-03 17:50:00.552 [DEBUG] [thread-id 1] - Executing function: 'unified.us.functions.global.authentication.signInAccountWithParams'
2025-04-03 17:50:00.552 [DEBUG] [thread-id 1] - Store in: store the value 'Pre-transactions' in the variable 'executionStage'
2025-04-03 17:50:00.553 [DEBUG] [thread-id 1] - Executing function: 'unified.us.functions.authentication.signInInfo'
2025-04-03 17:50:00.554 [DEBUG] [thread-id 1] - conditionally execute a flow. condition: true
2025-04-03 17:50:01.753 [DEBUG] [thread-id 1] - Store in: store the value 'prod.ios.mixedb@cloudtest.org' in the variable 'email'
2025-04-03 17:50:02.974 [DEBUG] [thread-id 1] - Store in: store the value 'E2epassword$' in the variable 'password'
2025-04-03 17:50:02.981 [DEBUG] [thread-id 1] - Executing function: 'unified.us.functions.global.authentication.signInAccount'
2025-04-03 17:50:02.982 [DEBUG] [thread-id 1] - conditionally execute a flow. condition: true
2025-04-03 17:50:16.095 [DEBUG] [thread-id 1] - Verify identifier: {TextFieldStackView.containerStackView=[true]}
2025-04-03 17:50:16.237 [DEBUG] [thread-id 1] - Enter text: 'prod.ios.mixedb@cloudtest.org'
2025-04-03 17:50:20.981 [DEBUG] [thread-id 1] - Click element: 'WelcomeView.ctaButton'
2025-04-03 17:50:21.710 [DEBUG] [thread-id 1] - sleep:  2000 milliseconds
2025-04-03 17:50:24.366 [DEBUG] [thread-id 1] - conditionally execute a flow. condition: true
2025-04-03 17:50:25.693 [DEBUG] [thread-id 1] - Entered Email Successfully
2025-04-03 17:50:27.093 [DEBUG] [thread-id 1] - conditionally execute a flow. condition: true
2025-04-03 17:50:28.669 [DEBUG] [thread-id 1] - Click element: 'AuthChoiceView.passwordStackView'
2025-04-03 17:50:30.759 [DEBUG] [thread-id 1] - Selected Password Option to Login
2025-04-03 17:50:30.836 [DEBUG] [thread-id 1] - Verify identifier: {TextFieldStackView.textField=[true]}
2025-04-03 17:50:30.998 [DEBUG] [thread-id 1] - Enter text: 'E2epassword$'
2025-04-03 17:50:37.759 [DEBUG] [thread-id 1] - Click element: 'AuthChoiceView.ctaButton'
2025-04-03 17:50:59.312 [DEBUG] [thread-id 1] - conditionally execute a flow. condition: true
2025-04-03 17:50:59.959 [DEBUG] [thread-id 1] - sleep:  2000 milliseconds
2025-04-03 17:51:13.100 [DEBUG] [thread-id 1] - Executing function: 'unified.us.functions.utils.handleCartMergePopup'
2025-04-03 17:51:33.899 [DEBUG] [thread-id 1] - No Technical Error Page observed
2025-04-03 17:51:33.906 [DEBUG] [thread-id 1] - Executing function: 'unified.us.functions.home.toolTip'
2025-04-03 17:51:44.490 [DEBUG] [thread-id 1] - Executing function: 'unified.us.functions.global.navigation.accountToHome'
2025-04-03 17:51:44.492 [DEBUG] [thread-id 1] - Executing function: 'unified.us.functions.global.navigation.toTab'
2025-04-03 17:51:44.493 [DEBUG] [thread-id 1] - Executing function: 'unified.us.functions.utils.scrollIfNotVisible'
2025-04-03 17:51:44.493 [WARN] [thread-id 1] - variable scrollLimit was used, but r2 could not find a value for this variable. returning default of null
2025-04-03 17:51:44.494 [DEBUG] [thread-id 1] - conditionally execute a flow. condition: true
2025-04-03 17:51:45.141 [DEBUG] [thread-id 1] - Store in: store the value '7' in the variable 'scrollLimit'
2025-04-03 17:51:45.169 [DEBUG] [thread-id 1] - Scroll limit set to - 7
2025-04-03 17:51:45.169 [DEBUG] [thread-id 1] - conditionally execute a flow. condition: true
2025-04-03 17:51:46.288 [DEBUG] [thread-id 1] - conditionally execute a flow. condition: true
2025-04-03 17:51:46.935 [DEBUG] [thread-id 1] - Element already visible, scrolling is skipped
2025-04-03 17:51:46.945 [WARN] [thread-id 1] - variable scrollNeeded was used, but r2 could not find a value for this variable. returning default of null
2025-04-03 17:51:46.945 [DEBUG] [thread-id 1] - Resetting scrollPosition variable to default
2025-04-03 17:51:46.946 [DEBUG] [thread-id 1] - Store in: store the value 'null' in the variable 'scrollPosition'
2025-04-03 17:51:46.946 [DEBUG] [thread-id 1] - Store in: store the value 'null' in the variable 'identifierScope'
2025-04-03 17:51:46.946 [DEBUG] [thread-id 1] - Store in: store the value 'null' in the variable 'scrollLimit'
2025-04-03 17:51:46.947 [DEBUG] [thread-id 1] - Store in: store the value 'false' in the variable 'scrollNeeded'
2025-04-03 17:51:47.370 [DEBUG] [thread-id 1] - Click element: '//XCUIElementTypeButton[contains(@name, "Shop")]'
2025-04-03 17:51:47.857 [DEBUG] [thread-id 1] - Executing function: 'unified.us.functions.home.closeWPlusPromotionPopUpIfDisplayed'
2025-04-03 17:51:47.858 [DEBUG] [thread-id 1] - conditionally execute a flow. condition: true
2025-04-03 17:52:03.117 [DEBUG] [thread-id 1] - Executing function: 'unified.us.functions.global.navigation.goToDeepLink'
2025-04-03 17:52:03.118 [DEBUG] [thread-id 1] - Store in: store the value 'Post-transactions' in the variable 'executionStage'
2025-04-03 17:52:03.118 [DEBUG] [thread-id 1] - Open deep link
2025-04-03 17:52:03.119 [DEBUG] [thread-id 1] - walmart://expo?expo_preview=true&experiment_spec=AItRI&variation_specs=Ql5V9&experiment_count=0
2025-04-03 17:52:03.119 [DEBUG] [thread-id 1] - Verify value of: '$deepLinkUrl'
2025-04-03 17:52:03.120 [DEBUG] [thread-id 1] - Open link: 'walmart://expo?expo_preview=true&experiment_spec=AItRI&variation_specs=Ql5V9&experiment_count=0'
2025-04-03 17:52:05.421 [DEBUG] [thread-id 1] - conditionally execute a flow. condition: true
2025-04-03 17:52:07.455 [DEBUG] [thread-id 1] - Executing function: 'unified.us.functions.global.navigation.openDeepLink'
2025-04-03 17:52:11.626 [DEBUG] [thread-id 1] - Deeplink pop up not displayed
2025-04-03 17:52:11.813 [DEBUG] [thread-id 1] - sleep:  5000 milliseconds
2025-04-03 17:52:16.820 [DEBUG] [thread-id 1] - Executing function: 'unified.us.functions.global.navigation.toCartFromNavBar'
2025-04-03 17:52:16.821 [DEBUG] [thread-id 1] - Store in: store the value 'Transactions' in the variable 'executionStage'
2025-04-03 17:52:18.583 [DEBUG] [thread-id 1] - Verify identifier: {//XCUIElementTypeButton[contains(@label, "Your cart")] | //XCUIElementTypeButton[(@name="SearchResultsViewController.cartButton") or (contains(@label,"Your cart contains") and contains(@label,"The estimated total is")) or (@label="Your cart is empty")]=[true]}
2025-04-03 17:52:20.543 [DEBUG] [thread-id 1] - Click element: '//XCUIElementTypeButton[contains(@label, "Your cart")] | //XCUIElementTypeButton[(@name="SearchResultsViewController.cartButton") or (contains(@label,"Your cart contains") and contains(@label,"The estimated total is")) or (@label="Your cart is empty")]'
2025-04-03 17:52:21.533 [DEBUG] [thread-id 1] - Executing function: 'unified.us.functions.cart.storeChangePopUp'
2025-04-03 17:52:29.021 [DEBUG] [thread-id 1] - No Store Change pop up screen displayed
2025-04-03 17:52:30.904 [DEBUG] [thread-id 1] - conditionally execute a flow. condition: true
2025-04-03 17:52:32.998 [DEBUG] [thread-id 1] - cart Page loaded
2025-04-03 17:52:33.005 [DEBUG] [thread-id 1] - Executing function: 'unified.us.functions.cart.removeAllCartItems'
2025-04-03 17:52:33.005 [DEBUG] [thread-id 1] - Executing function: 'unified.us.functions.cart.storeChangePopUp'
2025-04-03 17:52:36.903 [DEBUG] [thread-id 1] - No Store Change pop up screen displayed
2025-04-03 17:52:36.910 [DEBUG] [thread-id 1] - Executing function: 'unified.us.functions.cart.removeAdonsNotAvailable'
2025-04-03 17:52:41.883 [DEBUG] [thread-id 1] - No remove Adons pop up screen displayed
2025-04-03 17:52:43.956 [DEBUG] [thread-id 1] - conditionally execute a flow. condition: true
2025-04-03 17:52:45.857 [DEBUG] [thread-id 1] - No items in cart
2025-04-03 17:52:46.023 [DEBUG] [thread-id 1] - Executing function: 'unified.us.functions.cart.removeUnavailableItemsFromCart'
2025-04-03 17:52:46.024 [DEBUG] [thread-id 1] - conditionally execute a flow. condition: true
2025-04-03 17:52:59.828 [DEBUG] [thread-id 1] - Executing function: 'unified.us.functions.global.navigation.backNavigation'
2025-04-03 17:52:59.828 [DEBUG] [thread-id 1] - Global Back navigation
2025-04-03 17:52:59.828 [DEBUG] [thread-id 1] - conditionally execute a flow. condition: true
2025-04-03 17:53:03.607 [DEBUG] [thread-id 1] - conditionally execute a flow. condition: true
2025-04-03 17:53:10.306 [DEBUG] [thread-id 1] - Click element: '//XCUIElementTypeButton[@name="Back" or @label="Back"] | //XCUIElementTypeNavigationBar[@name="Cart"]/XCUIElementTypeButton[contains(@name,"Search")] | //XCUIElementTypeNavigationBar/XCUIElementTypeButton[not(contains(@label,"cart"))]'
2025-04-03 17:53:11.272 [DEBUG] [thread-id 1] - Executing function: 'unified.us.functions.gic.changeFulfillment'
2025-04-03 17:53:11.272 [DEBUG] [thread-id 1] - Executing function: 'unified.us.functions.gic.expandIfCollapsed'
2025-04-03 17:53:16.236 [DEBUG] [thread-id 1] - Verify identifier: {//*[contains(@label,"Collapsed")] | //*[contains(@name,"Collapsed")]=[true]}
2025-04-03 17:53:20.667 [DEBUG] [thread-id 1] - Click element: '//*[contains(@label,"Collapsed")] | //*[contains(@name,"Collapsed")]'
2025-04-03 17:53:21.809 [DEBUG] [thread-id 1] - Executing function: 'unified.us.functions.gic.setFulfillment'
2025-04-03 17:53:21.810 [DEBUG] [thread-id 1] - conditionally execute a flow. condition: true
2025-04-03 17:53:32.492 [DEBUG] [thread-id 1] - conditionally execute a flow. condition: false
2025-04-03 17:53:35.021 [DEBUG] [thread-id 1] - Click element: '//XCUIElementTypeButton[@name="GlobalIntentCenter.Delivery"] | //XCUIElementTypeButton[contains(@name, "Delivery") ] | //XCUIElementTypeButton[@name="HoTIntentOptionsView" or @name="HoTIntentOptionsPhase2View" and contains(@label,"Delivery")]'
2025-04-03 17:53:36.165 [DEBUG] [thread-id 1] - Delivery intent selected
2025-04-03 17:53:36.905 [DEBUG] [thread-id 1] - sleep:  3000 milliseconds
2025-04-03 17:53:49.992 [DEBUG] [thread-id 1] - Executing function: 'unified.us.functions.gic.collapseIfExpanded'
2025-04-03 17:53:51.373 [DEBUG] [thread-id 1] - Verify identifier: {//*[contains(@label,"Expanded")] | //*[contains(@name,"Expanded")]=[true]}
2025-04-03 17:53:52.179 [DEBUG] [thread-id 1] - Collapsing GIC screen
2025-04-03 17:53:53.596 [DEBUG] [thread-id 1] - Click element: '//*[contains(@label,"Expanded")] | //*[contains(@name,"Expanded")]'
2025-04-03 17:53:54.108 [DEBUG] [thread-id 1] - Executing function: 'unified.us.functions.global.navigation.goToDeepLink'
2025-04-03 17:53:54.109 [DEBUG] [thread-id 1] - Store in: store the value 'Post-transactions' in the variable 'executionStage'
2025-04-03 17:53:54.109 [DEBUG] [thread-id 1] - Open deep link
2025-04-03 17:53:54.109 [DEBUG] [thread-id 1] - walmart://item/44390950
2025-04-03 17:53:54.109 [DEBUG] [thread-id 1] - Verify value of: '$deepLinkUrl'
2025-04-03 17:53:54.109 [DEBUG] [thread-id 1] - Open link: 'walmart://item/44390950'
2025-04-03 17:53:54.669 [DEBUG] [thread-id 1] - conditionally execute a flow. condition: true
2025-04-03 17:53:56.567 [DEBUG] [thread-id 1] - Deeplink pop up not displayed
2025-04-03 17:53:56.586 [DEBUG] [thread-id 1] - sleep:  5000 milliseconds
2025-04-03 17:54:01.594 [DEBUG] [thread-id 1] - Executing function: 'unified.us.functions.item.addItemToCart'
2025-04-03 17:54:01.595 [DEBUG] [thread-id 1] - Store in: store the value 'Transactions' in the variable 'executionStage'
2025-04-03 17:54:01.596 [DEBUG] [thread-id 1] - Executing function: 'unified.us.functions.item.validateAndClickAddToCartButton'
2025-04-03 17:54:23.810 [DEBUG] [thread-id 1] - Verify identifier: {stepper.mainButton=[true]}
2025-04-03 17:54:40.148 [DEBUG] [thread-id 1] - ATC button present
2025-04-03 17:55:00.917 [DEBUG] [thread-id 1] - Click element: 'stepper.mainButton'
2025-04-03 17:55:15.281 [WARN] [thread-id 1] - variable skipPostAddToCartSteps was used, but r2 could not find a value for this variable. returning default of null
2025-04-03 17:55:15.283 [DEBUG] [thread-id 1] - conditionally execute a flow. condition: true
2025-04-03 17:55:32.176 [DEBUG] [thread-id 1] - conditionally execute a flow. condition: true
2025-04-03 17:55:50.551 [DEBUG] [thread-id 1] - Executing function: 'unified.us.functions.global.navigation.goToDeepLink'
2025-04-03 17:55:50.552 [DEBUG] [thread-id 1] - Store in: store the value 'Post-transactions' in the variable 'executionStage'
2025-04-03 17:55:50.552 [DEBUG] [thread-id 1] - Open deep link
2025-04-03 17:55:50.552 [DEBUG] [thread-id 1] - walmart://home
2025-04-03 17:55:50.552 [DEBUG] [thread-id 1] - Verify value of: '$deepLinkUrl'
2025-04-03 17:55:50.552 [DEBUG] [thread-id 1] - Open link: 'walmart://home'
2025-04-03 17:55:51.153 [DEBUG] [thread-id 1] - conditionally execute a flow. condition: true
2025-04-03 17:55:58.547 [DEBUG] [thread-id 1] - Deeplink pop up not displayed
2025-04-03 17:55:58.560 [DEBUG] [thread-id 1] - sleep:  5000 milliseconds
2025-04-03 17:56:03.596 [DEBUG] [thread-id 1] - Store in: store the value 'false' in the variable 'skipPostAddToCartSteps'
2025-04-03 17:56:03.598 [DEBUG] [thread-id 1] - Store in: store the value 'false' in the variable 'apiFetch'
2025-04-03 17:56:03.598 [DEBUG] [thread-id 1] - Executing function: 'unified.us.functions.global.navigation.goToDeepLink'
2025-04-03 17:56:03.598 [DEBUG] [thread-id 1] - Store in: store the value 'Post-transactions' in the variable 'executionStage'
2025-04-03 17:56:03.598 [DEBUG] [thread-id 1] - Open deep link
2025-04-03 17:56:03.599 [DEBUG] [thread-id 1] - walmart://item/182565738
2025-04-03 17:56:03.599 [DEBUG] [thread-id 1] - Verify value of: '$deepLinkUrl'
2025-04-03 17:56:03.599 [DEBUG] [thread-id 1] - Open link: 'walmart://item/182565738'
2025-04-03 17:56:04.121 [DEBUG] [thread-id 1] - conditionally execute a flow. condition: true
2025-04-03 17:56:05.851 [DEBUG] [thread-id 1] - Deeplink pop up not displayed
2025-04-03 17:56:05.864 [DEBUG] [thread-id 1] - sleep:  5000 milliseconds
2025-04-03 17:56:10.872 [DEBUG] [thread-id 1] - Executing function: 'unified.us.functions.item.addItemToCart'
2025-04-03 17:56:10.873 [DEBUG] [thread-id 1] - Store in: store the value 'Transactions' in the variable 'executionStage'
2025-04-03 17:56:29.657 [DEBUG] [thread-id 1] - Verify identifier: {stepper.mainButton=[true]}
2025-04-03 17:56:44.124 [DEBUG] [thread-id 1] - ATC button present
2025-04-03 17:57:02.437 [DEBUG] [thread-id 1] - Click element: 'stepper.mainButton'
2025-04-03 17:57:13.378 [DEBUG] [thread-id 1] - conditionally execute a flow. condition: true
2025-04-03 17:57:29.382 [DEBUG] [thread-id 1] - conditionally execute a flow. condition: true
2025-04-03 17:57:45.818 [DEBUG] [thread-id 1] - Store in: store the value 'Post-transactions' in the variable 'executionStage'
2025-04-03 17:57:45.819 [DEBUG] [thread-id 1] - Open deep link
2025-04-03 17:57:45.819 [DEBUG] [thread-id 1] - walmart://home
2025-04-03 17:57:45.819 [DEBUG] [thread-id 1] - Verify value of: '$deepLinkUrl'
2025-04-03 17:57:45.819 [DEBUG] [thread-id 1] - Open link: 'walmart://home'
2025-04-03 17:57:46.489 [DEBUG] [thread-id 1] - conditionally execute a flow. condition: true
2025-04-03 17:57:54.427 [DEBUG] [thread-id 1] - Deeplink pop up not displayed
2025-04-03 17:57:54.437 [DEBUG] [thread-id 1] - sleep:  5000 milliseconds
2025-04-03 17:57:59.461 [DEBUG] [thread-id 1] - Store in: store the value 'false' in the variable 'skipPostAddToCartSteps'
2025-04-03 17:57:59.461 [DEBUG] [thread-id 1] - Store in: store the value 'false' in the variable 'apiFetch'
2025-04-03 17:57:59.462 [DEBUG] [thread-id 1] - Executing function: 'unified.us.functions.global.navigation.goToDeepLink'
2025-04-03 17:57:59.463 [DEBUG] [thread-id 1] - Store in: store the value 'Post-transactions' in the variable 'executionStage'
2025-04-03 17:57:59.463 [DEBUG] [thread-id 1] - Open deep link
2025-04-03 17:57:59.463 [DEBUG] [thread-id 1] - walmart://home
2025-04-03 17:57:59.463 [DEBUG] [thread-id 1] - Verify value of: '$deepLinkUrl'
2025-04-03 17:57:59.463 [DEBUG] [thread-id 1] - Open link: 'walmart://home'
2025-04-03 17:58:00.081 [DEBUG] [thread-id 1] - conditionally execute a flow. condition: true
2025-04-03 17:58:06.228 [DEBUG] [thread-id 1] - Deeplink pop up not displayed
2025-04-03 17:58:06.408 [DEBUG] [thread-id 1] - sleep:  5000 milliseconds
2025-04-03 17:58:11.419 [DEBUG] [thread-id 1] - Executing function: 'unified.us.functions.global.navigation.toCartFromNavBar'
2025-04-03 17:58:11.419 [DEBUG] [thread-id 1] - Store in: store the value 'Transactions' in the variable 'executionStage'
2025-04-03 17:58:13.294 [DEBUG] [thread-id 1] - Verify identifier: {//XCUIElementTypeButton[contains(@label, "Your cart")] | //XCUIElementTypeButton[(@name="SearchResultsViewController.cartButton") or (contains(@label,"Your cart contains") and contains(@label,"The estimated total is")) or (@label="Your cart is empty")]=[true]}
2025-04-03 17:58:15.206 [DEBUG] [thread-id 1] - Click element: '//XCUIElementTypeButton[contains(@label, "Your cart")] | //XCUIElementTypeButton[(@name="SearchResultsViewController.cartButton") or (contains(@label,"Your cart contains") and contains(@label,"The estimated total is")) or (@label="Your cart is empty")]'
2025-04-03 17:58:27.551 [DEBUG] [thread-id 1] - No Store Change pop up screen displayed
2025-04-03 17:58:38.159 [DEBUG] [thread-id 1] - conditionally execute a flow. condition: false
2025-04-03 17:58:53.784 [DEBUG] [thread-id 1] - conditionally execute a flow. condition: false
2025-04-03 17:58:59.108 [WARN] [thread-id 1] - variable skipValidation was used, but r2 could not find a value for this variable. returning default of null
2025-04-03 17:58:59.108 [DEBUG] [thread-id 1] - conditionally execute a flow. condition: true
2025-04-03 17:59:14.565 [DEBUG] [thread-id 1] - conditionally execute a flow. condition: true
2025-04-03 17:59:19.928 [DEBUG] [thread-id 1] - cart page loaded
2025-04-03 17:59:20.363 [DEBUG] [thread-id 1] - Executing function: 'unified.us.functions.selectBookingSlot.MBC'
2025-04-03 17:59:20.363 [DEBUG] [thread-id 1] - Slot booking from the banner for Scheduled Delivery.
2025-04-03 17:59:23.703 [DEBUG] [thread-id 1] - conditionally execute a flow. condition: true
2025-04-03 17:59:32.718 [DEBUG] [thread-id 1] - Click element: '//XCUIElementTypeButton[@name="ArrowedHorizontalCollectionView.rightArrow"]'
2025-04-03 17:59:39.372 [DEBUG] [thread-id 1] - sleep:  1000 milliseconds
2025-04-03 17:59:49.456 [DEBUG] [thread-id 1] - Click element: '//XCUIElementTypeStaticText[contains(@name,"pm")] | //XCUIElementTypeStaticText[contains(@name,"am")]'
2025-04-03 17:59:51.311 [DEBUG] [thread-id 1] - R2_SUBFLOW_TRANSACTION
2025-04-03 17:59:51.312 [DEBUG] [thread-id 1] - Executing function: 'unified.us.functions.cart.continueToCheckout'
2025-04-03 18:00:04.370 [DEBUG] [thread-id 1] - Verify identifier: {//XCUIElementTypeButton[@name="CartPrimaryCTAButton"] | //XCUIElementTypeButton[@name="CartFinishButton"]=[true]}
2025-04-03 18:00:10.102 [DEBUG] [thread-id 1] - Click element: '//XCUIElementTypeButton[@name="CartPrimaryCTAButton"] | //XCUIElementTypeButton[@name="CartFinishButton"]'
2025-04-03 18:00:11.972 [DEBUG] [thread-id 1] - sleep:  3000 milliseconds
2025-04-03 18:00:14.973 [DEBUG] [thread-id 1] - Executing function: 'unified.us.functions.cart.checkOutGetItFasterPopUp'
2025-04-03 18:00:15.729 [DEBUG] [thread-id 1] - Get It Faster PopUp not visible
2025-04-03 18:00:15.735 [DEBUG] [thread-id 1] - Executing function: 'unified.us.functions.cart.handleSafetyAdvice'
2025-04-03 18:00:36.287 [DEBUG] [thread-id 1] - Safety Advice Header pop up not available
2025-04-03 18:01:07.056 [DEBUG] [thread-id 1] - Executing function: 'unified.us.functions.cart.handleItemUpdatesBottomTray'
2025-04-03 18:01:07.058 [DEBUG] [thread-id 1] - conditionally execute a flow. condition: true
2025-04-03 18:01:12.781 [DEBUG] [thread-id 1] - No item update pop up
2025-04-03 18:01:12.928 [DEBUG] [thread-id 1] - conditionally execute a flow. condition: true
2025-04-03 18:01:13.263 [DEBUG] [thread-id 1] - Clicked on Checkout button successfully
2025-04-03 18:01:13.269 [WARN] [thread-id 1] - variable giftItem was used, but r2 could not find a value for this variable. returning default of null
2025-04-03 18:01:13.270 [WARN] [thread-id 1] - variable doNotCloseWplusPopup was used, but r2 could not find a value for this variable. returning default of null
2025-04-03 18:01:13.270 [DEBUG] [thread-id 1] - conditionally execute a flow. condition: false
2025-04-03 18:01:13.585 [DEBUG] [thread-id 1] - Executing function: 'unified.us.functions.home.closeWPlusPromotionPopUpIfDisplayed'
2025-04-03 18:01:13.585 [DEBUG] [thread-id 1] - conditionally execute a flow. condition: true
2025-04-03 18:01:23.927 [DEBUG] [thread-id 1] - Executing function: 'unified.us.functions.wplus.handle.SubstitutionPreferencePopup'
2025-04-03 18:01:34.213 [DEBUG] [thread-id 1] - Executing function: 'unified.us.functions.reviewOrder.verifyMixedBasketConsolidation'
2025-04-03 18:01:34.215 [DEBUG] [thread-id 1] - Executing function: 'us.functions.checkout.reviewOrder.scrollToTopOfReviewOrder'
2025-04-03 18:01:34.215 [DEBUG] [thread-id 1] - Scrolling to top of review order page
2025-04-03 18:01:34.535 [DEBUG] [thread-id 1] - Verify identifier: {Review Order=[true]}
2025-04-03 18:01:34.535 [DEBUG] [thread-id 1] - Executing function: 'us.functions.utils.scrollIfNotVisible'
2025-04-03 18:01:36.255 [WARN] [thread-id 1] - variable limit was used, but r2 could not find a value for this variable. returning default of null
2025-04-03 18:01:36.255 [DEBUG] [thread-id 1] - conditionally execute a flow. condition: true
2025-04-03 18:01:36.578 [DEBUG] [thread-id 1] - Store in: store the value '5' in the variable 'limit'
2025-04-03 18:01:36.938 [DEBUG] [thread-id 1] - Scroll limit set to 5
2025-04-03 18:01:37.255 [DEBUG] [thread-id 1] - conditionally execute a flow. condition: true
2025-04-03 18:01:37.568 [DEBUG] [thread-id 1] - conditionally execute a flow. condition: true
2025-04-03 18:01:37.884 [DEBUG] [thread-id 1] - Scroll: up
2025-04-03 18:02:00.300 [DEBUG] [thread-id 1] - Resetting scrollPosition variable to default
2025-04-03 18:02:00.301 [DEBUG] [thread-id 1] - Store in: store the value 'null' in the variable 'scrollPosition'
2025-04-03 18:02:00.301 [DEBUG] [thread-id 1] - Store in: store the value 'null' in the variable 'identifierScope'
2025-04-03 18:02:00.301 [DEBUG] [thread-id 1] - Store in: store the value 'null' in the variable 'limit'
2025-04-03 18:02:10.603 [DEBUG] [thread-id 1] - conditionally execute a flow. condition: false
2025-04-03 18:02:21.024 [DEBUG] [thread-id 1] - Main failed: ENV_FAILURE - production - Mixed Basket Consolidation is NOT happening
2025-04-03 18:02:21.718 [DEBUG] [thread-id 1] - Executing scenario: 'After'
2025-04-03 18:02:21.718 [DEBUG] [thread-id 1] - Executing function: 'unified.us.functions.utils.afterSteps'
2025-04-03 18:02:21.719 [WARN] [thread-id 1] - variable testStatus was used, but r2 could not find a value for this variable. returning default of null
2025-04-03 18:02:21.719 [DEBUG] [thread-id 1] - conditionally execute a flow. condition: false
2025-04-03 18:02:22.041 [DEBUG] [thread-id 1] - Test failed
2025-04-03 18:02:24.494 [DEBUG] [thread-id 1] - Created report: /Users/m0k0a2f/glass-automation/report/index.html
2025-04-03 18:23:27.962 [DEBUG] [thread-id 1] - Executing R2 4.0.2: '/Users/m0k0a2f/glass-automation/us/unified-e2e-tests/test-scripts/ecomm-and-fulfillment-flows/consolidated-shipping-flows/production/C2728517-mixed-basket-consolidation.yaml' on device: 'iPhone 15'
2025-04-03 18:30:18.456 [ERROR] [thread-id 1] - org.openqa.selenium.WebDriverException: An unknown server-side error occurred while processing the command. Original error: Could not proxy command to the remote server. Original error: connect ECONNREFUSED 127.0.0.1:8100
Build info: version: '4.13.0', revision: 'ba948ece5b*'
System info: os.name: 'Mac OS X', os.arch: 'aarch64', os.version: '15.3.2', java.version: '20.0.1'
Driver info: io.appium.java_client.ios.IOSDriver
Command: [d98b74ec-83c0-4b68-a504-a2507bc85244, executeScript {script=mobile: queryAppState, args=[{bundleId=com.walmart.beta.electronics}]}]
Capabilities {appium:app: /Users/m0k0a2f/glass-automa..., appium:appiumVersion: 2.0.0, appium:autoAcceptAlerts: true, appium:automationName: XCUITest, appium:bundleId: com.walmart.beta.electronics, appium:commandTimeout: 600, appium:databaseEnabled: false, appium:deviceName: iPhone 15, appium:fullReset: false, appium:idleTimeout: 1000, appium:iosInstallPause: 20000, appium:javascriptEnabled: true, appium:launchTimeout: 6000000, appium:locationContextEnabled: false, appium:name: C2728517-mixed-basket-conso..., appium:networkConnectionEnabled: false, appium:newCommandTimeout: 90000, appium:noReset: false, appium:orientation: PORTRAIT, appium:platformVersion: 17.4, appium:processArguments: {args: [-kGlassExpEnabled, true, -com.walmart.px.skip-catcha, YES, -com.walmart.px.skip-captcha, YES], env: {ccm: {"checkout.buyNow.verifyPho..., config: {"environment":"production"}}}, appium:public: share, appium:takesScreenshot: true, appium:udid: A8620649-FB31-434C-8256-561..., appium:waitForQuiescence: false, appium:webStorageEnabled: false, platformName: IOS}
Session ID: d98b74ec-83c0-4b68-a504-a2507bc85244
2025-04-03 18:30:18.896 [DEBUG] [thread-id 1] - Created report: /Users/m0k0a2f/glass-automation/report/index.html
2025-04-03 18:31:37.676 [DEBUG] [thread-id 1] - Executing R2 4.0.2: '/Users/m0k0a2f/glass-automation/us/unified-e2e-tests/test-scripts/ecomm-and-fulfillment-flows/consolidated-shipping-flows/production/C2728517-mixed-basket-consolidation.yaml' on device: 'iPhone 15'
2025-04-03 18:34:44.193 [DEBUG] [thread-id 1] - Executing R2 4.0.2: '/Users/m0k0a2f/glass-automation/us/unified-e2e-tests/test-scripts/ecomm-and-fulfillment-flows/consolidated-shipping-flows/production/C2728517-mixed-basket-consolidation.yaml' on device: 'iPhone 15'
2025-04-03 18:40:12.562 [DEBUG] [thread-id 1] - Executing scenario: 'Before'
2025-04-03 18:40:12.567 [DEBUG] [thread-id 1] - Executing function: 'us.function.utils.getEnvironmentValue'
2025-04-03 18:40:12.567 [DEBUG] [thread-id 1] - Store in: store the value 'Onboarding' in the variable 'executionStage'
2025-04-03 18:40:12.568 [DEBUG] [thread-id 1] - Store in: store the value 'production' in the variable 'env'
2025-04-03 18:40:12.569 [DEBUG] [thread-id 1] - Timestamp: 1743730812569
2025-04-03 18:40:12.570 [DEBUG] [thread-id 1] - Executing function: 'functions.utils.setPlatformInfo'
2025-04-03 18:40:12.571 [DEBUG] [thread-id 1] - Store in: store the value 'Onboarding' in the variable 'executionStage'
2025-04-03 18:40:12.573 [WARN] [thread-id 1] - variable dependencies.general.appPackage was used, but r2 could not find a value for this variable. returning default of null
2025-04-03 18:40:12.574 [DEBUG] [thread-id 1] - Store in: store the value 'null' in the variable 'appPackage'
2025-04-03 18:40:12.584 [DEBUG] [thread-id 1] - conditionally execute a flow. condition: true
2025-04-03 18:40:12.884 [DEBUG] [thread-id 1] - Store in: store the value 'iOS' in the variable 'platform'
2025-04-03 18:40:12.893 [DEBUG] [thread-id 1] - R2_SUBFLOW_PRE_TRANSACTION
2025-04-03 18:40:13.377 [DEBUG] [thread-id 1] - Using us-errors-helpers.yaml
2025-04-03 18:40:13.841 [DEBUG] [thread-id 1] - Start Main
2025-04-03 18:40:13.842 [DEBUG] [thread-id 1] - Executing function: 'unified.us.functions.global.onboarding.navigateOnboardingToHome'
2025-04-03 18:40:13.843 [DEBUG] [thread-id 1] - Store in: store the value 'onboarding' in the variable 'executionStage'
2025-04-03 18:40:13.844 [DEBUG] [thread-id 1] - Welcome screen loaded
2025-04-03 18:40:13.848 [DEBUG] [thread-id 1] - conditionally execute a flow. condition: true
2025-04-03 18:40:14.086 [DEBUG] [thread-id 1] - Verify identifier: {cta.cancel.welcome=[true]}
2025-04-03 18:40:14.319 [DEBUG] [thread-id 1] - Store in: store the value 'true' in the variable 'testStarted'
2025-04-03 18:40:14.685 [DEBUG] [thread-id 1] - Click element: 'cta.cancel.welcome'
2025-04-03 18:40:15.593 [DEBUG] [thread-id 1] - Notifiction Prompt screen loaded
2025-04-03 18:40:15.874 [DEBUG] [thread-id 1] - Verify identifier: {NotificationPermissionViewController.titleLabel=[true]}
2025-04-03 18:40:16.121 [WARN] [thread-id 1] - variable allowNotifications was used, but r2 could not find a value for this variable. returning default of null
2025-04-03 18:40:16.122 [DEBUG] [thread-id 1] - conditionally execute a flow. condition: false
2025-04-03 18:40:18.431 [DEBUG] [thread-id 1] - Click element: 'cta.cancel.notifications'
2025-04-03 18:40:18.907 [DEBUG] [thread-id 1] - location screen loaded
2025-04-03 18:40:19.175 [DEBUG] [thread-id 1] - Verify identifier: {LocationPermissionViewController.titleLabel=[true]}
2025-04-03 18:40:19.175 [DEBUG] [thread-id 1] - Store in: store the value 'true' in the variable 'testStarted'
2025-04-03 18:40:19.216 [DEBUG] [thread-id 1] - Click element: 'Enter zip code'
2025-04-03 18:40:19.934 [DEBUG] [thread-id 1] - Verify identifier: {label.postal-code-entry=[true]}
2025-04-03 18:40:19.934 [DEBUG] [thread-id 1] - sleep:  2000 milliseconds
2025-04-03 18:40:22.016 [DEBUG] [thread-id 1] - Enter text: '95122'
2025-04-03 18:40:25.358 [DEBUG] [thread-id 1] - Click element: 'cta.continue'
2025-04-03 18:40:25.848 [DEBUG] [thread-id 1] - sleep:  3000 milliseconds
2025-04-03 18:40:38.905 [DEBUG] [thread-id 1] - Executing function: 'unified.us.functions.home.handlePersonalizedScreen'
2025-04-03 18:40:39.125 [DEBUG] [thread-id 1] - conditionally execute a flow. condition: true
2025-04-03 18:40:39.345 [DEBUG] [thread-id 1] - Observed Personalize Shopping Screen
2025-04-03 18:40:39.580 [DEBUG] [thread-id 1] - Verify identifier: {ATTPermissionViewController.bodyLabel=[true]}
2025-04-03 18:40:40.059 [DEBUG] [thread-id 1] - conditionally execute a flow. condition: true
2025-04-03 18:40:40.323 [DEBUG] [thread-id 1] - Click element: 'cta.continue.location'
2025-04-03 18:40:42.253 [DEBUG] [thread-id 1] - Personalized Shopping Experience Screen Handled.
2025-04-03 18:40:54.265 [DEBUG] [thread-id 1] - Executing function: 'unified.us.functions.home.toolTip'
2025-04-03 18:40:56.564 [DEBUG] [thread-id 1] - conditionally execute a flow. condition: true
2025-04-03 18:40:59.126 [DEBUG] [thread-id 1] - tooltip displayed
2025-04-03 18:41:04.148 [DEBUG] [thread-id 1] - conditionally execute a flow. condition: true
2025-04-03 18:41:06.765 [DEBUG] [thread-id 1] - Tool close button displayed
2025-04-03 18:41:06.982 [DEBUG] [thread-id 1] - Executing function: 'unified.us.functions.gic.collapseIfExpanded'
2025-04-03 18:41:13.612 [DEBUG] [thread-id 1] - GIC already collapsed
2025-04-03 18:41:16.017 [DEBUG] [thread-id 1] - Verify identifier: {Search Walmart=[true]}
2025-04-03 18:41:16.018 [DEBUG] [thread-id 1] - Executing function: 'unified.us.functions.home.navigateHomeToSignIn'
2025-04-03 18:41:16.018 [DEBUG] [thread-id 1] - Store in: store the value 'Pre-transactions' in the variable 'executionStage'
2025-04-03 18:41:17.877 [DEBUG] [thread-id 1] - Click element: '//XCUIElementTypeButton[@name="Account"] | Account'
2025-04-03 18:41:20.716 [DEBUG] [thread-id 1] - Verify identifier: {//XCUIElementTypeButton[@name="SignInYourAccountTableViewCell.signInButton"] | //XCUIElementTypeButton[@name="SignInYourAccountView.signInButton"]=[true]}
2025-04-03 18:41:21.085 [DEBUG] [thread-id 1] - Click element: '//XCUIElementTypeButton[@name="SignInYourAccountTableViewCell.signInButton"] | //XCUIElementTypeButton[@name="SignInYourAccountView.signInButton"]'
2025-04-03 18:41:23.185 [DEBUG] [thread-id 1] - conditionally execute a flow. condition: true
2025-04-03 18:41:24.555 [DEBUG] [thread-id 1] - Store in: store the value 'true' in the variable 'signInValidated'
2025-04-03 18:41:24.569 [DEBUG] [thread-id 1] - conditionally execute a flow. condition: true
2025-04-03 18:41:25.880 [DEBUG] [thread-id 1] - SignIn page loaded
2025-04-03 18:41:27.278 [DEBUG] [thread-id 1] - Store in: store the value 'false' in the variable 'signInValidated'
2025-04-03 18:41:27.285 [DEBUG] [thread-id 1] - Executing function: 'unified.us.functions.global.authentication.signInAccountWithParams'
2025-04-03 18:41:27.285 [DEBUG] [thread-id 1] - Store in: store the value 'Pre-transactions' in the variable 'executionStage'
2025-04-03 18:41:27.286 [DEBUG] [thread-id 1] - Executing function: 'unified.us.functions.authentication.signInInfo'
2025-04-03 18:41:27.287 [DEBUG] [thread-id 1] - conditionally execute a flow. condition: true
2025-04-03 18:41:28.582 [DEBUG] [thread-id 1] - Store in: store the value 'prod.ios.mixedb@cloudtest.org' in the variable 'email'
2025-04-03 18:41:29.927 [DEBUG] [thread-id 1] - Store in: store the value 'E2epassword$' in the variable 'password'
2025-04-03 18:41:29.933 [DEBUG] [thread-id 1] - Executing function: 'unified.us.functions.global.authentication.signInAccount'
2025-04-03 18:41:29.934 [DEBUG] [thread-id 1] - conditionally execute a flow. condition: true
2025-04-03 18:41:44.200 [DEBUG] [thread-id 1] - Verify identifier: {TextFieldStackView.containerStackView=[true]}
2025-04-03 18:41:44.360 [DEBUG] [thread-id 1] - Enter text: 'prod.ios.mixedb@cloudtest.org'
2025-04-03 18:41:49.244 [DEBUG] [thread-id 1] - Click element: 'WelcomeView.ctaButton'
2025-04-03 18:41:49.965 [DEBUG] [thread-id 1] - sleep:  2000 milliseconds
2025-04-03 18:41:52.669 [DEBUG] [thread-id 1] - conditionally execute a flow. condition: true
2025-04-03 18:41:54.116 [DEBUG] [thread-id 1] - Entered Email Successfully
2025-04-03 18:41:55.635 [DEBUG] [thread-id 1] - conditionally execute a flow. condition: true
2025-04-03 18:41:57.303 [DEBUG] [thread-id 1] - Click element: 'AuthChoiceView.passwordStackView'
2025-04-03 18:41:59.647 [DEBUG] [thread-id 1] - Selected Password Option to Login
2025-04-03 18:41:59.703 [DEBUG] [thread-id 1] - Verify identifier: {TextFieldStackView.textField=[true]}
2025-04-03 18:41:59.881 [DEBUG] [thread-id 1] - Enter text: 'E2epassword$'
2025-04-03 18:42:06.798 [DEBUG] [thread-id 1] - Click element: 'AuthChoiceView.ctaButton'
2025-04-03 18:42:28.871 [DEBUG] [thread-id 1] - conditionally execute a flow. condition: true
2025-04-03 18:42:29.582 [DEBUG] [thread-id 1] - sleep:  2000 milliseconds
2025-04-03 18:42:42.986 [DEBUG] [thread-id 1] - Executing function: 'unified.us.functions.utils.handleCartMergePopup'
2025-04-03 18:43:04.108 [DEBUG] [thread-id 1] - No Technical Error Page observed
2025-04-03 18:43:04.114 [DEBUG] [thread-id 1] - Executing function: 'unified.us.functions.home.toolTip'
2025-04-03 18:43:14.778 [DEBUG] [thread-id 1] - Executing function: 'unified.us.functions.global.navigation.accountToHome'
2025-04-03 18:43:14.780 [DEBUG] [thread-id 1] - Executing function: 'unified.us.functions.global.navigation.toTab'
2025-04-03 18:43:14.781 [DEBUG] [thread-id 1] - Executing function: 'unified.us.functions.utils.scrollIfNotVisible'
2025-04-03 18:43:14.782 [WARN] [thread-id 1] - variable scrollLimit was used, but r2 could not find a value for this variable. returning default of null
2025-04-03 18:43:14.782 [DEBUG] [thread-id 1] - conditionally execute a flow. condition: true
2025-04-03 18:43:15.495 [DEBUG] [thread-id 1] - Store in: store the value '7' in the variable 'scrollLimit'
2025-04-03 18:43:15.509 [DEBUG] [thread-id 1] - Scroll limit set to - 7
2025-04-03 18:43:15.510 [DEBUG] [thread-id 1] - conditionally execute a flow. condition: true
2025-04-03 18:43:16.734 [DEBUG] [thread-id 1] - conditionally execute a flow. condition: true
2025-04-03 18:43:17.449 [DEBUG] [thread-id 1] - Element already visible, scrolling is skipped
2025-04-03 18:43:17.461 [WARN] [thread-id 1] - variable scrollNeeded was used, but r2 could not find a value for this variable. returning default of null
2025-04-03 18:43:17.462 [DEBUG] [thread-id 1] - Resetting scrollPosition variable to default
2025-04-03 18:43:17.462 [DEBUG] [thread-id 1] - Store in: store the value 'null' in the variable 'scrollPosition'
2025-04-03 18:43:17.463 [DEBUG] [thread-id 1] - Store in: store the value 'null' in the variable 'identifierScope'
2025-04-03 18:43:17.463 [DEBUG] [thread-id 1] - Store in: store the value 'null' in the variable 'scrollLimit'
2025-04-03 18:43:17.464 [DEBUG] [thread-id 1] - Store in: store the value 'false' in the variable 'scrollNeeded'
2025-04-03 18:43:17.921 [DEBUG] [thread-id 1] - Click element: '//XCUIElementTypeButton[contains(@name, "Shop")]'
2025-04-03 18:43:18.409 [DEBUG] [thread-id 1] - Executing function: 'unified.us.functions.home.closeWPlusPromotionPopUpIfDisplayed'
2025-04-03 18:43:18.411 [DEBUG] [thread-id 1] - conditionally execute a flow. condition: true
2025-04-03 18:43:31.214 [DEBUG] [thread-id 1] - Executing function: 'unified.us.functions.global.navigation.goToDeepLink'
2025-04-03 18:43:31.215 [DEBUG] [thread-id 1] - Store in: store the value 'Post-transactions' in the variable 'executionStage'
2025-04-03 18:43:31.215 [DEBUG] [thread-id 1] - Open deep link
2025-04-03 18:43:31.216 [DEBUG] [thread-id 1] - walmart://expo?expo_preview=true&experiment_spec=AItRI&variation_specs=Ql5V9&experiment_count=0
2025-04-03 18:43:31.216 [DEBUG] [thread-id 1] - Verify value of: '$deepLinkUrl'
2025-04-03 18:43:31.217 [DEBUG] [thread-id 1] - Open link: 'walmart://expo?expo_preview=true&experiment_spec=AItRI&variation_specs=Ql5V9&experiment_count=0'
2025-04-03 18:43:34.253 [DEBUG] [thread-id 1] - conditionally execute a flow. condition: true
2025-04-03 18:43:36.633 [DEBUG] [thread-id 1] - Executing function: 'unified.us.functions.global.navigation.openDeepLink'
2025-04-03 18:43:41.647 [DEBUG] [thread-id 1] - Deeplink pop up not displayed
2025-04-03 18:43:41.868 [DEBUG] [thread-id 1] - sleep:  5000 milliseconds
2025-04-03 18:43:46.871 [DEBUG] [thread-id 1] - Executing function: 'unified.us.functions.global.navigation.toCartFromNavBar'
2025-04-03 18:43:46.877 [DEBUG] [thread-id 1] - Store in: store the value 'Transactions' in the variable 'executionStage'
2025-04-03 18:43:48.837 [DEBUG] [thread-id 1] - Verify identifier: {//XCUIElementTypeButton[contains(@label, "Your cart")] | //XCUIElementTypeButton[(@name="SearchResultsViewController.cartButton") or (contains(@label,"Your cart contains") and contains(@label,"The estimated total is")) or (@label="Your cart is empty")]=[true]}
2025-04-03 18:43:50.967 [DEBUG] [thread-id 1] - Click element: '//XCUIElementTypeButton[contains(@label, "Your cart")] | //XCUIElementTypeButton[(@name="SearchResultsViewController.cartButton") or (contains(@label,"Your cart contains") and contains(@label,"The estimated total is")) or (@label="Your cart is empty")]'
2025-04-03 18:43:52.062 [DEBUG] [thread-id 1] - Executing function: 'unified.us.functions.cart.storeChangePopUp'
2025-04-03 18:44:00.387 [DEBUG] [thread-id 1] - No Store Change pop up screen displayed
2025-04-03 18:44:02.561 [DEBUG] [thread-id 1] - conditionally execute a flow. condition: true
2025-04-03 18:44:04.524 [DEBUG] [thread-id 1] - cart Page loaded
2025-04-03 18:44:04.708 [DEBUG] [thread-id 1] - Executing function: 'unified.us.functions.cart.removeAllCartItems'
2025-04-03 18:44:04.710 [DEBUG] [thread-id 1] - Executing function: 'unified.us.functions.cart.storeChangePopUp'
2025-04-03 18:44:08.673 [DEBUG] [thread-id 1] - No Store Change pop up screen displayed
2025-04-03 18:44:08.847 [DEBUG] [thread-id 1] - Executing function: 'unified.us.functions.cart.removeAdonsNotAvailable'
2025-04-03 18:44:14.208 [DEBUG] [thread-id 1] - No remove Adons pop up screen displayed
2025-04-03 18:44:16.364 [DEBUG] [thread-id 1] - conditionally execute a flow. condition: true
2025-04-03 18:44:18.524 [DEBUG] [thread-id 1] - No items in cart
2025-04-03 18:44:18.538 [DEBUG] [thread-id 1] - Executing function: 'unified.us.functions.cart.removeUnavailableItemsFromCart'
2025-04-03 18:44:18.539 [DEBUG] [thread-id 1] - conditionally execute a flow. condition: true
2025-04-03 18:44:30.845 [DEBUG] [thread-id 1] - Executing function: 'unified.us.functions.global.navigation.backNavigation'
2025-04-03 18:44:30.845 [DEBUG] [thread-id 1] - Global Back navigation
2025-04-03 18:44:30.846 [DEBUG] [thread-id 1] - conditionally execute a flow. condition: true
2025-04-03 18:44:34.640 [DEBUG] [thread-id 1] - conditionally execute a flow. condition: true
2025-04-03 18:44:41.351 [DEBUG] [thread-id 1] - Click element: '//XCUIElementTypeButton[@name="Back" or @label="Back"] | //XCUIElementTypeNavigationBar[@name="Cart"]/XCUIElementTypeButton[contains(@name,"Search")] | //XCUIElementTypeNavigationBar/XCUIElementTypeButton[not(contains(@label,"cart"))]'
2025-04-03 18:44:42.348 [DEBUG] [thread-id 1] - Executing function: 'unified.us.functions.gic.changeFulfillment'
2025-04-03 18:44:42.349 [DEBUG] [thread-id 1] - Executing function: 'unified.us.functions.gic.expandIfCollapsed'
2025-04-03 18:44:47.495 [DEBUG] [thread-id 1] - Verify identifier: {//*[contains(@label,"Collapsed")] | //*[contains(@name,"Collapsed")]=[true]}
2025-04-03 18:44:52.162 [DEBUG] [thread-id 1] - Click element: '//*[contains(@label,"Collapsed")] | //*[contains(@name,"Collapsed")]'
2025-04-03 18:44:53.270 [DEBUG] [thread-id 1] - Executing function: 'unified.us.functions.gic.setFulfillment'
2025-04-03 18:44:53.270 [DEBUG] [thread-id 1] - conditionally execute a flow. condition: true
2025-04-03 18:45:04.040 [DEBUG] [thread-id 1] - conditionally execute a flow. condition: false
2025-04-03 18:45:06.965 [DEBUG] [thread-id 1] - Click element: '//XCUIElementTypeButton[@name="GlobalIntentCenter.Delivery"] | //XCUIElementTypeButton[contains(@name, "Delivery") ] | //XCUIElementTypeButton[@name="HoTIntentOptionsView" or @name="HoTIntentOptionsPhase2View" and contains(@label,"Delivery")]'
2025-04-03 18:45:08.236 [DEBUG] [thread-id 1] - Delivery intent selected
2025-04-03 18:45:09.082 [DEBUG] [thread-id 1] - sleep:  3000 milliseconds
2025-04-03 18:45:22.977 [DEBUG] [thread-id 1] - Executing function: 'unified.us.functions.gic.collapseIfExpanded'
2025-04-03 18:45:24.467 [DEBUG] [thread-id 1] - Verify identifier: {//*[contains(@label,"Expanded")] | //*[contains(@name,"Expanded")]=[true]}
2025-04-03 18:45:25.399 [DEBUG] [thread-id 1] - Collapsing GIC screen
2025-04-03 18:45:26.916 [DEBUG] [thread-id 1] - Click element: '//*[contains(@label,"Expanded")] | //*[contains(@name,"Expanded")]'
2025-04-03 18:45:27.484 [DEBUG] [thread-id 1] - Executing function: 'unified.us.functions.global.navigation.goToDeepLink'
2025-04-03 18:45:27.484 [DEBUG] [thread-id 1] - Store in: store the value 'Post-transactions' in the variable 'executionStage'
2025-04-03 18:45:27.484 [DEBUG] [thread-id 1] - Open deep link
2025-04-03 18:45:27.484 [DEBUG] [thread-id 1] - walmart://item/44390950
2025-04-03 18:45:27.484 [DEBUG] [thread-id 1] - Verify value of: '$deepLinkUrl'
2025-04-03 18:45:27.484 [DEBUG] [thread-id 1] - Open link: 'walmart://item/44390950'
2025-04-03 18:45:28.129 [DEBUG] [thread-id 1] - conditionally execute a flow. condition: true
2025-04-03 18:45:30.185 [DEBUG] [thread-id 1] - Deeplink pop up not displayed
2025-04-03 18:45:30.196 [DEBUG] [thread-id 1] - sleep:  5000 milliseconds
2025-04-03 18:45:35.203 [DEBUG] [thread-id 1] - Executing function: 'unified.us.functions.item.addItemToCart'
2025-04-03 18:45:35.204 [DEBUG] [thread-id 1] - Store in: store the value 'Transactions' in the variable 'executionStage'
2025-04-03 18:45:35.206 [DEBUG] [thread-id 1] - Executing function: 'unified.us.functions.item.validateAndClickAddToCartButton'
2025-04-03 18:46:02.293 [DEBUG] [thread-id 1] - Verify identifier: {stepper.mainButton=[true]}
2025-04-03 18:46:20.595 [DEBUG] [thread-id 1] - ATC button present
2025-04-03 18:46:43.891 [DEBUG] [thread-id 1] - Click element: 'stepper.mainButton'
2025-04-03 18:46:59.776 [WARN] [thread-id 1] - variable skipPostAddToCartSteps was used, but r2 could not find a value for this variable. returning default of null
2025-04-03 18:46:59.779 [DEBUG] [thread-id 1] - conditionally execute a flow. condition: true
2025-04-03 18:47:18.688 [DEBUG] [thread-id 1] - conditionally execute a flow. condition: true
2025-04-03 18:47:39.195 [DEBUG] [thread-id 1] - Executing function: 'unified.us.functions.global.navigation.goToDeepLink'
2025-04-03 18:47:39.196 [DEBUG] [thread-id 1] - Store in: store the value 'Post-transactions' in the variable 'executionStage'
2025-04-03 18:47:39.196 [DEBUG] [thread-id 1] - Open deep link
2025-04-03 18:47:39.196 [DEBUG] [thread-id 1] - walmart://home
2025-04-03 18:47:39.196 [DEBUG] [thread-id 1] - Verify value of: '$deepLinkUrl'
2025-04-03 18:47:39.196 [DEBUG] [thread-id 1] - Open link: 'walmart://home'
2025-04-03 18:47:39.876 [DEBUG] [thread-id 1] - conditionally execute a flow. condition: true
2025-04-03 18:47:48.248 [DEBUG] [thread-id 1] - Deeplink pop up not displayed
2025-04-03 18:47:48.459 [DEBUG] [thread-id 1] - sleep:  5000 milliseconds
2025-04-03 18:47:53.501 [DEBUG] [thread-id 1] - Store in: store the value 'false' in the variable 'skipPostAddToCartSteps'
2025-04-03 18:47:53.503 [DEBUG] [thread-id 1] - Store in: store the value 'false' in the variable 'apiFetch'
2025-04-03 18:47:53.504 [DEBUG] [thread-id 1] - Executing function: 'unified.us.functions.global.navigation.goToDeepLink'
2025-04-03 18:47:53.504 [DEBUG] [thread-id 1] - Store in: store the value 'Post-transactions' in the variable 'executionStage'
2025-04-03 18:47:53.504 [DEBUG] [thread-id 1] - Open deep link
2025-04-03 18:47:53.504 [DEBUG] [thread-id 1] - walmart://item/182565738
2025-04-03 18:47:53.504 [DEBUG] [thread-id 1] - Verify value of: '$deepLinkUrl'
2025-04-03 18:47:53.504 [DEBUG] [thread-id 1] - Open link: 'walmart://item/182565738'
2025-04-03 18:47:54.059 [DEBUG] [thread-id 1] - conditionally execute a flow. condition: true
2025-04-03 18:47:55.941 [DEBUG] [thread-id 1] - Deeplink pop up not displayed
2025-04-03 18:47:55.952 [DEBUG] [thread-id 1] - sleep:  5000 milliseconds
2025-04-03 18:48:00.959 [DEBUG] [thread-id 1] - Executing function: 'unified.us.functions.item.addItemToCart'
2025-04-03 18:48:00.959 [DEBUG] [thread-id 1] - Store in: store the value 'Transactions' in the variable 'executionStage'
2025-04-03 18:48:21.601 [DEBUG] [thread-id 1] - Verify identifier: {stepper.mainButton=[true]}
2025-04-03 18:48:37.462 [DEBUG] [thread-id 1] - ATC button present
2025-04-03 18:48:57.519 [DEBUG] [thread-id 1] - Click element: 'stepper.mainButton'
2025-04-03 18:49:09.799 [DEBUG] [thread-id 1] - conditionally execute a flow. condition: true
2025-04-03 18:49:27.156 [DEBUG] [thread-id 1] - conditionally execute a flow. condition: true
2025-04-03 18:49:45.000 [DEBUG] [thread-id 1] - Store in: store the value 'Post-transactions' in the variable 'executionStage'
2025-04-03 18:49:45.000 [DEBUG] [thread-id 1] - Open deep link
2025-04-03 18:49:45.001 [DEBUG] [thread-id 1] - walmart://home
2025-04-03 18:49:45.001 [DEBUG] [thread-id 1] - Verify value of: '$deepLinkUrl'
2025-04-03 18:49:45.001 [DEBUG] [thread-id 1] - Open link: 'walmart://home'
2025-04-03 18:49:45.881 [DEBUG] [thread-id 1] - conditionally execute a flow. condition: true
2025-04-03 18:49:54.388 [DEBUG] [thread-id 1] - Deeplink pop up not displayed
2025-04-03 18:49:54.596 [DEBUG] [thread-id 1] - sleep:  5000 milliseconds
2025-04-03 18:49:59.632 [DEBUG] [thread-id 1] - Store in: store the value 'false' in the variable 'skipPostAddToCartSteps'
2025-04-03 18:49:59.632 [DEBUG] [thread-id 1] - Store in: store the value 'false' in the variable 'apiFetch'
2025-04-03 18:49:59.634 [DEBUG] [thread-id 1] - Executing function: 'unified.us.functions.global.navigation.goToDeepLink'
2025-04-03 18:49:59.634 [DEBUG] [thread-id 1] - Store in: store the value 'Post-transactions' in the variable 'executionStage'
2025-04-03 18:49:59.634 [DEBUG] [thread-id 1] - Open deep link
2025-04-03 18:49:59.635 [DEBUG] [thread-id 1] - walmart://home
2025-04-03 18:49:59.635 [DEBUG] [thread-id 1] - Verify value of: '$deepLinkUrl'
2025-04-03 18:49:59.635 [DEBUG] [thread-id 1] - Open link: 'walmart://home'
2025-04-03 18:50:00.497 [DEBUG] [thread-id 1] - conditionally execute a flow. condition: true
2025-04-03 18:50:07.735 [DEBUG] [thread-id 1] - Deeplink pop up not displayed
2025-04-03 18:50:07.952 [DEBUG] [thread-id 1] - sleep:  5000 milliseconds
2025-04-03 18:50:12.965 [DEBUG] [thread-id 1] - Executing function: 'unified.us.functions.global.navigation.toCartFromNavBar'
2025-04-03 18:50:12.966 [DEBUG] [thread-id 1] - Store in: store the value 'Transactions' in the variable 'executionStage'
2025-04-03 18:50:14.904 [DEBUG] [thread-id 1] - Verify identifier: {//XCUIElementTypeButton[contains(@label, "Your cart")] | //XCUIElementTypeButton[(@name="SearchResultsViewController.cartButton") or (contains(@label,"Your cart contains") and contains(@label,"The estimated total is")) or (@label="Your cart is empty")]=[true]}
2025-04-03 18:50:17.026 [DEBUG] [thread-id 1] - Click element: '//XCUIElementTypeButton[contains(@label, "Your cart")] | //XCUIElementTypeButton[(@name="SearchResultsViewController.cartButton") or (contains(@label,"Your cart contains") and contains(@label,"The estimated total is")) or (@label="Your cart is empty")]'
2025-04-03 18:50:32.035 [DEBUG] [thread-id 1] - No Store Change pop up screen displayed
2025-04-03 18:50:44.030 [DEBUG] [thread-id 1] - conditionally execute a flow. condition: false
2025-04-03 18:51:02.089 [DEBUG] [thread-id 1] - conditionally execute a flow. condition: false
2025-04-03 18:51:08.118 [WARN] [thread-id 1] - variable skipValidation was used, but r2 could not find a value for this variable. returning default of null
2025-04-03 18:51:08.118 [DEBUG] [thread-id 1] - conditionally execute a flow. condition: true
2025-04-03 18:51:25.429 [DEBUG] [thread-id 1] - conditionally execute a flow. condition: true
2025-04-03 18:51:31.226 [DEBUG] [thread-id 1] - cart page loaded
2025-04-03 18:51:31.735 [DEBUG] [thread-id 1] - Executing function: 'unified.us.functions.selectBookingSlot.MBC'
2025-04-03 18:51:31.735 [DEBUG] [thread-id 1] - Slot booking from the banner for Scheduled Delivery.
2025-04-03 18:51:35.478 [DEBUG] [thread-id 1] - conditionally execute a flow. condition: true
2025-04-03 18:51:45.706 [DEBUG] [thread-id 1] - Click element: '//XCUIElementTypeButton[@name="ArrowedHorizontalCollectionView.rightArrow"]'
2025-04-03 18:51:53.334 [DEBUG] [thread-id 1] - sleep:  1000 milliseconds
2025-04-03 18:52:04.657 [DEBUG] [thread-id 1] - Click element: '//XCUIElementTypeStaticText[contains(@name,"pm")] | //XCUIElementTypeStaticText[contains(@name,"am")]'
2025-04-03 18:52:06.781 [DEBUG] [thread-id 1] - R2_SUBFLOW_TRANSACTION
2025-04-03 18:52:06.782 [DEBUG] [thread-id 1] - Executing function: 'unified.us.functions.cart.continueToCheckout'
2025-04-03 18:52:21.223 [DEBUG] [thread-id 1] - Verify identifier: {//XCUIElementTypeButton[@name="CartPrimaryCTAButton"] | //XCUIElementTypeButton[@name="CartFinishButton"]=[true]}
2025-04-03 18:52:27.162 [DEBUG] [thread-id 1] - Click element: '//XCUIElementTypeButton[@name="CartPrimaryCTAButton"] | //XCUIElementTypeButton[@name="CartFinishButton"]'
2025-04-03 18:52:29.278 [DEBUG] [thread-id 1] - sleep:  3000 milliseconds
2025-04-03 18:52:32.290 [DEBUG] [thread-id 1] - Executing function: 'unified.us.functions.cart.checkOutGetItFasterPopUp'
2025-04-03 18:52:43.883 [DEBUG] [thread-id 1] - Verify identifier: {//XCUIElementTypeStaticText[contains(@label,"Get it faster")] | //XCUIElementTypeStaticText[contains(@label,"Need it faster")] | //XCUIElementTypeStaticText[@name="Get it faster!"]=[true]}
2025-04-03 18:52:56.699 [DEBUG] [thread-id 1] - Click element: '//XCUIElementTypeStaticText[@label ="No thanks"]'
2025-04-03 18:53:01.910 [DEBUG] [thread-id 1] - Executing function: 'unified.us.functions.cart.handleSafetyAdvice'
2025-04-03 18:53:23.565 [DEBUG] [thread-id 1] - Safety Advice Header pop up not available
2025-04-03 18:53:57.309 [DEBUG] [thread-id 1] - Executing function: 'unified.us.functions.cart.handleItemUpdatesBottomTray'
2025-04-03 18:53:57.311 [DEBUG] [thread-id 1] - conditionally execute a flow. condition: true
2025-04-03 18:54:05.559 [DEBUG] [thread-id 1] - No item update pop up
2025-04-03 18:54:06.440 [DEBUG] [thread-id 1] - conditionally execute a flow. condition: true
2025-04-03 18:54:08.033 [DEBUG] [thread-id 1] - Clicked on Checkout button successfully
2025-04-03 18:54:08.175 [WARN] [thread-id 1] - variable giftItem was used, but r2 could not find a value for this variable. returning default of null
2025-04-03 18:54:08.176 [WARN] [thread-id 1] - variable doNotCloseWplusPopup was used, but r2 could not find a value for this variable. returning default of null
2025-04-03 18:54:08.176 [DEBUG] [thread-id 1] - conditionally execute a flow. condition: false
2025-04-03 18:54:09.727 [DEBUG] [thread-id 1] - Executing function: 'unified.us.functions.home.closeWPlusPromotionPopUpIfDisplayed'
2025-04-03 18:54:09.728 [DEBUG] [thread-id 1] - conditionally execute a flow. condition: true
2025-04-03 18:54:22.891 [DEBUG] [thread-id 1] - Executing function: 'unified.us.functions.wplus.handle.SubstitutionPreferencePopup'
2025-04-03 18:54:24.456 [DEBUG] [thread-id 1] - conditionally execute a flow. condition: true
2025-04-03 18:54:26.148 [DEBUG] [thread-id 1] - Identifier Substitution present , skipping tapping on close due to iOS identifier issue
2025-04-03 18:54:27.897 [DEBUG] [thread-id 1] - Executing function: 'unified.us.functions.reviewOrder.verifyMixedBasketConsolidation'
2025-04-03 18:54:27.898 [DEBUG] [thread-id 1] - Executing function: 'us.functions.checkout.reviewOrder.scrollToTopOfReviewOrder'
2025-04-03 18:54:27.898 [DEBUG] [thread-id 1] - Scrolling to top of review order page
2025-04-03 18:54:29.489 [DEBUG] [thread-id 1] - Verify identifier: {Checkout=[true]}
2025-04-03 18:54:29.490 [DEBUG] [thread-id 1] - Executing function: 'us.functions.utils.scrollIfNotVisible'
2025-04-03 18:54:32.118 [DEBUG] [thread-id 1] - Verify identifier: {//*[@name="ReviewOrderViewController.stackView"]/XCUIElementTypeOther[1]//*[@name="FulfillmentTitleView.titlePrefixLabel"] | (//XCUIElementTypeStaticText[@name="FulfillmentTitleView.titlePrefixLabel"])[1]=[true]}
2025-04-03 18:54:33.720 [DEBUG] [thread-id 1] - Element already visible, scrolling is skipped
2025-04-03 18:54:33.835 [DEBUG] [thread-id 1] - Resetting scrollPosition variable to default
2025-04-03 18:54:33.836 [DEBUG] [thread-id 1] - Store in: store the value 'null' in the variable 'scrollPosition'
2025-04-03 18:54:33.837 [DEBUG] [thread-id 1] - Store in: store the value 'null' in the variable 'identifierScope'
2025-04-03 18:54:33.838 [DEBUG] [thread-id 1] - Store in: store the value 'null' in the variable 'limit'
2025-04-03 18:54:34.694 [DEBUG] [thread-id 1] - conditionally execute a flow. condition: true
2025-04-03 18:54:36.291 [DEBUG] [thread-id 1] - Mixed Basket Consolidation is happening !!!
2025-04-03 18:54:37.250 [DEBUG] [thread-id 1] - Verify identifier: {//XCUIElementTypeStaticText[@value="Delivery from store"]=[true]}
2025-04-03 18:54:37.251 [DEBUG] [thread-id 1] - Store in: store the value 'passed' in the variable 'testStatus'
2025-04-03 18:54:40.623 [DEBUG] [thread-id 1] - Executing scenario: 'After'
2025-04-03 18:54:40.624 [DEBUG] [thread-id 1] - Executing function: 'unified.us.functions.utils.afterSteps'
2025-04-03 18:54:40.625 [DEBUG] [thread-id 1] - conditionally execute a flow. condition: true
2025-04-03 18:54:42.231 [DEBUG] [thread-id 1] - Test passed
2025-04-03 18:54:47.068 [DEBUG] [thread-id 1] - Created report: /Users/m0k0a2f/glass-automation/report/index.html
