2025-03-28 09:45:25.387 [DEBUG] [thread-id 1] - [0;34mExecuting R2 5.5.0: '/Users/m0k0a2f/glass-automation/us/unified-e2e-tests/test-scripts/ecomm-and-fulfillment-flows/consolidated-shipping-flows/production/C2728517-mixed-basket-consolidation.yaml' on device: 'iPhone 15'
2025-03-28 09:53:28.188 [DEBUG] [thread-id 1] - [0;34mExecuting scenario: 'After'
2025-03-28 09:53:28.197 [DEBUG] [thread-id 1] - [0;34mExecuting function: 'unified.us.functions.utils.afterSteps'
2025-03-28 09:53:28.199 [WARN] [thread-id 1] - variable testStatus was used, but r2 could not find a value for this variable. returning default of null
2025-03-28 09:53:28.207 [DEBUG] [thread-id 1] - conditionally execute a flow. condition: false
2025-03-28 09:57:28.264 [DEBUG] [thread-id 1] - [38;5;202mTest failed
2025-03-28 11:46:01.459 [DEBUG] [thread-id 1] - [0;34mExecuting R2 5.5.0: '/Users/m0k0a2f/glass-automation/us/unified-e2e-tests/test-scripts/ecomm-and-fulfillment-flows/consolidated-shipping-flows/production/C2728517-mixed-basket-consolidation.yaml' on device: 'iPhone 15'
2025-03-28 11:50:07.722 [DEBUG] [thread-id 1] - [0;34mExecuting scenario: 'Before'
2025-03-28 11:50:07.726 [DEBUG] [thread-id 1] - [0;34mExecuting function: 'us.function.utils.getEnvironmentValue'
2025-03-28 11:50:07.726 [DEBUG] [thread-id 1] - Store in: store the value 'Onboarding' in the variable 'executionStage'
2025-03-28 11:50:07.727 [DEBUG] [thread-id 1] - Store in: store the value 'production' in the variable 'env'
2025-03-28 11:50:07.727 [DEBUG] [thread-id 1] - Timestamp: 1743187807727
2025-03-28 11:50:07.728 [DEBUG] [thread-id 1] - [0;34mExecuting function: 'functions.utils.setPlatformInfo'
2025-03-28 11:50:07.728 [DEBUG] [thread-id 1] - Store in: store the value 'Onboarding' in the variable 'executionStage'
2025-03-28 11:50:07.731 [WARN] [thread-id 1] - variable dependencies.general.appPackage was used, but r2 could not find a value for this variable. returning default of null
2025-03-28 11:50:07.731 [DEBUG] [thread-id 1] - Store in: store the value 'null' in the variable 'appPackage'
2025-03-28 11:50:07.742 [DEBUG] [thread-id 1] - conditionally execute a flow. condition: true
2025-03-28 11:50:08.088 [DEBUG] [thread-id 1] - Store in: store the value 'iOS' in the variable 'platform'
2025-03-28 11:50:08.105 [DEBUG] [thread-id 1] - [38;5;202mR2_SUBFLOW_PRE_TRANSACTION
2025-03-28 11:50:08.717 [DEBUG] [thread-id 1] - [38;5;202mUsing us-errors-helpers.yaml
2025-03-28 11:50:09.251 [DEBUG] [thread-id 1] - [38;5;202mStart Main
2025-03-28 11:50:09.252 [DEBUG] [thread-id 1] - [0;34mExecuting function: 'unified.us.functions.global.onboarding.navigateOnboardingToHome'
2025-03-28 11:50:09.252 [DEBUG] [thread-id 1] - Store in: store the value 'onboarding' in the variable 'executionStage'
2025-03-28 11:50:09.253 [DEBUG] [thread-id 1] - [38;5;202mWelcome screen loaded
2025-03-28 11:50:09.256 [DEBUG] [thread-id 1] - conditionally execute a flow. condition: true
2025-03-28 11:50:09.634 [DEBUG] [thread-id 1] - Verify identifier: {cta.cancel.welcome=[true]}
2025-03-28 11:50:09.894 [DEBUG] [thread-id 1] - Store in: store the value 'true' in the variable 'testStarted'
2025-03-28 11:50:10.206 [DEBUG] [thread-id 1] - Click element: 'cta.cancel.welcome'
2025-03-28 11:50:11.381 [DEBUG] [thread-id 1] - [38;5;202mNotifiction Prompt screen loaded
2025-03-28 11:50:12.199 [DEBUG] [thread-id 1] - Verify identifier: {NotificationPermissionViewController.titleLabel=[true]}
2025-03-28 11:50:12.482 [WARN] [thread-id 1] - variable allowNotifications was used, but r2 could not find a value for this variable. returning default of null
2025-03-28 11:50:12.482 [DEBUG] [thread-id 1] - conditionally execute a flow. condition: false
2025-03-28 11:50:14.796 [DEBUG] [thread-id 1] - Click element: 'cta.cancel.notifications'
2025-03-28 11:50:15.307 [DEBUG] [thread-id 1] - [38;5;202mlocation screen loaded
2025-03-28 11:50:15.573 [DEBUG] [thread-id 1] - Verify identifier: {LocationPermissionViewController.titleLabel=[true]}
2025-03-28 11:50:15.573 [DEBUG] [thread-id 1] - Store in: store the value 'true' in the variable 'testStarted'
2025-03-28 11:50:15.616 [DEBUG] [thread-id 1] - Click element: 'Enter zip code'
2025-03-28 11:50:16.362 [DEBUG] [thread-id 1] - Verify identifier: {label.postal-code-entry=[true]}
2025-03-28 11:50:16.363 [DEBUG] [thread-id 1] - sleep:  2000 milliseconds
2025-03-28 11:50:18.426 [DEBUG] [thread-id 1] - Enter text: '95122'
2025-03-28 11:50:20.908 [DEBUG] [thread-id 1] - Click element: 'cta.continue'
2025-03-28 11:50:21.466 [DEBUG] [thread-id 1] - sleep:  3000 milliseconds
2025-03-28 11:50:34.768 [DEBUG] [thread-id 1] - [0;34mExecuting function: 'unified.us.functions.home.handlePersonalizedScreen'
2025-03-28 11:50:35.102 [DEBUG] [thread-id 1] - conditionally execute a flow. condition: true
2025-03-28 11:50:35.371 [DEBUG] [thread-id 1] - [38;5;202mObserved Personalize Shopping Screen
2025-03-28 11:50:35.614 [DEBUG] [thread-id 1] - Verify identifier: {ATTPermissionViewController.bodyLabel=[true]}
2025-03-28 11:50:36.093 [DEBUG] [thread-id 1] - conditionally execute a flow. condition: true
2025-03-28 11:50:36.370 [DEBUG] [thread-id 1] - Click element: 'cta.continue.location'
2025-03-28 11:50:38.700 [DEBUG] [thread-id 1] - [38;5;28mPersonalized Shopping Experience Screen Handled.
2025-03-28 11:50:50.956 [DEBUG] [thread-id 1] - [0;34mExecuting function: 'unified.us.functions.gic.collapseIfExpanded'
2025-03-28 11:50:57.523 [DEBUG] [thread-id 1] - [38;5;202mGIC already collapsed
2025-03-28 11:51:00.025 [DEBUG] [thread-id 1] - Verify identifier: {Search Walmart=[true]}
2025-03-28 11:51:00.025 [DEBUG] [thread-id 1] - [0;34mExecuting function: 'unified.us.functions.home.navigateHomeToSignIn'
2025-03-28 11:51:00.025 [DEBUG] [thread-id 1] - Store in: store the value 'Pre-transactions' in the variable 'executionStage'
2025-03-28 11:51:01.719 [DEBUG] [thread-id 1] - Click element: '//XCUIElementTypeButton[@name="Account"] | Account'
2025-03-28 11:51:05.147 [DEBUG] [thread-id 1] - Verify identifier: {//XCUIElementTypeButton[@name="SignInYourAccountTableViewCell.signInButton"] | //XCUIElementTypeButton[@name="SignInYourAccountView.signInButton"]=[true]}
2025-03-28 11:51:05.495 [DEBUG] [thread-id 1] - Click element: '//XCUIElementTypeButton[@name="SignInYourAccountTableViewCell.signInButton"] | //XCUIElementTypeButton[@name="SignInYourAccountView.signInButton"]'
2025-03-28 11:51:07.817 [DEBUG] [thread-id 1] - conditionally execute a flow. condition: true
2025-03-28 11:51:09.390 [DEBUG] [thread-id 1] - Store in: store the value 'true' in the variable 'signInValidated'
2025-03-28 11:51:09.403 [DEBUG] [thread-id 1] - conditionally execute a flow. condition: true
2025-03-28 11:51:10.879 [DEBUG] [thread-id 1] - [38;5;202mSignIn page loaded
2025-03-28 11:51:12.453 [DEBUG] [thread-id 1] - Store in: store the value 'false' in the variable 'signInValidated'
2025-03-28 11:51:12.476 [DEBUG] [thread-id 1] - [0;34mExecuting function: 'unified.us.functions.global.authentication.signInAccountWithParams'
2025-03-28 11:51:12.477 [DEBUG] [thread-id 1] - Store in: store the value 'Pre-transactions' in the variable 'executionStage'
2025-03-28 11:51:12.477 [DEBUG] [thread-id 1] - [0;34mExecuting function: 'unified.us.functions.authentication.signInInfo'
2025-03-28 11:51:12.477 [DEBUG] [thread-id 1] - conditionally execute a flow. condition: true
2025-03-28 11:51:13.927 [DEBUG] [thread-id 1] - Store in: store the value 'prod.ios.consolidatedshipping@cloudtest.org' in the variable 'email'
2025-03-28 11:51:15.413 [DEBUG] [thread-id 1] - Store in: store the value 'E2epassword$' in the variable 'password'
2025-03-28 11:51:15.419 [DEBUG] [thread-id 1] - [0;34mExecuting function: 'unified.us.functions.global.authentication.signInAccount'
2025-03-28 11:51:15.420 [DEBUG] [thread-id 1] - conditionally execute a flow. condition: true
2025-03-28 11:51:29.557 [DEBUG] [thread-id 1] - Verify identifier: {TextFieldStackView.containerStackView=[true]}
2025-03-28 11:51:29.759 [DEBUG] [thread-id 1] - Enter text: 'prod.ios.consolidatedshipping@cloudtest.org'
2025-03-28 11:51:35.576 [DEBUG] [thread-id 1] - Click element: 'WelcomeView.ctaButton'
2025-03-28 11:51:36.478 [DEBUG] [thread-id 1] - sleep:  2000 milliseconds
2025-03-28 11:51:39.269 [DEBUG] [thread-id 1] - conditionally execute a flow. condition: true
2025-03-28 11:51:40.892 [DEBUG] [thread-id 1] - [38;5;202mEntered Email Successfully
2025-03-28 11:51:42.482 [DEBUG] [thread-id 1] - conditionally execute a flow. condition: true
2025-03-28 11:51:44.371 [DEBUG] [thread-id 1] - Click element: 'AuthChoiceView.passwordStackView'
2025-03-28 11:51:46.902 [DEBUG] [thread-id 1] - [38;5;202mSelected Password Option to Login
2025-03-28 11:51:46.989 [DEBUG] [thread-id 1] - Verify identifier: {TextFieldStackView.textField=[true]}
2025-03-28 11:51:47.202 [DEBUG] [thread-id 1] - Enter text: 'E2epassword$'
2025-03-28 11:51:54.783 [DEBUG] [thread-id 1] - Click element: 'AuthChoiceView.ctaButton'
2025-03-28 11:52:16.886 [DEBUG] [thread-id 1] - conditionally execute a flow. condition: true
2025-03-28 11:52:17.717 [DEBUG] [thread-id 1] - sleep:  2000 milliseconds
2025-03-28 11:52:32.148 [DEBUG] [thread-id 1] - [0;34mExecuting function: 'unified.us.functions.utils.handleCartMergePopup'
2025-03-28 11:52:53.450 [DEBUG] [thread-id 1] - [38;5;202mNo Technical Error Page observed
2025-03-28 11:52:53.484 [DEBUG] [thread-id 1] - [0;34mExecuting function: 'unified.us.functions.home.toolTip'
2025-03-28 11:53:03.486 [DEBUG] [thread-id 1] - conditionally execute a flow. condition: false
2025-03-28 11:53:04.654 [DEBUG] [thread-id 1] - [38;5;202mno tooltip displayed
2025-03-28 11:53:04.705 [DEBUG] [thread-id 1] - [0;34mExecuting function: 'unified.us.functions.global.navigation.accountToHome'
2025-03-28 11:53:04.705 [DEBUG] [thread-id 1] - [0;34mExecuting function: 'unified.us.functions.global.navigation.toTab'
2025-03-28 11:53:04.706 [DEBUG] [thread-id 1] - [0;34mExecuting function: 'unified.us.functions.utils.scrollIfNotVisible'
2025-03-28 11:53:04.706 [WARN] [thread-id 1] - variable scrollLimit was used, but r2 could not find a value for this variable. returning default of null
2025-03-28 11:53:04.707 [DEBUG] [thread-id 1] - conditionally execute a flow. condition: true
2025-03-28 11:53:06.029 [DEBUG] [thread-id 1] - Store in: store the value '7' in the variable 'scrollLimit'
2025-03-28 11:53:06.065 [DEBUG] [thread-id 1] - [38;5;202mScroll limit set to - 7
2025-03-28 11:53:06.065 [DEBUG] [thread-id 1] - conditionally execute a flow. condition: true
2025-03-28 11:53:07.674 [DEBUG] [thread-id 1] - conditionally execute a flow. condition: true
2025-03-28 11:53:08.670 [DEBUG] [thread-id 1] - [38;5;202mElement already visible, scrolling is skipped
2025-03-28 11:53:09.418 [WARN] [thread-id 1] - variable scrollNeeded was used, but r2 could not find a value for this variable. returning default of null
2025-03-28 11:53:09.419 [DEBUG] [thread-id 1] - [38;5;202mResetting scrollPosition variable to default
2025-03-28 11:53:09.419 [DEBUG] [thread-id 1] - Store in: store the value 'null' in the variable 'scrollPosition'
2025-03-28 11:53:09.419 [DEBUG] [thread-id 1] - Store in: store the value 'null' in the variable 'identifierScope'
2025-03-28 11:53:09.420 [DEBUG] [thread-id 1] - Store in: store the value 'null' in the variable 'scrollLimit'
2025-03-28 11:53:09.420 [DEBUG] [thread-id 1] - Store in: store the value 'false' in the variable 'scrollNeeded'
2025-03-28 11:53:09.949 [DEBUG] [thread-id 1] - Click element: '//XCUIElementTypeButton[contains(@name, "Shop")]'
2025-03-28 11:53:11.061 [DEBUG] [thread-id 1] - [0;34mExecuting function: 'unified.us.functions.home.closeWPlusPromotionPopUpIfDisplayed'
2025-03-28 11:53:11.062 [DEBUG] [thread-id 1] - conditionally execute a flow. condition: true
2025-03-28 11:53:24.612 [DEBUG] [thread-id 1] - [0;34mExecuting function: 'unified.us.functions.global.navigation.goToDeepLink'
2025-03-28 11:53:24.613 [DEBUG] [thread-id 1] - Store in: store the value 'Post-transactions' in the variable 'executionStage'
2025-03-28 11:53:24.613 [DEBUG] [thread-id 1] - [38;5;202mOpen deep link
2025-03-28 11:53:24.613 [DEBUG] [thread-id 1] - [38;5;202mwalmart://expo?expo_preview=true&experiment_spec=AItRI&variation_specs=Ql5V9&experiment_count=0
2025-03-28 11:53:24.613 [DEBUG] [thread-id 1] - Verify value of: '$deepLinkUrl'
2025-03-28 11:53:24.614 [DEBUG] [thread-id 1] - Open link: 'walmart://expo?expo_preview=true&experiment_spec=AItRI&variation_specs=Ql5V9&experiment_count=0'
2025-03-28 11:53:29.652 [DEBUG] [thread-id 1] - conditionally execute a flow. condition: true
2025-03-28 11:53:32.254 [DEBUG] [thread-id 1] - [0;34mExecuting function: 'unified.us.functions.global.navigation.openDeepLink'
2025-03-28 11:53:37.369 [DEBUG] [thread-id 1] - [38;5;202mDeeplink pop up not displayed
2025-03-28 11:53:37.593 [DEBUG] [thread-id 1] - sleep:  3000 milliseconds
2025-03-28 11:53:40.599 [DEBUG] [thread-id 1] - [0;34mExecuting function: 'unified.us.functions.global.navigation.toCartFromNavBar'
2025-03-28 11:53:40.601 [DEBUG] [thread-id 1] - Store in: store the value 'Transactions' in the variable 'executionStage'
2025-03-28 11:53:42.647 [DEBUG] [thread-id 1] - Verify identifier: {//XCUIElementTypeButton[contains(@label, "Your cart")] | //XCUIElementTypeButton[(@name="SearchResultsViewController.cartButton") or (contains(@label,"Your cart contains") and contains(@label,"The estimated total is")) or (@label="Your cart is empty")]=[true]}
2025-03-28 11:53:44.748 [DEBUG] [thread-id 1] - Click element: '//XCUIElementTypeButton[contains(@label, "Your cart")] | //XCUIElementTypeButton[(@name="SearchResultsViewController.cartButton") or (contains(@label,"Your cart contains") and contains(@label,"The estimated total is")) or (@label="Your cart is empty")]'
2025-03-28 11:53:46.006 [DEBUG] [thread-id 1] - [0;34mExecuting function: 'unified.us.functions.cart.storeChangePopUp'
2025-03-28 11:54:06.548 [DEBUG] [thread-id 1] - [38;5;202mNo Store Change pop up screen displayed
2025-03-28 11:54:20.980 [DEBUG] [thread-id 1] - conditionally execute a flow. condition: false
2025-03-28 11:54:42.790 [DEBUG] [thread-id 1] - conditionally execute a flow. condition: false
2025-03-28 11:54:50.038 [WARN] [thread-id 1] - variable skipValidation was used, but r2 could not find a value for this variable. returning default of null
2025-03-28 11:54:50.039 [DEBUG] [thread-id 1] - conditionally execute a flow. condition: true
2025-03-28 11:55:10.979 [DEBUG] [thread-id 1] - conditionally execute a flow. condition: true
2025-03-28 11:55:18.302 [DEBUG] [thread-id 1] - [38;5;202mcart page loaded
2025-03-28 11:55:18.926 [DEBUG] [thread-id 1] - [0;34mExecuting function: 'unified.us.functions.cart.removeAllCartItems'
2025-03-28 11:55:18.927 [DEBUG] [thread-id 1] - [0;34mExecuting function: 'unified.us.functions.cart.storeChangePopUp'
2025-03-28 11:55:32.950 [DEBUG] [thread-id 1] - [38;5;202mNo Store Change pop up screen displayed
2025-03-28 11:55:33.506 [DEBUG] [thread-id 1] - [0;34mExecuting function: 'unified.us.functions.cart.removeAdonsNotAvailable'
2025-03-28 11:55:51.857 [DEBUG] [thread-id 1] - [38;5;202mNo remove Adons pop up screen displayed
2025-03-28 11:56:06.011 [DEBUG] [thread-id 1] - conditionally execute a flow. condition: false
2025-03-28 11:56:13.012 [DEBUG] [thread-id 1] - conditionally execute a flow. condition: true
2025-03-28 11:56:51.781 [DEBUG] [thread-id 1] - get number of child elements for //XCUIElementTypeScrollView[@name="ReviewOrderViewController.scrollView"] | //XCUIElementTypeOther[@name="CartDetailsViewController.stackView"] | //XCUIElementTypeCollectionView[@name="CartCollectionViewController.collectionView"]: 0
2025-03-28 11:57:15.932 [DEBUG] [thread-id 1] - get number of child elements for //XCUIElementTypeScrollView[@name="ReviewOrderViewController.scrollView"] | //XCUIElementTypeOther[@name="CartDetailsViewController.stackView"] | //XCUIElementTypeCollectionView[@name="CartCollectionViewController.collectionView"]: 2
2025-03-28 11:57:23.994 [DEBUG] [thread-id 1] - [38;5;202m2
2025-03-28 11:57:30.581 [WARN] [thread-id 1] - variable scrollDown was used, but r2 could not find a value for this variable. returning default of null
2025-03-28 11:57:30.582 [DEBUG] [thread-id 1] - conditionally execute a flow. condition: true
2025-03-28 11:57:37.658 [DEBUG] [thread-id 1] - Scroll: down
2025-03-28 11:58:16.680 [DEBUG] [thread-id 1] - loop: from 0 to 9
2025-03-28 11:58:23.602 [DEBUG] [thread-id 1] - [38;5;202m0
2025-03-28 11:58:43.677 [DEBUG] [thread-id 1] - Verify identifier: {//XCUIElementTypeButton[contains(@label, "Remove and continue")] | //XCUIElementTypeButton[@name="Remove" or @name = "CartItemTileView.remove"]=[true]}
2025-03-28 11:58:57.168 [DEBUG] [thread-id 1] - Click element: '//XCUIElementTypeButton[contains(@label, "Remove and continue")] | //XCUIElementTypeButton[@name="Remove" or @name = "CartItemTileView.remove"]'
2025-03-28 11:59:11.105 [DEBUG] [thread-id 1] - [38;5;202m1
2025-03-28 11:59:28.937 [DEBUG] [thread-id 1] - Verify identifier: {//XCUIElementTypeButton[contains(@label, "Remove and continue")] | //XCUIElementTypeButton[@name="Remove" or @name = "CartItemTileView.remove"]=[true]}
2025-03-28 11:59:40.362 [DEBUG] [thread-id 1] - Click element: '//XCUIElementTypeButton[contains(@label, "Remove and continue")] | //XCUIElementTypeButton[@name="Remove" or @name = "CartItemTileView.remove"]'
2025-03-28 11:59:52.871 [DEBUG] [thread-id 1] - [38;5;202m2
2025-03-28 12:00:03.603 [DEBUG] [thread-id 1] - [38;5;202mNo Items in Cart to Remove
2025-03-28 12:00:10.184 [DEBUG] [thread-id 1] - [0;34mExecuting function: 'unified.us.functions.cart.removeUnavailableItemsFromCart'
2025-03-28 12:00:10.184 [DEBUG] [thread-id 1] - conditionally execute a flow. condition: true
2025-03-28 12:00:24.663 [DEBUG] [thread-id 1] - [0;34mExecuting function: 'unified.us.functions.global.navigation.backNavigation'
2025-03-28 12:00:24.664 [DEBUG] [thread-id 1] - [38;5;202mGlobal Back navigation
2025-03-28 12:00:24.665 [DEBUG] [thread-id 1] - conditionally execute a flow. condition: true
2025-03-28 12:00:32.591 [DEBUG] [thread-id 1] - Click element: '//XCUIElementTypeButton[@name="Back" or @label="Back"] | //XCUIElementTypeNavigationBar[@name="Cart"]/XCUIElementTypeButton[contains(@name,"Search")] | //XCUIElementTypeNavigationBar/XCUIElementTypeButton[not(contains(@label,"cart"))]'
2025-03-28 12:00:34.455 [DEBUG] [thread-id 1] - [0;34mExecuting function: 'unified.us.functions.gic.changeFulfillment'
2025-03-28 12:00:34.455 [DEBUG] [thread-id 1] - [0;34mExecuting function: 'unified.us.functions.gic.expandIfCollapsed'
2025-03-28 12:00:39.130 [DEBUG] [thread-id 1] - Verify identifier: {//*[contains(@label,"Collapsed")] | //*[contains(@name,"Collapsed")]=[true]}
2025-03-28 12:00:43.759 [DEBUG] [thread-id 1] - Click element: '//*[contains(@label,"Collapsed")] | //*[contains(@name,"Collapsed")]'
2025-03-28 12:00:45.122 [DEBUG] [thread-id 1] - [0;34mExecuting function: 'unified.us.functions.gic.setFulfillment'
2025-03-28 12:00:45.122 [DEBUG] [thread-id 1] - conditionally execute a flow. condition: true
2025-03-28 12:00:55.891 [DEBUG] [thread-id 1] - conditionally execute a flow. condition: false
2025-03-28 12:00:58.736 [DEBUG] [thread-id 1] - Click element: '//XCUIElementTypeButton[@name="GlobalIntentCenter.Delivery"] | //XCUIElementTypeButton[contains(@name, "Delivery") ] | //XCUIElementTypeButton[@name="HoTIntentOptionsView" or @name="HoTIntentOptionsPhase2View" and contains(@label,"Delivery")]'
2025-03-28 12:01:00.141 [DEBUG] [thread-id 1] - [38;5;202mDelivery intent selected
2025-03-28 12:01:01.004 [DEBUG] [thread-id 1] - sleep:  3000 milliseconds
2025-03-28 12:01:14.305 [DEBUG] [thread-id 1] - [0;34mExecuting function: 'unified.us.functions.gic.collapseIfExpanded'
2025-03-28 12:01:15.845 [DEBUG] [thread-id 1] - Verify identifier: {//*[contains(@label,"Expanded")] | //*[contains(@name,"Expanded")]=[true]}
2025-03-28 12:01:16.822 [DEBUG] [thread-id 1] - [38;5;202mCollapsing GIC screen
2025-03-28 12:01:18.410 [DEBUG] [thread-id 1] - Click element: '//*[contains(@label,"Expanded")] | //*[contains(@name,"Expanded")]'
2025-03-28 12:01:19.075 [DEBUG] [thread-id 1] - [0;34mExecuting function: 'unified.us.functions.home.setStore'
2025-03-28 12:01:19.083 [DEBUG] [thread-id 1] - conditionally execute a flow. condition: false
2025-03-28 12:01:21.383 [DEBUG] [thread-id 1] - Store in: store the value '95110' in the variable 'zipcode'
2025-03-28 12:01:21.598 [DEBUG] [thread-id 1] - [0;34mExecuting function: 'unified.us.functions.gic.expandIfCollapsed'
2025-03-28 12:01:26.234 [DEBUG] [thread-id 1] - Verify identifier: {//*[contains(@label,"Collapsed")] | //*[contains(@name,"Collapsed")]=[true]}
2025-03-28 12:01:31.265 [DEBUG] [thread-id 1] - Click element: '//*[contains(@label,"Collapsed")] | //*[contains(@name,"Collapsed")]'
2025-03-28 12:01:45.121 [DEBUG] [thread-id 1] - conditionally execute a flow. condition: false
2025-03-28 12:01:46.190 [DEBUG] [thread-id 1] - [38;5;202mSkipping as its already set to the required store
2025-03-28 12:01:47.210 [DEBUG] [thread-id 1] - [0;34mExecuting function: 'unified.us.functions.gic.collapseIfExpanded'
2025-03-28 12:01:49.120 [DEBUG] [thread-id 1] - Verify identifier: {//*[contains(@label,"Expanded")] | //*[contains(@name,"Expanded")]=[true]}
2025-03-28 12:01:50.123 [DEBUG] [thread-id 1] - [38;5;202mCollapsing GIC screen
2025-03-28 12:01:51.826 [DEBUG] [thread-id 1] - Click element: '//*[contains(@label,"Expanded")] | //*[contains(@name,"Expanded")]'
2025-03-28 12:01:52.585 [DEBUG] [thread-id 1] - [0;34mExecuting function: 'unified.us.functions.global.navigation.goToDeepLink'
2025-03-28 12:01:52.585 [DEBUG] [thread-id 1] - Store in: store the value 'Post-transactions' in the variable 'executionStage'
2025-03-28 12:01:52.585 [DEBUG] [thread-id 1] - [38;5;202mOpen deep link
2025-03-28 12:01:52.585 [DEBUG] [thread-id 1] - [38;5;202mwalmart://item/44390950
2025-03-28 12:01:52.586 [DEBUG] [thread-id 1] - Verify value of: '$deepLinkUrl'
2025-03-28 12:01:52.586 [DEBUG] [thread-id 1] - Open link: 'walmart://item/44390950'
2025-03-28 12:01:52.911 [DEBUG] [thread-id 1] - conditionally execute a flow. condition: true
2025-03-28 12:01:55.255 [DEBUG] [thread-id 1] - [38;5;202mDeeplink pop up not displayed
2025-03-28 12:01:55.270 [DEBUG] [thread-id 1] - sleep:  3000 milliseconds
2025-03-28 12:01:58.273 [DEBUG] [thread-id 1] - [0;34mExecuting function: 'unified.us.functions.item.addItemToCart'
2025-03-28 12:01:58.274 [DEBUG] [thread-id 1] - Store in: store the value 'Transactions' in the variable 'executionStage'
2025-03-28 12:01:58.275 [DEBUG] [thread-id 1] - [0;34mExecuting function: 'unified.us.functions.item.validateAndClickAddToCartButton'
2025-03-28 12:02:41.809 [DEBUG] [thread-id 1] - Verify identifier: {stepper.mainButton=[true]}
2025-03-28 12:03:02.213 [DEBUG] [thread-id 1] - [38;5;202mATC button present
2025-03-28 12:03:27.550 [DEBUG] [thread-id 1] - Click element: 'stepper.mainButton'
2025-03-28 12:03:44.992 [WARN] [thread-id 1] - variable skipPostAddToCartSteps was used, but r2 could not find a value for this variable. returning default of null
2025-03-28 12:03:44.993 [DEBUG] [thread-id 1] - conditionally execute a flow. condition: true
2025-03-28 12:04:05.713 [DEBUG] [thread-id 1] - conditionally execute a flow. condition: true
2025-03-28 12:04:27.680 [DEBUG] [thread-id 1] - [0;34mExecuting function: 'unified.us.functions.global.navigation.goToDeepLink'
2025-03-28 12:04:27.681 [DEBUG] [thread-id 1] - Store in: store the value 'Post-transactions' in the variable 'executionStage'
2025-03-28 12:04:27.681 [DEBUG] [thread-id 1] - [38;5;202mOpen deep link
2025-03-28 12:04:27.682 [DEBUG] [thread-id 1] - [38;5;202mwalmart://home
2025-03-28 12:04:27.682 [DEBUG] [thread-id 1] - Verify value of: '$deepLinkUrl'
2025-03-28 12:04:27.682 [DEBUG] [thread-id 1] - Open link: 'walmart://home'
2025-03-28 12:04:30.337 [DEBUG] [thread-id 1] - conditionally execute a flow. condition: true
2025-03-28 12:04:38.617 [DEBUG] [thread-id 1] - [38;5;202mDeeplink pop up not displayed
2025-03-28 12:04:38.826 [DEBUG] [thread-id 1] - sleep:  3000 milliseconds
2025-03-28 12:04:41.873 [DEBUG] [thread-id 1] - Store in: store the value 'false' in the variable 'skipPostAddToCartSteps'
2025-03-28 12:04:41.873 [DEBUG] [thread-id 1] - Store in: store the value 'false' in the variable 'apiFetch'
2025-03-28 12:04:41.873 [DEBUG] [thread-id 1] - [0;34mExecuting function: 'unified.us.functions.global.navigation.goToDeepLink'
2025-03-28 12:04:41.873 [DEBUG] [thread-id 1] - Store in: store the value 'Post-transactions' in the variable 'executionStage'
2025-03-28 12:04:41.873 [DEBUG] [thread-id 1] - [38;5;202mOpen deep link
2025-03-28 12:04:41.874 [DEBUG] [thread-id 1] - [38;5;202mwalmart://item/182565738
2025-03-28 12:04:41.874 [DEBUG] [thread-id 1] - Verify value of: '$deepLinkUrl'
2025-03-28 12:04:41.874 [DEBUG] [thread-id 1] - Open link: 'walmart://item/182565738'
2025-03-28 12:04:42.301 [DEBUG] [thread-id 1] - conditionally execute a flow. condition: true
2025-03-28 12:04:44.645 [DEBUG] [thread-id 1] - [38;5;202mDeeplink pop up not displayed
2025-03-28 12:04:44.831 [DEBUG] [thread-id 1] - sleep:  3000 milliseconds
2025-03-28 12:04:47.840 [DEBUG] [thread-id 1] - [0;34mExecuting function: 'unified.us.functions.item.addItemToCart'
2025-03-28 12:04:47.840 [DEBUG] [thread-id 1] - Store in: store the value 'Transactions' in the variable 'executionStage'
2025-03-28 12:05:11.502 [DEBUG] [thread-id 1] - Verify identifier: {stepper.mainButton=[true]}
2025-03-28 12:05:29.568 [DEBUG] [thread-id 1] - [38;5;202mATC button present
2025-03-28 12:05:52.243 [DEBUG] [thread-id 1] - Click element: 'stepper.mainButton'
2025-03-28 12:06:06.517 [DEBUG] [thread-id 1] - conditionally execute a flow. condition: true
2025-03-28 12:06:24.753 [DEBUG] [thread-id 1] - conditionally execute a flow. condition: true
2025-03-28 12:06:44.086 [DEBUG] [thread-id 1] - Store in: store the value 'Post-transactions' in the variable 'executionStage'
2025-03-28 12:06:44.087 [DEBUG] [thread-id 1] - [38;5;202mOpen deep link
2025-03-28 12:06:44.087 [DEBUG] [thread-id 1] - [38;5;202mwalmart://home
2025-03-28 12:06:44.087 [DEBUG] [thread-id 1] - Verify value of: '$deepLinkUrl'
2025-03-28 12:06:44.088 [DEBUG] [thread-id 1] - Open link: 'walmart://home'
2025-03-28 12:06:46.687 [DEBUG] [thread-id 1] - conditionally execute a flow. condition: true
2025-03-28 12:06:55.467 [DEBUG] [thread-id 1] - [38;5;202mDeeplink pop up not displayed
2025-03-28 12:06:55.637 [DEBUG] [thread-id 1] - sleep:  3000 milliseconds
2025-03-28 12:06:58.723 [DEBUG] [thread-id 1] - Store in: store the value 'false' in the variable 'skipPostAddToCartSteps'
2025-03-28 12:06:58.723 [DEBUG] [thread-id 1] - Store in: store the value 'false' in the variable 'apiFetch'
2025-03-28 12:06:58.724 [DEBUG] [thread-id 1] - [0;34mExecuting function: 'unified.us.functions.global.navigation.goToDeepLink'
2025-03-28 12:06:58.724 [DEBUG] [thread-id 1] - Store in: store the value 'Post-transactions' in the variable 'executionStage'
2025-03-28 12:06:58.724 [DEBUG] [thread-id 1] - [38;5;202mOpen deep link
2025-03-28 12:06:58.724 [DEBUG] [thread-id 1] - [38;5;202mwalmart://home
2025-03-28 12:06:58.724 [DEBUG] [thread-id 1] - Verify value of: '$deepLinkUrl'
2025-03-28 12:06:58.725 [DEBUG] [thread-id 1] - Open link: 'walmart://home'
2025-03-28 12:07:01.425 [DEBUG] [thread-id 1] - conditionally execute a flow. condition: true
2025-03-28 12:07:10.122 [DEBUG] [thread-id 1] - [38;5;202mDeeplink pop up not displayed
2025-03-28 12:07:10.325 [DEBUG] [thread-id 1] - sleep:  3000 milliseconds
2025-03-28 12:07:13.338 [DEBUG] [thread-id 1] - [0;34mExecuting function: 'unified.us.functions.global.navigation.toCartFromNavBar'
2025-03-28 12:07:13.338 [DEBUG] [thread-id 1] - Store in: store the value 'Transactions' in the variable 'executionStage'
2025-03-28 12:07:15.254 [DEBUG] [thread-id 1] - Verify identifier: {//XCUIElementTypeButton[contains(@label, "Your cart")] | //XCUIElementTypeButton[(@name="SearchResultsViewController.cartButton") or (contains(@label,"Your cart contains") and contains(@label,"The estimated total is")) or (@label="Your cart is empty")]=[true]}
2025-03-28 12:07:17.419 [DEBUG] [thread-id 1] - Click element: '//XCUIElementTypeButton[contains(@label, "Your cart")] | //XCUIElementTypeButton[(@name="SearchResultsViewController.cartButton") or (contains(@label,"Your cart contains") and contains(@label,"The estimated total is")) or (@label="Your cart is empty")]'
2025-03-28 12:07:34.541 [DEBUG] [thread-id 1] - [38;5;202mNo Store Change pop up screen displayed
2025-03-28 12:07:48.995 [DEBUG] [thread-id 1] - conditionally execute a flow. condition: false
2025-03-28 12:08:09.414 [DEBUG] [thread-id 1] - conditionally execute a flow. condition: false
2025-03-28 12:08:16.311 [WARN] [thread-id 1] - variable skipValidation was used, but r2 could not find a value for this variable. returning default of null
2025-03-28 12:08:16.312 [DEBUG] [thread-id 1] - conditionally execute a flow. condition: true
2025-03-28 12:08:35.660 [DEBUG] [thread-id 1] - conditionally execute a flow. condition: true
2025-03-28 12:08:42.482 [DEBUG] [thread-id 1] - [38;5;202mcart page loaded
2025-03-28 12:08:43.061 [DEBUG] [thread-id 1] - [0;34mExecuting function: 'unified.us.functions.selectBookingSlot.MBC'
2025-03-28 12:08:43.061 [DEBUG] [thread-id 1] - [38;5;202mSlot booking from the banner for Scheduled Delivery.
2025-03-28 12:08:47.276 [DEBUG] [thread-id 1] - conditionally execute a flow. condition: true
2025-03-28 12:08:58.637 [DEBUG] [thread-id 1] - Click element: '//XCUIElementTypeButton[@name="ArrowedHorizontalCollectionView.rightArrow"]'
2025-03-28 12:09:08.169 [DEBUG] [thread-id 1] - sleep:  1000 milliseconds
2025-03-28 12:09:20.601 [DEBUG] [thread-id 1] - Click element: '//XCUIElementTypeStaticText[contains(@name,"pm")] | //XCUIElementTypeStaticText[contains(@name,"am")]'
2025-03-28 12:09:23.835 [DEBUG] [thread-id 1] - [38;5;202mR2_SUBFLOW_TRANSACTION
2025-03-28 12:09:23.837 [DEBUG] [thread-id 1] - [0;34mExecuting function: 'unified.us.functions.cart.continueToCheckout'
2025-03-28 12:09:39.507 [DEBUG] [thread-id 1] - Verify identifier: {//XCUIElementTypeButton[@name="CartPrimaryCTAButton"] | //XCUIElementTypeButton[@name="CartFinishButton"]=[true]}
2025-03-28 12:09:45.537 [DEBUG] [thread-id 1] - Click element: '//XCUIElementTypeButton[@name="CartPrimaryCTAButton"] | //XCUIElementTypeButton[@name="CartFinishButton"]'
2025-03-28 12:09:48.135 [DEBUG] [thread-id 1] - sleep:  3000 milliseconds
2025-03-28 12:09:51.148 [DEBUG] [thread-id 1] - [0;34mExecuting function: 'unified.us.functions.cart.checkOutGetItFasterPopUp'
2025-03-28 12:10:03.696 [DEBUG] [thread-id 1] - Verify identifier: {//XCUIElementTypeStaticText[contains(@label,"Get it faster")] | //XCUIElementTypeStaticText[contains(@label,"Need it faster")] | //XCUIElementTypeStaticText[@name="Get it faster!"]=[true]}
2025-03-28 12:10:15.356 [DEBUG] [thread-id 1] - Click element: '//XCUIElementTypeStaticText[@label ="No thanks"]'
2025-03-28 12:10:19.947 [DEBUG] [thread-id 1] - [0;34mExecuting function: 'unified.us.functions.cart.handleSafetyAdvice'
2025-03-28 12:10:43.551 [DEBUG] [thread-id 1] - [38;5;202mSafety Advice Header pop up not available
2025-03-28 12:11:16.345 [DEBUG] [thread-id 1] - [0;34mExecuting function: 'unified.us.functions.cart.handleItemUpdatesBottomTray'
2025-03-28 12:11:16.345 [DEBUG] [thread-id 1] - conditionally execute a flow. condition: true
2025-03-28 12:11:24.953 [DEBUG] [thread-id 1] - [38;5;202mNo item update pop up
2025-03-28 12:11:25.714 [DEBUG] [thread-id 1] - conditionally execute a flow. condition: true
2025-03-28 12:11:27.524 [DEBUG] [thread-id 1] - [38;5;202mClicked on Checkout button successfully
2025-03-28 12:11:27.543 [WARN] [thread-id 1] - variable giftItem was used, but r2 could not find a value for this variable. returning default of null
2025-03-28 12:11:27.543 [WARN] [thread-id 1] - variable doNotCloseWplusPopup was used, but r2 could not find a value for this variable. returning default of null
2025-03-28 12:11:27.543 [DEBUG] [thread-id 1] - conditionally execute a flow. condition: false
2025-03-28 12:11:29.265 [DEBUG] [thread-id 1] - [0;34mExecuting function: 'unified.us.functions.home.closeWPlusPromotionPopUpIfDisplayed'
2025-03-28 12:11:29.266 [DEBUG] [thread-id 1] - conditionally execute a flow. condition: true
2025-03-28 12:11:44.197 [DEBUG] [thread-id 1] - [0;34mExecuting function: 'unified.us.functions.wplus.handle.SubstitutionPreferencePopup'
2025-03-28 12:11:45.868 [DEBUG] [thread-id 1] - conditionally execute a flow. condition: true
2025-03-28 12:11:47.542 [DEBUG] [thread-id 1] - [38;5;202mIdentifier Substituion present , skipping tapping on close due to iOS identifier issue
2025-03-28 12:11:49.351 [DEBUG] [thread-id 1] - [0;34mExecuting function: 'unified.us.functions.reviewOrder.verifyMixedBasketConsolidation'
2025-03-28 12:11:49.352 [DEBUG] [thread-id 1] - [0;34mExecuting function: 'us.functions.checkout.reviewOrder.scrollToTopOfReviewOrder'
2025-03-28 12:11:49.352 [DEBUG] [thread-id 1] - [38;5;202mScrolling to top of review order page
2025-03-28 12:11:51.048 [DEBUG] [thread-id 1] - Verify identifier: {Checkout=[true]}
2025-03-28 12:11:51.049 [DEBUG] [thread-id 1] - [0;34mExecuting function: 'us.functions.utils.scrollIfNotVisible'
2025-03-28 12:11:53.931 [DEBUG] [thread-id 1] - Verify identifier: {//*[@name="ReviewOrderViewController.stackView"]/XCUIElementTypeOther[1]//*[@name="FulfillmentTitleView.titlePrefixLabel"] | (//XCUIElementTypeStaticText[@name="FulfillmentTitleView.titlePrefixLabel"])[1]=[true]}
2025-03-28 12:11:55.677 [DEBUG] [thread-id 1] - [38;5;202mElement already visible, scrolling is skipped
2025-03-28 12:11:55.691 [DEBUG] [thread-id 1] - [38;5;202mResetting scrollPosition variable to default
2025-03-28 12:11:55.691 [DEBUG] [thread-id 1] - Store in: store the value 'null' in the variable 'scrollPosition'
2025-03-28 12:11:55.691 [DEBUG] [thread-id 1] - Store in: store the value 'null' in the variable 'identifierScope'
2025-03-28 12:11:55.691 [DEBUG] [thread-id 1] - Store in: store the value 'null' in the variable 'limit'
2025-03-28 12:11:56.576 [DEBUG] [thread-id 1] - conditionally execute a flow. condition: true
2025-03-28 12:11:58.383 [DEBUG] [thread-id 1] - [38;5;202mMixed Basket Consolidation is happening !!!
2025-03-28 12:11:59.294 [DEBUG] [thread-id 1] - Verify identifier: {//XCUIElementTypeStaticText[@value="Delivery from store"]=[true]}
2025-03-28 12:11:59.294 [DEBUG] [thread-id 1] - Store in: store the value 'passed' in the variable 'testStatus'
2025-03-28 12:12:03.063 [DEBUG] [thread-id 1] - [0;34mExecuting scenario: 'After'
2025-03-28 12:12:03.064 [DEBUG] [thread-id 1] - [0;34mExecuting function: 'unified.us.functions.utils.afterSteps'
2025-03-28 12:12:03.065 [DEBUG] [thread-id 1] - conditionally execute a flow. condition: true
2025-03-28 12:12:04.801 [DEBUG] [thread-id 1] - [38;5;202mTest passed
2025-03-28 12:12:10.044 [DEBUG] [thread-id 1] - Created report: /Users/m0k0a2f/glass-automation/report/index.html
2025-03-28 12:45:17.167 [ERROR] [thread-id 1] - com.walmartlabs.exception.TestsNotExecutedException: Cannot find tags or tests with name: C2728517-unified
2025-03-28 12:51:28.271 [DEBUG] [thread-id 1] - [0;34mExecuting R2 5.5.0: '/Users/m0k0a2f/glass-automation/us/unified-e2e-tests/test-scripts/ecomm-and-fulfillment-flows/consolidated-shipping-flows/production/C2728517-mixed-basket-consolidation.yaml' on device: 'iPhone 14'
2025-03-28 12:52:01.693 [ERROR] [thread-id 1] - error setting up appium session: 
org.openqa.selenium.SessionNotCreatedException: Could not start a new session. Response code 500. Message: An unknown server-side error occurred while processing the command. Original error: '16.1' does not exist in the list of simctl SDKs. Only the following Simulator SDK versions are available on your system: 17.4, 15.0, 16.4, 15.2 
Host info: host: 'm-xqkh4fwq5j', ip: 'fd00:f85b:3b8e:a30b:0:0:0:12bb%en0'
Build info: version: '4.25.0', revision: '8a8aea2337'
System info: os.name: 'Mac OS X', os.arch: 'aarch64', os.version: '15.3.2', java.version: '20.0.1'
Driver info: io.appium.java_client.ios.IOSDriver
Command: [null, newSession {capabilities=[Capabilities {appium:app: /Users/m0k0a2f/glass-automa..., appium:appiumVersion: 2.0.0, appium:autoAcceptAlerts: true, appium:automationName: XCUITest, appium:bundleId: com.walmart.beta.electronics, appium:commandTimeout: 600, appium:deviceName: iPhone 14, appium:fullReset: false, appium:idleTimeout: 1000, appium:iosInstallPause: 20000, appium:launchTimeout: 6000000, appium:name: C2728517-mixed-basket-conso..., appium:newCommandTimeout: 90000, appium:noReset: false, appium:orientation: PORTRAIT, appium:platformVersion: 16.1, appium:processArguments: {"env":{"config":"{\"enviro..., appium:public: share, appium:waitForQuiescence: false, platformName: IOS}]}]
Capabilities {appium:app: /Users/m0k0a2f/glass-automa..., appium:appiumVersion: 2.0.0, appium:autoAcceptAlerts: true, appium:automationName: XCUITest, appium:bundleId: com.walmart.beta.electronics, appium:commandTimeout: 600, appium:deviceName: iPhone 14, appium:fullReset: false, appium:idleTimeout: 1000, appium:iosInstallPause: 20000, appium:launchTimeout: 6000000, appium:name: C2728517-mixed-basket-conso..., appium:newCommandTimeout: 90000, appium:noReset: false, appium:orientation: PORTRAIT, appium:platformVersion: 16.1, appium:processArguments: {"env":{"config":"{\"enviro..., appium:public: share, appium:waitForQuiescence: false, platformName: IOS}
	at org.openqa.selenium.remote.ProtocolHandshake.createSession(ProtocolHandshake.java:114) ~[r2-5.5.0.jar:5.5.0]
	at org.openqa.selenium.remote.ProtocolHandshake.createSession(ProtocolHandshake.java:75) ~[r2-5.5.0.jar:5.5.0]
	at org.openqa.selenium.remote.ProtocolHandshake.createSession(ProtocolHandshake.java:61) ~[r2-5.5.0.jar:5.5.0]
	at io.appium.java_client.remote.AppiumCommandExecutor.createSession(AppiumCommandExecutor.java:176) ~[r2-5.5.0.jar:5.5.0]
	at io.appium.java_client.remote.AppiumCommandExecutor.execute(AppiumCommandExecutor.java:237) ~[r2-5.5.0.jar:5.5.0]
	at org.openqa.selenium.remote.RemoteWebDriver.execute(RemoteWebDriver.java:545) ~[r2-5.5.0.jar:5.5.0]
	at io.appium.java_client.AppiumDriver.startSession(AppiumDriver.java:270) ~[r2-5.5.0.jar:5.5.0]
	at org.openqa.selenium.remote.RemoteWebDriver.<init>(RemoteWebDriver.java:174) ~[r2-5.5.0.jar:5.5.0]
	at io.appium.java_client.AppiumDriver.<init>(AppiumDriver.java:91) ~[r2-5.5.0.jar:5.5.0]
	at io.appium.java_client.AppiumDriver.<init>(AppiumDriver.java:103) ~[r2-5.5.0.jar:5.5.0]
	at io.appium.java_client.ios.IOSDriver.<init>(IOSDriver.java:101) ~[r2-5.5.0.jar:5.5.0]
	at com.walmartlabs.executor.Appium.setupDriver(Appium.java:711) ~[r2-5.5.0.jar:5.5.0]
	at com.walmartlabs.executor.Appium.setupAppium(Appium.java:636) ~[r2-5.5.0.jar:5.5.0]
	at com.walmartlabs.executor.Executor.start(Executor.java:368) [r2-5.5.0.jar:5.5.0]
	at com.walmartlabs.executor.Executor.startExecution(Executor.java:195) [r2-5.5.0.jar:5.5.0]
	at com.walmartlabs.executor.MultipleConfigExecutor.executeConfig(MultipleConfigExecutor.java:319) [r2-5.5.0.jar:5.5.0]
	at com.walmartlabs.executor.MultipleConfigExecutor.start(MultipleConfigExecutor.java:146) [r2-5.5.0.jar:5.5.0]
	at com.walmartlabs.R2.start(R2.java:88) [r2-5.5.0.jar:5.5.0]
	at com.walmartlabs.R2.main(R2.java:133) [r2-5.5.0.jar:5.5.0]
2025-03-28 12:52:02.101 [DEBUG] [thread-id 1] - Created report: /Users/m0k0a2f/glass-automation/report/index.html
2025-03-28 13:13:44.857 [DEBUG] [thread-id 1] - [0;34mExecuting R2 5.5.0: '/Users/m0k0a2f/glass-automation/us/unified-e2e-tests/test-scripts/ecomm-and-fulfillment-flows/consolidated-shipping-flows/production/C2728517-mixed-basket-consolidation.yaml' on device: 'iPhone 15'
2025-03-28 13:14:46.013 [DEBUG] [thread-id 1] - [0;34mExecuting scenario: 'Before'
2025-03-28 13:14:46.018 [DEBUG] [thread-id 1] - [0;34mExecuting function: 'us.function.utils.getEnvironmentValue'
2025-03-28 13:14:46.018 [DEBUG] [thread-id 1] - Store in: store the value 'Onboarding' in the variable 'executionStage'
2025-03-28 13:14:46.019 [DEBUG] [thread-id 1] - Store in: store the value 'production' in the variable 'env'
2025-03-28 13:14:46.019 [DEBUG] [thread-id 1] - Timestamp: 1743192886019
2025-03-28 13:14:46.020 [DEBUG] [thread-id 1] - [0;34mExecuting function: 'functions.utils.setPlatformInfo'
2025-03-28 13:14:46.020 [DEBUG] [thread-id 1] - Store in: store the value 'Onboarding' in the variable 'executionStage'
2025-03-28 13:14:46.022 [WARN] [thread-id 1] - variable dependencies.general.appPackage was used, but r2 could not find a value for this variable. returning default of null
2025-03-28 13:14:46.023 [DEBUG] [thread-id 1] - Store in: store the value 'null' in the variable 'appPackage'
2025-03-28 13:14:46.032 [DEBUG] [thread-id 1] - conditionally execute a flow. condition: true
2025-03-28 13:14:46.252 [DEBUG] [thread-id 1] - Store in: store the value 'iOS' in the variable 'platform'
2025-03-28 13:14:46.258 [DEBUG] [thread-id 1] - [38;5;202mR2_SUBFLOW_PRE_TRANSACTION
2025-03-28 13:14:46.805 [DEBUG] [thread-id 1] - [38;5;202mUsing us-errors-helpers.yaml
2025-03-28 13:14:47.258 [DEBUG] [thread-id 1] - [38;5;202mStart Main
2025-03-28 13:14:47.259 [DEBUG] [thread-id 1] - [0;34mExecuting function: 'unified.us.functions.global.onboarding.navigateOnboardingToHome'
2025-03-28 13:14:47.259 [DEBUG] [thread-id 1] - Store in: store the value 'onboarding' in the variable 'executionStage'
2025-03-28 13:14:47.259 [DEBUG] [thread-id 1] - [38;5;202mWelcome screen loaded
2025-03-28 13:14:47.263 [DEBUG] [thread-id 1] - conditionally execute a flow. condition: true
2025-03-28 13:14:47.476 [DEBUG] [thread-id 1] - Verify identifier: {cta.cancel.welcome=[true]}
2025-03-28 13:14:47.698 [DEBUG] [thread-id 1] - Store in: store the value 'true' in the variable 'testStarted'
2025-03-28 13:14:47.955 [DEBUG] [thread-id 1] - Click element: 'cta.cancel.welcome'
2025-03-28 13:14:48.779 [DEBUG] [thread-id 1] - [38;5;202mNotifiction Prompt screen loaded
2025-03-28 13:14:49.035 [DEBUG] [thread-id 1] - Verify identifier: {NotificationPermissionViewController.titleLabel=[true]}
2025-03-28 13:14:49.294 [WARN] [thread-id 1] - variable allowNotifications was used, but r2 could not find a value for this variable. returning default of null
2025-03-28 13:14:49.294 [DEBUG] [thread-id 1] - conditionally execute a flow. condition: false
2025-03-28 13:14:51.580 [DEBUG] [thread-id 1] - Click element: 'cta.cancel.notifications'
2025-03-28 13:14:52.000 [DEBUG] [thread-id 1] - [38;5;202mlocation screen loaded
2025-03-28 13:14:52.257 [DEBUG] [thread-id 1] - Verify identifier: {LocationPermissionViewController.titleLabel=[true]}
2025-03-28 13:14:52.257 [DEBUG] [thread-id 1] - Store in: store the value 'true' in the variable 'testStarted'
2025-03-28 13:14:52.296 [DEBUG] [thread-id 1] - Click element: 'Enter zip code'
2025-03-28 13:14:52.971 [DEBUG] [thread-id 1] - Verify identifier: {label.postal-code-entry=[true]}
2025-03-28 13:14:52.971 [DEBUG] [thread-id 1] - sleep:  2000 milliseconds
2025-03-28 13:14:55.024 [DEBUG] [thread-id 1] - Enter text: '95122'
2025-03-28 13:14:56.435 [DEBUG] [thread-id 1] - Click element: 'cta.continue'
2025-03-28 13:14:56.893 [DEBUG] [thread-id 1] - sleep:  3000 milliseconds
2025-03-28 13:15:09.936 [DEBUG] [thread-id 1] - [0;34mExecuting function: 'unified.us.functions.home.handlePersonalizedScreen'
2025-03-28 13:15:10.146 [DEBUG] [thread-id 1] - conditionally execute a flow. condition: true
2025-03-28 13:15:10.355 [DEBUG] [thread-id 1] - [38;5;202mObserved Personalize Shopping Screen
2025-03-28 13:15:10.572 [DEBUG] [thread-id 1] - Verify identifier: {ATTPermissionViewController.bodyLabel=[true]}
2025-03-28 13:15:11.020 [DEBUG] [thread-id 1] - conditionally execute a flow. condition: true
2025-03-28 13:15:11.264 [DEBUG] [thread-id 1] - Click element: 'cta.continue.location'
2025-03-28 13:15:13.040 [DEBUG] [thread-id 1] - [38;5;28mPersonalized Shopping Experience Screen Handled.
2025-03-28 13:15:25.907 [DEBUG] [thread-id 1] - [0;34mExecuting function: 'unified.us.functions.home.toolTip'
2025-03-28 13:15:27.913 [DEBUG] [thread-id 1] - conditionally execute a flow. condition: true
2025-03-28 13:15:30.097 [DEBUG] [thread-id 1] - [38;5;202mtooltip displayed
2025-03-28 13:15:34.285 [DEBUG] [thread-id 1] - Click element with offset: '//XCUIElementTypeButton[@name="LDCallout.closeLinkButton"]'
2025-03-28 13:15:38.760 [DEBUG] [thread-id 1] - Click element with offset: '//XCUIElementTypeButton[@name="LDCallout.closeLinkButton"]'
2025-03-28 13:15:43.314 [DEBUG] [thread-id 1] - Click element with offset: '//XCUIElementTypeButton[@name="LDCallout.closeLinkButton"]'
2025-03-28 13:15:47.772 [DEBUG] [thread-id 1] - Click element with offset: '//XCUIElementTypeButton[@name="LDCallout.closeLinkButton"]'
2025-03-28 13:15:52.206 [DEBUG] [thread-id 1] - Click element with offset: '//XCUIElementTypeButton[@name="LDCallout.closeLinkButton"]'
2025-03-28 13:15:53.572 [DEBUG] [thread-id 1] - [0;31mMain failed: Cannot click '//XCUIElementTypeButton[@name="LDCallout.closeLinkButton"]'
2025-03-28 13:15:58.092 [DEBUG] [thread-id 1] - [0;34mExecuting scenario: 'After'
2025-03-28 13:15:58.094 [DEBUG] [thread-id 1] - [0;34mExecuting function: 'unified.us.functions.utils.afterSteps'
2025-03-28 13:15:58.094 [WARN] [thread-id 1] - variable testStatus was used, but r2 could not find a value for this variable. returning default of null
2025-03-28 13:15:58.094 [DEBUG] [thread-id 1] - conditionally execute a flow. condition: false
2025-03-28 13:16:00.125 [DEBUG] [thread-id 1] - [38;5;202mTest failed
2025-03-28 13:16:08.659 [DEBUG] [thread-id 1] - Created report: /Users/m0k0a2f/glass-automation/report/index.html
2025-03-28 16:25:58.881 [DEBUG] [thread-id 1] - [0;34mExecuting R2 5.5.0: '/Users/m0k0a2f/glass-automation/us/unified-e2e-tests/test-scripts/ecomm-and-fulfillment-flows/consolidated-shipping-flows/production/C2728517-mixed-basket-consolidation.yaml' on device: 'iPhone 15'
2025-03-28 16:35:01.944 [DEBUG] [thread-id 1] - [0;34mExecuting scenario: 'After'
2025-03-28 16:35:01.951 [DEBUG] [thread-id 1] - [0;34mExecuting function: 'unified.us.functions.utils.afterSteps'
2025-03-28 16:35:01.953 [WARN] [thread-id 1] - variable testStatus was used, but r2 could not find a value for this variable. returning default of null
2025-03-28 16:35:01.969 [DEBUG] [thread-id 1] - conditionally execute a flow. condition: false
2025-03-28 16:36:36.560 [DEBUG] [thread-id 1] - [38;5;202mTest failed
2025-03-28 16:36:37.490 [ERROR] [thread-id 1] - org.openqa.selenium.WebDriverException: An unknown server-side error occurred while processing the command. Original error: Could not proxy command to the remote server. Original error: connect ECONNREFUSED 127.0.0.1:8100
Build info: version: '4.25.0', revision: '8a8aea2337'
System info: os.name: 'Mac OS X', os.arch: 'aarch64', os.version: '15.3.2', java.version: '20.0.1'
Driver info: io.appium.java_client.ios.IOSDriver
Command: [6df49709-108e-4d41-9e26-199d1c489643, executeScript {args=[{bundleId=com.walmart.beta.electronics}], script=mobile: queryAppState}]
Capabilities {appium:app: /Users/m0k0a2f/glass-automa..., appium:appiumVersion: 2.0.0, appium:autoAcceptAlerts: true, appium:autoGrantPermissions: true, appium:automationName: XCUITest, appium:bundleId: com.walmart.beta.electronics, appium:commandTimeout: 600, appium:databaseEnabled: false, appium:deviceName: iPhone 15, appium:fullReset: false, appium:idleTimeout: 1000, appium:iosInstallPause: 20000, appium:javascriptEnabled: true, appium:launchTimeout: 6000000, appium:locationContextEnabled: false, appium:name: C2728517-mixed-basket-conso..., appium:networkConnectionEnabled: false, appium:newCommandTimeout: 90000, appium:noReset: false, appium:orientation: PORTRAIT, appium:permissions: true, appium:platformVersion: 17.4, appium:processArguments: {args: [-kGlassExpEnabled, true, -com.walmart.px.skip-catcha, YES], env: {config: {"environment":"production"}}}, appium:public: share, appium:takesScreenshot: true, appium:udid: A8620649-FB31-434C-8256-561..., appium:waitForQuiescence: false, appium:webStorageEnabled: false, platformName: IOS}
Session ID: 6df49709-108e-4d41-9e26-199d1c489643
2025-03-28 16:36:37.900 [DEBUG] [thread-id 1] - Created report: /Users/m0k0a2f/glass-automation/report/index.html
2025-03-28 16:37:39.567 [DEBUG] [thread-id 1] - [0;34mExecuting R2 5.5.0: '/Users/m0k0a2f/glass-automation/us/unified-e2e-tests/test-scripts/ecomm-and-fulfillment-flows/consolidated-shipping-flows/production/C2728517-mixed-basket-consolidation.yaml' on device: 'iPhone 15'
2025-03-28 16:40:03.713 [DEBUG] [thread-id 1] - [0;34mExecuting scenario: 'Before'
2025-03-28 16:40:03.717 [DEBUG] [thread-id 1] - [0;34mExecuting function: 'us.function.utils.getEnvironmentValue'
2025-03-28 16:40:03.718 [DEBUG] [thread-id 1] - Store in: store the value 'Onboarding' in the variable 'executionStage'
2025-03-28 16:40:03.718 [DEBUG] [thread-id 1] - Store in: store the value 'production' in the variable 'env'
2025-03-28 16:40:03.718 [DEBUG] [thread-id 1] - Timestamp: 1743205203718
2025-03-28 16:40:03.719 [DEBUG] [thread-id 1] - [0;34mExecuting function: 'functions.utils.setPlatformInfo'
2025-03-28 16:40:03.719 [DEBUG] [thread-id 1] - Store in: store the value 'Onboarding' in the variable 'executionStage'
2025-03-28 16:40:03.721 [WARN] [thread-id 1] - variable dependencies.general.appPackage was used, but r2 could not find a value for this variable. returning default of null
2025-03-28 16:40:03.722 [DEBUG] [thread-id 1] - Store in: store the value 'null' in the variable 'appPackage'
2025-03-28 16:40:03.731 [DEBUG] [thread-id 1] - conditionally execute a flow. condition: true
2025-03-28 16:40:03.937 [DEBUG] [thread-id 1] - Store in: store the value 'iOS' in the variable 'platform'
2025-03-28 16:40:03.948 [DEBUG] [thread-id 1] - [38;5;202mR2_SUBFLOW_PRE_TRANSACTION
2025-03-28 16:40:04.472 [DEBUG] [thread-id 1] - [38;5;202mUsing us-errors-helpers.yaml
2025-03-28 16:40:04.947 [DEBUG] [thread-id 1] - [38;5;202mStart Main
2025-03-28 16:40:04.948 [DEBUG] [thread-id 1] - [0;34mExecuting function: 'unified.us.functions.global.onboarding.navigateOnboardingToHome'
2025-03-28 16:40:04.948 [DEBUG] [thread-id 1] - Store in: store the value 'onboarding' in the variable 'executionStage'
2025-03-28 16:40:04.948 [DEBUG] [thread-id 1] - [38;5;202mWelcome screen loaded
2025-03-28 16:40:04.951 [DEBUG] [thread-id 1] - conditionally execute a flow. condition: true
2025-03-28 16:40:05.168 [DEBUG] [thread-id 1] - Verify identifier: {cta.cancel.welcome=[true]}
2025-03-28 16:40:05.384 [DEBUG] [thread-id 1] - Store in: store the value 'true' in the variable 'testStarted'
2025-03-28 16:40:05.660 [DEBUG] [thread-id 1] - Click element: 'cta.cancel.welcome'
2025-03-28 16:40:06.605 [DEBUG] [thread-id 1] - [38;5;202mNotifiction Prompt screen loaded
2025-03-28 16:40:06.877 [DEBUG] [thread-id 1] - Verify identifier: {NotificationPermissionViewController.titleLabel=[true]}
2025-03-28 16:40:07.137 [WARN] [thread-id 1] - variable allowNotifications was used, but r2 could not find a value for this variable. returning default of null
2025-03-28 16:40:07.140 [DEBUG] [thread-id 1] - conditionally execute a flow. condition: false
2025-03-28 16:40:09.473 [DEBUG] [thread-id 1] - Click element: 'cta.cancel.notifications'
2025-03-28 16:40:09.946 [DEBUG] [thread-id 1] - [38;5;202mlocation screen loaded
2025-03-28 16:40:10.179 [DEBUG] [thread-id 1] - Verify identifier: {LocationPermissionViewController.titleLabel=[true]}
2025-03-28 16:40:10.179 [DEBUG] [thread-id 1] - Store in: store the value 'true' in the variable 'testStarted'
2025-03-28 16:40:10.216 [DEBUG] [thread-id 1] - Click element: 'Enter zip code'
2025-03-28 16:40:10.874 [DEBUG] [thread-id 1] - Verify identifier: {label.postal-code-entry=[true]}
2025-03-28 16:40:10.874 [DEBUG] [thread-id 1] - sleep:  2000 milliseconds
2025-03-28 16:40:12.939 [DEBUG] [thread-id 1] - Enter text: '95122'
2025-03-28 16:40:14.292 [DEBUG] [thread-id 1] - Click element: 'cta.continue'
2025-03-28 16:40:14.785 [DEBUG] [thread-id 1] - sleep:  3000 milliseconds
2025-03-28 16:40:28.008 [DEBUG] [thread-id 1] - [0;34mExecuting function: 'unified.us.functions.home.handlePersonalizedScreen'
2025-03-28 16:40:28.212 [DEBUG] [thread-id 1] - conditionally execute a flow. condition: true
2025-03-28 16:40:28.421 [DEBUG] [thread-id 1] - [38;5;202mObserved Personalize Shopping Screen
2025-03-28 16:40:28.646 [DEBUG] [thread-id 1] - Verify identifier: {ATTPermissionViewController.bodyLabel=[true]}
2025-03-28 16:40:29.068 [DEBUG] [thread-id 1] - conditionally execute a flow. condition: true
2025-03-28 16:40:29.308 [DEBUG] [thread-id 1] - Click element: 'cta.continue.location'
2025-03-28 16:40:30.976 [DEBUG] [thread-id 1] - [38;5;28mPersonalized Shopping Experience Screen Handled.
2025-03-28 16:40:42.825 [DEBUG] [thread-id 1] - [0;34mExecuting function: 'unified.us.functions.home.toolTip'
2025-03-28 16:40:44.815 [DEBUG] [thread-id 1] - conditionally execute a flow. condition: true
2025-03-28 16:40:46.915 [DEBUG] [thread-id 1] - [38;5;202mtooltip displayed
2025-03-28 16:40:52.896 [DEBUG] [thread-id 1] - Click element with offset: '//XCUIElementTypeButton[@name="LDCallout.closeLinkButton"]'
2025-03-28 16:40:57.256 [DEBUG] [thread-id 1] - Click element with offset: '//XCUIElementTypeButton[@name="LDCallout.closeLinkButton"]'
2025-03-28 16:41:01.702 [DEBUG] [thread-id 1] - Click element with offset: '//XCUIElementTypeButton[@name="LDCallout.closeLinkButton"]'
2025-03-28 16:41:06.182 [DEBUG] [thread-id 1] - Click element with offset: '//XCUIElementTypeButton[@name="LDCallout.closeLinkButton"]'
2025-03-28 16:41:10.703 [DEBUG] [thread-id 1] - Click element with offset: '//XCUIElementTypeButton[@name="LDCallout.closeLinkButton"]'
2025-03-28 16:41:12.019 [DEBUG] [thread-id 1] - [0;31mMain failed: Cannot click '//XCUIElementTypeButton[@name="LDCallout.closeLinkButton"]'
2025-03-28 16:41:16.190 [DEBUG] [thread-id 1] - [0;34mExecuting scenario: 'After'
2025-03-28 16:41:16.191 [DEBUG] [thread-id 1] - [0;34mExecuting function: 'unified.us.functions.utils.afterSteps'
2025-03-28 16:41:16.191 [WARN] [thread-id 1] - variable testStatus was used, but r2 could not find a value for this variable. returning default of null
2025-03-28 16:41:16.192 [DEBUG] [thread-id 1] - conditionally execute a flow. condition: false
2025-03-28 16:41:18.157 [DEBUG] [thread-id 1] - [38;5;202mTest failed
2025-03-28 16:41:26.509 [DEBUG] [thread-id 1] - Created report: /Users/m0k0a2f/glass-automation/report/index.html
2025-03-28 16:45:25.629 [DEBUG] [thread-id 1] - [0;34mExecuting R2 5.5.0: '/Users/m0k0a2f/glass-automation/us/unified-e2e-tests/test-scripts/ecomm-and-fulfillment-flows/consolidated-shipping-flows/production/C2728517-mixed-basket-consolidation.yaml' on device: 'iPhone 15'
2025-03-28 16:46:24.465 [DEBUG] [thread-id 1] - [0;34mExecuting scenario: 'Before'
2025-03-28 16:46:24.468 [DEBUG] [thread-id 1] - [0;34mExecuting function: 'us.function.utils.getEnvironmentValue'
2025-03-28 16:46:24.469 [DEBUG] [thread-id 1] - Store in: store the value 'Onboarding' in the variable 'executionStage'
2025-03-28 16:46:24.469 [DEBUG] [thread-id 1] - Store in: store the value 'production' in the variable 'env'
2025-03-28 16:46:24.469 [DEBUG] [thread-id 1] - Timestamp: 1743205584469
2025-03-28 16:46:24.470 [DEBUG] [thread-id 1] - [0;34mExecuting function: 'functions.utils.setPlatformInfo'
2025-03-28 16:46:24.470 [DEBUG] [thread-id 1] - Store in: store the value 'Onboarding' in the variable 'executionStage'
2025-03-28 16:46:24.473 [WARN] [thread-id 1] - variable dependencies.general.appPackage was used, but r2 could not find a value for this variable. returning default of null
2025-03-28 16:46:24.473 [DEBUG] [thread-id 1] - Store in: store the value 'null' in the variable 'appPackage'
2025-03-28 16:46:24.481 [DEBUG] [thread-id 1] - conditionally execute a flow. condition: true
2025-03-28 16:46:24.693 [DEBUG] [thread-id 1] - Store in: store the value 'iOS' in the variable 'platform'
2025-03-28 16:46:24.700 [DEBUG] [thread-id 1] - [38;5;202mR2_SUBFLOW_PRE_TRANSACTION
2025-03-28 16:46:25.135 [DEBUG] [thread-id 1] - [38;5;202mUsing us-errors-helpers.yaml
2025-03-28 16:46:25.592 [DEBUG] [thread-id 1] - [38;5;202mStart Main
2025-03-28 16:46:25.593 [DEBUG] [thread-id 1] - [0;34mExecuting function: 'unified.us.functions.global.onboarding.navigateOnboardingToHome'
2025-03-28 16:46:25.593 [DEBUG] [thread-id 1] - Store in: store the value 'onboarding' in the variable 'executionStage'
2025-03-28 16:46:25.593 [DEBUG] [thread-id 1] - [38;5;202mWelcome screen loaded
2025-03-28 16:46:25.596 [DEBUG] [thread-id 1] - conditionally execute a flow. condition: true
2025-03-28 16:46:25.816 [DEBUG] [thread-id 1] - Verify identifier: {cta.cancel.welcome=[true]}
2025-03-28 16:46:26.038 [DEBUG] [thread-id 1] - Store in: store the value 'true' in the variable 'testStarted'
2025-03-28 16:46:26.300 [DEBUG] [thread-id 1] - Click element: 'cta.cancel.welcome'
2025-03-28 16:46:27.099 [DEBUG] [thread-id 1] - [38;5;202mNotifiction Prompt screen loaded
2025-03-28 16:46:27.362 [DEBUG] [thread-id 1] - Verify identifier: {NotificationPermissionViewController.titleLabel=[true]}
2025-03-28 16:46:27.614 [WARN] [thread-id 1] - variable allowNotifications was used, but r2 could not find a value for this variable. returning default of null
2025-03-28 16:46:27.614 [DEBUG] [thread-id 1] - conditionally execute a flow. condition: false
2025-03-28 16:46:29.923 [DEBUG] [thread-id 1] - Click element: 'cta.cancel.notifications'
2025-03-28 16:46:30.370 [DEBUG] [thread-id 1] - [38;5;202mlocation screen loaded
2025-03-28 16:46:30.620 [DEBUG] [thread-id 1] - Verify identifier: {LocationPermissionViewController.titleLabel=[true]}
2025-03-28 16:46:30.620 [DEBUG] [thread-id 1] - Store in: store the value 'true' in the variable 'testStarted'
2025-03-28 16:46:30.658 [DEBUG] [thread-id 1] - Click element: 'Enter zip code'
2025-03-28 16:46:31.347 [DEBUG] [thread-id 1] - Verify identifier: {label.postal-code-entry=[true]}
2025-03-28 16:46:31.348 [DEBUG] [thread-id 1] - sleep:  2000 milliseconds
2025-03-28 16:46:33.409 [DEBUG] [thread-id 1] - Enter text: '95122'
2025-03-28 16:46:34.621 [DEBUG] [thread-id 1] - Click element: 'cta.continue'
2025-03-28 16:46:35.112 [DEBUG] [thread-id 1] - sleep:  3000 milliseconds
2025-03-28 16:46:48.415 [DEBUG] [thread-id 1] - [0;34mExecuting function: 'unified.us.functions.home.handlePersonalizedScreen'
2025-03-28 16:46:48.627 [DEBUG] [thread-id 1] - conditionally execute a flow. condition: true
2025-03-28 16:46:48.837 [DEBUG] [thread-id 1] - [38;5;202mObserved Personalize Shopping Screen
2025-03-28 16:46:49.060 [DEBUG] [thread-id 1] - Verify identifier: {ATTPermissionViewController.bodyLabel=[true]}
2025-03-28 16:46:49.518 [DEBUG] [thread-id 1] - conditionally execute a flow. condition: true
2025-03-28 16:46:49.770 [DEBUG] [thread-id 1] - Click element: 'cta.continue.location'
2025-03-28 16:46:51.561 [DEBUG] [thread-id 1] - [38;5;28mPersonalized Shopping Experience Screen Handled.
2025-03-28 16:47:02.245 [DEBUG] [thread-id 1] - [0;34mExecuting function: 'unified.us.functions.home.toolTip'
2025-03-28 16:47:04.272 [DEBUG] [thread-id 1] - conditionally execute a flow. condition: true
2025-03-28 16:47:06.471 [DEBUG] [thread-id 1] - [38;5;202mtooltip displayed
2025-03-28 16:47:12.880 [DEBUG] [thread-id 1] - Click element with offset: '//XCUIElementTypeButton[@name="LDCallout.closeLinkButton"]'
2025-03-28 16:47:17.420 [DEBUG] [thread-id 1] - Click element with offset: '//XCUIElementTypeButton[@name="LDCallout.closeLinkButton"]'
2025-03-28 16:47:21.914 [DEBUG] [thread-id 1] - Click element with offset: '//XCUIElementTypeButton[@name="LDCallout.closeLinkButton"]'
2025-03-28 16:47:26.384 [DEBUG] [thread-id 1] - Click element with offset: '//XCUIElementTypeButton[@name="LDCallout.closeLinkButton"]'
2025-03-28 16:48:56.555 [DEBUG] [thread-id 1] - [0;34mExecuting R2 5.5.0: '/Users/m0k0a2f/glass-automation/us/unified-e2e-tests/test-scripts/ecomm-and-fulfillment-flows/consolidated-shipping-flows/production/C2728517-mixed-basket-consolidation.yaml' on device: 'iPhone 15'
2025-03-28 16:49:56.832 [DEBUG] [thread-id 1] - [0;34mExecuting scenario: 'Before'
2025-03-28 16:49:56.836 [DEBUG] [thread-id 1] - [0;34mExecuting function: 'us.function.utils.getEnvironmentValue'
2025-03-28 16:49:56.836 [DEBUG] [thread-id 1] - Store in: store the value 'Onboarding' in the variable 'executionStage'
2025-03-28 16:49:56.837 [DEBUG] [thread-id 1] - Store in: store the value 'production' in the variable 'env'
2025-03-28 16:49:56.837 [DEBUG] [thread-id 1] - Timestamp: 1743205796837
2025-03-28 16:49:56.838 [DEBUG] [thread-id 1] - [0;34mExecuting function: 'functions.utils.setPlatformInfo'
2025-03-28 16:49:56.839 [DEBUG] [thread-id 1] - Store in: store the value 'Onboarding' in the variable 'executionStage'
2025-03-28 16:49:56.841 [WARN] [thread-id 1] - variable dependencies.general.appPackage was used, but r2 could not find a value for this variable. returning default of null
2025-03-28 16:49:56.841 [DEBUG] [thread-id 1] - Store in: store the value 'null' in the variable 'appPackage'
2025-03-28 16:49:56.850 [DEBUG] [thread-id 1] - conditionally execute a flow. condition: true
2025-03-28 16:49:57.074 [DEBUG] [thread-id 1] - Store in: store the value 'iOS' in the variable 'platform'
2025-03-28 16:49:57.081 [DEBUG] [thread-id 1] - [38;5;202mR2_SUBFLOW_PRE_TRANSACTION
2025-03-28 16:49:57.525 [DEBUG] [thread-id 1] - [38;5;202mUsing us-errors-helpers.yaml
2025-03-28 16:49:58.022 [DEBUG] [thread-id 1] - [38;5;202mStart Main
2025-03-28 16:49:58.023 [DEBUG] [thread-id 1] - [0;34mExecuting function: 'unified.us.functions.global.onboarding.navigateOnboardingToHome'
2025-03-28 16:49:58.023 [DEBUG] [thread-id 1] - Store in: store the value 'onboarding' in the variable 'executionStage'
2025-03-28 16:49:58.023 [DEBUG] [thread-id 1] - [38;5;202mWelcome screen loaded
2025-03-28 16:49:58.026 [DEBUG] [thread-id 1] - conditionally execute a flow. condition: true
2025-03-28 16:49:58.243 [DEBUG] [thread-id 1] - Verify identifier: {cta.cancel.welcome=[true]}
2025-03-28 16:49:58.481 [DEBUG] [thread-id 1] - Store in: store the value 'true' in the variable 'testStarted'
2025-03-28 16:49:58.779 [DEBUG] [thread-id 1] - Click element: 'cta.cancel.welcome'
2025-03-28 16:49:59.625 [DEBUG] [thread-id 1] - [38;5;202mNotifiction Prompt screen loaded
2025-03-28 16:49:59.903 [DEBUG] [thread-id 1] - Verify identifier: {NotificationPermissionViewController.titleLabel=[true]}
2025-03-28 16:50:00.193 [WARN] [thread-id 1] - variable allowNotifications was used, but r2 could not find a value for this variable. returning default of null
2025-03-28 16:50:00.193 [DEBUG] [thread-id 1] - conditionally execute a flow. condition: false
2025-03-28 16:50:02.477 [DEBUG] [thread-id 1] - Click element: 'cta.cancel.notifications'
2025-03-28 16:50:02.920 [DEBUG] [thread-id 1] - [38;5;202mlocation screen loaded
2025-03-28 16:50:03.171 [DEBUG] [thread-id 1] - Verify identifier: {LocationPermissionViewController.titleLabel=[true]}
2025-03-28 16:50:03.171 [DEBUG] [thread-id 1] - Store in: store the value 'true' in the variable 'testStarted'
2025-03-28 16:50:03.210 [DEBUG] [thread-id 1] - Click element: 'Enter zip code'
2025-03-28 16:50:03.925 [DEBUG] [thread-id 1] - Verify identifier: {label.postal-code-entry=[true]}
2025-03-28 16:50:03.925 [DEBUG] [thread-id 1] - sleep:  2000 milliseconds
2025-03-28 16:50:05.985 [DEBUG] [thread-id 1] - Enter text: '95122'
2025-03-28 16:50:07.175 [DEBUG] [thread-id 1] - Click element: 'cta.continue'
2025-03-28 16:50:07.652 [DEBUG] [thread-id 1] - sleep:  3000 milliseconds
2025-03-28 16:50:20.959 [DEBUG] [thread-id 1] - [0;34mExecuting function: 'unified.us.functions.home.handlePersonalizedScreen'
2025-03-28 16:50:21.175 [DEBUG] [thread-id 1] - conditionally execute a flow. condition: true
2025-03-28 16:50:21.408 [DEBUG] [thread-id 1] - [38;5;202mObserved Personalize Shopping Screen
2025-03-28 16:50:21.637 [DEBUG] [thread-id 1] - Verify identifier: {ATTPermissionViewController.bodyLabel=[true]}
2025-03-28 16:50:22.084 [DEBUG] [thread-id 1] - conditionally execute a flow. condition: true
2025-03-28 16:50:22.346 [DEBUG] [thread-id 1] - Click element: 'cta.continue.location'
2025-03-28 16:50:25.279 [DEBUG] [thread-id 1] - [38;5;28mPersonalized Shopping Experience Screen Handled.
2025-03-28 16:50:36.045 [DEBUG] [thread-id 1] - [0;34mExecuting function: 'unified.us.functions.home.toolTip'
2025-03-28 16:50:38.283 [DEBUG] [thread-id 1] - conditionally execute a flow. condition: true
2025-03-28 16:50:40.609 [DEBUG] [thread-id 1] - [38;5;202mtooltip displayed
2025-03-28 16:50:45.273 [DEBUG] [thread-id 1] - conditionally execute a flow. condition: true
2025-03-28 16:50:47.568 [DEBUG] [thread-id 1] - [38;5;202mTool close button displayed
2025-03-28 16:50:47.771 [DEBUG] [thread-id 1] - [0;34mExecuting function: 'unified.us.functions.gic.collapseIfExpanded'
2025-03-28 16:50:53.803 [DEBUG] [thread-id 1] - [38;5;202mGIC already collapsed
2025-03-28 16:50:56.122 [DEBUG] [thread-id 1] - Verify identifier: {Search Walmart=[true]}
2025-03-28 16:50:56.123 [DEBUG] [thread-id 1] - [0;34mExecuting function: 'unified.us.functions.home.navigateHomeToSignIn'
2025-03-28 16:50:56.123 [DEBUG] [thread-id 1] - Store in: store the value 'Pre-transactions' in the variable 'executionStage'
2025-03-28 16:50:57.746 [DEBUG] [thread-id 1] - Click element: '//XCUIElementTypeButton[@name="Account"] | Account'
2025-03-28 16:51:00.633 [DEBUG] [thread-id 1] - Verify identifier: {//XCUIElementTypeButton[@name="SignInYourAccountTableViewCell.signInButton"] | //XCUIElementTypeButton[@name="SignInYourAccountView.signInButton"]=[true]}
2025-03-28 16:51:00.963 [DEBUG] [thread-id 1] - Click element: '//XCUIElementTypeButton[@name="SignInYourAccountTableViewCell.signInButton"] | //XCUIElementTypeButton[@name="SignInYourAccountView.signInButton"]'
2025-03-28 16:51:03.043 [DEBUG] [thread-id 1] - conditionally execute a flow. condition: true
2025-03-28 16:51:04.497 [DEBUG] [thread-id 1] - Store in: store the value 'true' in the variable 'signInValidated'
2025-03-28 16:51:04.509 [DEBUG] [thread-id 1] - conditionally execute a flow. condition: true
2025-03-28 16:51:05.809 [DEBUG] [thread-id 1] - [38;5;202mSignIn page loaded
2025-03-28 16:51:07.205 [DEBUG] [thread-id 1] - Store in: store the value 'false' in the variable 'signInValidated'
2025-03-28 16:51:07.212 [DEBUG] [thread-id 1] - [0;34mExecuting function: 'unified.us.functions.global.authentication.signInAccountWithParams'
2025-03-28 16:51:07.212 [DEBUG] [thread-id 1] - Store in: store the value 'Pre-transactions' in the variable 'executionStage'
2025-03-28 16:51:07.212 [DEBUG] [thread-id 1] - [0;34mExecuting function: 'unified.us.functions.authentication.signInInfo'
2025-03-28 16:51:07.212 [DEBUG] [thread-id 1] - conditionally execute a flow. condition: true
2025-03-28 16:51:08.482 [DEBUG] [thread-id 1] - Store in: store the value 'prod.ios.consolidatedshipping@cloudtest.org' in the variable 'email'
2025-03-28 16:51:09.845 [DEBUG] [thread-id 1] - Store in: store the value 'E2epassword$' in the variable 'password'
2025-03-28 16:51:09.852 [DEBUG] [thread-id 1] - [0;34mExecuting function: 'unified.us.functions.global.authentication.signInAccount'
2025-03-28 16:51:09.852 [DEBUG] [thread-id 1] - conditionally execute a flow. condition: true
2025-03-28 16:51:24.398 [DEBUG] [thread-id 1] - Verify identifier: {TextFieldStackView.containerStackView=[true]}
2025-03-28 16:51:24.561 [DEBUG] [thread-id 1] - Enter text: 'prod.ios.consolidatedshipping@cloudtest.org'
2025-03-28 16:51:29.645 [DEBUG] [thread-id 1] - Click element: 'WelcomeView.ctaButton'
2025-03-28 16:51:30.362 [DEBUG] [thread-id 1] - sleep:  2000 milliseconds
2025-03-28 16:51:42.911 [DEBUG] [thread-id 1] - conditionally execute a flow. condition: false
2025-03-28 16:51:53.623 [DEBUG] [thread-id 1] - [0;31mMain failed: ENV_FAILURE - production - SIGN-IN ERROR
2025-03-28 16:51:55.183 [DEBUG] [thread-id 1] - [0;34mExecuting scenario: 'After'
2025-03-28 16:51:55.183 [DEBUG] [thread-id 1] - [0;34mExecuting function: 'unified.us.functions.utils.afterSteps'
2025-03-28 16:51:55.184 [WARN] [thread-id 1] - variable testStatus was used, but r2 could not find a value for this variable. returning default of null
2025-03-28 16:51:55.184 [DEBUG] [thread-id 1] - conditionally execute a flow. condition: false
2025-03-28 16:51:55.923 [DEBUG] [thread-id 1] - [38;5;202mTest failed
2025-03-28 16:52:51.181 [DEBUG] [thread-id 1] - [0;34mExecuting R2 5.5.0: '/Users/m0k0a2f/glass-automation/us/unified-e2e-tests/test-scripts/ecomm-and-fulfillment-flows/consolidated-shipping-flows/production/C2728517-mixed-basket-consolidation.yaml' on device: 'iPhone 15'
2025-03-28 16:53:50.756 [DEBUG] [thread-id 1] - [0;34mExecuting scenario: 'Before'
2025-03-28 16:53:50.760 [DEBUG] [thread-id 1] - [0;34mExecuting function: 'us.function.utils.getEnvironmentValue'
2025-03-28 16:53:50.760 [DEBUG] [thread-id 1] - Store in: store the value 'Onboarding' in the variable 'executionStage'
2025-03-28 16:53:50.760 [DEBUG] [thread-id 1] - Store in: store the value 'production' in the variable 'env'
2025-03-28 16:53:50.761 [DEBUG] [thread-id 1] - Timestamp: 1743206030761
2025-03-28 16:53:50.762 [DEBUG] [thread-id 1] - [0;34mExecuting function: 'functions.utils.setPlatformInfo'
2025-03-28 16:53:50.762 [DEBUG] [thread-id 1] - Store in: store the value 'Onboarding' in the variable 'executionStage'
2025-03-28 16:53:50.764 [WARN] [thread-id 1] - variable dependencies.general.appPackage was used, but r2 could not find a value for this variable. returning default of null
2025-03-28 16:53:50.764 [DEBUG] [thread-id 1] - Store in: store the value 'null' in the variable 'appPackage'
2025-03-28 16:53:50.773 [DEBUG] [thread-id 1] - conditionally execute a flow. condition: true
2025-03-28 16:53:50.988 [DEBUG] [thread-id 1] - Store in: store the value 'iOS' in the variable 'platform'
2025-03-28 16:53:50.995 [DEBUG] [thread-id 1] - [38;5;202mR2_SUBFLOW_PRE_TRANSACTION
2025-03-28 16:53:51.425 [DEBUG] [thread-id 1] - [38;5;202mUsing us-errors-helpers.yaml
2025-03-28 16:53:51.876 [DEBUG] [thread-id 1] - [38;5;202mStart Main
2025-03-28 16:53:51.877 [DEBUG] [thread-id 1] - [0;34mExecuting function: 'unified.us.functions.global.onboarding.navigateOnboardingToHome'
2025-03-28 16:53:51.877 [DEBUG] [thread-id 1] - Store in: store the value 'onboarding' in the variable 'executionStage'
2025-03-28 16:53:51.877 [DEBUG] [thread-id 1] - [38;5;202mWelcome screen loaded
2025-03-28 16:53:51.881 [DEBUG] [thread-id 1] - conditionally execute a flow. condition: true
2025-03-28 16:53:52.092 [DEBUG] [thread-id 1] - Verify identifier: {cta.cancel.welcome=[true]}
2025-03-28 16:53:52.311 [DEBUG] [thread-id 1] - Store in: store the value 'true' in the variable 'testStarted'
2025-03-28 16:53:52.571 [DEBUG] [thread-id 1] - Click element: 'cta.cancel.welcome'
2025-03-28 16:53:53.384 [DEBUG] [thread-id 1] - [38;5;202mNotifiction Prompt screen loaded
2025-03-28 16:53:53.636 [DEBUG] [thread-id 1] - Verify identifier: {NotificationPermissionViewController.titleLabel=[true]}
2025-03-28 16:53:53.868 [WARN] [thread-id 1] - variable allowNotifications was used, but r2 could not find a value for this variable. returning default of null
2025-03-28 16:53:53.868 [DEBUG] [thread-id 1] - conditionally execute a flow. condition: false
2025-03-28 16:53:56.177 [DEBUG] [thread-id 1] - Click element: 'cta.cancel.notifications'
2025-03-28 16:53:56.602 [DEBUG] [thread-id 1] - [38;5;202mlocation screen loaded
2025-03-28 16:53:56.845 [DEBUG] [thread-id 1] - Verify identifier: {LocationPermissionViewController.titleLabel=[true]}
2025-03-28 16:53:56.845 [DEBUG] [thread-id 1] - Store in: store the value 'true' in the variable 'testStarted'
2025-03-28 16:53:56.882 [DEBUG] [thread-id 1] - Click element: 'Enter zip code'
2025-03-28 16:53:57.553 [DEBUG] [thread-id 1] - Verify identifier: {label.postal-code-entry=[true]}
2025-03-28 16:53:57.554 [DEBUG] [thread-id 1] - sleep:  2000 milliseconds
2025-03-28 16:53:59.624 [DEBUG] [thread-id 1] - Enter text: '95122'
2025-03-28 16:54:00.966 [DEBUG] [thread-id 1] - Click element: 'cta.continue'
2025-03-28 16:54:01.426 [DEBUG] [thread-id 1] - sleep:  3000 milliseconds
2025-03-28 16:54:14.539 [DEBUG] [thread-id 1] - [0;34mExecuting function: 'unified.us.functions.home.handlePersonalizedScreen'
2025-03-28 16:54:14.747 [DEBUG] [thread-id 1] - conditionally execute a flow. condition: true
2025-03-28 16:54:14.951 [DEBUG] [thread-id 1] - [38;5;202mObserved Personalize Shopping Screen
2025-03-28 16:54:15.280 [DEBUG] [thread-id 1] - Verify identifier: {ATTPermissionViewController.bodyLabel=[true]}
2025-03-28 16:54:15.711 [DEBUG] [thread-id 1] - conditionally execute a flow. condition: true
2025-03-28 16:54:15.971 [DEBUG] [thread-id 1] - Click element: 'cta.continue.location'
2025-03-28 16:54:17.719 [DEBUG] [thread-id 1] - [38;5;28mPersonalized Shopping Experience Screen Handled.
2025-03-28 16:54:30.284 [DEBUG] [thread-id 1] - [0;34mExecuting function: 'unified.us.functions.home.toolTip'
2025-03-28 16:54:32.229 [DEBUG] [thread-id 1] - conditionally execute a flow. condition: true
2025-03-28 16:54:34.325 [DEBUG] [thread-id 1] - [38;5;202mtooltip displayed
2025-03-28 16:54:38.444 [DEBUG] [thread-id 1] - conditionally execute a flow. condition: true
2025-03-28 16:54:40.373 [DEBUG] [thread-id 1] - [38;5;202mTool close button displayed
2025-03-28 16:54:40.556 [DEBUG] [thread-id 1] - [0;34mExecuting function: 'unified.us.functions.gic.collapseIfExpanded'
2025-03-28 16:54:46.279 [DEBUG] [thread-id 1] - [38;5;202mGIC already collapsed
2025-03-28 16:54:48.213 [DEBUG] [thread-id 1] - Verify identifier: {Search Walmart=[true]}
2025-03-28 16:54:48.214 [DEBUG] [thread-id 1] - [0;34mExecuting function: 'unified.us.functions.home.navigateHomeToSignIn'
2025-03-28 16:54:48.214 [DEBUG] [thread-id 1] - Store in: store the value 'Pre-transactions' in the variable 'executionStage'
2025-03-28 16:54:49.796 [DEBUG] [thread-id 1] - Click element: '//XCUIElementTypeButton[@name="Account"] | Account'
2025-03-28 16:54:52.336 [DEBUG] [thread-id 1] - Verify identifier: {//XCUIElementTypeButton[@name="SignInYourAccountTableViewCell.signInButton"] | //XCUIElementTypeButton[@name="SignInYourAccountView.signInButton"]=[true]}
2025-03-28 16:54:52.643 [DEBUG] [thread-id 1] - Click element: '//XCUIElementTypeButton[@name="SignInYourAccountTableViewCell.signInButton"] | //XCUIElementTypeButton[@name="SignInYourAccountView.signInButton"]'
2025-03-28 16:54:54.619 [DEBUG] [thread-id 1] - conditionally execute a flow. condition: true
2025-03-28 16:54:55.848 [DEBUG] [thread-id 1] - Store in: store the value 'true' in the variable 'signInValidated'
2025-03-28 16:54:55.942 [DEBUG] [thread-id 1] - conditionally execute a flow. condition: true
2025-03-28 16:54:57.166 [DEBUG] [thread-id 1] - [38;5;202mSignIn page loaded
2025-03-28 16:54:58.409 [DEBUG] [thread-id 1] - Store in: store the value 'false' in the variable 'signInValidated'
2025-03-28 16:54:58.484 [DEBUG] [thread-id 1] - [0;34mExecuting function: 'unified.us.functions.global.authentication.signInAccountWithParams'
2025-03-28 16:54:58.485 [DEBUG] [thread-id 1] - Store in: store the value 'Pre-transactions' in the variable 'executionStage'
2025-03-28 16:54:58.485 [DEBUG] [thread-id 1] - [0;34mExecuting function: 'unified.us.functions.authentication.signInInfo'
2025-03-28 16:54:58.485 [DEBUG] [thread-id 1] - conditionally execute a flow. condition: true
2025-03-28 16:54:59.681 [DEBUG] [thread-id 1] - Store in: store the value 'prod.ios.consolidatedshipping@cloudtest.org' in the variable 'email'
2025-03-28 16:55:00.895 [DEBUG] [thread-id 1] - Store in: store the value 'E2epassword$' in the variable 'password'
2025-03-28 16:55:00.971 [DEBUG] [thread-id 1] - [0;34mExecuting function: 'unified.us.functions.global.authentication.signInAccount'
2025-03-28 16:55:00.971 [DEBUG] [thread-id 1] - conditionally execute a flow. condition: true
2025-03-28 16:55:14.414 [DEBUG] [thread-id 1] - Verify identifier: {TextFieldStackView.containerStackView=[true]}
2025-03-28 16:55:14.627 [DEBUG] [thread-id 1] - Enter text: 'prod.ios.consolidatedshipping@cloudtest.org'
2025-03-28 16:55:19.642 [DEBUG] [thread-id 1] - Click element: 'WelcomeView.ctaButton'
2025-03-28 16:55:20.335 [DEBUG] [thread-id 1] - sleep:  2000 milliseconds
2025-03-28 16:55:23.027 [DEBUG] [thread-id 1] - conditionally execute a flow. condition: true
2025-03-28 16:55:24.345 [DEBUG] [thread-id 1] - [38;5;202mEntered Email Successfully
2025-03-28 16:55:25.745 [DEBUG] [thread-id 1] - conditionally execute a flow. condition: true
2025-03-28 16:55:27.277 [DEBUG] [thread-id 1] - Click element: 'AuthChoiceView.passwordStackView'
2025-03-28 16:55:29.407 [DEBUG] [thread-id 1] - [38;5;202mSelected Password Option to Login
2025-03-28 16:55:29.476 [DEBUG] [thread-id 1] - Verify identifier: {TextFieldStackView.textField=[true]}
2025-03-28 16:55:29.634 [DEBUG] [thread-id 1] - Enter text: 'E2epassword$'
2025-03-28 16:55:36.398 [DEBUG] [thread-id 1] - Click element: 'AuthChoiceView.ctaButton'
2025-03-28 16:55:57.417 [DEBUG] [thread-id 1] - conditionally execute a flow. condition: true
2025-03-28 16:55:58.112 [DEBUG] [thread-id 1] - sleep:  2000 milliseconds
2025-03-28 16:56:11.899 [DEBUG] [thread-id 1] - [0;34mExecuting function: 'unified.us.functions.utils.handleCartMergePopup'
2025-03-28 16:56:32.904 [DEBUG] [thread-id 1] - [38;5;202mNo Technical Error Page observed
2025-03-28 16:56:32.915 [DEBUG] [thread-id 1] - [0;34mExecuting function: 'unified.us.functions.home.toolTip'
2025-03-28 16:56:43.305 [DEBUG] [thread-id 1] - [0;34mExecuting function: 'unified.us.functions.global.navigation.accountToHome'
2025-03-28 16:56:43.306 [DEBUG] [thread-id 1] - [0;34mExecuting function: 'unified.us.functions.global.navigation.toTab'
2025-03-28 16:56:43.307 [DEBUG] [thread-id 1] - [0;34mExecuting function: 'unified.us.functions.utils.scrollIfNotVisible'
2025-03-28 16:56:43.308 [WARN] [thread-id 1] - variable scrollLimit was used, but r2 could not find a value for this variable. returning default of null
2025-03-28 16:56:43.309 [DEBUG] [thread-id 1] - conditionally execute a flow. condition: true
2025-03-28 16:56:44.086 [DEBUG] [thread-id 1] - Store in: store the value '7' in the variable 'scrollLimit'
2025-03-28 16:56:44.106 [DEBUG] [thread-id 1] - [38;5;202mScroll limit set to - 7
2025-03-28 16:56:44.107 [DEBUG] [thread-id 1] - conditionally execute a flow. condition: true
2025-03-28 16:56:45.249 [DEBUG] [thread-id 1] - conditionally execute a flow. condition: true
2025-03-28 16:56:45.935 [DEBUG] [thread-id 1] - [38;5;202mElement already visible, scrolling is skipped
2025-03-28 16:56:45.957 [WARN] [thread-id 1] - variable scrollNeeded was used, but r2 could not find a value for this variable. returning default of null
2025-03-28 16:56:45.958 [DEBUG] [thread-id 1] - [38;5;202mResetting scrollPosition variable to default
2025-03-28 16:56:45.958 [DEBUG] [thread-id 1] - Store in: store the value 'null' in the variable 'scrollPosition'
2025-03-28 16:56:45.958 [DEBUG] [thread-id 1] - Store in: store the value 'null' in the variable 'identifierScope'
2025-03-28 16:56:45.958 [DEBUG] [thread-id 1] - Store in: store the value 'null' in the variable 'scrollLimit'
2025-03-28 16:56:45.958 [DEBUG] [thread-id 1] - Store in: store the value 'false' in the variable 'scrollNeeded'
2025-03-28 16:56:46.406 [DEBUG] [thread-id 1] - Click element: '//XCUIElementTypeButton[contains(@name, "Shop")]'
2025-03-28 16:56:46.934 [DEBUG] [thread-id 1] - [0;34mExecuting function: 'unified.us.functions.home.closeWPlusPromotionPopUpIfDisplayed'
2025-03-28 16:56:46.935 [DEBUG] [thread-id 1] - conditionally execute a flow. condition: true
2025-03-28 16:56:51.573 [DEBUG] [thread-id 1] - conditionally execute a flow. condition: true
2025-03-28 16:56:56.281 [DEBUG] [thread-id 1] - Click element: '//XCUIElementTypeButton[@name="SplashPageViewController.closeButton" or contains(@label, "Close Walmart plus promotional pop up")] | //XCUIElementTypeNavigationBar[@name="WalmartPlus.SplashPageView"]/XCUIElementTypeButton | //XCUIElementTypeButton[@name="close" or @name="Close"] | //XCUIElementTypeButton[@name="SplashPageViewController.fullScreenCloseButton"] | //XCUIElementTypeButton[@name="MultiSplashViewController.fullScreenCloseButton"] | //XCUIElementTypeButton[@name="RepeatBenefitEngagementTopBarView.closeButton"] | //XCUIElementTypeButton[@name="Close"] | //XCUIElementTypeButton[@name="close"]'
2025-03-28 16:56:57.489 [DEBUG] [thread-id 1] - [0;34mExecuting function: 'unified.us.functions.global.navigation.goToDeepLink'
2025-03-28 16:56:57.489 [DEBUG] [thread-id 1] - Store in: store the value 'Post-transactions' in the variable 'executionStage'
2025-03-28 16:56:57.489 [DEBUG] [thread-id 1] - [38;5;202mOpen deep link
2025-03-28 16:56:57.489 [DEBUG] [thread-id 1] - [38;5;202mwalmart://expo?expo_preview=true&experiment_spec=AItRI&variation_specs=Ql5V9&experiment_count=0
2025-03-28 16:56:57.490 [DEBUG] [thread-id 1] - Verify value of: '$deepLinkUrl'
2025-03-28 16:56:57.490 [DEBUG] [thread-id 1] - Open link: 'walmart://expo?expo_preview=true&experiment_spec=AItRI&variation_specs=Ql5V9&experiment_count=0'
2025-03-28 16:57:00.041 [DEBUG] [thread-id 1] - conditionally execute a flow. condition: true
2025-03-28 16:57:02.052 [DEBUG] [thread-id 1] - [0;34mExecuting function: 'unified.us.functions.global.navigation.openDeepLink'
2025-03-28 16:57:06.154 [DEBUG] [thread-id 1] - [38;5;202mDeeplink pop up not displayed
2025-03-28 16:57:06.328 [DEBUG] [thread-id 1] - sleep:  5000 milliseconds
2025-03-28 16:57:11.335 [DEBUG] [thread-id 1] - [0;34mExecuting function: 'unified.us.functions.global.navigation.toCartFromNavBar'
2025-03-28 16:57:11.336 [DEBUG] [thread-id 1] - Store in: store the value 'Transactions' in the variable 'executionStage'
2025-03-28 16:57:13.156 [DEBUG] [thread-id 1] - Verify identifier: {//XCUIElementTypeButton[contains(@label, "Your cart")] | //XCUIElementTypeButton[(@name="SearchResultsViewController.cartButton") or (contains(@label,"Your cart contains") and contains(@label,"The estimated total is")) or (@label="Your cart is empty")]=[true]}
2025-03-28 16:57:15.102 [DEBUG] [thread-id 1] - Click element: '//XCUIElementTypeButton[contains(@label, "Your cart")] | //XCUIElementTypeButton[(@name="SearchResultsViewController.cartButton") or (contains(@label,"Your cart contains") and contains(@label,"The estimated total is")) or (@label="Your cart is empty")]'
2025-03-28 16:57:16.211 [DEBUG] [thread-id 1] - [0;34mExecuting function: 'unified.us.functions.cart.storeChangePopUp'
2025-03-28 16:57:32.629 [DEBUG] [thread-id 1] - [38;5;202mNo Store Change pop up screen displayed
2025-03-28 16:57:43.990 [DEBUG] [thread-id 1] - conditionally execute a flow. condition: false
2025-03-28 16:58:01.017 [DEBUG] [thread-id 1] - conditionally execute a flow. condition: false
2025-03-28 16:58:06.724 [WARN] [thread-id 1] - variable skipValidation was used, but r2 could not find a value for this variable. returning default of null
2025-03-28 16:58:06.725 [DEBUG] [thread-id 1] - conditionally execute a flow. condition: true
2025-03-28 16:58:23.003 [DEBUG] [thread-id 1] - conditionally execute a flow. condition: true
2025-03-28 16:58:28.699 [DEBUG] [thread-id 1] - [38;5;202mcart page loaded
2025-03-28 16:58:29.148 [DEBUG] [thread-id 1] - [0;34mExecuting function: 'unified.us.functions.cart.removeAllCartItems'
2025-03-28 16:58:29.148 [DEBUG] [thread-id 1] - [0;34mExecuting function: 'unified.us.functions.cart.storeChangePopUp'
2025-03-28 16:58:40.134 [DEBUG] [thread-id 1] - [38;5;202mNo Store Change pop up screen displayed
2025-03-28 16:58:40.555 [DEBUG] [thread-id 1] - [0;34mExecuting function: 'unified.us.functions.cart.removeAdonsNotAvailable'
2025-03-28 16:58:54.843 [DEBUG] [thread-id 1] - [38;5;202mNo remove Adons pop up screen displayed
2025-03-28 16:59:06.254 [DEBUG] [thread-id 1] - conditionally execute a flow. condition: false
2025-03-28 16:59:12.046 [DEBUG] [thread-id 1] - conditionally execute a flow. condition: true
2025-03-28 16:59:44.349 [DEBUG] [thread-id 1] - get number of child elements for //XCUIElementTypeScrollView[@name="ReviewOrderViewController.scrollView"] | //XCUIElementTypeOther[@name="CartDetailsViewController.stackView"] | //XCUIElementTypeCollectionView[@name="CartCollectionViewController.collectionView"]: 2
2025-03-28 16:59:49.981 [DEBUG] [thread-id 1] - conditionally execute a flow. condition: true
2025-03-28 16:59:55.545 [DEBUG] [thread-id 1] - [0;34mExecuting function: 'unified.us.functions.cart.seeDetails'
2025-03-28 16:59:55.545 [DEBUG] [thread-id 1] - conditionally execute a flow. condition: true
2025-03-28 17:00:01.076 [DEBUG] [thread-id 1] - loop: from 0 to 5
2025-03-28 17:00:06.849 [DEBUG] [thread-id 1] - [38;5;202m0
2025-03-28 17:00:22.824 [DEBUG] [thread-id 1] - Verify identifier: {//XCUIElementTypeButton[contains(@label, "See details") or contains(@label,"see details") and not(contains(@name,"SaveForLaterCardView"))] | //XCUIElementTypeButton[contains(@name,"CartCardViewController.expandCollapseView") and contains(@label, "collapsed")]=[true]}
2025-03-28 17:00:46.441 [DEBUG] [thread-id 1] - [38;5;202mSee details is present
2025-03-28 17:00:57.107 [DEBUG] [thread-id 1] - Click element: '//XCUIElementTypeButton[contains(@label, "See details") or contains(@label,"see details") and not(contains(@name,"SaveForLaterCardView"))] | //XCUIElementTypeButton[contains(@name,"CartCardViewController.expandCollapseView") and contains(@label, "collapsed")]'
2025-03-28 17:01:05.593 [DEBUG] [thread-id 1] - [38;5;202m1
2025-03-28 17:01:09.378 [DEBUG] [thread-id 1] - [38;5;202mNo See details in Cart
2025-03-28 17:01:11.981 [WARN] [thread-id 1] - no element found with name //XCUIElementTypeScrollView[@name="ReviewOrderViewController.scrollView"] | //XCUIElementTypeOther[@name="CartDetailsViewController.stackView"] | //XCUIElementTypeCollectionView[@name="CartCollectionViewController.collectionView"]
2025-03-28 17:01:11.981 [DEBUG] [thread-id 1] - get number of child elements for //XCUIElementTypeScrollView[@name="ReviewOrderViewController.scrollView"] | //XCUIElementTypeOther[@name="CartDetailsViewController.stackView"] | //XCUIElementTypeCollectionView[@name="CartCollectionViewController.collectionView"]: 0
2025-03-28 17:01:12.987 [DEBUG] [thread-id 1] - [38;5;202m0
2025-03-28 17:01:14.074 [WARN] [thread-id 1] - variable scrollDown was used, but r2 could not find a value for this variable. returning default of null
2025-03-28 17:01:14.074 [DEBUG] [thread-id 1] - conditionally execute a flow. condition: true
2025-03-28 17:01:15.087 [DEBUG] [thread-id 1] - Scroll: down
2025-03-28 17:02:30.702 [DEBUG] [thread-id 1] - loop: from 0 to 9
2025-03-28 17:02:31.688 [DEBUG] [thread-id 1] - [38;5;202m0
2025-03-28 17:02:35.436 [DEBUG] [thread-id 1] - [38;5;202mNo Items in Cart to Remove
2025-03-28 17:02:37.546 [DEBUG] [thread-id 1] - [0;34mExecuting function: 'unified.us.functions.cart.removeUnavailableItemsFromCart'
2025-03-28 17:02:37.547 [DEBUG] [thread-id 1] - conditionally execute a flow. condition: true
2025-03-28 17:02:48.806 [DEBUG] [thread-id 1] - [0;34mExecuting function: 'unified.us.functions.global.navigation.backNavigation'
2025-03-28 17:02:48.807 [DEBUG] [thread-id 1] - [38;5;202mGlobal Back navigation
2025-03-28 17:02:48.807 [DEBUG] [thread-id 1] - conditionally execute a flow. condition: true
2025-03-28 17:02:50.586 [DEBUG] [thread-id 1] - conditionally execute a flow. condition: true
2025-03-28 17:02:55.311 [DEBUG] [thread-id 1] - Click element: '//XCUIElementTypeButton[@name="Back" or @label="Back"] | //XCUIElementTypeNavigationBar[@name="Cart"]/XCUIElementTypeButton[contains(@name,"Search")] | //XCUIElementTypeNavigationBar/XCUIElementTypeButton[not(contains(@label,"cart"))]'
2025-03-28 17:02:55.931 [DEBUG] [thread-id 1] - [0;34mExecuting function: 'unified.us.functions.gic.changeFulfillment'
2025-03-28 17:02:55.932 [DEBUG] [thread-id 1] - [0;34mExecuting function: 'unified.us.functions.gic.expandIfCollapsed'
2025-03-28 17:03:11.350 [DEBUG] [thread-id 1] - [38;5;202mGIC already expanded
2025-03-28 17:03:11.756 [DEBUG] [thread-id 1] - [0;34mExecuting function: 'unified.us.functions.gic.setFulfillment'
2025-03-28 17:03:11.757 [DEBUG] [thread-id 1] - conditionally execute a flow. condition: true
2025-03-28 17:03:27.969 [DEBUG] [thread-id 1] - conditionally execute a flow. condition: false
2025-03-28 17:03:55.652 [DEBUG] [thread-id 1] - Click element: '//XCUIElementTypeButton[@name="GlobalIntentCenter.Delivery"] | //XCUIElementTypeButton[contains(@name, "Delivery") ] | //XCUIElementTypeButton[@name="HoTIntentOptionsView" or @name="HoTIntentOptionsPhase2View" and contains(@label,"Delivery")]'
2025-03-28 17:04:27.247 [DEBUG] [thread-id 1] - [38;5;202mDelivery intent selected
2025-03-28 17:04:48.523 [DEBUG] [thread-id 1] - sleep:  3000 milliseconds
2025-03-28 17:05:05.017 [DEBUG] [thread-id 1] - [0;34mExecuting function: 'unified.us.functions.gic.collapseIfExpanded'
2025-03-28 17:05:48.095 [DEBUG] [thread-id 1] - Verify identifier: {//*[contains(@label,"Expanded")] | //*[contains(@name,"Expanded")]=[true]}
2025-03-28 17:06:09.838 [DEBUG] [thread-id 1] - [38;5;202mCollapsing GIC screen
2025-03-28 17:06:52.620 [DEBUG] [thread-id 1] - Click element: '//*[contains(@label,"Expanded")] | //*[contains(@name,"Expanded")]'
2025-03-28 17:07:14.012 [DEBUG] [thread-id 1] - [0;34mExecuting function: 'unified.us.functions.home.setStore'
2025-03-28 17:07:14.013 [DEBUG] [thread-id 1] - conditionally execute a flow. condition: false
2025-03-28 17:07:34.219 [DEBUG] [thread-id 1] - Store in: store the value '95110' in the variable 'zipcode'
2025-03-28 17:07:35.964 [DEBUG] [thread-id 1] - [0;34mExecuting function: 'unified.us.functions.gic.expandIfCollapsed'
2025-03-28 17:08:17.429 [DEBUG] [thread-id 1] - Verify identifier: {//*[contains(@label,"Collapsed")] | //*[contains(@name,"Collapsed")]=[true]}
2025-03-28 17:09:00.901 [DEBUG] [thread-id 1] - Click element: '//*[contains(@label,"Collapsed")] | //*[contains(@name,"Collapsed")]'
2025-03-28 17:09:34.702 [DEBUG] [thread-id 1] - conditionally execute a flow. condition: true
2025-03-28 17:09:55.511 [DEBUG] [thread-id 1] - [0;34mExecuting function: 'unified.us.functions.home.changeStore'
2025-03-28 17:09:55.511 [DEBUG] [thread-id 1] - [0;34mExecuting function: 'unified.us.functions.gic.expandIfCollapsed'
2025-03-28 17:10:55.916 [DEBUG] [thread-id 1] - [38;5;202mGIC already expanded
2025-03-28 17:10:57.608 [WARN] [thread-id 1] - variable storeOnly was used, but r2 could not find a value for this variable. returning default of null
2025-03-28 17:10:57.609 [DEBUG] [thread-id 1] - conditionally execute a flow. condition: true
2025-03-28 17:11:16.487 [DEBUG] [thread-id 1] - conditionally execute a flow. condition: true
2025-03-28 17:12:18.432 [DEBUG] [thread-id 1] - conditionally execute a flow. condition: false
2025-03-28 17:14:38.442 [DEBUG] [thread-id 1] - Click element: '//XCUIElementTypeButton[contains(@label, "Pickup")]'
2025-03-28 17:15:11.428 [DEBUG] [thread-id 1] - [38;5;202mPickup intent selected
2025-03-28 17:15:31.743 [WARN] [thread-id 1] - variable driverpopup was used, but r2 could not find a value for this variable. returning default of null
2025-03-28 17:16:29.689 [DEBUG] [thread-id 1] - [0;31mMain failed: Cannot click '//XCUIElementTypeCollectionView[@name="GlobalIntentCenterViewController.collectionView"]//XCUIElementTypeCell[position()=last()-2 or position()=last()-1]//*[@name="GlobalIntentCenter.FullLocation" and not(contains(@label,"Shipping"))] | //XCUIElementTypeOther[@name="LayoutableChildStackViewController.stackView"]/XCUIElementTypeOther[position()=last()]//XCUIElementTypeOther[@name="HoTLocationsItemDetailsView.containerView"]'
2025-03-28 17:17:07.677 [DEBUG] [thread-id 1] - [0;34mExecuting scenario: 'After'
2025-03-28 17:17:07.679 [DEBUG] [thread-id 1] - [0;34mExecuting function: 'unified.us.functions.utils.afterSteps'
2025-03-28 17:17:07.679 [WARN] [thread-id 1] - variable testStatus was used, but r2 could not find a value for this variable. returning default of null
2025-03-28 17:17:07.680 [DEBUG] [thread-id 1] - conditionally execute a flow. condition: false
2025-03-28 17:17:24.840 [DEBUG] [thread-id 1] - [38;5;202mTest failed
2025-03-28 17:18:24.422 [DEBUG] [thread-id 1] - Created report: /Users/m0k0a2f/glass-automation/report/index.html
2025-03-28 17:35:40.241 [DEBUG] [thread-id 1] - [0;34mExecuting R2 5.5.0: '/Users/m0k0a2f/glass-automation/us/unified-e2e-tests/test-scripts/ecomm-and-fulfillment-flows/consolidated-shipping-flows/production/C2728517-mixed-basket-consolidation.yaml' on device: 'iPhone 15'
2025-03-28 17:36:39.466 [DEBUG] [thread-id 1] - [0;34mExecuting scenario: 'Before'
2025-03-28 17:36:39.470 [DEBUG] [thread-id 1] - [0;34mExecuting function: 'us.function.utils.getEnvironmentValue'
2025-03-28 17:36:39.471 [DEBUG] [thread-id 1] - Store in: store the value 'Onboarding' in the variable 'executionStage'
2025-03-28 17:36:39.471 [DEBUG] [thread-id 1] - Store in: store the value 'production' in the variable 'env'
2025-03-28 17:36:39.471 [DEBUG] [thread-id 1] - Timestamp: 1743208599471
2025-03-28 17:36:39.472 [DEBUG] [thread-id 1] - [0;34mExecuting function: 'functions.utils.setPlatformInfo'
2025-03-28 17:36:39.473 [DEBUG] [thread-id 1] - Store in: store the value 'Onboarding' in the variable 'executionStage'
2025-03-28 17:36:39.475 [WARN] [thread-id 1] - variable dependencies.general.appPackage was used, but r2 could not find a value for this variable. returning default of null
2025-03-28 17:36:39.475 [DEBUG] [thread-id 1] - Store in: store the value 'null' in the variable 'appPackage'
2025-03-28 17:36:39.484 [DEBUG] [thread-id 1] - conditionally execute a flow. condition: true
2025-03-28 17:36:39.694 [DEBUG] [thread-id 1] - Store in: store the value 'iOS' in the variable 'platform'
2025-03-28 17:36:39.702 [DEBUG] [thread-id 1] - [38;5;202mR2_SUBFLOW_PRE_TRANSACTION
2025-03-28 17:36:40.135 [DEBUG] [thread-id 1] - [38;5;202mUsing us-errors-helpers.yaml
2025-03-28 17:36:40.582 [DEBUG] [thread-id 1] - [38;5;202mStart Main
2025-03-28 17:36:40.582 [DEBUG] [thread-id 1] - [0;34mExecuting function: 'unified.us.functions.global.onboarding.navigateOnboardingToHome'
2025-03-28 17:36:40.583 [DEBUG] [thread-id 1] - Store in: store the value 'onboarding' in the variable 'executionStage'
2025-03-28 17:36:40.583 [DEBUG] [thread-id 1] - [38;5;202mWelcome screen loaded
2025-03-28 17:36:40.586 [DEBUG] [thread-id 1] - conditionally execute a flow. condition: true
2025-03-28 17:36:40.797 [DEBUG] [thread-id 1] - Verify identifier: {cta.cancel.welcome=[true]}
2025-03-28 17:36:41.018 [DEBUG] [thread-id 1] - Store in: store the value 'true' in the variable 'testStarted'
2025-03-28 17:36:41.281 [DEBUG] [thread-id 1] - Click element: 'cta.cancel.welcome'
2025-03-28 17:36:42.091 [DEBUG] [thread-id 1] - [38;5;202mNotifiction Prompt screen loaded
2025-03-28 17:36:42.349 [DEBUG] [thread-id 1] - Verify identifier: {NotificationPermissionViewController.titleLabel=[true]}
2025-03-28 17:36:42.585 [WARN] [thread-id 1] - variable allowNotifications was used, but r2 could not find a value for this variable. returning default of null
2025-03-28 17:36:42.585 [DEBUG] [thread-id 1] - conditionally execute a flow. condition: false
2025-03-28 17:36:44.875 [DEBUG] [thread-id 1] - Click element: 'cta.cancel.notifications'
2025-03-28 17:36:45.293 [DEBUG] [thread-id 1] - [38;5;202mlocation screen loaded
2025-03-28 17:36:45.537 [DEBUG] [thread-id 1] - Verify identifier: {LocationPermissionViewController.titleLabel=[true]}
2025-03-28 17:36:45.537 [DEBUG] [thread-id 1] - Store in: store the value 'true' in the variable 'testStarted'
2025-03-28 17:36:45.574 [DEBUG] [thread-id 1] - Click element: 'Enter zip code'
2025-03-28 17:36:46.247 [DEBUG] [thread-id 1] - Verify identifier: {label.postal-code-entry=[true]}
2025-03-28 17:36:46.248 [DEBUG] [thread-id 1] - sleep:  2000 milliseconds
2025-03-28 17:36:48.303 [DEBUG] [thread-id 1] - Enter text: '95122'
2025-03-28 17:36:49.650 [DEBUG] [thread-id 1] - Click element: 'cta.continue'
2025-03-28 17:36:50.210 [DEBUG] [thread-id 1] - sleep:  3000 milliseconds
2025-03-28 17:37:03.491 [DEBUG] [thread-id 1] - [0;34mExecuting function: 'unified.us.functions.home.handlePersonalizedScreen'
2025-03-28 17:37:03.705 [DEBUG] [thread-id 1] - conditionally execute a flow. condition: true
2025-03-28 17:37:03.915 [DEBUG] [thread-id 1] - [38;5;202mObserved Personalize Shopping Screen
2025-03-28 17:37:04.151 [DEBUG] [thread-id 1] - Verify identifier: {ATTPermissionViewController.bodyLabel=[true]}
2025-03-28 17:37:04.584 [DEBUG] [thread-id 1] - conditionally execute a flow. condition: true
2025-03-28 17:37:04.831 [DEBUG] [thread-id 1] - Click element: 'cta.continue.location'
2025-03-28 17:37:06.607 [DEBUG] [thread-id 1] - [38;5;28mPersonalized Shopping Experience Screen Handled.
2025-03-28 17:37:19.566 [DEBUG] [thread-id 1] - [0;34mExecuting function: 'unified.us.functions.home.toolTip'
2025-03-28 17:37:21.586 [DEBUG] [thread-id 1] - conditionally execute a flow. condition: true
2025-03-28 17:37:23.800 [DEBUG] [thread-id 1] - [38;5;202mtooltip displayed
2025-03-28 17:37:28.210 [DEBUG] [thread-id 1] - conditionally execute a flow. condition: true
2025-03-28 17:37:30.422 [DEBUG] [thread-id 1] - [38;5;202mTool close button displayed
2025-03-28 17:37:30.606 [DEBUG] [thread-id 1] - [0;34mExecuting function: 'unified.us.functions.gic.collapseIfExpanded'
2025-03-28 17:37:36.542 [DEBUG] [thread-id 1] - [38;5;202mGIC already collapsed
2025-03-28 17:37:38.733 [DEBUG] [thread-id 1] - Verify identifier: {Search Walmart=[true]}
2025-03-28 17:37:38.734 [DEBUG] [thread-id 1] - [0;34mExecuting function: 'unified.us.functions.home.navigateHomeToSignIn'
2025-03-28 17:37:38.734 [DEBUG] [thread-id 1] - Store in: store the value 'Pre-transactions' in the variable 'executionStage'
2025-03-28 17:37:40.355 [DEBUG] [thread-id 1] - Click element: '//XCUIElementTypeButton[@name="Account"] | Account'
2025-03-28 17:37:42.320 [DEBUG] [thread-id 1] - Verify identifier: {//XCUIElementTypeButton[@name="SignInYourAccountTableViewCell.signInButton"] | //XCUIElementTypeButton[@name="SignInYourAccountView.signInButton"]=[true]}
2025-03-28 17:37:42.638 [DEBUG] [thread-id 1] - Click element: '//XCUIElementTypeButton[@name="SignInYourAccountTableViewCell.signInButton"] | //XCUIElementTypeButton[@name="SignInYourAccountView.signInButton"]'
2025-03-28 17:37:44.828 [DEBUG] [thread-id 1] - conditionally execute a flow. condition: true
2025-03-28 17:37:46.120 [DEBUG] [thread-id 1] - Store in: store the value 'true' in the variable 'signInValidated'
2025-03-28 17:37:46.126 [DEBUG] [thread-id 1] - conditionally execute a flow. condition: true
2025-03-28 17:37:47.348 [DEBUG] [thread-id 1] - [38;5;202mSignIn page loaded
2025-03-28 17:37:48.637 [DEBUG] [thread-id 1] - Store in: store the value 'false' in the variable 'signInValidated'
2025-03-28 17:37:48.645 [DEBUG] [thread-id 1] - [0;34mExecuting function: 'unified.us.functions.global.authentication.signInAccountWithParams'
2025-03-28 17:37:48.645 [DEBUG] [thread-id 1] - Store in: store the value 'Pre-transactions' in the variable 'executionStage'
2025-03-28 17:37:48.645 [DEBUG] [thread-id 1] - [0;34mExecuting function: 'unified.us.functions.authentication.signInInfo'
2025-03-28 17:37:48.646 [DEBUG] [thread-id 1] - conditionally execute a flow. condition: true
2025-03-28 17:37:49.897 [DEBUG] [thread-id 1] - Store in: store the value 'prod.ios.consolidatedshipping@cloudtest.org' in the variable 'email'
2025-03-28 17:37:51.159 [DEBUG] [thread-id 1] - Store in: store the value 'E2epassword$' in the variable 'password'
2025-03-28 17:37:51.166 [DEBUG] [thread-id 1] - [0;34mExecuting function: 'unified.us.functions.global.authentication.signInAccount'
2025-03-28 17:37:51.166 [DEBUG] [thread-id 1] - conditionally execute a flow. condition: true
2025-03-28 17:38:04.681 [DEBUG] [thread-id 1] - Verify identifier: {TextFieldStackView.containerStackView=[true]}
2025-03-28 17:38:04.830 [DEBUG] [thread-id 1] - Enter text: 'prod.ios.consolidatedshipping@cloudtest.org'
2025-03-28 17:38:09.873 [DEBUG] [thread-id 1] - Click element: 'WelcomeView.ctaButton'
2025-03-28 17:38:10.672 [DEBUG] [thread-id 1] - sleep:  2000 milliseconds
2025-03-28 17:38:13.344 [DEBUG] [thread-id 1] - conditionally execute a flow. condition: true
2025-03-28 17:38:14.662 [DEBUG] [thread-id 1] - [38;5;202mEntered Email Successfully
2025-03-28 17:38:16.071 [DEBUG] [thread-id 1] - conditionally execute a flow. condition: true
2025-03-28 17:38:17.622 [DEBUG] [thread-id 1] - Click element: 'AuthChoiceView.passwordStackView'
2025-03-28 17:38:19.748 [DEBUG] [thread-id 1] - [38;5;202mSelected Password Option to Login
2025-03-28 17:38:19.818 [DEBUG] [thread-id 1] - Verify identifier: {TextFieldStackView.textField=[true]}
2025-03-28 17:38:19.983 [DEBUG] [thread-id 1] - Enter text: 'E2epassword$'
2025-03-28 17:38:26.763 [DEBUG] [thread-id 1] - Click element: 'AuthChoiceView.ctaButton'
2025-03-28 17:38:47.842 [DEBUG] [thread-id 1] - conditionally execute a flow. condition: true
2025-03-28 17:38:48.512 [DEBUG] [thread-id 1] - sleep:  2000 milliseconds
2025-03-28 17:39:02.277 [DEBUG] [thread-id 1] - [0;34mExecuting function: 'unified.us.functions.utils.handleCartMergePopup'
2025-03-28 17:39:23.355 [DEBUG] [thread-id 1] - [38;5;202mNo Technical Error Page observed
2025-03-28 17:39:23.366 [DEBUG] [thread-id 1] - [0;34mExecuting function: 'unified.us.functions.home.toolTip'
2025-03-28 17:39:33.640 [DEBUG] [thread-id 1] - [0;34mExecuting function: 'unified.us.functions.global.navigation.accountToHome'
2025-03-28 17:39:33.640 [DEBUG] [thread-id 1] - [0;34mExecuting function: 'unified.us.functions.global.navigation.toTab'
2025-03-28 17:39:33.641 [DEBUG] [thread-id 1] - [0;34mExecuting function: 'unified.us.functions.utils.scrollIfNotVisible'
2025-03-28 17:39:33.641 [WARN] [thread-id 1] - variable scrollLimit was used, but r2 could not find a value for this variable. returning default of null
2025-03-28 17:39:33.641 [DEBUG] [thread-id 1] - conditionally execute a flow. condition: true
2025-03-28 17:39:34.318 [DEBUG] [thread-id 1] - Store in: store the value '7' in the variable 'scrollLimit'
2025-03-28 17:39:34.364 [DEBUG] [thread-id 1] - [38;5;202mScroll limit set to - 7
2025-03-28 17:39:34.364 [DEBUG] [thread-id 1] - conditionally execute a flow. condition: true
2025-03-28 17:39:35.578 [DEBUG] [thread-id 1] - conditionally execute a flow. condition: true
2025-03-28 17:39:36.276 [DEBUG] [thread-id 1] - [38;5;202mElement already visible, scrolling is skipped
2025-03-28 17:39:36.300 [WARN] [thread-id 1] - variable scrollNeeded was used, but r2 could not find a value for this variable. returning default of null
2025-03-28 17:39:36.301 [DEBUG] [thread-id 1] - [38;5;202mResetting scrollPosition variable to default
2025-03-28 17:39:36.301 [DEBUG] [thread-id 1] - Store in: store the value 'null' in the variable 'scrollPosition'
2025-03-28 17:39:36.301 [DEBUG] [thread-id 1] - Store in: store the value 'null' in the variable 'identifierScope'
2025-03-28 17:39:36.301 [DEBUG] [thread-id 1] - Store in: store the value 'null' in the variable 'scrollLimit'
2025-03-28 17:39:36.301 [DEBUG] [thread-id 1] - Store in: store the value 'false' in the variable 'scrollNeeded'
2025-03-28 17:39:36.736 [DEBUG] [thread-id 1] - Click element: '//XCUIElementTypeButton[contains(@name, "Shop")]'
2025-03-28 17:39:37.261 [DEBUG] [thread-id 1] - [0;34mExecuting function: 'unified.us.functions.home.closeWPlusPromotionPopUpIfDisplayed'
2025-03-28 17:39:37.262 [DEBUG] [thread-id 1] - conditionally execute a flow. condition: true
2025-03-28 17:39:52.502 [DEBUG] [thread-id 1] - [0;34mExecuting function: 'unified.us.functions.global.navigation.goToDeepLink'
2025-03-28 17:39:52.502 [DEBUG] [thread-id 1] - Store in: store the value 'Post-transactions' in the variable 'executionStage'
2025-03-28 17:39:52.503 [DEBUG] [thread-id 1] - [38;5;202mOpen deep link
2025-03-28 17:39:52.503 [DEBUG] [thread-id 1] - [38;5;202mwalmart://expo?expo_preview=true&experiment_spec=AItRI&variation_specs=Ql5V9&experiment_count=0
2025-03-28 17:39:52.503 [DEBUG] [thread-id 1] - Verify value of: '$deepLinkUrl'
2025-03-28 17:39:52.503 [DEBUG] [thread-id 1] - Open link: 'walmart://expo?expo_preview=true&experiment_spec=AItRI&variation_specs=Ql5V9&experiment_count=0'
2025-03-28 17:39:53.052 [DEBUG] [thread-id 1] - conditionally execute a flow. condition: true
2025-03-28 17:39:55.070 [DEBUG] [thread-id 1] - [0;34mExecuting function: 'unified.us.functions.global.navigation.openDeepLink'
2025-03-28 17:39:59.268 [DEBUG] [thread-id 1] - [38;5;202mDeeplink pop up not displayed
2025-03-28 17:39:59.481 [DEBUG] [thread-id 1] - sleep:  5000 milliseconds
2025-03-28 17:40:04.488 [DEBUG] [thread-id 1] - [0;34mExecuting function: 'unified.us.functions.global.navigation.toCartFromNavBar'
2025-03-28 17:40:04.489 [DEBUG] [thread-id 1] - Store in: store the value 'Transactions' in the variable 'executionStage'
2025-03-28 17:40:06.382 [DEBUG] [thread-id 1] - Verify identifier: {//XCUIElementTypeButton[contains(@label, "Your cart")] | //XCUIElementTypeButton[(@name="SearchResultsViewController.cartButton") or (contains(@label,"Your cart contains") and contains(@label,"The estimated total is")) or (@label="Your cart is empty")]=[true]}
2025-03-28 17:40:08.415 [DEBUG] [thread-id 1] - Click element: '//XCUIElementTypeButton[contains(@label, "Your cart")] | //XCUIElementTypeButton[(@name="SearchResultsViewController.cartButton") or (contains(@label,"Your cart contains") and contains(@label,"The estimated total is")) or (@label="Your cart is empty")]'
2025-03-28 17:40:09.532 [DEBUG] [thread-id 1] - [0;34mExecuting function: 'unified.us.functions.cart.storeChangePopUp'
2025-03-28 17:40:25.248 [DEBUG] [thread-id 1] - [38;5;202mNo Store Change pop up screen displayed
2025-03-28 17:40:36.502 [DEBUG] [thread-id 1] - conditionally execute a flow. condition: false
2025-03-28 17:40:53.218 [DEBUG] [thread-id 1] - conditionally execute a flow. condition: false
2025-03-28 17:40:58.824 [WARN] [thread-id 1] - variable skipValidation was used, but r2 could not find a value for this variable. returning default of null
2025-03-28 17:40:58.827 [DEBUG] [thread-id 1] - conditionally execute a flow. condition: true
2025-03-28 17:41:14.988 [DEBUG] [thread-id 1] - conditionally execute a flow. condition: true
2025-03-28 17:41:20.547 [DEBUG] [thread-id 1] - [38;5;202mcart page loaded
2025-03-28 17:41:20.983 [DEBUG] [thread-id 1] - [0;34mExecuting function: 'unified.us.functions.cart.removeAllCartItems'
2025-03-28 17:41:20.983 [DEBUG] [thread-id 1] - [0;34mExecuting function: 'unified.us.functions.cart.storeChangePopUp'
2025-03-28 17:41:31.724 [DEBUG] [thread-id 1] - [38;5;202mNo Store Change pop up screen displayed
2025-03-28 17:41:32.138 [DEBUG] [thread-id 1] - [0;34mExecuting function: 'unified.us.functions.cart.removeAdonsNotAvailable'
2025-03-28 17:41:46.322 [DEBUG] [thread-id 1] - [38;5;202mNo remove Adons pop up screen displayed
2025-03-28 17:41:57.576 [DEBUG] [thread-id 1] - conditionally execute a flow. condition: false
2025-03-28 17:42:03.121 [DEBUG] [thread-id 1] - conditionally execute a flow. condition: true
2025-03-28 17:42:34.880 [DEBUG] [thread-id 1] - get number of child elements for //XCUIElementTypeScrollView[@name="ReviewOrderViewController.scrollView"] | //XCUIElementTypeOther[@name="CartDetailsViewController.stackView"] | //XCUIElementTypeCollectionView[@name="CartCollectionViewController.collectionView"]: 2
2025-03-28 17:42:40.487 [DEBUG] [thread-id 1] - conditionally execute a flow. condition: true
2025-03-28 17:42:46.095 [DEBUG] [thread-id 1] - [0;34mExecuting function: 'unified.us.functions.cart.seeDetails'
2025-03-28 17:42:46.096 [DEBUG] [thread-id 1] - conditionally execute a flow. condition: true
2025-03-28 17:42:51.694 [DEBUG] [thread-id 1] - loop: from 0 to 5
2025-03-28 17:42:57.324 [DEBUG] [thread-id 1] - [38;5;202m0
2025-03-28 17:43:13.774 [DEBUG] [thread-id 1] - Verify identifier: {//XCUIElementTypeButton[contains(@label, "See details") or contains(@label,"see details") and not(contains(@name,"SaveForLaterCardView"))] | //XCUIElementTypeButton[contains(@name,"CartCardViewController.expandCollapseView") and contains(@label, "collapsed")]=[true]}
2025-03-28 17:43:37.716 [DEBUG] [thread-id 1] - [38;5;202mSee details is present
2025-03-28 17:43:48.520 [DEBUG] [thread-id 1] - Click element: '//XCUIElementTypeButton[contains(@label, "See details") or contains(@label,"see details") and not(contains(@name,"SaveForLaterCardView"))] | //XCUIElementTypeButton[contains(@name,"CartCardViewController.expandCollapseView") and contains(@label, "collapsed")]'
2025-03-28 17:43:57.527 [DEBUG] [thread-id 1] - [38;5;202m1
2025-03-28 17:44:01.396 [DEBUG] [thread-id 1] - [38;5;202mNo See details in Cart
2025-03-28 17:44:04.048 [WARN] [thread-id 1] - no element found with name //XCUIElementTypeScrollView[@name="ReviewOrderViewController.scrollView"] | //XCUIElementTypeOther[@name="CartDetailsViewController.stackView"] | //XCUIElementTypeCollectionView[@name="CartCollectionViewController.collectionView"]
2025-03-28 17:44:04.049 [DEBUG] [thread-id 1] - get number of child elements for //XCUIElementTypeScrollView[@name="ReviewOrderViewController.scrollView"] | //XCUIElementTypeOther[@name="CartDetailsViewController.stackView"] | //XCUIElementTypeCollectionView[@name="CartCollectionViewController.collectionView"]: 0
2025-03-28 17:44:05.075 [DEBUG] [thread-id 1] - [38;5;202m0
2025-03-28 17:44:06.162 [WARN] [thread-id 1] - variable scrollDown was used, but r2 could not find a value for this variable. returning default of null
2025-03-28 17:44:06.163 [DEBUG] [thread-id 1] - conditionally execute a flow. condition: true
2025-03-28 17:44:07.191 [DEBUG] [thread-id 1] - Scroll: down
2025-03-28 17:45:30.195 [DEBUG] [thread-id 1] - loop: from 0 to 9
2025-03-28 17:45:32.828 [DEBUG] [thread-id 1] - [38;5;202m0
2025-03-28 17:45:42.617 [DEBUG] [thread-id 1] - [38;5;202mNo Items in Cart to Remove
2025-03-28 17:45:48.148 [DEBUG] [thread-id 1] - [0;34mExecuting function: 'unified.us.functions.cart.removeUnavailableItemsFromCart'
2025-03-28 17:45:48.149 [DEBUG] [thread-id 1] - conditionally execute a flow. condition: true
2025-03-28 17:46:02.793 [DEBUG] [thread-id 1] - [0;34mExecuting function: 'unified.us.functions.global.navigation.backNavigation'
2025-03-28 17:46:02.794 [DEBUG] [thread-id 1] - [38;5;202mGlobal Back navigation
2025-03-28 17:46:02.794 [DEBUG] [thread-id 1] - conditionally execute a flow. condition: true
2025-03-28 17:46:15.439 [DEBUG] [thread-id 1] - conditionally execute a flow. condition: true
2025-03-28 17:46:33.066 [DEBUG] [thread-id 1] - Click element: '//XCUIElementTypeButton[@name="Back" or @label="Back"] | //XCUIElementTypeNavigationBar[@name="Cart"]/XCUIElementTypeButton[contains(@name,"Search")] | //XCUIElementTypeNavigationBar/XCUIElementTypeButton[not(contains(@label,"cart"))]'
2025-03-28 17:46:36.541 [DEBUG] [thread-id 1] - [0;34mExecuting function: 'unified.us.functions.gic.changeFulfillment'
2025-03-28 17:46:36.542 [DEBUG] [thread-id 1] - [0;34mExecuting function: 'unified.us.functions.gic.expandIfCollapsed'
2025-03-28 17:46:40.351 [DEBUG] [thread-id 1] - Verify identifier: {//*[contains(@label,"Collapsed")] | //*[contains(@name,"Collapsed")]=[true]}
2025-03-28 17:46:44.410 [DEBUG] [thread-id 1] - Click element: '//*[contains(@label,"Collapsed")] | //*[contains(@name,"Collapsed")]'
2025-03-28 17:46:45.529 [DEBUG] [thread-id 1] - [0;34mExecuting function: 'unified.us.functions.gic.setFulfillment'
2025-03-28 17:46:45.529 [DEBUG] [thread-id 1] - conditionally execute a flow. condition: true
2025-03-28 17:46:56.211 [DEBUG] [thread-id 1] - conditionally execute a flow. condition: false
2025-03-28 17:46:58.650 [DEBUG] [thread-id 1] - Click element: '//XCUIElementTypeButton[@name="GlobalIntentCenter.Delivery"] | //XCUIElementTypeButton[contains(@name, "Delivery") ] | //XCUIElementTypeButton[@name="HoTIntentOptionsView" or @name="HoTIntentOptionsPhase2View" and contains(@label,"Delivery")]'
2025-03-28 17:46:59.823 [DEBUG] [thread-id 1] - [38;5;202mDelivery intent selected
2025-03-28 17:47:00.611 [DEBUG] [thread-id 1] - sleep:  3000 milliseconds
2025-03-28 17:47:13.764 [DEBUG] [thread-id 1] - [0;34mExecuting function: 'unified.us.functions.gic.collapseIfExpanded'
2025-03-28 17:47:15.123 [DEBUG] [thread-id 1] - Verify identifier: {//*[contains(@label,"Expanded")] | //*[contains(@name,"Expanded")]=[true]}
2025-03-28 17:47:15.933 [DEBUG] [thread-id 1] - [38;5;202mCollapsing GIC screen
2025-03-28 17:47:17.335 [DEBUG] [thread-id 1] - Click element: '//*[contains(@label,"Expanded")] | //*[contains(@name,"Expanded")]'
2025-03-28 17:47:17.922 [DEBUG] [thread-id 1] - [0;34mExecuting function: 'unified.us.functions.home.setStore'
2025-03-28 17:47:17.923 [DEBUG] [thread-id 1] - conditionally execute a flow. condition: false
2025-03-28 17:47:19.851 [DEBUG] [thread-id 1] - Store in: store the value '95110' in the variable 'zipcode'
2025-03-28 17:47:20.017 [DEBUG] [thread-id 1] - [0;34mExecuting function: 'unified.us.functions.gic.expandIfCollapsed'
2025-03-28 17:47:23.775 [DEBUG] [thread-id 1] - Verify identifier: {//*[contains(@label,"Collapsed")] | //*[contains(@name,"Collapsed")]=[true]}
2025-03-28 17:47:27.771 [DEBUG] [thread-id 1] - Click element: '//*[contains(@label,"Collapsed")] | //*[contains(@name,"Collapsed")]'
2025-03-28 17:47:39.988 [DEBUG] [thread-id 1] - conditionally execute a flow. condition: false
2025-03-28 17:47:40.785 [DEBUG] [thread-id 1] - [38;5;202mSkipping as its already set to the required store
2025-03-28 17:47:41.595 [DEBUG] [thread-id 1] - [0;34mExecuting function: 'unified.us.functions.gic.collapseIfExpanded'
2025-03-28 17:47:42.941 [DEBUG] [thread-id 1] - Verify identifier: {//*[contains(@label,"Expanded")] | //*[contains(@name,"Expanded")]=[true]}
2025-03-28 17:47:43.779 [DEBUG] [thread-id 1] - [38;5;202mCollapsing GIC screen
2025-03-28 17:47:45.143 [DEBUG] [thread-id 1] - Click element: '//*[contains(@label,"Expanded")] | //*[contains(@name,"Expanded")]'
2025-03-28 17:47:45.765 [DEBUG] [thread-id 1] - [0;34mExecuting function: 'unified.us.functions.global.navigation.goToDeepLink'
2025-03-28 17:47:45.765 [DEBUG] [thread-id 1] - Store in: store the value 'Post-transactions' in the variable 'executionStage'
2025-03-28 17:47:45.765 [DEBUG] [thread-id 1] - [38;5;202mOpen deep link
2025-03-28 17:47:45.766 [DEBUG] [thread-id 1] - [38;5;202mwalmart://item/44390950
2025-03-28 17:47:45.766 [DEBUG] [thread-id 1] - Verify value of: '$deepLinkUrl'
2025-03-28 17:47:45.766 [DEBUG] [thread-id 1] - Open link: 'walmart://item/44390950'
2025-03-28 17:47:48.578 [DEBUG] [thread-id 1] - conditionally execute a flow. condition: true
2025-03-28 17:47:50.393 [DEBUG] [thread-id 1] - [38;5;202mDeeplink pop up not displayed
2025-03-28 17:47:50.402 [DEBUG] [thread-id 1] - sleep:  5000 milliseconds
2025-03-28 17:47:55.406 [DEBUG] [thread-id 1] - [0;34mExecuting function: 'unified.us.functions.item.addItemToCart'
2025-03-28 17:47:55.408 [DEBUG] [thread-id 1] - Store in: store the value 'Transactions' in the variable 'executionStage'
2025-03-28 17:47:55.408 [DEBUG] [thread-id 1] - [0;34mExecuting function: 'unified.us.functions.item.validateAndClickAddToCartButton'
2025-03-28 17:48:17.288 [DEBUG] [thread-id 1] - Verify identifier: {stepper.mainButton=[true]}
2025-03-28 17:48:33.164 [DEBUG] [thread-id 1] - [38;5;202mATC button present
2025-03-28 17:48:53.391 [DEBUG] [thread-id 1] - Click element: 'stepper.mainButton'
2025-03-28 17:49:07.433 [WARN] [thread-id 1] - variable skipPostAddToCartSteps was used, but r2 could not find a value for this variable. returning default of null
2025-03-28 17:49:07.434 [DEBUG] [thread-id 1] - conditionally execute a flow. condition: true
2025-03-28 17:49:24.554 [DEBUG] [thread-id 1] - conditionally execute a flow. condition: true
2025-03-28 17:49:42.347 [DEBUG] [thread-id 1] - [0;34mExecuting function: 'unified.us.functions.global.navigation.goToDeepLink'
2025-03-28 17:49:42.348 [DEBUG] [thread-id 1] - Store in: store the value 'Post-transactions' in the variable 'executionStage'
2025-03-28 17:49:42.348 [DEBUG] [thread-id 1] - [38;5;202mOpen deep link
2025-03-28 17:49:42.348 [DEBUG] [thread-id 1] - [38;5;202mwalmart://home
2025-03-28 17:49:42.348 [DEBUG] [thread-id 1] - Verify value of: '$deepLinkUrl'
2025-03-28 17:49:42.348 [DEBUG] [thread-id 1] - Open link: 'walmart://home'
2025-03-28 17:49:42.830 [DEBUG] [thread-id 1] - conditionally execute a flow. condition: true
2025-03-28 17:49:49.798 [DEBUG] [thread-id 1] - [38;5;202mDeeplink pop up not displayed
2025-03-28 17:49:49.972 [DEBUG] [thread-id 1] - sleep:  5000 milliseconds
2025-03-28 17:49:55.042 [DEBUG] [thread-id 1] - Store in: store the value 'false' in the variable 'skipPostAddToCartSteps'
2025-03-28 17:49:55.042 [DEBUG] [thread-id 1] - Store in: store the value 'false' in the variable 'apiFetch'
2025-03-28 17:49:55.042 [DEBUG] [thread-id 1] - [0;34mExecuting function: 'unified.us.functions.global.navigation.goToDeepLink'
2025-03-28 17:49:55.043 [DEBUG] [thread-id 1] - Store in: store the value 'Post-transactions' in the variable 'executionStage'
2025-03-28 17:49:55.043 [DEBUG] [thread-id 1] - [38;5;202mOpen deep link
2025-03-28 17:49:55.043 [DEBUG] [thread-id 1] - [38;5;202mwalmart://item/182565738
2025-03-28 17:49:55.043 [DEBUG] [thread-id 1] - Verify value of: '$deepLinkUrl'
2025-03-28 17:49:55.043 [DEBUG] [thread-id 1] - Open link: 'walmart://item/182565738'
2025-03-28 17:49:55.580 [DEBUG] [thread-id 1] - conditionally execute a flow. condition: true
2025-03-28 17:49:57.266 [DEBUG] [thread-id 1] - [38;5;202mDeeplink pop up not displayed
2025-03-28 17:49:57.278 [DEBUG] [thread-id 1] - sleep:  5000 milliseconds
2025-03-28 17:50:02.285 [DEBUG] [thread-id 1] - [0;34mExecuting function: 'unified.us.functions.item.addItemToCart'
2025-03-28 17:50:02.286 [DEBUG] [thread-id 1] - Store in: store the value 'Transactions' in the variable 'executionStage'
2025-03-28 17:50:19.999 [DEBUG] [thread-id 1] - Verify identifier: {stepper.mainButton=[true]}
2025-03-28 17:50:33.843 [DEBUG] [thread-id 1] - [38;5;202mATC button present
2025-03-28 17:50:51.224 [DEBUG] [thread-id 1] - Click element: 'stepper.mainButton'
2025-03-28 17:51:01.927 [DEBUG] [thread-id 1] - conditionally execute a flow. condition: true
2025-03-28 17:51:17.585 [DEBUG] [thread-id 1] - conditionally execute a flow. condition: true
2025-03-28 17:51:33.872 [DEBUG] [thread-id 1] - Store in: store the value 'Post-transactions' in the variable 'executionStage'
2025-03-28 17:51:33.872 [DEBUG] [thread-id 1] - [38;5;202mOpen deep link
2025-03-28 17:51:33.873 [DEBUG] [thread-id 1] - [38;5;202mwalmart://home
2025-03-28 17:51:33.873 [DEBUG] [thread-id 1] - Verify value of: '$deepLinkUrl'
2025-03-28 17:51:33.873 [DEBUG] [thread-id 1] - Open link: 'walmart://home'
2025-03-28 17:51:34.481 [DEBUG] [thread-id 1] - conditionally execute a flow. condition: true
2025-03-28 17:51:41.644 [DEBUG] [thread-id 1] - [38;5;202mDeeplink pop up not displayed
2025-03-28 17:51:41.827 [DEBUG] [thread-id 1] - sleep:  5000 milliseconds
2025-03-28 17:51:46.857 [DEBUG] [thread-id 1] - Store in: store the value 'false' in the variable 'skipPostAddToCartSteps'
2025-03-28 17:51:46.857 [DEBUG] [thread-id 1] - Store in: store the value 'false' in the variable 'apiFetch'
2025-03-28 17:51:46.858 [DEBUG] [thread-id 1] - [0;34mExecuting function: 'unified.us.functions.global.navigation.goToDeepLink'
2025-03-28 17:51:46.858 [DEBUG] [thread-id 1] - Store in: store the value 'Post-transactions' in the variable 'executionStage'
2025-03-28 17:51:46.858 [DEBUG] [thread-id 1] - [38;5;202mOpen deep link
2025-03-28 17:51:46.858 [DEBUG] [thread-id 1] - [38;5;202mwalmart://home
2025-03-28 17:51:46.858 [DEBUG] [thread-id 1] - Verify value of: '$deepLinkUrl'
2025-03-28 17:51:46.858 [DEBUG] [thread-id 1] - Open link: 'walmart://home'
2025-03-28 17:51:47.237 [DEBUG] [thread-id 1] - conditionally execute a flow. condition: true
2025-03-28 17:51:53.430 [DEBUG] [thread-id 1] - [38;5;202mDeeplink pop up not displayed
2025-03-28 17:51:53.609 [DEBUG] [thread-id 1] - sleep:  5000 milliseconds
2025-03-28 17:51:58.617 [DEBUG] [thread-id 1] - [0;34mExecuting function: 'unified.us.functions.global.navigation.toCartFromNavBar'
2025-03-28 17:51:58.618 [DEBUG] [thread-id 1] - Store in: store the value 'Transactions' in the variable 'executionStage'
2025-03-28 17:52:00.422 [DEBUG] [thread-id 1] - Verify identifier: {//XCUIElementTypeButton[contains(@label, "Your cart")] | //XCUIElementTypeButton[(@name="SearchResultsViewController.cartButton") or (contains(@label,"Your cart contains") and contains(@label,"The estimated total is")) or (@label="Your cart is empty")]=[true]}
2025-03-28 17:52:02.347 [DEBUG] [thread-id 1] - Click element: '//XCUIElementTypeButton[contains(@label, "Your cart")] | //XCUIElementTypeButton[(@name="SearchResultsViewController.cartButton") or (contains(@label,"Your cart contains") and contains(@label,"The estimated total is")) or (@label="Your cart is empty")]'
2025-03-28 17:52:16.440 [DEBUG] [thread-id 1] - [38;5;202mNo Store Change pop up screen displayed
2025-03-28 17:52:28.162 [DEBUG] [thread-id 1] - conditionally execute a flow. condition: false
2025-03-28 17:52:45.806 [DEBUG] [thread-id 1] - conditionally execute a flow. condition: false
2025-03-28 17:52:51.604 [WARN] [thread-id 1] - variable skipValidation was used, but r2 could not find a value for this variable. returning default of null
2025-03-28 17:52:51.605 [DEBUG] [thread-id 1] - conditionally execute a flow. condition: true
2025-03-28 17:53:08.446 [DEBUG] [thread-id 1] - conditionally execute a flow. condition: true
2025-03-28 17:53:14.300 [DEBUG] [thread-id 1] - [38;5;202mcart page loaded
2025-03-28 17:53:14.757 [DEBUG] [thread-id 1] - [0;34mExecuting function: 'unified.us.functions.selectBookingSlot.MBC'
2025-03-28 17:53:14.758 [DEBUG] [thread-id 1] - [38;5;202mSlot booking from the banner for Scheduled Delivery.
2025-03-28 17:53:18.468 [DEBUG] [thread-id 1] - conditionally execute a flow. condition: true
2025-03-28 17:53:28.537 [DEBUG] [thread-id 1] - Click element: '//XCUIElementTypeButton[@name="ArrowedHorizontalCollectionView.rightArrow"]'
2025-03-28 17:53:36.200 [DEBUG] [thread-id 1] - sleep:  1000 milliseconds
2025-03-28 17:53:47.320 [DEBUG] [thread-id 1] - Click element: '//XCUIElementTypeStaticText[contains(@name,"pm")] | //XCUIElementTypeStaticText[contains(@name,"am")]'
2025-03-28 17:53:49.645 [DEBUG] [thread-id 1] - [38;5;202mR2_SUBFLOW_TRANSACTION
2025-03-28 17:53:49.646 [DEBUG] [thread-id 1] - [0;34mExecuting function: 'unified.us.functions.cart.continueToCheckout'
2025-03-28 17:54:03.646 [DEBUG] [thread-id 1] - Verify identifier: {//XCUIElementTypeButton[@name="CartPrimaryCTAButton"] | //XCUIElementTypeButton[@name="CartFinishButton"]=[true]}
2025-03-28 17:54:09.424 [DEBUG] [thread-id 1] - Click element: '//XCUIElementTypeButton[@name="CartPrimaryCTAButton"] | //XCUIElementTypeButton[@name="CartFinishButton"]'
2025-03-28 17:54:11.622 [DEBUG] [thread-id 1] - sleep:  3000 milliseconds
2025-03-28 17:54:14.625 [DEBUG] [thread-id 1] - [0;34mExecuting function: 'unified.us.functions.cart.checkOutGetItFasterPopUp'
2025-03-28 17:54:26.052 [DEBUG] [thread-id 1] - Verify identifier: {//XCUIElementTypeStaticText[contains(@label,"Get it faster")] | //XCUIElementTypeStaticText[contains(@label,"Need it faster")] | //XCUIElementTypeStaticText[@name="Get it faster!"]=[true]}
2025-03-28 17:54:36.231 [DEBUG] [thread-id 1] - Click element: '//XCUIElementTypeStaticText[@label ="No thanks"]'
2025-03-28 17:54:38.544 [DEBUG] [thread-id 1] - [0;34mExecuting function: 'unified.us.functions.cart.handleSafetyAdvice'
2025-03-28 17:55:01.231 [DEBUG] [thread-id 1] - [38;5;202mSafety Advice Header pop up not available
2025-03-28 17:55:37.057 [DEBUG] [thread-id 1] - [0;34mExecuting function: 'unified.us.functions.cart.handleItemUpdatesBottomTray'
2025-03-28 17:55:37.057 [DEBUG] [thread-id 1] - conditionally execute a flow. condition: true
2025-03-28 17:55:44.627 [DEBUG] [thread-id 1] - [38;5;202mNo item update pop up
2025-03-28 17:55:45.421 [DEBUG] [thread-id 1] - conditionally execute a flow. condition: true
2025-03-28 17:55:46.942 [DEBUG] [thread-id 1] - [38;5;202mClicked on Checkout button successfully
2025-03-28 17:55:47.042 [WARN] [thread-id 1] - variable giftItem was used, but r2 could not find a value for this variable. returning default of null
2025-03-28 17:55:47.043 [WARN] [thread-id 1] - variable doNotCloseWplusPopup was used, but r2 could not find a value for this variable. returning default of null
2025-03-28 17:55:47.044 [DEBUG] [thread-id 1] - conditionally execute a flow. condition: false
2025-03-28 17:55:48.511 [DEBUG] [thread-id 1] - [0;34mExecuting function: 'unified.us.functions.home.closeWPlusPromotionPopUpIfDisplayed'
2025-03-28 17:55:48.512 [DEBUG] [thread-id 1] - conditionally execute a flow. condition: true
2025-03-28 17:56:01.069 [DEBUG] [thread-id 1] - [0;34mExecuting function: 'unified.us.functions.wplus.handle.SubstitutionPreferencePopup'
2025-03-28 17:56:02.542 [DEBUG] [thread-id 1] - conditionally execute a flow. condition: true
2025-03-28 17:56:04.111 [DEBUG] [thread-id 1] - [38;5;202mIdentifier Substitution present , skipping tapping on close due to iOS identifier issue
2025-03-28 17:56:05.787 [DEBUG] [thread-id 1] - [0;34mExecuting function: 'unified.us.functions.reviewOrder.verifyMixedBasketConsolidation'
2025-03-28 17:56:05.787 [DEBUG] [thread-id 1] - [0;34mExecuting function: 'us.functions.checkout.reviewOrder.scrollToTopOfReviewOrder'
2025-03-28 17:56:05.787 [DEBUG] [thread-id 1] - [38;5;202mScrolling to top of review order page
2025-03-28 17:56:07.295 [DEBUG] [thread-id 1] - Verify identifier: {Checkout=[true]}
2025-03-28 17:56:07.296 [DEBUG] [thread-id 1] - [0;34mExecuting function: 'us.functions.utils.scrollIfNotVisible'
2025-03-28 17:56:09.759 [DEBUG] [thread-id 1] - Verify identifier: {//*[@name="ReviewOrderViewController.stackView"]/XCUIElementTypeOther[1]//*[@name="FulfillmentTitleView.titlePrefixLabel"] | (//XCUIElementTypeStaticText[@name="FulfillmentTitleView.titlePrefixLabel"])[1]=[true]}
2025-03-28 17:56:11.261 [DEBUG] [thread-id 1] - [38;5;202mElement already visible, scrolling is skipped
2025-03-28 17:56:11.354 [DEBUG] [thread-id 1] - [38;5;202mResetting scrollPosition variable to default
2025-03-28 17:56:11.355 [DEBUG] [thread-id 1] - Store in: store the value 'null' in the variable 'scrollPosition'
2025-03-28 17:56:11.355 [DEBUG] [thread-id 1] - Store in: store the value 'null' in the variable 'identifierScope'
2025-03-28 17:56:11.355 [DEBUG] [thread-id 1] - Store in: store the value 'null' in the variable 'limit'
2025-03-28 17:56:12.170 [DEBUG] [thread-id 1] - conditionally execute a flow. condition: true
2025-03-28 17:56:13.618 [DEBUG] [thread-id 1] - [38;5;202mMixed Basket Consolidation is happening !!!
2025-03-28 17:56:14.613 [DEBUG] [thread-id 1] - Verify identifier: {//XCUIElementTypeStaticText[@value="Delivery from store"]=[true]}
2025-03-28 17:56:14.613 [DEBUG] [thread-id 1] - Store in: store the value 'passed' in the variable 'testStatus'
2025-03-28 17:56:17.724 [DEBUG] [thread-id 1] - [0;34mExecuting scenario: 'After'
2025-03-28 17:56:17.724 [DEBUG] [thread-id 1] - [0;34mExecuting function: 'unified.us.functions.utils.afterSteps'
2025-03-28 17:56:17.724 [DEBUG] [thread-id 1] - conditionally execute a flow. condition: true
2025-03-28 17:56:19.194 [DEBUG] [thread-id 1] - [38;5;202mTest passed
2025-03-28 17:56:24.254 [DEBUG] [thread-id 1] - Created report: /Users/m0k0a2f/glass-automation/report/index.html
