2025-01-07 08:59:12.011 [DEBUG] [thread-id 1] - Executing R2 4.0.2: '/Users/m0k0a2f/glass-automation/us/unified-e2e-tests/test-scripts/Ecomm-And-Fulfillment-Flows/badging/C2717104-validate-badging-for-members.yaml' on device: 'iPhone 12'
2025-01-07 09:04:01.552 [DEBUG] [thread-id 1] - Executing scenario: 'Before'
2025-01-07 09:04:01.555 [DEBUG] [thread-id 1] - Executing function: 'us.function.utils.getEnvironmentValue'
2025-01-07 09:04:01.556 [DEBUG] [thread-id 1] - Store in: store the value 'production' in the variable 'env'
2025-01-07 09:04:01.556 [DEBUG] [thread-id 1] - Timestamp: 1736269441556
2025-01-07 09:04:01.557 [DEBUG] [thread-id 1] - Executing function: 'functions.utils.setPlatformInfo'
2025-01-07 09:04:01.560 [WARN] [thread-id 1] - variable dependencies.general.appPackage was used, but r2 could not find a value for this variable. returning default of null
2025-01-07 09:04:01.560 [DEBUG] [thread-id 1] - Store in: store the value 'null' in the variable 'appPackage'
2025-01-07 09:04:01.570 [DEBUG] [thread-id 1] - conditionally execute a flow. condition: true
2025-01-07 09:04:01.794 [DEBUG] [thread-id 1] - Store in: store the value 'iOS' in the variable 'platform'
2025-01-07 09:04:01.799 [DEBUG] [thread-id 1] - R2_SUBFLOW_PRE_TRANSACTION
2025-01-07 09:04:02.252 [DEBUG] [thread-id 1] - Using us-errors-helpers.yaml
2025-01-07 09:04:02.716 [DEBUG] [thread-id 1] - Start Main
2025-01-07 09:04:02.716 [DEBUG] [thread-id 1] - Executing function: 'unified.us.functions.global.onboarding.navigateOnboardingToHome'
2025-01-07 09:04:02.717 [DEBUG] [thread-id 1] - Welcome screen loaded
2025-01-07 09:04:02.720 [DEBUG] [thread-id 1] - Verify identifier: {cta.cancel.welcome=[true]}
2025-01-07 09:04:02.721 [DEBUG] [thread-id 1] - Store in: store the value 'true' in the variable 'testStarted'
2025-01-07 09:04:02.762 [DEBUG] [thread-id 1] - Click element: 'cta.cancel.welcome'
2025-01-07 09:04:03.301 [DEBUG] [thread-id 1] - Notifiction Prompt screen loaded
2025-01-07 09:04:24.507 [DEBUG] [thread-id 1] - Main failed: Is not present: 'LocationPermissionViewController.titleLabel'
2025-01-07 09:04:25.061 [DEBUG] [thread-id 1] - Executing scenario: 'After'
2025-01-07 09:04:25.062 [DEBUG] [thread-id 1] - Executing function: 'unified.us.functions.utils.afterSteps'
2025-01-07 09:04:25.063 [WARN] [thread-id 1] - variable testStatus was used, but r2 could not find a value for this variable. returning default of null
2025-01-07 09:04:25.064 [DEBUG] [thread-id 1] - conditionally execute a flow. condition: false
2025-01-07 09:04:25.313 [DEBUG] [thread-id 1] - Test failed
2025-01-07 09:04:38.788 [DEBUG] [thread-id 1] - Created report: /Users/m0k0a2f/glass-automation/report/index.html
2025-01-07 09:06:24.807 [DEBUG] [thread-id 1] - Executing R2 4.0.2: '/Users/m0k0a2f/glass-automation/us/unified-e2e-tests/test-scripts/Ecomm-And-Fulfillment-Flows/badging/C2717104-validate-badging-for-members.yaml' on device: 'iPhone 12'
2025-01-07 09:07:25.957 [DEBUG] [thread-id 1] - Executing R2 4.0.2: '/Users/m0k0a2f/glass-automation/us/unified-e2e-tests/test-scripts/Ecomm-And-Fulfillment-Flows/badging/C2717104-validate-badging-for-members.yaml' on device: 'iPhone 12'
2025-01-07 09:10:31.867 [DEBUG] [thread-id 1] - Executing scenario: 'Before'
2025-01-07 09:10:31.870 [DEBUG] [thread-id 1] - Executing function: 'us.function.utils.getEnvironmentValue'
2025-01-07 09:10:31.871 [DEBUG] [thread-id 1] - Store in: store the value 'production' in the variable 'env'
2025-01-07 09:10:31.872 [DEBUG] [thread-id 1] - Timestamp: 1736269831872
2025-01-07 09:10:31.873 [DEBUG] [thread-id 1] - Executing function: 'functions.utils.setPlatformInfo'
2025-01-07 09:10:31.876 [WARN] [thread-id 1] - variable dependencies.general.appPackage was used, but r2 could not find a value for this variable. returning default of null
2025-01-07 09:10:31.876 [DEBUG] [thread-id 1] - Store in: store the value 'null' in the variable 'appPackage'
2025-01-07 09:10:31.886 [DEBUG] [thread-id 1] - conditionally execute a flow. condition: true
2025-01-07 09:10:32.116 [DEBUG] [thread-id 1] - Store in: store the value 'iOS' in the variable 'platform'
2025-01-07 09:10:32.122 [DEBUG] [thread-id 1] - R2_SUBFLOW_PRE_TRANSACTION
2025-01-07 09:10:32.576 [DEBUG] [thread-id 1] - Using us-errors-helpers.yaml
2025-01-07 09:10:33.048 [DEBUG] [thread-id 1] - Start Main
2025-01-07 09:10:33.049 [DEBUG] [thread-id 1] - Executing function: 'unified.us.functions.global.onboarding.navigateOnboardingToHome'
2025-01-07 09:10:33.049 [DEBUG] [thread-id 1] - Welcome screen loaded
2025-01-07 09:10:33.053 [DEBUG] [thread-id 1] - Verify identifier: {cta.cancel.welcome=[true]}
2025-01-07 09:10:33.053 [DEBUG] [thread-id 1] - Store in: store the value 'true' in the variable 'testStarted'
2025-01-07 09:10:33.097 [DEBUG] [thread-id 1] - Click element: 'cta.cancel.welcome'
2025-01-07 09:10:33.627 [DEBUG] [thread-id 1] - Notifiction Prompt screen loaded
2025-01-07 09:10:35.628 [DEBUG] [thread-id 1] - Verify identifier: {LocationPermissionViewController.titleLabel=[true]}
2025-01-07 09:10:35.675 [DEBUG] [thread-id 1] - Click element: 'Enter zip code'
2025-01-07 09:10:36.500 [DEBUG] [thread-id 1] - Verify identifier: {label.postal-code-entry=[true]}
2025-01-07 09:10:36.500 [DEBUG] [thread-id 1] - sleep:  2000 milliseconds
2025-01-07 09:10:38.575 [DEBUG] [thread-id 1] - Enter text: '95122'
2025-01-07 09:10:41.463 [DEBUG] [thread-id 1] - Click element: 'cta.continue'
2025-01-07 09:10:41.946 [DEBUG] [thread-id 1] - sleep:  3000 milliseconds
2025-01-07 09:10:54.956 [DEBUG] [thread-id 1] - conditionally execute a flow. condition: true
2025-01-07 09:10:55.170 [DEBUG] [thread-id 1] - Observed IDFA Screen
2025-01-07 09:10:55.394 [DEBUG] [thread-id 1] - conditionally execute a flow. condition: true
2025-01-07 09:10:55.617 [DEBUG] [thread-id 1] - Verify identifier: {ATTPermissionViewController.titleLabel=[true], ATTPermissionViewController.bodyLabel=[true]}
2025-01-07 09:10:55.881 [DEBUG] [thread-id 1] - Click element: 'cta.continue.location'
2025-01-07 09:10:59.164 [DEBUG] [thread-id 1] - Click element: '//XCUIElementTypeButton[@name="Ask App Not to Track"] | //XCUIElementTypeButton[@name="Solicitar a la app no rastrear"]'
2025-01-07 09:11:24.304 [DEBUG] [thread-id 1] - Executing function: 'unified.us.functions.home.toolTip'
2025-01-07 09:11:26.408 [DEBUG] [thread-id 1] - conditionally execute a flow. condition: true
2025-01-07 09:11:28.535 [DEBUG] [thread-id 1] - tooltip displayed
2025-01-07 09:11:31.667 [DEBUG] [thread-id 1] - Click element with offset: 'LDCallout.closeLinkButton'
2025-01-07 09:11:33.222 [DEBUG] [thread-id 1] - Executing function: 'unified.us.functions.gic.collapseIfExpanded'
2025-01-07 09:11:39.616 [DEBUG] [thread-id 1] - GIC already collapsed
2025-01-07 09:11:41.624 [DEBUG] [thread-id 1] - Verify identifier: {Search Walmart=[true]}
2025-01-07 09:11:41.624 [DEBUG] [thread-id 1] - Executing function: 'unified.us.functions.home.navigateHomeToSignIn'
2025-01-07 09:11:43.171 [DEBUG] [thread-id 1] - Click element: '//XCUIElementTypeButton[@name="Account"] | Account'
2025-01-07 09:11:51.745 [DEBUG] [thread-id 1] - Verify identifier: {//XCUIElementTypeButton[@name="SignInYourAccountTableViewCell.signInButton"]=[true]}
2025-01-07 09:11:52.100 [DEBUG] [thread-id 1] - Click element: '//XCUIElementTypeButton[@name="SignInYourAccountTableViewCell.signInButton"]'
2025-01-07 09:11:53.995 [DEBUG] [thread-id 1] - conditionally execute a flow. condition: true
2025-01-07 09:11:55.193 [DEBUG] [thread-id 1] - Store in: store the value 'true' in the variable 'signInValidated'
2025-01-07 09:11:55.203 [DEBUG] [thread-id 1] - conditionally execute a flow. condition: true
2025-01-07 09:11:56.479 [DEBUG] [thread-id 1] - SignIn page loaded
2025-01-07 09:11:57.715 [DEBUG] [thread-id 1] - Store in: store the value 'false' in the variable 'signInValidated'
2025-01-07 09:11:57.726 [DEBUG] [thread-id 1] - conditionally execute a flow. condition: true
2025-01-07 09:11:59.002 [DEBUG] [thread-id 1] - Store in: store the value 'prod.gicUser1@cloudtest.org' in the variable 'email'
2025-01-07 09:12:00.447 [DEBUG] [thread-id 1] - Store in: store the value 'e2ePassword$' in the variable 'password'
2025-01-07 09:12:00.454 [DEBUG] [thread-id 1] - Executing function: 'unified.us.functions.global.authentication.signInAccount'
2025-01-07 09:12:00.455 [DEBUG] [thread-id 1] - conditionally execute a flow. condition: true
2025-01-07 09:12:15.178 [DEBUG] [thread-id 1] - Verify identifier: {TextFieldStackView.containerStackView=[true]}
2025-01-07 09:12:15.373 [DEBUG] [thread-id 1] - Enter text: 'prod.gicUser1@cloudtest.org'
2025-01-07 09:12:20.666 [DEBUG] [thread-id 1] - Click element: 'WelcomeView.ctaButton'
2025-01-07 09:12:21.432 [DEBUG] [thread-id 1] - sleep:  2000 milliseconds
2025-01-07 09:12:25.959 [DEBUG] [thread-id 1] - conditionally execute a flow. condition: true
2025-01-07 09:12:27.347 [DEBUG] [thread-id 1] - Entered Email Successfully
2025-01-07 09:12:28.682 [DEBUG] [thread-id 1] - conditionally execute a flow. condition: true
2025-01-07 09:12:30.179 [DEBUG] [thread-id 1] - Click element: 'AuthChoiceView.passwordStackView'
2025-01-07 09:12:32.450 [DEBUG] [thread-id 1] - Selected Password Option to Login
2025-01-07 09:12:32.458 [DEBUG] [thread-id 1] - Verify identifier: {TextFieldStackView.textField=[true]}
2025-01-07 09:12:32.659 [DEBUG] [thread-id 1] - Enter text: 'e2ePassword$'
2025-01-07 09:12:39.526 [DEBUG] [thread-id 1] - Click element: 'AuthChoiceView.ctaButton'
2025-01-07 09:13:01.574 [DEBUG] [thread-id 1] - conditionally execute a flow. condition: true
2025-01-07 09:13:03.949 [DEBUG] [thread-id 1] - sleep:  2000 milliseconds
2025-01-07 09:13:08.730 [DEBUG] [thread-id 1] - conditionally execute a flow. condition: true
2025-01-07 09:13:12.389 [DEBUG] [thread-id 1] - Click element: '//XCUIElementTypeButton[@name="Donâ€™t Allow"]'
2025-01-07 09:13:13.076 [DEBUG] [thread-id 1] - Executing function: 'unified.us.functions.utils.handleCartMergePopup'
2025-01-07 09:13:34.348 [DEBUG] [thread-id 1] - No Technical Error Page observed
2025-01-07 09:13:34.353 [DEBUG] [thread-id 1] - Executing function: 'unified.us.functions.home.toolTip'
2025-01-07 09:13:44.507 [DEBUG] [thread-id 1] - conditionally execute a flow. condition: false
2025-01-07 09:13:45.149 [DEBUG] [thread-id 1] - no tooltip displayed
2025-01-07 09:13:45.171 [DEBUG] [thread-id 1] - Executing function: 'unified.us.functions.global.navigation.accountToHome'
2025-01-07 09:13:45.172 [DEBUG] [thread-id 1] - Executing function: 'unified.us.functions.global.navigation.toTab'
2025-01-07 09:13:45.172 [DEBUG] [thread-id 1] - Executing function: 'us.functions.utils.scrollIfNotVisible'
2025-01-07 09:13:46.314 [DEBUG] [thread-id 1] - Verify identifier: {//XCUIElementTypeButton[contains(@name, "Shop")]=[true]}
2025-01-07 09:13:46.986 [DEBUG] [thread-id 1] - Element already visible, scrolling is skipped
2025-01-07 09:13:46.991 [DEBUG] [thread-id 1] - Resetting scrollPosition variable to default
2025-01-07 09:13:46.991 [DEBUG] [thread-id 1] - Store in: store the value 'null' in the variable 'scrollPosition'
2025-01-07 09:13:46.992 [DEBUG] [thread-id 1] - Store in: store the value 'null' in the variable 'identifierScope'
2025-01-07 09:13:46.992 [DEBUG] [thread-id 1] - Store in: store the value 'null' in the variable 'limit'
2025-01-07 09:13:47.461 [DEBUG] [thread-id 1] - Click element: '//XCUIElementTypeButton[contains(@name, "Shop")]'
2025-01-07 09:13:47.937 [DEBUG] [thread-id 1] - Executing function: 'unified.us.functions.home.closeWPlusPromotionPopUpIfDisplayed'
2025-01-07 09:13:47.938 [DEBUG] [thread-id 1] - conditionally execute a flow. condition: true
2025-01-07 09:13:56.660 [DEBUG] [thread-id 1] - conditionally execute a flow. condition: true
2025-01-07 09:14:01.504 [DEBUG] [thread-id 1] - Click element: '//XCUIElementTypeButton[@name="SplashPageViewController.closeButton" or contains(@label, "Close Walmart plus promotional pop up")] | //XCUIElementTypeNavigationBar[@name="WalmartPlus.SplashPageView"]/XCUIElementTypeButton | //XCUIElementTypeButton[@name="close" or @name="Close"] | //XCUIElementTypeButton[@name="SplashPageViewController.fullScreenCloseButton"] | //XCUIElementTypeButton[@name="MultiSplashViewController.fullScreenCloseButton"] | //XCUIElementTypeButton[@name="RepeatBenefitEngagementTopBarView.closeButton"] | //XCUIElementTypeButton[@name="Close"] | //XCUIElementTypeButton[@name="close"]'
2025-01-07 09:14:02.463 [DEBUG] [thread-id 1] - Executing function: 'unified.us.functions.global.navigation.toCartFromNavBar'
2025-01-07 09:14:04.823 [DEBUG] [thread-id 1] - Verify identifier: {//XCUIElementTypeButton[contains(@label, "Your cart")] | //XCUIElementTypeButton[(@name="SearchResultsViewController.cartButton") or (contains(@label,"Your cart contains") and contains(@label,"The estimated total is")) or (@label="Your cart is empty")]=[true]}
2025-01-07 09:14:06.825 [DEBUG] [thread-id 1] - Click element: '//XCUIElementTypeButton[contains(@label, "Your cart")] | //XCUIElementTypeButton[(@name="SearchResultsViewController.cartButton") or (contains(@label,"Your cart contains") and contains(@label,"The estimated total is")) or (@label="Your cart is empty")]'
2025-01-07 09:14:07.797 [DEBUG] [thread-id 1] - Executing function: 'unified.us.functions.cart.storeChangePopUp'
2025-01-07 09:14:23.255 [DEBUG] [thread-id 1] - No Store Change pop up screen displayed
2025-01-07 09:14:38.192 [DEBUG] [thread-id 1] - conditionally execute a flow. condition: false
2025-01-07 09:14:53.525 [DEBUG] [thread-id 1] - conditionally execute a flow. condition: false
2025-01-07 09:14:58.565 [WARN] [thread-id 1] - variable skipValidation was used, but r2 could not find a value for this variable. returning default of null
2025-01-07 09:14:58.566 [DEBUG] [thread-id 1] - conditionally execute a flow. condition: true
2025-01-07 09:15:13.507 [DEBUG] [thread-id 1] - Verify identifier: {//XCUIElementTypeStaticText[@name="CartDetailsViewController.headerCartLabel"] | //XCUIElementTypeStaticText[@name="CartEmptyStateViewController.titleLabel" and not(contains(@label,"We're sorry!"))]=[true]}
2025-01-07 09:15:18.548 [DEBUG] [thread-id 1] - cart page loaded
2025-01-07 09:15:18.570 [DEBUG] [thread-id 1] - Executing function: 'unified.us.functions.cart.removeAllCartItems'
2025-01-07 09:15:18.570 [DEBUG] [thread-id 1] - Executing function: 'unified.us.functions.cart.storeChangePopUp'
2025-01-07 09:15:28.467 [DEBUG] [thread-id 1] - No Store Change pop up screen displayed
2025-01-07 09:15:28.479 [DEBUG] [thread-id 1] - Executing function: 'unified.us.functions.cart.removeAdonsNotAvailable'
2025-01-07 09:15:41.611 [DEBUG] [thread-id 1] - No remove Adons pop up screen displayed
2025-01-07 09:15:56.530 [DEBUG] [thread-id 1] - conditionally execute a flow. condition: false
2025-01-07 09:16:01.533 [DEBUG] [thread-id 1] - conditionally execute a flow. condition: true
2025-01-07 09:16:13.444 [DEBUG] [thread-id 1] - get number of child elements for //XCUIElementTypeScrollView[@name="ReviewOrderViewController.scrollView"] | //XCUIElementTypeOther[@name="CartDetailsViewController.stackView"]: 1
2025-01-07 09:16:18.454 [DEBUG] [thread-id 1] - conditionally execute a flow. condition: true
2025-01-07 09:16:23.497 [DEBUG] [thread-id 1] - Executing function: 'unified.us.functions.cart.seeDetails'
2025-01-07 09:16:23.499 [DEBUG] [thread-id 1] - conditionally execute a flow. condition: true
2025-01-07 09:16:28.575 [DEBUG] [thread-id 1] - loop: from 0 to 5
2025-01-07 09:16:33.659 [DEBUG] [thread-id 1] - 0
2025-01-07 09:16:48.352 [DEBUG] [thread-id 1] - Verify identifier: {//XCUIElementTypeButton[contains(@label, "See details")] | //XCUIElementTypeButton[contains(@name,"CartCardViewController.expandCollapseView") and contains(@label, "collapsed")]=[true]}
2025-01-07 09:17:09.693 [DEBUG] [thread-id 1] - See details is present
2025-01-07 09:17:19.169 [DEBUG] [thread-id 1] - Click element: '//XCUIElementTypeButton[contains(@label, "See details")] | //XCUIElementTypeButton[contains(@name,"CartCardViewController.expandCollapseView") and contains(@label, "collapsed")]'
2025-01-07 09:17:26.441 [DEBUG] [thread-id 1] - 1
2025-01-07 09:17:48.443 [DEBUG] [thread-id 1] - No See details in Cart
2025-01-07 09:18:14.453 [DEBUG] [thread-id 1] - get number of child elements for //XCUIElementTypeScrollView[@name="ReviewOrderViewController.scrollView"] | //XCUIElementTypeOther[@name="CartDetailsViewController.stackView"]: 3
2025-01-07 09:18:20.154 [DEBUG] [thread-id 1] - 3
2025-01-07 09:18:37.582 [DEBUG] [thread-id 1] - Verify identifier: {//*[contains(@label,"Add Walmart Protection Plan")] | //XCUIElementTypeButton[contains(@label,"Add a protection plan")]| //*[(@name="AOSCheckBoxGroupView.addOnTitleLabel") and (contains(@label,"Protection Plan") or contains(@label, "protection plan"))]=[true]}
2025-01-07 09:18:43.629 [DEBUG] [thread-id 1] - Store in: store the value 'required' in the variable 'scrollDown'
2025-01-07 09:18:49.546 [DEBUG] [thread-id 1] - conditionally execute a flow. condition: true
2025-01-07 09:18:55.493 [DEBUG] [thread-id 1] - Scroll: down
2025-01-07 09:19:48.372 [DEBUG] [thread-id 1] - loop: from 0 to 9
2025-01-07 09:19:53.739 [DEBUG] [thread-id 1] - 0
2025-01-07 09:20:09.807 [DEBUG] [thread-id 1] - Verify identifier: {//XCUIElementTypeButton[contains(@label, "Remove and continue")] | //XCUIElementTypeButton[@name="Remove" or @name = "CartItemTileView.remove"]=[true]}
2025-01-07 09:20:20.426 [DEBUG] [thread-id 1] - Click element: '//XCUIElementTypeButton[contains(@label, "Remove and continue")] | //XCUIElementTypeButton[@name="Remove" or @name = "CartItemTileView.remove"]'
2025-01-07 09:20:33.045 [DEBUG] [thread-id 1] - 1
2025-01-07 09:20:43.017 [DEBUG] [thread-id 1] - Verify identifier: {//XCUIElementTypeButton[contains(@label, "Remove and continue")] | //XCUIElementTypeButton[@name="Remove" or @name = "CartItemTileView.remove"]=[true]}
2025-01-07 09:20:49.123 [DEBUG] [thread-id 1] - Click element: '//XCUIElementTypeButton[contains(@label, "Remove and continue")] | //XCUIElementTypeButton[@name="Remove" or @name = "CartItemTileView.remove"]'
2025-01-07 09:20:58.553 [DEBUG] [thread-id 1] - 2
2025-01-07 09:21:07.608 [DEBUG] [thread-id 1] - Verify identifier: {//XCUIElementTypeButton[contains(@label, "Remove and continue")] | //XCUIElementTypeButton[@name="Remove" or @name = "CartItemTileView.remove"]=[true]}
2025-01-07 09:21:13.184 [DEBUG] [thread-id 1] - Click element: '//XCUIElementTypeButton[contains(@label, "Remove and continue")] | //XCUIElementTypeButton[@name="Remove" or @name = "CartItemTileView.remove"]'
2025-01-07 09:21:21.642 [DEBUG] [thread-id 1] - 3
2025-01-07 09:21:29.261 [DEBUG] [thread-id 1] - No Items in Cart to Remove
2025-01-07 09:21:32.863 [DEBUG] [thread-id 1] - Executing function: 'unified.us.functions.cart.removeUnavailableItemsFromCart'
2025-01-07 09:21:32.867 [DEBUG] [thread-id 1] - conditionally execute a flow. condition: true
2025-01-07 09:21:45.477 [DEBUG] [thread-id 1] - Executing function: 'unified.us.functions.global.navigation.backNavigation'
2025-01-07 09:21:45.477 [DEBUG] [thread-id 1] - Global Back navigation
2025-01-07 09:21:45.478 [DEBUG] [thread-id 1] - conditionally execute a flow. condition: true
2025-01-07 09:21:51.929 [DEBUG] [thread-id 1] - Click element: '//XCUIElementTypeButton[@name="Back" or @label="Back"] | //XCUIElementTypeButton[@name="Shop"] | //XCUIElementTypeButton[@name="Home"]| //XCUIElementTypeButton[@name="Registries"] | //XCUIElementTypeButton[@name="My Items"] | //XCUIElementTypeNavigationBar[@name="Cart"]/XCUIElementTypeButton[contains(@name,"Search")]'
2025-01-07 09:21:52.688 [DEBUG] [thread-id 1] - Executing function: 'unified.us.functions.search.searchItem'
2025-01-07 09:21:55.428 [DEBUG] [thread-id 1] - Verify identifier: {Search=[true]}
2025-01-07 09:21:58.833 [DEBUG] [thread-id 1] - Click element: 'Search'
2025-01-07 09:22:00.039 [DEBUG] [thread-id 1] - Verify identifier: {Search Walmart=[true]}
2025-01-07 09:22:03.175 [DEBUG] [thread-id 1] - Click element: 'Search Walmart'
2025-01-07 09:22:03.943 [DEBUG] [thread-id 1] - Enter text: 'milk'
2025-01-07 09:22:15.128 [DEBUG] [thread-id 1] - Executing function: 'unified.us.functions.home.closeWPlusPromotionPopUpIfDisplayed'
2025-01-07 09:22:15.130 [DEBUG] [thread-id 1] - conditionally execute a flow. condition: true
2025-01-07 09:22:27.083 [DEBUG] [thread-id 1] - Executing function: 'unified.us.functions.utils.scrollIfNotVisible'
2025-01-07 09:22:27.084 [WARN] [thread-id 1] - variable scrollLimit was used, but r2 could not find a value for this variable. returning default of null
2025-01-07 09:22:27.085 [DEBUG] [thread-id 1] - conditionally execute a flow. condition: true
2025-01-07 09:22:27.970 [DEBUG] [thread-id 1] - Store in: store the value '7' in the variable 'scrollLimit'
2025-01-07 09:22:27.982 [DEBUG] [thread-id 1] - Scroll limit set to - 7
2025-01-07 09:22:27.983 [DEBUG] [thread-id 1] - conditionally execute a flow. condition: true
2025-01-07 09:22:29.414 [DEBUG] [thread-id 1] - conditionally execute a flow. condition: true
2025-01-07 09:22:30.266 [DEBUG] [thread-id 1] - Element already visible, scrolling is skipped
2025-01-07 09:22:30.283 [WARN] [thread-id 1] - variable scrollNeeded was used, but r2 could not find a value for this variable. returning default of null
2025-01-07 09:22:30.283 [DEBUG] [thread-id 1] - Resetting scrollPosition variable to default
2025-01-07 09:22:30.283 [DEBUG] [thread-id 1] - Store in: store the value 'null' in the variable 'scrollPosition'
2025-01-07 09:22:30.284 [DEBUG] [thread-id 1] - Store in: store the value 'null' in the variable 'identifierScope'
2025-01-07 09:22:30.284 [DEBUG] [thread-id 1] - Store in: store the value 'null' in the variable 'scrollLimit'
2025-01-07 09:22:30.284 [DEBUG] [thread-id 1] - Store in: store the value 'false' in the variable 'scrollNeeded'
2025-01-07 09:22:31.049 [DEBUG] [thread-id 1] - conditionally execute a flow. condition: true
2025-01-07 09:22:31.886 [DEBUG] [thread-id 1] - successfully found an item for the above search criterion
2025-01-07 09:22:31.892 [DEBUG] [thread-id 1] - Executing function: 'unified.us.functions.home.verifyBadgesForWplus'
2025-01-07 09:22:31.893 [DEBUG] [thread-id 1] - Scroll: down
2025-01-07 09:24:03.158 [DEBUG] [thread-id 1] - Main failed: Is not present: '//XCUIElementTypeStaticText[contains(@label, "Pickup tomorrow")] | //XCUIElementTypeStaticText[contains(@label, "Pickup today")]'
2025-01-07 09:24:04.530 [DEBUG] [thread-id 1] - Executing scenario: 'After'
2025-01-07 09:24:04.531 [DEBUG] [thread-id 1] - Executing function: 'unified.us.functions.utils.afterSteps'
2025-01-07 09:24:04.531 [WARN] [thread-id 1] - variable testStatus was used, but r2 could not find a value for this variable. returning default of null
2025-01-07 09:24:04.532 [DEBUG] [thread-id 1] - conditionally execute a flow. condition: false
2025-01-07 09:24:05.197 [DEBUG] [thread-id 1] - Test failed
2025-01-07 09:24:18.476 [DEBUG] [thread-id 1] - Created report: /Users/m0k0a2f/glass-automation/report/index.html
2025-01-07 10:46:45.022 [DEBUG] [thread-id 1] - Executing R2 4.0.2: '/Users/m0k0a2f/glass-automation/us/unified-e2e-tests/test-scripts/Ecomm-And-Fulfillment-Flows/badging/C2717104-validate-badging-for-members.yaml' on device: 'Pixel_8_Pro_API_34'
2025-01-07 10:46:45.123 [INFO] [thread-id 1] - url: http://127.0.0.1:4723
2025-01-07 10:47:20.470 [ERROR] [thread-id 1] - error setting up appium session: 
org.openqa.selenium.SessionNotCreatedException: Could not start a new session. Response code 500. Message: An unknown server-side error occurred while processing the command. Original error: Unable to find an active device or emulator with OS 14.0. The following are available: emulator-5554 (12) 
Host info: host: 'm-xqkh4fwq5j', ip: 'fe80:0:0:0:cd6:6a28:c756:d568%en0'
Build info: version: '4.13.0', revision: 'ba948ece5b*'
System info: os.name: 'Mac OS X', os.arch: 'aarch64', os.version: '15.2', java.version: '20.0.1'
Driver info: io.appium.java_client.android.AndroidDriver
Command: [null, newSession {capabilities=[{appium:adbExecTimeout=50000, appium:app=/Users/m0k0a2f/glass-automation/us/app/glass.apk, appium:appActivity=com.walmart.glass.integration.AutomationActivity, appium:appPackage=com.walmart.android.debug, appium:appiumVersion=2.0.0, appium:automationName=UiAutomator2, appium:commandTimeout=600, appium:deviceName=Pixel_8_Pro_API_34, appium:fullReset=true, appium:idleTimeout=1000, appium:intentFlags=0, appium:name=C2717104-validate-badging-for-members.yaml, appium:newCommandTimeout=600000, appium:noReset=false, appium:noSign=true, appium:optionalIntentArguments=--es glass.auto.ServiceEnv PRODUCTION, appium:orientation=PORTRAIT, appium:platformVersion=14.0, appium:public=share, platformName=ANDROID}], desiredCapabilities=Capabilities {appium:adbExecTimeout: 50000, appium:app: /Users/m0k0a2f/glass-automa..., appium:appActivity: com.walmart.glass.integrati..., appium:appPackage: com.walmart.android.debug, appium:appiumVersion: 2.0.0, appium:automationName: UiAutomator2, appium:commandTimeout: 600, appium:deviceName: Pixel_8_Pro_API_34, appium:fullReset: true, appium:idleTimeout: 1000, appium:intentFlags: 0, appium:name: C2717104-validate-badging-f..., appium:newCommandTimeout: 600000, appium:noReset: false, appium:noSign: true, appium:optionalIntentArguments: --es glass.auto.ServiceEnv ..., appium:orientation: PORTRAIT, appium:platformVersion: 14.0, appium:public: share, platformName: ANDROID}}]
Capabilities {appium:adbExecTimeout: 50000, appium:app: /Users/m0k0a2f/glass-automa..., appium:appActivity: com.walmart.glass.integrati..., appium:appPackage: com.walmart.android.debug, appium:appiumVersion: 2.0.0, appium:automationName: UiAutomator2, appium:commandTimeout: 600, appium:deviceName: Pixel_8_Pro_API_34, appium:fullReset: true, appium:idleTimeout: 1000, appium:intentFlags: 0, appium:name: C2717104-validate-badging-f..., appium:newCommandTimeout: 600000, appium:noReset: false, appium:noSign: true, appium:optionalIntentArguments: --es glass.auto.ServiceEnv ..., appium:orientation: PORTRAIT, appium:platformVersion: 14.0, appium:public: share, platformName: ANDROID}
	at org.openqa.selenium.remote.ProtocolHandshake.createSession(ProtocolHandshake.java:140) ~[r2.jar:4.0.2]
	at jdk.internal.reflect.DirectMethodHandleAccessor.invoke(DirectMethodHandleAccessor.java:104) ~[?:?]
	at java.lang.reflect.Method.invoke(Method.java:578) ~[?:?]
	at io.appium.java_client.remote.AppiumProtocolHandshake.createSession(AppiumProtocolHandshake.java:133) ~[r2.jar:4.0.2]
	at io.appium.java_client.remote.AppiumProtocolHandshake.createSession(AppiumProtocolHandshake.java:102) ~[r2.jar:4.0.2]
	at io.appium.java_client.remote.AppiumCommandExecutor.createSession(AppiumCommandExecutor.java:182) ~[r2.jar:4.0.2]
	at io.appium.java_client.remote.AppiumCommandExecutor.execute(AppiumCommandExecutor.java:250) ~[r2.jar:4.0.2]
	at org.openqa.selenium.remote.RemoteWebDriver.execute(RemoteWebDriver.java:602) ~[r2.jar:4.0.2]
	at io.appium.java_client.AppiumDriver.startSession(AppiumDriver.java:274) ~[r2.jar:4.0.2]
	at org.openqa.selenium.remote.RemoteWebDriver.<init>(RemoteWebDriver.java:163) ~[r2.jar:4.0.2]
	at io.appium.java_client.AppiumDriver.<init>(AppiumDriver.java:89) ~[r2.jar:4.0.2]
	at io.appium.java_client.AppiumDriver.<init>(AppiumDriver.java:101) ~[r2.jar:4.0.2]
	at io.appium.java_client.android.AndroidDriver.<init>(AndroidDriver.java:113) ~[r2.jar:4.0.2]
	at com.walmartlabs.executor.Appium.setupDriver(Appium.java:727) ~[r2.jar:4.0.2]
	at com.walmartlabs.executor.Appium.setupAppium(Appium.java:699) ~[r2.jar:4.0.2]
	at com.walmartlabs.executor.Executor.start(Executor.java:360) [r2.jar:4.0.2]
	at com.walmartlabs.executor.Executor.startExecution(Executor.java:188) [r2.jar:4.0.2]
	at com.walmartlabs.executor.MultipleConfigExecutor.executeConfig(MultipleConfigExecutor.java:319) [r2.jar:4.0.2]
	at com.walmartlabs.executor.MultipleConfigExecutor.start(MultipleConfigExecutor.java:146) [r2.jar:4.0.2]
	at com.walmartlabs.R2.start(R2.java:88) [r2.jar:4.0.2]
	at com.walmartlabs.R2.main(R2.java:133) [r2.jar:4.0.2]
2025-01-07 10:47:21.588 [DEBUG] [thread-id 1] - Created report: /Users/m0k0a2f/glass-automation/report/index.html
2025-01-07 11:05:45.347 [DEBUG] [thread-id 1] - Executing R2 4.0.2: '/Users/m0k0a2f/glass-automation/us/unified-e2e-tests/test-scripts/Ecomm-And-Fulfillment-Flows/badging/C2717104-validate-badging-for-members.yaml' on device: 'Pixel_5_API_31'
2025-01-07 11:05:45.423 [INFO] [thread-id 1] - url: http://127.0.0.1:4723
2025-01-07 11:06:03.518 [DEBUG] [thread-id 1] - Executing scenario: 'Before'
2025-01-07 11:06:03.522 [DEBUG] [thread-id 1] - Executing function: 'us.function.utils.getEnvironmentValue'
2025-01-07 11:06:03.523 [DEBUG] [thread-id 1] - Store in: store the value 'production' in the variable 'env'
2025-01-07 11:06:03.524 [DEBUG] [thread-id 1] - Timestamp: 1736276763524
2025-01-07 11:06:03.525 [DEBUG] [thread-id 1] - Executing function: 'functions.utils.setPlatformInfo'
2025-01-07 11:06:03.531 [DEBUG] [thread-id 1] - Store in: store the value 'com.walmart.android.debug' in the variable 'appPackage'
2025-01-07 11:06:03.541 [DEBUG] [thread-id 1] - conditionally execute a flow. condition: false
2025-01-07 11:06:03.593 [DEBUG] [thread-id 1] - Store in: store the value 'Android' in the variable 'platform'
2025-01-07 11:06:03.594 [DEBUG] [thread-id 1] - R2_SUBFLOW_PRE_TRANSACTION
2025-01-07 11:06:03.676 [DEBUG] [thread-id 1] - Using us-errors-helpers.yaml
2025-01-07 11:06:03.787 [DEBUG] [thread-id 1] - Start Main
2025-01-07 11:06:03.788 [DEBUG] [thread-id 1] - Executing function: 'unified.us.functions.global.onboarding.navigateOnboardingToHome'
2025-01-07 11:06:03.788 [DEBUG] [thread-id 1] - Welcome screen loaded
2025-01-07 11:06:03.789 [DEBUG] [thread-id 1] - conditionally execute a flow. condition: true
2025-01-07 11:06:03.830 [DEBUG] [thread-id 1] - Start Activity: 'com.walmart.android.debug.com.walmart.glass.integration.splash.SplashActivity'
2025-01-07 11:06:18.078 [DEBUG] [thread-id 1] - Verify identifier: {com.walmart.android.debug:id/onboarding_welcome_secondary_button=[true]}
2025-01-07 11:06:18.080 [DEBUG] [thread-id 1] - Store in: store the value 'true' in the variable 'testStarted'
2025-01-07 11:06:18.543 [DEBUG] [thread-id 1] - Click element: 'com.walmart.android.debug:id/onboarding_welcome_secondary_button'
2025-01-07 11:06:19.243 [DEBUG] [thread-id 1] - Notifiction Prompt screen loaded
2025-01-07 11:06:21.316 [DEBUG] [thread-id 1] - Verify identifier: {com.walmart.android.debug:id/onboarding_location_title_textview=[true]}
2025-01-07 11:06:21.519 [DEBUG] [thread-id 1] - Click element: 'com.walmart.android.debug:id/onboarding_zip_code_button'
2025-01-07 11:06:23.185 [DEBUG] [thread-id 1] - Verify identifier: {com.walmart.android.debug:id/onboarding_title_textview=[true]}
2025-01-07 11:06:23.185 [DEBUG] [thread-id 1] - sleep:  2000 milliseconds
2025-01-07 11:06:25.270 [DEBUG] [thread-id 1] - Enter text: '95122'
2025-01-07 11:06:28.253 [DEBUG] [thread-id 1] - Click element: 'com.walmart.android.debug:id/onboarding_zip_code_search_button'
2025-01-07 11:06:29.480 [DEBUG] [thread-id 1] - sleep:  3000 milliseconds
2025-01-07 11:06:42.494 [DEBUG] [thread-id 1] - conditionally execute a flow. condition: true
2025-01-07 11:06:42.596 [DEBUG] [thread-id 1] - Executing function: 'us.functions.home.personalizedPopUpScreenClose'
2025-01-07 11:07:13.687 [DEBUG] [thread-id 1] - Executing function: 'unified.us.functions.home.toolTip'
2025-01-07 11:07:13.809 [DEBUG] [thread-id 1] - conditionally execute a flow. condition: true
2025-01-07 11:07:13.934 [DEBUG] [thread-id 1] - tooltip displayed
2025-01-07 11:07:14.569 [DEBUG] [thread-id 1] - Click element with offset: 'com.walmart.android.debug:id/design_callout_close_button'
2025-01-07 11:07:15.280 [DEBUG] [thread-id 1] - Executing function: 'unified.us.functions.gic.collapseIfExpanded'
2025-01-07 11:07:16.858 [DEBUG] [thread-id 1] - GIC already collapsed
2025-01-07 11:07:16.953 [DEBUG] [thread-id 1] - Verify identifier: {//android.widget.EditText[@resource-id="com.walmart.android.debug:id/search_view"]=[true]}
2025-01-07 11:07:16.955 [DEBUG] [thread-id 1] - Executing function: 'unified.us.functions.home.navigateHomeToSignIn'
2025-01-07 11:07:17.045 [DEBUG] [thread-id 1] - Click element: '//android.widget.FrameLayout[contains(@content-desc,"Account")]'
2025-01-07 11:07:19.154 [DEBUG] [thread-id 1] - Verify identifier: {//*[@resource-id="com.walmart.android.debug:id/sign_in_button"]|//*[@resource-id="com.walmart.android.debug:id/account_sign_in_button"]=[true]}
2025-01-07 11:07:19.262 [DEBUG] [thread-id 1] - Click element: '//*[@resource-id="com.walmart.android.debug:id/sign_in_button"]|//*[@resource-id="com.walmart.android.debug:id/account_sign_in_button"]'
2025-01-07 11:07:20.850 [DEBUG] [thread-id 1] - conditionally execute a flow. condition: true
2025-01-07 11:07:31.631 [DEBUG] [thread-id 1] - conditionally execute a flow. condition: true
2025-01-07 11:07:31.667 [DEBUG] [thread-id 1] - Store in: store the value 'true' in the variable 'signInValidated'
2025-01-07 11:07:31.669 [DEBUG] [thread-id 1] - conditionally execute a flow. condition: true
2025-01-07 11:07:31.710 [DEBUG] [thread-id 1] - SignIn page loaded
2025-01-07 11:07:31.745 [DEBUG] [thread-id 1] - Store in: store the value 'false' in the variable 'signInValidated'
2025-01-07 11:07:31.747 [DEBUG] [thread-id 1] - conditionally execute a flow. condition: true
2025-01-07 11:07:31.802 [DEBUG] [thread-id 1] - Store in: store the value 'paidannual3@cloudtest.org' in the variable 'email'
2025-01-07 11:07:31.833 [DEBUG] [thread-id 1] - Store in: store the value 'E2epassword' in the variable 'password'
2025-01-07 11:07:31.836 [DEBUG] [thread-id 1] - Executing function: 'unified.us.functions.global.authentication.signInAccount'
2025-01-07 11:07:31.838 [DEBUG] [thread-id 1] - conditionally execute a flow. condition: true
2025-01-07 11:07:31.885 [DEBUG] [thread-id 1] - Executing function: 'us.functions.global.onboarding.smartLock.DismissNoneOfTheAbove'
2025-01-07 11:07:41.896 [DEBUG] [thread-id 1] - conditionally execute a flow. condition: false
2025-01-07 11:07:52.001 [WARN] [thread-id 1] - variable validateSignInPage was used, but r2 could not find a value for this variable. returning default of null
2025-01-07 11:08:02.137 [DEBUG] [thread-id 1] - Verify identifier: {//android.widget.EditText[@content-desc="Email"]/android.widget.FrameLayout/android.widget.EditText | //android.widget.LinearLayout[@resource-id="com.walmart.android.debug:id/auth_field_login_id"]/android.widget.FrameLayout/android.widget.EditText | //android.widget.EditText[@text="Email"] | //android.widget.LinearLayout[@resource-id="com.walmart.android.debug:id/auth_field_login_id_component"]//android.widget.EditText | //android.widget.LinearLayout[@resource-id="com.walmart.android.debug:id/phone_number_field"]//android.widget.EditText=[true]}
2025-01-07 11:08:02.178 [DEBUG] [thread-id 1] - Enter text: 'paidannual3@cloudtest.org'
2025-01-07 11:08:11.219 [DEBUG] [thread-id 1] - Click element: 'com.walmart.android.debug:id/auth_button_main'
2025-01-07 11:08:11.876 [DEBUG] [thread-id 1] - sleep:  2000 milliseconds
2025-01-07 11:08:14.490 [DEBUG] [thread-id 1] - conditionally execute a flow. condition: true
2025-01-07 11:08:14.530 [DEBUG] [thread-id 1] - Entered Email Successfully
2025-01-07 11:08:14.569 [DEBUG] [thread-id 1] - conditionally execute a flow. condition: true
2025-01-07 11:08:14.643 [DEBUG] [thread-id 1] - Click element: 'com.walmart.android.debug:id/auth_choice_radio_button_password_title'
2025-01-07 11:08:15.878 [DEBUG] [thread-id 1] - Selected Password Option to Login
2025-01-07 11:08:15.919 [DEBUG] [thread-id 1] - Verify identifier: {//android.widget.LinearLayout[@resource-id="com.walmart.android.debug:id/auth_field_password"]/android.widget.FrameLayout/android.widget.EditText | //android.widget.EditText[@text="Password"] | //android.widget.EditText[@content-desc="Password"]/android.widget.FrameLayout/android.widget.EditText=[true]}
2025-01-07 11:08:15.959 [DEBUG] [thread-id 1] - Enter text: 'E2epassword'
2025-01-07 11:08:17.603 [DEBUG] [thread-id 1] - conditionally execute a flow. condition: true
2025-01-07 11:08:18.963 [DEBUG] [thread-id 1] - conditionally execute a flow. condition: true
2025-01-07 11:08:19.206 [DEBUG] [thread-id 1] - Click element: '//android.widget.ImageView[@content-desc="Back"]'
2025-01-07 11:08:22.648 [DEBUG] [thread-id 1] - Click element: 'com.walmart.android.debug:id/auth_button_main'
2025-01-07 11:08:43.709 [DEBUG] [thread-id 1] - Executing function: 'unified.us.functions.utils.handleCartMergePopup'
2025-01-07 11:09:03.905 [DEBUG] [thread-id 1] - No Technical Error Page observed
2025-01-07 11:09:03.911 [DEBUG] [thread-id 1] - Executing function: 'unified.us.functions.home.toolTip'
2025-01-07 11:09:13.969 [DEBUG] [thread-id 1] - conditionally execute a flow. condition: false
2025-01-07 11:09:14.038 [DEBUG] [thread-id 1] - no tooltip displayed
2025-01-07 11:09:14.041 [DEBUG] [thread-id 1] - Executing function: 'unified.us.functions.global.navigation.accountToHome'
2025-01-07 11:09:14.043 [DEBUG] [thread-id 1] - Executing function: 'unified.us.functions.global.navigation.toTab'
2025-01-07 11:09:14.045 [DEBUG] [thread-id 1] - Executing function: 'us.functions.utils.scrollIfNotVisible'
2025-01-07 11:09:14.047 [WARN] [thread-id 1] - variable scrollLimit was used, but r2 could not find a value for this variable. returning default of null
2025-01-07 11:09:14.051 [DEBUG] [thread-id 1] - conditionally execute a flow. condition: true
2025-01-07 11:09:14.118 [DEBUG] [thread-id 1] - Store in: store the value '7' in the variable 'scrollLimit'
2025-01-07 11:09:14.119 [DEBUG] [thread-id 1] - Scroll limit set to - 7
2025-01-07 11:09:14.184 [DEBUG] [thread-id 1] - conditionally execute a flow. condition: true
2025-01-07 11:09:14.396 [DEBUG] [thread-id 1] - Required identifier already displayed
2025-01-07 11:09:14.397 [DEBUG] [thread-id 1] - Resetting scrollPosition variable to default
2025-01-07 11:09:14.398 [DEBUG] [thread-id 1] - Store in: store the value 'null' in the variable 'scrollPosition'
2025-01-07 11:09:14.398 [DEBUG] [thread-id 1] - Store in: store the value 'null' in the variable 'identifierScope'
2025-01-07 11:09:14.399 [DEBUG] [thread-id 1] - Store in: store the value 'null' in the variable 'scrollLimit'
2025-01-07 11:09:14.462 [DEBUG] [thread-id 1] - Click element: '//android.widget.FrameLayout[contains(@content-desc, "Shop")]'
2025-01-07 11:09:15.145 [DEBUG] [thread-id 1] - Executing function: 'unified.us.functions.home.closeWPlusPromotionPopUpIfDisplayed'
2025-01-07 11:09:15.159 [DEBUG] [thread-id 1] - conditionally execute a flow. condition: true
2025-01-07 11:09:17.429 [DEBUG] [thread-id 1] - sleep:  6000 milliseconds
2025-01-07 11:09:33.756 [DEBUG] [thread-id 1] - Executing function: 'unified.us.functions.global.navigation.toCartFromNavBar'
2025-01-07 11:09:33.851 [DEBUG] [thread-id 1] - Verify identifier: {com.walmart.android.debug:id/cart_summary_icon=[true]}
2025-01-07 11:09:33.957 [DEBUG] [thread-id 1] - Click element: 'com.walmart.android.debug:id/cart_summary_icon'
2025-01-07 11:09:34.943 [DEBUG] [thread-id 1] - Executing function: 'unified.us.functions.cart.storeChangePopUp'
2025-01-07 11:09:37.405 [DEBUG] [thread-id 1] - No Store Change pop up screen displayed
2025-01-07 11:09:47.411 [DEBUG] [thread-id 1] - conditionally execute a flow. condition: false
2025-01-07 11:09:57.492 [DEBUG] [thread-id 1] - conditionally execute a flow. condition: false
2025-01-07 11:09:57.566 [WARN] [thread-id 1] - variable skipValidation was used, but r2 could not find a value for this variable. returning default of null
2025-01-07 11:09:57.567 [DEBUG] [thread-id 1] - conditionally execute a flow. condition: true
2025-01-07 11:09:57.647 [DEBUG] [thread-id 1] - conditionally execute a flow. condition: true
2025-01-07 11:09:57.736 [DEBUG] [thread-id 1] - Scroll: up
2025-01-07 11:10:03.416 [DEBUG] [thread-id 1] - Verify identifier: {//android.widget.TextView[@resource-id="com.walmart.android.debug:id/cartText"] | //android.widget.TextView[@resource-id="com.walmart.android.debug:id/platform_sdk_toolbar_title" and contains(@text,"Cart")]=[true]}
2025-01-07 11:10:03.493 [DEBUG] [thread-id 1] - cart page loaded
2025-01-07 11:10:03.495 [DEBUG] [thread-id 1] - Executing function: 'unified.us.functions.cart.removeAllCartItems'
2025-01-07 11:10:03.496 [DEBUG] [thread-id 1] - Executing function: 'unified.us.functions.cart.storeChangePopUp'
2025-01-07 11:10:03.666 [DEBUG] [thread-id 1] - No Store Change pop up screen displayed
2025-01-07 11:10:03.667 [DEBUG] [thread-id 1] - Executing function: 'unified.us.functions.cart.removeAdonsNotAvailable'
2025-01-07 11:10:03.892 [DEBUG] [thread-id 1] - No remove Adons pop up screen displayed
2025-01-07 11:10:13.955 [DEBUG] [thread-id 1] - conditionally execute a flow. condition: false
2025-01-07 11:10:14.147 [DEBUG] [thread-id 1] - conditionally execute a flow. condition: true
2025-01-07 11:10:14.220 [DEBUG] [thread-id 1] - Executing function: 'unified.us.functions.cart.scrollToTopOfCart'
2025-01-07 11:10:14.221 [DEBUG] [thread-id 1] - -------Scroll to top of cart page function start-------
2025-01-07 11:10:14.301 [DEBUG] [thread-id 1] - Executing function: 'us.functions.utils.scrollIfNotVisible'
2025-01-07 11:10:14.303 [DEBUG] [thread-id 1] - conditionally execute a flow. condition: true
2025-01-07 11:10:14.376 [DEBUG] [thread-id 1] - Store in: store the value '7' in the variable 'scrollLimit'
2025-01-07 11:10:14.377 [DEBUG] [thread-id 1] - Scroll limit set to - 7
2025-01-07 11:10:14.482 [DEBUG] [thread-id 1] - conditionally execute a flow. condition: true
2025-01-07 11:10:14.566 [DEBUG] [thread-id 1] - Required identifier already displayed
2025-01-07 11:10:14.566 [DEBUG] [thread-id 1] - Resetting scrollPosition variable to default
2025-01-07 11:10:14.566 [DEBUG] [thread-id 1] - Store in: store the value 'null' in the variable 'scrollPosition'
2025-01-07 11:10:14.567 [DEBUG] [thread-id 1] - Store in: store the value 'null' in the variable 'identifierScope'
2025-01-07 11:10:14.567 [DEBUG] [thread-id 1] - Store in: store the value 'null' in the variable 'scrollLimit'
2025-01-07 11:10:14.720 [DEBUG] [thread-id 1] - Verify identifier: {//android.widget.TextView[@resource-id="com.walmart.android.debug:id/cartText"] | //android.widget.TextView[@resource-id="com.walmart.android.debug:id/platform_sdk_toolbar_title" and contains(@text,"Cart")]=[true]}
2025-01-07 11:10:14.894 [DEBUG] [thread-id 1] - Executing function: 'us.functions.utils.scrollIfNotVisible'
2025-01-07 11:10:14.895 [DEBUG] [thread-id 1] - conditionally execute a flow. condition: true
2025-01-07 11:10:14.985 [DEBUG] [thread-id 1] - Store in: store the value '7' in the variable 'scrollLimit'
2025-01-07 11:10:14.986 [DEBUG] [thread-id 1] - Scroll limit set to - 7
2025-01-07 11:10:15.049 [DEBUG] [thread-id 1] - conditionally execute a flow. condition: true
2025-01-07 11:10:15.112 [DEBUG] [thread-id 1] - Required identifier already displayed
2025-01-07 11:10:15.113 [DEBUG] [thread-id 1] - Resetting scrollPosition variable to default
2025-01-07 11:10:15.113 [DEBUG] [thread-id 1] - Store in: store the value 'null' in the variable 'scrollPosition'
2025-01-07 11:10:15.113 [DEBUG] [thread-id 1] - Store in: store the value 'null' in the variable 'identifierScope'
2025-01-07 11:10:15.113 [DEBUG] [thread-id 1] - Store in: store the value 'null' in the variable 'scrollLimit'
2025-01-07 11:10:15.115 [DEBUG] [thread-id 1] - -------Scroll to top of cart page function end-------
2025-01-07 11:10:15.201 [DEBUG] [thread-id 1] - loop: from 0 to 11
2025-01-07 11:10:15.292 [DEBUG] [thread-id 1] - 0
2025-01-07 11:10:35.646 [DEBUG] [thread-id 1] - conditionally execute a flow. condition: false
2025-01-07 11:10:35.725 [DEBUG] [thread-id 1] - Executing function: 'us.functions.utils.scrollIfNotVisible'
2025-01-07 11:10:35.726 [DEBUG] [thread-id 1] - conditionally execute a flow. condition: true
2025-01-07 11:10:35.797 [DEBUG] [thread-id 1] - Store in: store the value '7' in the variable 'scrollLimit'
2025-01-07 11:10:35.797 [DEBUG] [thread-id 1] - Scroll limit set to - 7
2025-01-07 11:10:45.852 [DEBUG] [thread-id 1] - conditionally execute a flow. condition: false
2025-01-07 11:10:45.927 [DEBUG] [thread-id 1] - conditionally execute a flow. condition: true
2025-01-07 11:10:46.006 [DEBUG] [thread-id 1] - conditionally execute a flow. condition: true
2025-01-07 11:10:46.076 [DEBUG] [thread-id 1] - Scroll: down
2025-01-07 11:10:50.962 [DEBUG] [thread-id 1] - Resetting scrollPosition variable to default
2025-01-07 11:10:50.963 [DEBUG] [thread-id 1] - Store in: store the value 'null' in the variable 'scrollPosition'
2025-01-07 11:10:50.963 [DEBUG] [thread-id 1] - Store in: store the value 'null' in the variable 'identifierScope'
2025-01-07 11:10:50.963 [DEBUG] [thread-id 1] - Store in: store the value 'null' in the variable 'scrollLimit'
2025-01-07 11:10:51.057 [DEBUG] [thread-id 1] - conditionally execute a flow. condition: true
2025-01-07 11:10:51.189 [DEBUG] [thread-id 1] - Click element: 'com.walmart.android.debug:id/cart_remove_button'
2025-01-07 11:10:52.681 [DEBUG] [thread-id 1] - 1
2025-01-07 11:11:04.876 [DEBUG] [thread-id 1] - conditionally execute a flow. condition: true
2025-01-07 11:11:05.052 [DEBUG] [thread-id 1] - Executing function: 'unified.us.functions.cart.removeUnavailableItemsFromCart'
2025-01-07 11:11:05.054 [DEBUG] [thread-id 1] - conditionally execute a flow. condition: true
2025-01-07 11:11:25.239 [DEBUG] [thread-id 1] - conditionally execute a flow. condition: false
2025-01-07 11:11:25.299 [DEBUG] [thread-id 1] - oos is not displayed
2025-01-07 11:11:25.300 [DEBUG] [thread-id 1] - Executing function: 'unified.us.functions.global.navigation.backNavigation'
2025-01-07 11:11:25.302 [DEBUG] [thread-id 1] - Global Back navigation
2025-01-07 11:11:25.308 [DEBUG] [thread-id 1] - conditionally execute a flow. condition: true
2025-01-07 11:11:25.390 [DEBUG] [thread-id 1] - Press go back key: 'true'
2025-01-07 11:11:26.798 [DEBUG] [thread-id 1] - Executing function: 'unified.us.functions.search.searchItem'
2025-01-07 11:11:26.799 [DEBUG] [thread-id 1] - conditionally execute a flow. condition: true
2025-01-07 11:11:38.188 [DEBUG] [thread-id 1] - Verify identifier: {com.walmart.android.debug:id/navigation_search=[true]}
2025-01-07 11:11:41.613 [DEBUG] [thread-id 1] - Click element: 'com.walmart.android.debug:id/navigation_search'
2025-01-07 11:11:42.809 [DEBUG] [thread-id 1] - Verify identifier: {//android.widget.EditText[(@text="Search Walmart") or (@text="Search everything at Walmart") or (@text="Search") or contains(@resource-id,'search_view')]=[true]}
2025-01-07 11:11:47.154 [DEBUG] [thread-id 1] - Click element: '//android.widget.EditText[(@text="Search Walmart") or (@text="Search everything at Walmart") or (@text="Search") or contains(@resource-id,'search_view')]'
2025-01-07 11:11:50.923 [DEBUG] [thread-id 1] - Enter text: 'milk'
2025-01-07 11:12:05.393 [DEBUG] [thread-id 1] - Executing function: 'unified.us.functions.home.closeWPlusPromotionPopUpIfDisplayed'
2025-01-07 11:12:05.395 [DEBUG] [thread-id 1] - conditionally execute a flow. condition: true
2025-01-07 11:12:05.488 [DEBUG] [thread-id 1] - sleep:  6000 milliseconds
2025-01-07 11:12:21.773 [DEBUG] [thread-id 1] - Executing function: 'unified.us.functions.utils.scrollIfNotVisible'
2025-01-07 11:12:21.776 [DEBUG] [thread-id 1] - conditionally execute a flow. condition: true
2025-01-07 11:12:21.886 [DEBUG] [thread-id 1] - Store in: store the value '7' in the variable 'scrollLimit'
2025-01-07 11:12:21.888 [DEBUG] [thread-id 1] - Scroll limit set to - 7
2025-01-07 11:12:21.889 [DEBUG] [thread-id 1] - conditionally execute a flow. condition: false
2025-01-07 11:12:22.083 [DEBUG] [thread-id 1] - conditionally execute a flow. condition: true
2025-01-07 11:12:22.175 [DEBUG] [thread-id 1] - Required identifier already displayed
2025-01-07 11:12:22.178 [WARN] [thread-id 1] - variable scrollNeeded was used, but r2 could not find a value for this variable. returning default of null
2025-01-07 11:12:22.180 [DEBUG] [thread-id 1] - Resetting scrollPosition variable to default
2025-01-07 11:12:22.182 [DEBUG] [thread-id 1] - Store in: store the value 'null' in the variable 'scrollPosition'
2025-01-07 11:12:22.183 [DEBUG] [thread-id 1] - Store in: store the value 'null' in the variable 'identifierScope'
2025-01-07 11:12:22.183 [DEBUG] [thread-id 1] - Store in: store the value 'null' in the variable 'scrollLimit'
2025-01-07 11:12:22.184 [DEBUG] [thread-id 1] - Store in: store the value 'false' in the variable 'scrollNeeded'
2025-01-07 11:12:22.271 [DEBUG] [thread-id 1] - conditionally execute a flow. condition: true
2025-01-07 11:12:22.365 [DEBUG] [thread-id 1] - successfully found an item for the above search criterion
2025-01-07 11:12:22.367 [DEBUG] [thread-id 1] - Executing function: 'unified.us.functions.home.verifyBadgesForWplus'
2025-01-07 11:12:22.367 [DEBUG] [thread-id 1] - Scroll: down
2025-01-07 11:12:32.280 [DEBUG] [thread-id 1] - Verify identifier: {//android.widget.TextView[@text="Pickup today"] | //android.widget.TextView[@text="Pickup tomorrow"]=[true]}
2025-01-07 11:12:32.371 [DEBUG] [thread-id 1] - Verify identifier: {//android.widget.TextView[@content-desc="Walmart Plus Free delivery today"] |  //android.widget.TextView[@content-desc="Walmart Plus Free delivery tomorrow"]=[true]}
2025-01-07 11:12:32.373 [DEBUG] [thread-id 1] - Executing function: 'unified.us.functions.search.clickOnFirstItem'
2025-01-07 11:12:32.374 [WARN] [thread-id 1] - variable noAds was used, but r2 could not find a value for this variable. returning default of null
2025-01-07 11:12:32.374 [WARN] [thread-id 1] - variable subFilter was used, but r2 could not find a value for this variable. returning default of null
2025-01-07 11:12:32.375 [DEBUG] [thread-id 1] - conditionally execute a flow. condition: false
2025-01-07 11:12:32.506 [WARN] [thread-id 1] - variable noAds was used, but r2 could not find a value for this variable. returning default of null
2025-01-07 11:12:32.507 [DEBUG] [thread-id 1] - conditionally execute a flow. condition: true
2025-01-07 11:12:32.613 [DEBUG] [thread-id 1] - conditionally execute a flow. condition: false
2025-01-07 11:12:32.727 [DEBUG] [thread-id 1] - loop: from 0 to 8
2025-01-07 11:12:33.237 [DEBUG] [thread-id 1] - conditionally execute a flow. condition: true
2025-01-07 11:12:33.349 [DEBUG] [thread-id 1] - Scroll: down
2025-01-07 11:12:49.974 [DEBUG] [thread-id 1] - conditionally execute a flow. condition: true
2025-01-07 11:12:50.042 [DEBUG] [thread-id 1] - Scroll: down
2025-01-07 11:12:56.425 [DEBUG] [thread-id 1] - conditionally execute a flow. condition: true
2025-01-07 11:12:56.496 [DEBUG] [thread-id 1] - Scroll: down
2025-01-07 11:13:02.355 [DEBUG] [thread-id 1] - Click element: '//*[contains(@resource-id, "tempo_shared_contentContainerView") or contains(@resource-id, "tempo_components_contentContainerView") or contains(@resource-id, "tempo_components_internal_contentContainerView")]//*[contains(@resource-id, "product_tile_image")] | //*[contains(@resource-id, "tempo_shared_contentContainerView") or contains(@resource-id, "tempo_components_contentContainerView") or contains(@resource-id, "tempo_components_internal_contentContainerView")]//*[contains(@resource-id, "com.walmart.android.debug:id/product_tile_image_view")]'
2025-01-07 11:13:03.312 [DEBUG] [thread-id 1] - Executing function: 'unified.us.functions.search.verifyItemPageOpened'
2025-01-07 11:13:07.347 [DEBUG] [thread-id 1] - Verify identifier: {//android.widget.TextView[@resource-id="com.walmart.android.debug:id/item_redesign_name"] | //android.widget.TextView[@resource-id="com.walmart.android.debug:id/brand_link"]=[true]}
2025-01-07 11:13:07.348 [DEBUG] [thread-id 1] - Store in: store the value 'null' in the variable 'subFilter'
2025-01-07 11:13:07.349 [DEBUG] [thread-id 1] - Store in: store the value 'false' in the variable 'noAds'
2025-01-07 11:13:07.350 [DEBUG] [thread-id 1] - Store in: store the value 'false' in the variable 'excludeSponsored'
2025-01-07 11:13:07.352 [DEBUG] [thread-id 1] - Executing function: 'unified.us.functions.home.verifyBadgesForWplus'
2025-01-07 11:13:07.352 [DEBUG] [thread-id 1] - Scroll: down
2025-01-07 11:13:28.033 [DEBUG] [thread-id 1] - Verify identifier: {//android.widget.TextView[@text="Pickup today"] | //android.widget.TextView[@text="Pickup tomorrow"]=[true]}
2025-01-07 11:13:28.174 [DEBUG] [thread-id 1] - Verify identifier: {//android.widget.TextView[@content-desc="Walmart Plus Free delivery today"] |  //android.widget.TextView[@content-desc="Walmart Plus Free delivery tomorrow"]=[true]}
2025-01-07 11:13:28.176 [DEBUG] [thread-id 1] - Store in: store the value 'passed' in the variable 'testStatus'
2025-01-07 11:13:28.434 [DEBUG] [thread-id 1] - Executing scenario: 'After'
2025-01-07 11:13:28.435 [DEBUG] [thread-id 1] - Executing function: 'unified.us.functions.utils.afterSteps'
2025-01-07 11:13:28.436 [DEBUG] [thread-id 1] - conditionally execute a flow. condition: true
2025-01-07 11:13:28.848 [DEBUG] [thread-id 1] - Test passed
2025-01-07 11:13:31.159 [DEBUG] [thread-id 1] - Created report: /Users/m0k0a2f/glass-automation/report/index.html
2025-01-07 14:02:37.115 [DEBUG] [thread-id 1] - Executing R2 4.0.2: '/Users/m0k0a2f/glass-automation/us/unified-e2e-tests/test-scripts/Ecomm-And-Fulfillment-Flows/badging/C2717104-validate-badging-for-members.yaml' on device: 'iPhone 12'
2025-01-07 14:05:45.270 [DEBUG] [thread-id 1] - Executing scenario: 'Before'
2025-01-07 14:05:45.272 [DEBUG] [thread-id 1] - Executing function: 'us.function.utils.getEnvironmentValue'
2025-01-07 14:05:45.272 [DEBUG] [thread-id 1] - Store in: store the value 'production' in the variable 'env'
2025-01-07 14:05:45.272 [DEBUG] [thread-id 1] - Timestamp: 1736287545272
2025-01-07 14:05:45.273 [DEBUG] [thread-id 1] - Executing function: 'functions.utils.setPlatformInfo'
2025-01-07 14:05:45.275 [WARN] [thread-id 1] - variable dependencies.general.appPackage was used, but r2 could not find a value for this variable. returning default of null
2025-01-07 14:05:45.276 [DEBUG] [thread-id 1] - Store in: store the value 'null' in the variable 'appPackage'
2025-01-07 14:05:45.286 [DEBUG] [thread-id 1] - conditionally execute a flow. condition: true
2025-01-07 14:05:45.490 [DEBUG] [thread-id 1] - Store in: store the value 'iOS' in the variable 'platform'
2025-01-07 14:05:45.497 [DEBUG] [thread-id 1] - R2_SUBFLOW_PRE_TRANSACTION
2025-01-07 14:05:45.914 [DEBUG] [thread-id 1] - Using us-errors-helpers.yaml
2025-01-07 14:05:46.324 [DEBUG] [thread-id 1] - Start Main
2025-01-07 14:05:46.324 [DEBUG] [thread-id 1] - Executing function: 'unified.us.functions.global.onboarding.navigateOnboardingToHome'
2025-01-07 14:05:46.325 [DEBUG] [thread-id 1] - Welcome screen loaded
2025-01-07 14:05:46.330 [DEBUG] [thread-id 1] - Verify identifier: {cta.cancel.welcome=[true]}
2025-01-07 14:05:46.330 [DEBUG] [thread-id 1] - Store in: store the value 'true' in the variable 'testStarted'
2025-01-07 14:05:46.367 [DEBUG] [thread-id 1] - Click element: 'cta.cancel.welcome'
2025-01-07 14:05:46.884 [DEBUG] [thread-id 1] - Notifiction Prompt screen loaded
2025-01-07 14:05:57.429 [DEBUG] [thread-id 1] - Verify identifier: {LocationPermissionViewController.titleLabel=[true]}
2025-01-07 14:05:57.473 [DEBUG] [thread-id 1] - Click element: 'Enter zip code'
2025-01-07 14:05:58.141 [DEBUG] [thread-id 1] - Verify identifier: {label.postal-code-entry=[true]}
2025-01-07 14:05:58.141 [DEBUG] [thread-id 1] - sleep:  2000 milliseconds
2025-01-07 14:06:00.195 [DEBUG] [thread-id 1] - Enter text: '95122'
2025-01-07 14:06:01.539 [DEBUG] [thread-id 1] - Click element: 'cta.continue'
2025-01-07 14:06:01.996 [DEBUG] [thread-id 1] - sleep:  3000 milliseconds
2025-01-07 14:06:15.131 [DEBUG] [thread-id 1] - conditionally execute a flow. condition: true
2025-01-07 14:06:15.335 [DEBUG] [thread-id 1] - Observed IDFA Screen
2025-01-07 14:06:15.558 [DEBUG] [thread-id 1] - conditionally execute a flow. condition: true
2025-01-07 14:06:15.770 [DEBUG] [thread-id 1] - Verify identifier: {ATTPermissionViewController.titleLabel=[true], ATTPermissionViewController.bodyLabel=[true]}
2025-01-07 14:06:16.022 [DEBUG] [thread-id 1] - Click element: 'cta.continue.location'
2025-01-07 14:06:38.089 [DEBUG] [thread-id 1] - Main failed: Cannot click '//XCUIElementTypeButton[@name="Ask App Not to Track"] | //XCUIElementTypeButton[@name="Solicitar a la app no rastrear"]'
2025-01-07 14:06:41.941 [DEBUG] [thread-id 1] - Executing scenario: 'After'
2025-01-07 14:06:41.941 [DEBUG] [thread-id 1] - Executing function: 'unified.us.functions.utils.afterSteps'
2025-01-07 14:06:41.941 [WARN] [thread-id 1] - variable testStatus was used, but r2 could not find a value for this variable. returning default of null
2025-01-07 14:06:41.942 [DEBUG] [thread-id 1] - conditionally execute a flow. condition: false
2025-01-07 14:06:43.840 [DEBUG] [thread-id 1] - Test failed
2025-01-07 14:06:56.623 [DEBUG] [thread-id 1] - Created report: /Users/m0k0a2f/glass-automation/report/index.html
2025-01-07 14:08:02.900 [DEBUG] [thread-id 1] - Executing R2 4.0.2: '/Users/m0k0a2f/glass-automation/us/unified-e2e-tests/test-scripts/Ecomm-And-Fulfillment-Flows/badging/C2717104-validate-badging-for-members.yaml' on device: 'iPhone 12'
2025-01-07 14:10:54.750 [DEBUG] [thread-id 1] - Executing scenario: 'Before'
2025-01-07 14:10:54.753 [DEBUG] [thread-id 1] - Executing function: 'us.function.utils.getEnvironmentValue'
2025-01-07 14:10:54.753 [DEBUG] [thread-id 1] - Store in: store the value 'production' in the variable 'env'
2025-01-07 14:10:54.754 [DEBUG] [thread-id 1] - Timestamp: 1736287854754
2025-01-07 14:10:54.754 [DEBUG] [thread-id 1] - Executing function: 'functions.utils.setPlatformInfo'
2025-01-07 14:10:54.757 [WARN] [thread-id 1] - variable dependencies.general.appPackage was used, but r2 could not find a value for this variable. returning default of null
2025-01-07 14:10:54.757 [DEBUG] [thread-id 1] - Store in: store the value 'null' in the variable 'appPackage'
2025-01-07 14:10:54.768 [DEBUG] [thread-id 1] - conditionally execute a flow. condition: true
2025-01-07 14:10:54.994 [DEBUG] [thread-id 1] - Store in: store the value 'iOS' in the variable 'platform'
2025-01-07 14:10:55.000 [DEBUG] [thread-id 1] - R2_SUBFLOW_PRE_TRANSACTION
2025-01-07 14:10:55.449 [DEBUG] [thread-id 1] - Using us-errors-helpers.yaml
2025-01-07 14:10:55.886 [DEBUG] [thread-id 1] - Start Main
2025-01-07 14:10:55.886 [DEBUG] [thread-id 1] - Executing function: 'unified.us.functions.global.onboarding.navigateOnboardingToHome'
2025-01-07 14:10:55.887 [DEBUG] [thread-id 1] - Welcome screen loaded
2025-01-07 14:10:55.889 [DEBUG] [thread-id 1] - Verify identifier: {cta.cancel.welcome=[true]}
2025-01-07 14:10:55.889 [DEBUG] [thread-id 1] - Store in: store the value 'true' in the variable 'testStarted'
2025-01-07 14:10:55.929 [DEBUG] [thread-id 1] - Click element: 'cta.cancel.welcome'
2025-01-07 14:10:56.459 [DEBUG] [thread-id 1] - Notifiction Prompt screen loaded
2025-01-07 14:11:00.682 [DEBUG] [thread-id 1] - Verify identifier: {LocationPermissionViewController.titleLabel=[true]}
2025-01-07 14:11:00.720 [DEBUG] [thread-id 1] - Click element: 'Enter zip code'
2025-01-07 14:11:01.388 [DEBUG] [thread-id 1] - Verify identifier: {label.postal-code-entry=[true]}
2025-01-07 14:11:01.388 [DEBUG] [thread-id 1] - sleep:  2000 milliseconds
2025-01-07 14:11:03.452 [DEBUG] [thread-id 1] - Enter text: '95122'
2025-01-07 14:11:04.777 [DEBUG] [thread-id 1] - Click element: 'cta.continue'
2025-01-07 14:11:05.251 [DEBUG] [thread-id 1] - sleep:  3000 milliseconds
2025-01-07 14:11:18.302 [DEBUG] [thread-id 1] - conditionally execute a flow. condition: true
2025-01-07 14:11:18.509 [DEBUG] [thread-id 1] - Observed IDFA Screen
2025-01-07 14:11:18.730 [DEBUG] [thread-id 1] - conditionally execute a flow. condition: true
2025-01-07 14:11:18.943 [DEBUG] [thread-id 1] - Verify identifier: {ATTPermissionViewController.titleLabel=[true], ATTPermissionViewController.bodyLabel=[true]}
2025-01-07 14:11:19.189 [DEBUG] [thread-id 1] - Click element: 'cta.continue.location'
2025-01-07 14:11:40.688 [DEBUG] [thread-id 1] - Main failed: Cannot click '//XCUIElementTypeButton[@name="Ask App Not to Track"] | //XCUIElementTypeButton[@name="Solicitar a la app no rastrear"]'
2025-01-07 14:11:42.168 [DEBUG] [thread-id 1] - Executing scenario: 'After'
2025-01-07 14:11:42.168 [DEBUG] [thread-id 1] - Executing function: 'unified.us.functions.utils.afterSteps'
2025-01-07 14:11:42.169 [WARN] [thread-id 1] - variable testStatus was used, but r2 could not find a value for this variable. returning default of null
2025-01-07 14:11:42.169 [DEBUG] [thread-id 1] - conditionally execute a flow. condition: false
2025-01-07 14:11:42.913 [DEBUG] [thread-id 1] - Test failed
2025-01-07 14:11:53.072 [DEBUG] [thread-id 1] - Created report: /Users/m0k0a2f/glass-automation/report/index.html
2025-01-07 14:13:59.050 [DEBUG] [thread-id 1] - Executing R2 4.0.2: '/Users/m0k0a2f/glass-automation/us/unified-e2e-tests/test-scripts/Ecomm-And-Fulfillment-Flows/badging/C2717104-validate-badging-for-members.yaml' on device: 'iPhone 12'
2025-01-07 14:16:45.438 [DEBUG] [thread-id 1] - Executing scenario: 'Before'
2025-01-07 14:16:45.441 [DEBUG] [thread-id 1] - Executing function: 'us.function.utils.getEnvironmentValue'
2025-01-07 14:16:45.442 [DEBUG] [thread-id 1] - Store in: store the value 'production' in the variable 'env'
2025-01-07 14:16:45.442 [DEBUG] [thread-id 1] - Timestamp: 1736288205442
2025-01-07 14:16:45.443 [DEBUG] [thread-id 1] - Executing function: 'functions.utils.setPlatformInfo'
2025-01-07 14:16:45.445 [WARN] [thread-id 1] - variable dependencies.general.appPackage was used, but r2 could not find a value for this variable. returning default of null
2025-01-07 14:16:45.446 [DEBUG] [thread-id 1] - Store in: store the value 'null' in the variable 'appPackage'
2025-01-07 14:16:45.454 [DEBUG] [thread-id 1] - conditionally execute a flow. condition: true
2025-01-07 14:16:45.675 [DEBUG] [thread-id 1] - Store in: store the value 'iOS' in the variable 'platform'
2025-01-07 14:16:45.683 [DEBUG] [thread-id 1] - R2_SUBFLOW_PRE_TRANSACTION
2025-01-07 14:16:46.114 [DEBUG] [thread-id 1] - Using us-errors-helpers.yaml
2025-01-07 14:16:46.544 [DEBUG] [thread-id 1] - Start Main
2025-01-07 14:16:46.544 [DEBUG] [thread-id 1] - Executing function: 'unified.us.functions.global.onboarding.navigateOnboardingToHome'
2025-01-07 14:16:46.545 [DEBUG] [thread-id 1] - Welcome screen loaded
2025-01-07 14:16:46.548 [DEBUG] [thread-id 1] - Verify identifier: {cta.cancel.welcome=[true]}
2025-01-07 14:16:46.548 [DEBUG] [thread-id 1] - Store in: store the value 'true' in the variable 'testStarted'
2025-01-07 14:16:46.587 [DEBUG] [thread-id 1] - Click element: 'cta.cancel.welcome'
2025-01-07 14:16:47.112 [DEBUG] [thread-id 1] - Notifiction Prompt screen loaded
2025-01-07 14:16:49.595 [DEBUG] [thread-id 1] - Verify identifier: {LocationPermissionViewController.titleLabel=[true]}
2025-01-07 14:16:49.637 [DEBUG] [thread-id 1] - Click element: 'Enter zip code'
2025-01-07 14:16:50.330 [DEBUG] [thread-id 1] - Verify identifier: {label.postal-code-entry=[true]}
2025-01-07 14:16:50.330 [DEBUG] [thread-id 1] - sleep:  2000 milliseconds
2025-01-07 14:16:52.402 [DEBUG] [thread-id 1] - Enter text: '95122'
2025-01-07 14:16:53.852 [DEBUG] [thread-id 1] - Click element: 'cta.continue'
2025-01-07 14:16:54.324 [DEBUG] [thread-id 1] - sleep:  3000 milliseconds
2025-01-07 14:17:07.360 [DEBUG] [thread-id 1] - conditionally execute a flow. condition: true
2025-01-07 14:17:07.565 [DEBUG] [thread-id 1] - Observed IDFA Screen
2025-01-07 14:17:07.791 [DEBUG] [thread-id 1] - conditionally execute a flow. condition: true
2025-01-07 14:17:08.002 [DEBUG] [thread-id 1] - Verify identifier: {ATTPermissionViewController.titleLabel=[true], ATTPermissionViewController.bodyLabel=[true]}
2025-01-07 14:17:08.356 [DEBUG] [thread-id 1] - Click element: 'cta.continue.location'
2025-01-07 14:17:30.781 [DEBUG] [thread-id 1] - Main failed: Cannot click '//XCUIElementTypeButton[@name="Ask App Not to Track"] | //XCUIElementTypeButton[@name="Solicitar a la app no rastrear"]'
2025-01-07 14:17:34.802 [DEBUG] [thread-id 1] - Executing scenario: 'After'
2025-01-07 14:17:34.803 [DEBUG] [thread-id 1] - Executing function: 'unified.us.functions.utils.afterSteps'
2025-01-07 14:17:34.803 [WARN] [thread-id 1] - variable testStatus was used, but r2 could not find a value for this variable. returning default of null
2025-01-07 14:17:34.804 [DEBUG] [thread-id 1] - conditionally execute a flow. condition: false
2025-01-07 14:17:36.751 [DEBUG] [thread-id 1] - Test failed
2025-01-07 14:17:50.421 [DEBUG] [thread-id 1] - Created report: /Users/m0k0a2f/glass-automation/report/index.html
2025-01-07 14:18:56.969 [DEBUG] [thread-id 1] - Executing R2 4.0.2: '/Users/m0k0a2f/glass-automation/us/unified-e2e-tests/test-scripts/Ecomm-And-Fulfillment-Flows/badging/C2717104-validate-badging-for-members.yaml' on device: 'iPhone 12'
2025-01-07 14:22:04.570 [DEBUG] [thread-id 1] - Executing scenario: 'Before'
2025-01-07 14:22:04.573 [DEBUG] [thread-id 1] - Executing function: 'us.function.utils.getEnvironmentValue'
2025-01-07 14:22:04.574 [DEBUG] [thread-id 1] - Store in: store the value 'production' in the variable 'env'
2025-01-07 14:22:04.575 [DEBUG] [thread-id 1] - Timestamp: 1736288524575
2025-01-07 14:22:04.576 [DEBUG] [thread-id 1] - Executing function: 'functions.utils.setPlatformInfo'
2025-01-07 14:22:04.578 [WARN] [thread-id 1] - variable dependencies.general.appPackage was used, but r2 could not find a value for this variable. returning default of null
2025-01-07 14:22:04.579 [DEBUG] [thread-id 1] - Store in: store the value 'null' in the variable 'appPackage'
2025-01-07 14:22:04.588 [DEBUG] [thread-id 1] - conditionally execute a flow. condition: true
2025-01-07 14:22:04.801 [DEBUG] [thread-id 1] - Store in: store the value 'iOS' in the variable 'platform'
2025-01-07 14:22:04.810 [DEBUG] [thread-id 1] - R2_SUBFLOW_PRE_TRANSACTION
2025-01-07 14:22:05.366 [DEBUG] [thread-id 1] - Using us-errors-helpers.yaml
2025-01-07 14:22:06.163 [DEBUG] [thread-id 1] - Start Main
2025-01-07 14:22:06.164 [DEBUG] [thread-id 1] - Executing function: 'unified.us.functions.global.onboarding.navigateOnboardingToHome'
2025-01-07 14:22:06.165 [DEBUG] [thread-id 1] - Welcome screen loaded
2025-01-07 14:22:06.170 [DEBUG] [thread-id 1] - Verify identifier: {cta.cancel.welcome=[true]}
2025-01-07 14:22:06.171 [DEBUG] [thread-id 1] - Store in: store the value 'true' in the variable 'testStarted'
2025-01-07 14:22:06.256 [DEBUG] [thread-id 1] - Click element: 'cta.cancel.welcome'
2025-01-07 14:22:07.022 [DEBUG] [thread-id 1] - Notifiction Prompt screen loaded
2025-01-07 14:22:09.442 [DEBUG] [thread-id 1] - Verify identifier: {LocationPermissionViewController.titleLabel=[true]}
2025-01-07 14:22:09.485 [DEBUG] [thread-id 1] - Click element: 'Enter zip code'
2025-01-07 14:22:10.235 [DEBUG] [thread-id 1] - Verify identifier: {label.postal-code-entry=[true]}
2025-01-07 14:22:10.235 [DEBUG] [thread-id 1] - sleep:  2000 milliseconds
2025-01-07 14:22:12.296 [DEBUG] [thread-id 1] - Enter text: '95122'
2025-01-07 14:22:13.944 [DEBUG] [thread-id 1] - Click element: 'cta.continue'
2025-01-07 14:22:14.410 [DEBUG] [thread-id 1] - sleep:  3000 milliseconds
2025-01-07 14:22:27.659 [DEBUG] [thread-id 1] - conditionally execute a flow. condition: true
2025-01-07 14:22:27.875 [DEBUG] [thread-id 1] - Observed IDFA Screen
2025-01-07 14:22:28.107 [DEBUG] [thread-id 1] - conditionally execute a flow. condition: true
2025-01-07 14:22:28.318 [DEBUG] [thread-id 1] - Verify identifier: {ATTPermissionViewController.titleLabel=[true], ATTPermissionViewController.bodyLabel=[true]}
2025-01-07 14:22:28.563 [DEBUG] [thread-id 1] - Click element: 'cta.continue.location'
2025-01-07 14:22:52.277 [DEBUG] [thread-id 1] - Main failed: Cannot click '//XCUIElementTypeButton[@name="Ask App Not to Track"] | //XCUIElementTypeButton[@name="Solicitar a la app no rastrear"]'
2025-01-07 14:22:56.211 [DEBUG] [thread-id 1] - Executing scenario: 'After'
2025-01-07 14:22:56.212 [DEBUG] [thread-id 1] - Executing function: 'unified.us.functions.utils.afterSteps'
2025-01-07 14:22:56.212 [WARN] [thread-id 1] - variable testStatus was used, but r2 could not find a value for this variable. returning default of null
2025-01-07 14:22:56.213 [DEBUG] [thread-id 1] - conditionally execute a flow. condition: false
2025-01-07 14:22:58.130 [DEBUG] [thread-id 1] - Test failed
2025-01-07 14:23:12.365 [DEBUG] [thread-id 1] - Created report: /Users/m0k0a2f/glass-automation/report/index.html
2025-01-07 14:26:15.649 [DEBUG] [thread-id 1] - Executing R2 4.0.2: '/Users/m0k0a2f/glass-automation/us/unified-e2e-tests/test-scripts/Ecomm-And-Fulfillment-Flows/badging/C2717104-validate-badging-for-members.yaml' on device: 'iPhone 12'
2025-01-07 14:29:09.367 [DEBUG] [thread-id 1] - Executing scenario: 'Before'
2025-01-07 14:29:09.369 [DEBUG] [thread-id 1] - Executing function: 'us.function.utils.getEnvironmentValue'
2025-01-07 14:29:09.370 [DEBUG] [thread-id 1] - Store in: store the value 'production' in the variable 'env'
2025-01-07 14:29:09.370 [DEBUG] [thread-id 1] - Timestamp: 1736288949370
2025-01-07 14:29:09.371 [DEBUG] [thread-id 1] - Executing function: 'functions.utils.setPlatformInfo'
2025-01-07 14:29:09.374 [WARN] [thread-id 1] - variable dependencies.general.appPackage was used, but r2 could not find a value for this variable. returning default of null
2025-01-07 14:29:09.374 [DEBUG] [thread-id 1] - Store in: store the value 'null' in the variable 'appPackage'
2025-01-07 14:29:09.383 [DEBUG] [thread-id 1] - conditionally execute a flow. condition: true
2025-01-07 14:29:09.598 [DEBUG] [thread-id 1] - Store in: store the value 'iOS' in the variable 'platform'
2025-01-07 14:29:09.607 [DEBUG] [thread-id 1] - R2_SUBFLOW_PRE_TRANSACTION
2025-01-07 14:29:10.039 [DEBUG] [thread-id 1] - Using us-errors-helpers.yaml
2025-01-07 14:29:10.468 [DEBUG] [thread-id 1] - Start Main
2025-01-07 14:29:10.469 [DEBUG] [thread-id 1] - Executing function: 'unified.us.functions.global.onboarding.navigateOnboardingToHome'
2025-01-07 14:29:10.469 [DEBUG] [thread-id 1] - Welcome screen loaded
2025-01-07 14:29:10.473 [DEBUG] [thread-id 1] - Verify identifier: {cta.cancel.welcome=[true]}
2025-01-07 14:29:10.473 [DEBUG] [thread-id 1] - Store in: store the value 'true' in the variable 'testStarted'
2025-01-07 14:29:10.514 [DEBUG] [thread-id 1] - Click element: 'cta.cancel.welcome'
2025-01-07 14:29:11.037 [DEBUG] [thread-id 1] - Notifiction Prompt screen loaded
2025-01-07 14:29:13.289 [DEBUG] [thread-id 1] - Verify identifier: {LocationPermissionViewController.titleLabel=[true]}
2025-01-07 14:29:13.335 [DEBUG] [thread-id 1] - Click element: 'Enter zip code'
2025-01-07 14:29:14.014 [DEBUG] [thread-id 1] - Verify identifier: {label.postal-code-entry=[true]}
2025-01-07 14:29:14.014 [DEBUG] [thread-id 1] - sleep:  2000 milliseconds
2025-01-07 14:29:16.079 [DEBUG] [thread-id 1] - Enter text: '95122'
2025-01-07 14:29:17.568 [DEBUG] [thread-id 1] - Click element: 'cta.continue'
2025-01-07 14:29:18.058 [DEBUG] [thread-id 1] - sleep:  3000 milliseconds
2025-01-07 14:29:31.178 [DEBUG] [thread-id 1] - conditionally execute a flow. condition: true
2025-01-07 14:29:31.386 [DEBUG] [thread-id 1] - Observed IDFA Screen
2025-01-07 14:29:31.605 [DEBUG] [thread-id 1] - conditionally execute a flow. condition: true
2025-01-07 14:29:31.813 [DEBUG] [thread-id 1] - Verify identifier: {ATTPermissionViewController.titleLabel=[true], ATTPermissionViewController.bodyLabel=[true]}
2025-01-07 14:29:32.059 [DEBUG] [thread-id 1] - Click element: 'cta.continue.location'
2025-01-07 14:29:36.227 [DEBUG] [thread-id 1] - conditionally execute a flow. condition: true
2025-01-07 14:29:37.458 [DEBUG] [thread-id 1] - Click element: '(//XCUIElementTypeButton[@name="GicHighlightView.closeButton"])[2] | //XCUIElementTypeButton[@name="GicHighlightView.closeButton"]'
2025-01-07 14:29:49.500 [DEBUG] [thread-id 1] - Executing function: 'unified.us.functions.home.toolTip'
2025-01-07 14:29:50.297 [DEBUG] [thread-id 1] - conditionally execute a flow. condition: true
2025-01-07 14:29:51.091 [DEBUG] [thread-id 1] - tooltip displayed
2025-01-07 14:29:52.248 [DEBUG] [thread-id 1] - Click element with offset: 'LDCallout.closeLinkButton'
2025-01-07 14:29:53.935 [DEBUG] [thread-id 1] - Click element with offset: 'LDCallout.closeLinkButton'
2025-01-07 14:29:55.595 [DEBUG] [thread-id 1] - Click element with offset: 'LDCallout.closeLinkButton'
2025-01-07 14:29:57.313 [DEBUG] [thread-id 1] - Click element with offset: 'LDCallout.closeLinkButton'
2025-01-07 14:29:59.002 [DEBUG] [thread-id 1] - Click element with offset: 'LDCallout.closeLinkButton'
2025-01-07 14:30:00.722 [DEBUG] [thread-id 1] - Click element with offset: 'LDCallout.closeLinkButton'
2025-01-07 14:30:02.422 [DEBUG] [thread-id 1] - Click element with offset: 'LDCallout.closeLinkButton'
2025-01-07 14:30:04.167 [DEBUG] [thread-id 1] - Click element with offset: 'LDCallout.closeLinkButton'
2025-01-07 14:30:05.940 [DEBUG] [thread-id 1] - Click element with offset: 'LDCallout.closeLinkButton'
2025-01-07 14:30:07.681 [DEBUG] [thread-id 1] - Click element with offset: 'LDCallout.closeLinkButton'
2025-01-07 14:30:09.359 [DEBUG] [thread-id 1] - Click element with offset: 'LDCallout.closeLinkButton'
2025-01-07 14:30:11.042 [DEBUG] [thread-id 1] - Click element with offset: 'LDCallout.closeLinkButton'
2025-01-07 14:30:12.343 [DEBUG] [thread-id 1] - Main failed: Cannot click 'LDCallout.closeLinkButton'
2025-01-07 14:30:13.981 [DEBUG] [thread-id 1] - Executing scenario: 'After'
2025-01-07 14:30:13.981 [DEBUG] [thread-id 1] - Executing function: 'unified.us.functions.utils.afterSteps'
2025-01-07 14:30:13.982 [WARN] [thread-id 1] - variable testStatus was used, but r2 could not find a value for this variable. returning default of null
2025-01-07 14:30:13.982 [DEBUG] [thread-id 1] - conditionally execute a flow. condition: false
2025-01-07 14:30:14.774 [DEBUG] [thread-id 1] - Test failed
2025-01-07 14:30:25.328 [DEBUG] [thread-id 1] - Created report: /Users/m0k0a2f/glass-automation/report/index.html
2025-01-07 14:56:08.595 [DEBUG] [thread-id 1] - Executing R2 4.0.2: '/Users/m0k0a2f/glass-automation/us/unified-e2e-tests/test-scripts/Ecomm-And-Fulfillment-Flows/badging/C2717104-validate-badging-for-members.yaml' on device: 'iPhone 12'
2025-01-07 14:59:05.077 [DEBUG] [thread-id 1] - Executing scenario: 'Before'
2025-01-07 14:59:05.078 [DEBUG] [thread-id 1] - Executing function: 'us.function.utils.getEnvironmentValue'
2025-01-07 14:59:05.079 [DEBUG] [thread-id 1] - Store in: store the value 'production' in the variable 'env'
2025-01-07 14:59:05.080 [DEBUG] [thread-id 1] - Timestamp: 1736290745080
2025-01-07 14:59:05.081 [DEBUG] [thread-id 1] - Executing function: 'functions.utils.setPlatformInfo'
2025-01-07 14:59:05.084 [WARN] [thread-id 1] - variable dependencies.general.appPackage was used, but r2 could not find a value for this variable. returning default of null
2025-01-07 14:59:05.084 [DEBUG] [thread-id 1] - Store in: store the value 'null' in the variable 'appPackage'
2025-01-07 14:59:05.093 [DEBUG] [thread-id 1] - conditionally execute a flow. condition: true
2025-01-07 14:59:05.323 [DEBUG] [thread-id 1] - Store in: store the value 'iOS' in the variable 'platform'
2025-01-07 14:59:05.331 [DEBUG] [thread-id 1] - R2_SUBFLOW_PRE_TRANSACTION
2025-01-07 14:59:05.768 [DEBUG] [thread-id 1] - Using us-errors-helpers.yaml
2025-01-07 14:59:06.201 [DEBUG] [thread-id 1] - Start Main
2025-01-07 14:59:06.202 [DEBUG] [thread-id 1] - Executing function: 'unified.us.functions.global.onboarding.navigateOnboardingToHome'
2025-01-07 14:59:06.203 [DEBUG] [thread-id 1] - Welcome screen loaded
2025-01-07 14:59:06.206 [DEBUG] [thread-id 1] - Verify identifier: {cta.cancel.welcome=[true]}
2025-01-07 14:59:06.207 [DEBUG] [thread-id 1] - Store in: store the value 'true' in the variable 'testStarted'
2025-01-07 14:59:06.246 [DEBUG] [thread-id 1] - Click element: 'cta.cancel.welcome'
2025-01-07 14:59:06.790 [DEBUG] [thread-id 1] - Notifiction Prompt screen loaded
2025-01-07 14:59:27.351 [DEBUG] [thread-id 1] - Main failed: Is not present: 'LocationPermissionViewController.titleLabel'
2025-01-07 14:59:27.909 [DEBUG] [thread-id 1] - Executing scenario: 'After'
2025-01-07 14:59:27.910 [DEBUG] [thread-id 1] - Executing function: 'unified.us.functions.utils.afterSteps'
2025-01-07 14:59:27.911 [WARN] [thread-id 1] - variable testStatus was used, but r2 could not find a value for this variable. returning default of null
2025-01-07 14:59:27.911 [DEBUG] [thread-id 1] - conditionally execute a flow. condition: false
2025-01-07 14:59:28.130 [DEBUG] [thread-id 1] - Test failed
2025-01-07 14:59:41.287 [DEBUG] [thread-id 1] - Created report: /Users/m0k0a2f/glass-automation/report/index.html
2025-01-07 15:01:22.472 [DEBUG] [thread-id 1] - Executing R2 4.0.2: '/Users/m0k0a2f/glass-automation/us/unified-e2e-tests/test-scripts/Ecomm-And-Fulfillment-Flows/badging/C2717104-validate-badging-for-members.yaml' on device: 'iPhone 12'
2025-01-07 15:03:55.427 [DEBUG] [thread-id 1] - Executing scenario: 'Before'
2025-01-07 15:03:55.429 [DEBUG] [thread-id 1] - Executing function: 'us.function.utils.getEnvironmentValue'
2025-01-07 15:03:55.430 [DEBUG] [thread-id 1] - Store in: store the value 'production' in the variable 'env'
2025-01-07 15:03:55.431 [DEBUG] [thread-id 1] - Timestamp: 1736291035431
2025-01-07 15:03:55.432 [DEBUG] [thread-id 1] - Executing function: 'functions.utils.setPlatformInfo'
2025-01-07 15:03:55.434 [WARN] [thread-id 1] - variable dependencies.general.appPackage was used, but r2 could not find a value for this variable. returning default of null
2025-01-07 15:03:55.435 [DEBUG] [thread-id 1] - Store in: store the value 'null' in the variable 'appPackage'
2025-01-07 15:03:55.443 [DEBUG] [thread-id 1] - conditionally execute a flow. condition: true
2025-01-07 15:03:55.653 [DEBUG] [thread-id 1] - Store in: store the value 'iOS' in the variable 'platform'
2025-01-07 15:03:55.660 [DEBUG] [thread-id 1] - R2_SUBFLOW_PRE_TRANSACTION
2025-01-07 15:03:56.082 [DEBUG] [thread-id 1] - Using us-errors-helpers.yaml
2025-01-07 15:03:56.500 [DEBUG] [thread-id 1] - Start Main
2025-01-07 15:03:56.500 [DEBUG] [thread-id 1] - Executing function: 'unified.us.functions.global.onboarding.navigateOnboardingToHome'
2025-01-07 15:03:56.501 [DEBUG] [thread-id 1] - Welcome screen loaded
2025-01-07 15:03:56.504 [DEBUG] [thread-id 1] - Verify identifier: {cta.cancel.welcome=[true]}
2025-01-07 15:03:56.505 [DEBUG] [thread-id 1] - Store in: store the value 'true' in the variable 'testStarted'
2025-01-07 15:03:56.543 [DEBUG] [thread-id 1] - Click element: 'cta.cancel.welcome'
2025-01-07 15:03:57.069 [DEBUG] [thread-id 1] - Notifiction Prompt screen loaded
2025-01-07 15:04:00.311 [DEBUG] [thread-id 1] - Verify identifier: {LocationPermissionViewController.titleLabel=[true]}
2025-01-07 15:04:00.347 [DEBUG] [thread-id 1] - Click element: 'Enter zip code'
2025-01-07 15:04:01.041 [DEBUG] [thread-id 1] - Verify identifier: {label.postal-code-entry=[true]}
2025-01-07 15:04:01.041 [DEBUG] [thread-id 1] - sleep:  2000 milliseconds
2025-01-07 15:04:03.116 [DEBUG] [thread-id 1] - Enter text: '95122'
2025-01-07 15:04:04.849 [DEBUG] [thread-id 1] - Click element: 'cta.continue'
2025-01-07 15:04:05.322 [DEBUG] [thread-id 1] - sleep:  3000 milliseconds
2025-01-07 15:04:18.551 [DEBUG] [thread-id 1] - conditionally execute a flow. condition: true
2025-01-07 15:04:18.771 [DEBUG] [thread-id 1] - Observed IDFA Screen
2025-01-07 15:04:19.000 [DEBUG] [thread-id 1] - conditionally execute a flow. condition: true
2025-01-07 15:04:19.213 [DEBUG] [thread-id 1] - Verify identifier: {ATTPermissionViewController.titleLabel=[true], ATTPermissionViewController.bodyLabel=[true]}
2025-01-07 15:04:19.465 [DEBUG] [thread-id 1] - Click element: 'cta.continue.location'
2025-01-07 15:04:46.623 [DEBUG] [thread-id 1] - Executing function: 'unified.us.functions.home.toolTip'
2025-01-07 15:04:48.644 [DEBUG] [thread-id 1] - conditionally execute a flow. condition: true
2025-01-07 15:04:50.681 [DEBUG] [thread-id 1] - tooltip displayed
2025-01-07 15:04:53.720 [DEBUG] [thread-id 1] - Click element with offset: 'LDCallout.closeLinkButton'
2025-01-07 15:04:57.335 [DEBUG] [thread-id 1] - Click element with offset: 'LDCallout.closeLinkButton'
2025-01-07 15:05:00.905 [DEBUG] [thread-id 1] - Click element with offset: 'LDCallout.closeLinkButton'
2025-01-07 15:05:04.510 [DEBUG] [thread-id 1] - Click element with offset: 'LDCallout.closeLinkButton'
2025-01-07 15:05:08.104 [DEBUG] [thread-id 1] - Click element with offset: 'LDCallout.closeLinkButton'
2025-01-07 15:05:11.771 [DEBUG] [thread-id 1] - Click element with offset: 'LDCallout.closeLinkButton'
2025-01-07 15:05:12.998 [DEBUG] [thread-id 1] - Main failed: Cannot click 'LDCallout.closeLinkButton'
2025-01-07 15:05:16.888 [DEBUG] [thread-id 1] - Executing scenario: 'After'
2025-01-07 15:05:16.889 [DEBUG] [thread-id 1] - Executing function: 'unified.us.functions.utils.afterSteps'
2025-01-07 15:05:16.889 [WARN] [thread-id 1] - variable testStatus was used, but r2 could not find a value for this variable. returning default of null
2025-01-07 15:05:16.890 [DEBUG] [thread-id 1] - conditionally execute a flow. condition: false
2025-01-07 15:05:18.789 [DEBUG] [thread-id 1] - Test failed
2025-01-07 15:05:32.243 [DEBUG] [thread-id 1] - Created report: /Users/m0k0a2f/glass-automation/report/index.html
2025-01-07 15:07:29.212 [DEBUG] [thread-id 1] - Executing R2 4.0.2: '/Users/m0k0a2f/glass-automation/us/unified-e2e-tests/test-scripts/Ecomm-And-Fulfillment-Flows/badging/C2717104-validate-badging-for-members.yaml' on device: 'iPhone 12'
2025-01-07 15:10:22.509 [DEBUG] [thread-id 1] - Executing scenario: 'Before'
2025-01-07 15:10:22.512 [DEBUG] [thread-id 1] - Executing function: 'us.function.utils.getEnvironmentValue'
2025-01-07 15:10:22.513 [DEBUG] [thread-id 1] - Store in: store the value 'production' in the variable 'env'
2025-01-07 15:10:22.513 [DEBUG] [thread-id 1] - Timestamp: 1736291422513
2025-01-07 15:10:22.514 [DEBUG] [thread-id 1] - Executing function: 'functions.utils.setPlatformInfo'
2025-01-07 15:10:22.517 [WARN] [thread-id 1] - variable dependencies.general.appPackage was used, but r2 could not find a value for this variable. returning default of null
2025-01-07 15:10:22.517 [DEBUG] [thread-id 1] - Store in: store the value 'null' in the variable 'appPackage'
2025-01-07 15:10:22.526 [DEBUG] [thread-id 1] - conditionally execute a flow. condition: true
2025-01-07 15:10:22.738 [DEBUG] [thread-id 1] - Store in: store the value 'iOS' in the variable 'platform'
2025-01-07 15:10:22.745 [DEBUG] [thread-id 1] - R2_SUBFLOW_PRE_TRANSACTION
2025-01-07 15:10:23.178 [DEBUG] [thread-id 1] - Using us-errors-helpers.yaml
2025-01-07 15:10:23.611 [DEBUG] [thread-id 1] - Start Main
2025-01-07 15:10:23.612 [DEBUG] [thread-id 1] - Executing function: 'unified.us.functions.global.onboarding.navigateOnboardingToHome'
2025-01-07 15:10:23.612 [DEBUG] [thread-id 1] - Welcome screen loaded
2025-01-07 15:10:23.616 [DEBUG] [thread-id 1] - Verify identifier: {cta.cancel.welcome=[true]}
2025-01-07 15:10:23.616 [DEBUG] [thread-id 1] - Store in: store the value 'true' in the variable 'testStarted'
2025-01-07 15:10:23.655 [DEBUG] [thread-id 1] - Click element: 'cta.cancel.welcome'
2025-01-07 15:10:24.175 [DEBUG] [thread-id 1] - Notifiction Prompt screen loaded
2025-01-07 15:10:28.233 [DEBUG] [thread-id 1] - Verify identifier: {LocationPermissionViewController.titleLabel=[true]}
2025-01-07 15:10:28.276 [DEBUG] [thread-id 1] - Click element: 'Enter zip code'
2025-01-07 15:10:28.956 [DEBUG] [thread-id 1] - Verify identifier: {label.postal-code-entry=[true]}
2025-01-07 15:10:28.956 [DEBUG] [thread-id 1] - sleep:  2000 milliseconds
2025-01-07 15:10:31.010 [DEBUG] [thread-id 1] - Enter text: '95122'
2025-01-07 15:10:32.882 [DEBUG] [thread-id 1] - Click element: 'cta.continue'
2025-01-07 15:10:33.361 [DEBUG] [thread-id 1] - sleep:  3000 milliseconds
2025-01-07 15:10:46.427 [DEBUG] [thread-id 1] - conditionally execute a flow. condition: true
2025-01-07 15:10:46.644 [DEBUG] [thread-id 1] - Observed IDFA Screen
2025-01-07 15:10:46.870 [DEBUG] [thread-id 1] - conditionally execute a flow. condition: true
2025-01-07 15:10:47.081 [DEBUG] [thread-id 1] - Verify identifier: {ATTPermissionViewController.titleLabel=[true], ATTPermissionViewController.bodyLabel=[true]}
2025-01-07 15:10:47.333 [DEBUG] [thread-id 1] - Click element: 'cta.continue.location'
2025-01-07 15:11:12.213 [DEBUG] [thread-id 1] - Executing function: 'unified.us.functions.home.toolTip'
2025-01-07 15:11:14.243 [DEBUG] [thread-id 1] - conditionally execute a flow. condition: true
2025-01-07 15:11:16.313 [DEBUG] [thread-id 1] - tooltip displayed
2025-01-07 15:11:19.362 [DEBUG] [thread-id 1] - Click element with offset: 'LDCallout.closeLinkButton'
2025-01-07 15:11:22.997 [DEBUG] [thread-id 1] - Click element with offset: 'LDCallout.closeLinkButton'
2025-01-07 15:11:26.655 [DEBUG] [thread-id 1] - Click element with offset: 'LDCallout.closeLinkButton'
2025-01-07 15:11:37.692 [DEBUG] [thread-id 1] - Main failed: Cannot click 'LDCallout.closeLinkButton'
2025-01-07 15:11:39.445 [DEBUG] [thread-id 1] - Executing scenario: 'After'
2025-01-07 15:11:39.446 [DEBUG] [thread-id 1] - Executing function: 'unified.us.functions.utils.afterSteps'
2025-01-07 15:11:39.446 [WARN] [thread-id 1] - variable testStatus was used, but r2 could not find a value for this variable. returning default of null
2025-01-07 15:11:39.447 [DEBUG] [thread-id 1] - conditionally execute a flow. condition: false
2025-01-07 15:11:40.328 [DEBUG] [thread-id 1] - Test failed
2025-01-07 15:11:48.085 [DEBUG] [thread-id 1] - Created report: /Users/m0k0a2f/glass-automation/report/index.html
2025-01-07 15:26:53.401 [DEBUG] [thread-id 1] - Executing R2 4.0.2: '/Users/m0k0a2f/glass-automation/us/unified-e2e-tests/test-scripts/Ecomm-And-Fulfillment-Flows/badging/C2717104-validate-badging-for-members.yaml' on device: 'iPhone 14'
2025-01-07 15:27:23.877 [ERROR] [thread-id 1] - error setting up appium session: 
org.openqa.selenium.SessionNotCreatedException: Could not start a new session. Response code 500. Message: An unknown server-side error occurred while processing the command. Original error: The 'noReset' and 'fullReset' capabilities are mutually exclusive and should not both be set to true. You probably meant to just use 'fullReset' on its own 
Host info: host: 'm-xqkh4fwq5j', ip: 'fe80:0:0:0:1cc2:30ae:1562:f04c%en0'
Build info: version: '4.13.0', revision: 'ba948ece5b*'
System info: os.name: 'Mac OS X', os.arch: 'aarch64', os.version: '15.2', java.version: '20.0.1'
Driver info: io.appium.java_client.ios.IOSDriver
Command: [null, newSession {capabilities=[{appium:app=/Users/m0k0a2f/glass-automation/us/app/glass.zip, appium:appiumVersion=2.0.0, appium:automationName=XCUITest, appium:bundleId=com.walmart.beta.electronics, appium:commandTimeout=600, appium:deviceName=iPhone 14, appium:fullReset=true, appium:idleTimeout=1000, appium:iosInstallPause=20000, appium:launchTimeout=6000000, appium:name=C2717104-validate-badging-for-members.yaml, appium:newCommandTimeout=90000, appium:noReset=true, appium:orientation=PORTRAIT, appium:platformVersion=17.4, appium:processArguments={"env":{"config":"{\"environment\":\"production\"}"},"args":["-kGlassExpEnabled","true","-com.walmart.px.skip-catcha","YES"]}, appium:public=share, appium:waitForQuiescence=false, platformName=IOS}], desiredCapabilities=Capabilities {appium:app: /Users/m0k0a2f/glass-automa..., appium:appiumVersion: 2.0.0, appium:automationName: XCUITest, appium:bundleId: com.walmart.beta.electronics, appium:commandTimeout: 600, appium:deviceName: iPhone 14, appium:fullReset: true, appium:idleTimeout: 1000, appium:iosInstallPause: 20000, appium:launchTimeout: 6000000, appium:name: C2717104-validate-badging-f..., appium:newCommandTimeout: 90000, appium:noReset: true, appium:orientation: PORTRAIT, appium:platformVersion: 17.4, appium:processArguments: {"env":{"config":"{\"enviro..., appium:public: share, appium:waitForQuiescence: false, platformName: IOS}}]
Capabilities {appium:app: /Users/m0k0a2f/glass-automa..., appium:appiumVersion: 2.0.0, appium:automationName: XCUITest, appium:bundleId: com.walmart.beta.electronics, appium:commandTimeout: 600, appium:deviceName: iPhone 14, appium:fullReset: true, appium:idleTimeout: 1000, appium:iosInstallPause: 20000, appium:launchTimeout: 6000000, appium:name: C2717104-validate-badging-f..., appium:newCommandTimeout: 90000, appium:noReset: true, appium:orientation: PORTRAIT, appium:platformVersion: 17.4, appium:processArguments: {"env":{"config":"{\"enviro..., appium:public: share, appium:waitForQuiescence: false, platformName: IOS}
	at org.openqa.selenium.remote.ProtocolHandshake.createSession(ProtocolHandshake.java:140) ~[r2.jar:4.0.2]
	at jdk.internal.reflect.DirectMethodHandleAccessor.invoke(DirectMethodHandleAccessor.java:104) ~[?:?]
	at java.lang.reflect.Method.invoke(Method.java:578) ~[?:?]
	at io.appium.java_client.remote.AppiumProtocolHandshake.createSession(AppiumProtocolHandshake.java:133) ~[r2.jar:4.0.2]
	at io.appium.java_client.remote.AppiumProtocolHandshake.createSession(AppiumProtocolHandshake.java:102) ~[r2.jar:4.0.2]
	at io.appium.java_client.remote.AppiumCommandExecutor.createSession(AppiumCommandExecutor.java:182) ~[r2.jar:4.0.2]
	at io.appium.java_client.remote.AppiumCommandExecutor.execute(AppiumCommandExecutor.java:250) ~[r2.jar:4.0.2]
	at org.openqa.selenium.remote.RemoteWebDriver.execute(RemoteWebDriver.java:602) ~[r2.jar:4.0.2]
	at io.appium.java_client.AppiumDriver.startSession(AppiumDriver.java:274) ~[r2.jar:4.0.2]
	at org.openqa.selenium.remote.RemoteWebDriver.<init>(RemoteWebDriver.java:163) ~[r2.jar:4.0.2]
	at io.appium.java_client.AppiumDriver.<init>(AppiumDriver.java:89) ~[r2.jar:4.0.2]
	at io.appium.java_client.AppiumDriver.<init>(AppiumDriver.java:101) ~[r2.jar:4.0.2]
	at io.appium.java_client.ios.IOSDriver.<init>(IOSDriver.java:104) ~[r2.jar:4.0.2]
	at com.walmartlabs.executor.Appium.setupDriver(Appium.java:774) ~[r2.jar:4.0.2]
	at com.walmartlabs.executor.Appium.setupAppium(Appium.java:699) ~[r2.jar:4.0.2]
	at com.walmartlabs.executor.Executor.start(Executor.java:360) [r2.jar:4.0.2]
	at com.walmartlabs.executor.Executor.startExecution(Executor.java:188) [r2.jar:4.0.2]
	at com.walmartlabs.executor.MultipleConfigExecutor.executeConfig(MultipleConfigExecutor.java:319) [r2.jar:4.0.2]
	at com.walmartlabs.executor.MultipleConfigExecutor.start(MultipleConfigExecutor.java:146) [r2.jar:4.0.2]
	at com.walmartlabs.R2.start(R2.java:88) [r2.jar:4.0.2]
	at com.walmartlabs.R2.main(R2.java:133) [r2.jar:4.0.2]
2025-01-07 15:27:24.580 [DEBUG] [thread-id 1] - Created report: /Users/m0k0a2f/glass-automation/report/index.html
2025-01-07 15:29:37.979 [DEBUG] [thread-id 1] - Executing R2 4.0.2: '/Users/m0k0a2f/glass-automation/us/unified-e2e-tests/test-scripts/Ecomm-And-Fulfillment-Flows/badging/C2717104-validate-badging-for-members.yaml' on device: 'iPhone 14'
2025-01-07 15:32:49.351 [DEBUG] [thread-id 1] - Executing scenario: 'Before'
2025-01-07 15:32:49.354 [DEBUG] [thread-id 1] - Executing function: 'us.function.utils.getEnvironmentValue'
2025-01-07 15:32:49.355 [DEBUG] [thread-id 1] - Store in: store the value 'production' in the variable 'env'
2025-01-07 15:32:49.355 [DEBUG] [thread-id 1] - Timestamp: 1736292769355
2025-01-07 15:32:49.356 [DEBUG] [thread-id 1] - Executing function: 'functions.utils.setPlatformInfo'
2025-01-07 15:32:49.359 [WARN] [thread-id 1] - variable dependencies.general.appPackage was used, but r2 could not find a value for this variable. returning default of null
2025-01-07 15:32:49.360 [DEBUG] [thread-id 1] - Store in: store the value 'null' in the variable 'appPackage'
2025-01-07 15:32:49.369 [DEBUG] [thread-id 1] - conditionally execute a flow. condition: true
2025-01-07 15:32:49.583 [DEBUG] [thread-id 1] - Store in: store the value 'iOS' in the variable 'platform'
2025-01-07 15:32:49.592 [DEBUG] [thread-id 1] - R2_SUBFLOW_PRE_TRANSACTION
2025-01-07 15:32:50.027 [DEBUG] [thread-id 1] - Using us-errors-helpers.yaml
2025-01-07 15:32:50.468 [DEBUG] [thread-id 1] - Start Main
2025-01-07 15:32:50.469 [DEBUG] [thread-id 1] - Executing function: 'unified.us.functions.home.verifyBadgesForWplus'
2025-01-07 15:32:50.470 [DEBUG] [thread-id 1] - conditionally execute a flow. condition: false
2025-01-07 15:33:01.557 [ERROR] [thread-id 1] - org.openqa.selenium.WebDriverException: An unknown server-side error occurred while processing the command. Original error: Could not proxy command to the remote server. Original error: connect ECONNREFUSED 127.0.0.1:8100
Build info: version: '4.13.0', revision: 'ba948ece5b*'
System info: os.name: 'Mac OS X', os.arch: 'aarch64', os.version: '15.2', java.version: '20.0.1'
Driver info: io.appium.java_client.ios.IOSDriver
Command: [22b88547-57b3-44dd-a765-fc3660ab5372, executeScript {script=mobile: queryAppState, args=[{bundleId=com.walmart.beta.electronics}]}]
Capabilities {appium:app: /Users/m0k0a2f/glass-automa..., appium:appiumVersion: 2.0.0, appium:automationName: XCUITest, appium:bundleId: com.walmart.beta.electronics, appium:commandTimeout: 600, appium:databaseEnabled: false, appium:deviceName: iPhone 14, appium:idleTimeout: 1000, appium:iosInstallPause: 20000, appium:javascriptEnabled: true, appium:launchTimeout: 6000000, appium:locationContextEnabled: false, appium:name: C2717104-validate-badging-f..., appium:networkConnectionEnabled: false, appium:newCommandTimeout: 90000, appium:noReset: true, appium:orientation: PORTRAIT, appium:platformVersion: 17.4, appium:processArguments: {args: [-kGlassExpEnabled, true, -com.walmart.px.skip-catcha, YES], env: {config: {"environment":"production"}}}, appium:public: share, appium:takesScreenshot: true, appium:udid: 38D91BE5-FEFA-43E4-BCCF-70F..., appium:waitForQuiescence: false, appium:webStorageEnabled: false, platformName: IOS}
Session ID: 22b88547-57b3-44dd-a765-fc3660ab5372
2025-01-07 15:33:04.685 [DEBUG] [thread-id 1] - Created report: /Users/m0k0a2f/glass-automation/report/index.html
2025-01-07 15:34:54.725 [DEBUG] [thread-id 1] - Executing R2 4.0.2: '/Users/m0k0a2f/glass-automation/us/unified-e2e-tests/test-scripts/Ecomm-And-Fulfillment-Flows/badging/C2717104-validate-badging-for-members.yaml' on device: 'iPhone 14'
2025-01-07 15:41:15.847 [DEBUG] [thread-id 1] - Executing R2 4.0.2: '/Users/m0k0a2f/glass-automation/us/unified-e2e-tests/test-scripts/Ecomm-And-Fulfillment-Flows/badging/C2717104-validate-badging-for-members.yaml' on device: 'iPhone 14'
2025-01-07 15:43:51.848 [ERROR] [thread-id 1] - org.yaml.snakeyaml.constructor.ConstructorException: Cannot create property=general for JavaBean=com.walmartlabs.data.dependencies.Dependencies@61942c1
 in 'reader', line 1, column 1:
    general:
    ^
Cannot create property=forceAppLaunch for JavaBean=com.walmartlabs.data.dependencies.General@7e0b9178
 in 'reader', line 2, column 3:
      automationName: XCUITest
      ^
Unable to find property 'forceAppLaunch' on class: com.walmartlabs.data.dependencies.General
 in 'reader', line 10, column 19:
      forceAppLaunch: true
                      ^

 in 'reader', line 2, column 3:
      automationName: XCUITest
      ^

2025-01-07 15:45:59.980 [ERROR] [thread-id 1] - org.yaml.snakeyaml.constructor.ConstructorException: Cannot create property=general for JavaBean=com.walmartlabs.data.dependencies.Dependencies@61942c1
 in 'reader', line 1, column 1:
    general:
    ^
Cannot create property=forceAppLaunch for JavaBean=com.walmartlabs.data.dependencies.General@7e0b9178
 in 'reader', line 2, column 3:
      automationName: XCUITest
      ^
Unable to find property 'forceAppLaunch' on class: com.walmartlabs.data.dependencies.General
 in 'reader', line 10, column 19:
      forceAppLaunch: true
                      ^

 in 'reader', line 2, column 3:
      automationName: XCUITest
      ^

2025-01-07 15:48:48.236 [DEBUG] [thread-id 1] - Executing R2 4.0.2: '/Users/m0k0a2f/glass-automation/us/unified-e2e-tests/test-scripts/Ecomm-And-Fulfillment-Flows/badging/C2717104-validate-badging-for-members.yaml' on device: 'iPhone 14'
2025-01-07 15:57:06.222 [DEBUG] [thread-id 1] - Executing R2 4.0.2: '/Users/m0k0a2f/glass-automation/us/unified-e2e-tests/test-scripts/Ecomm-And-Fulfillment-Flows/badging/C2717104-validate-badging-for-members.yaml' on device: 'iPhone 14'
2025-01-07 16:00:39.492 [DEBUG] [thread-id 1] - Executing R2 4.0.2: '/Users/m0k0a2f/glass-automation/us/unified-e2e-tests/test-scripts/Ecomm-And-Fulfillment-Flows/badging/C2717104-validate-badging-for-members.yaml' on device: 'iPhone 14'
2025-01-07 16:03:05.171 [DEBUG] [thread-id 1] - Executing scenario: 'Before'
2025-01-07 16:03:05.174 [DEBUG] [thread-id 1] - Executing function: 'us.function.utils.getEnvironmentValue'
2025-01-07 16:03:05.174 [DEBUG] [thread-id 1] - Store in: store the value 'production' in the variable 'env'
2025-01-07 16:03:05.175 [DEBUG] [thread-id 1] - Timestamp: 1736294585175
2025-01-07 16:03:05.176 [DEBUG] [thread-id 1] - Executing function: 'functions.utils.setPlatformInfo'
2025-01-07 16:03:05.179 [WARN] [thread-id 1] - variable dependencies.general.appPackage was used, but r2 could not find a value for this variable. returning default of null
2025-01-07 16:03:05.179 [DEBUG] [thread-id 1] - Store in: store the value 'null' in the variable 'appPackage'
2025-01-07 16:03:05.189 [DEBUG] [thread-id 1] - conditionally execute a flow. condition: true
2025-01-07 16:03:05.402 [DEBUG] [thread-id 1] - Store in: store the value 'iOS' in the variable 'platform'
2025-01-07 16:03:05.411 [DEBUG] [thread-id 1] - R2_SUBFLOW_PRE_TRANSACTION
2025-01-07 16:03:05.843 [DEBUG] [thread-id 1] - Using us-errors-helpers.yaml
2025-01-07 16:03:06.276 [DEBUG] [thread-id 1] - Start Main
2025-01-07 16:03:06.277 [DEBUG] [thread-id 1] - Executing function: 'unified.us.functions.global.onboarding.navigateOnboardingToHome'
2025-01-07 16:03:06.277 [DEBUG] [thread-id 1] - Welcome screen loaded
2025-01-07 16:03:06.281 [DEBUG] [thread-id 1] - Verify identifier: {cta.cancel.welcome=[true]}
2025-01-07 16:03:06.281 [DEBUG] [thread-id 1] - Store in: store the value 'true' in the variable 'testStarted'
2025-01-07 16:03:06.320 [DEBUG] [thread-id 1] - Click element: 'cta.cancel.welcome'
2025-01-07 16:03:06.840 [DEBUG] [thread-id 1] - Notifiction Prompt screen loaded
2025-01-07 16:03:09.287 [DEBUG] [thread-id 1] - Verify identifier: {LocationPermissionViewController.titleLabel=[true]}
2025-01-07 16:03:09.325 [DEBUG] [thread-id 1] - Click element: 'Enter zip code'
2025-01-07 16:03:10.006 [DEBUG] [thread-id 1] - Verify identifier: {label.postal-code-entry=[true]}
2025-01-07 16:03:10.007 [DEBUG] [thread-id 1] - sleep:  2000 milliseconds
2025-01-07 16:03:12.082 [DEBUG] [thread-id 1] - Enter text: '95122'
2025-01-07 16:03:14.198 [DEBUG] [thread-id 1] - Click element: 'cta.continue'
2025-01-07 16:03:14.662 [DEBUG] [thread-id 1] - sleep:  3000 milliseconds
2025-01-07 16:03:27.667 [DEBUG] [thread-id 1] - Executing function: 'unified.us.functions.home.navigateHomeToSignIn'
2025-01-07 16:03:48.602 [DEBUG] [thread-id 1] - Main failed: Cannot click '//XCUIElementTypeButton[@name="Account"] | Account'
2025-01-07 16:03:49.060 [DEBUG] [thread-id 1] - Executing scenario: 'After'
2025-01-07 16:03:49.061 [DEBUG] [thread-id 1] - Executing function: 'unified.us.functions.utils.afterSteps'
2025-01-07 16:03:49.061 [WARN] [thread-id 1] - variable testStatus was used, but r2 could not find a value for this variable. returning default of null
2025-01-07 16:03:49.062 [DEBUG] [thread-id 1] - conditionally execute a flow. condition: false
2025-01-07 16:03:49.282 [DEBUG] [thread-id 1] - Test failed
2025-01-07 16:03:55.851 [DEBUG] [thread-id 1] - Created report: /Users/m0k0a2f/glass-automation/report/index.html
2025-01-07 16:05:20.674 [DEBUG] [thread-id 1] - Executing R2 4.0.2: '/Users/m0k0a2f/glass-automation/us/unified-e2e-tests/test-scripts/Ecomm-And-Fulfillment-Flows/badging/C2717104-validate-badging-for-members.yaml' on device: 'iPhone 14'
2025-01-07 16:07:55.712 [DEBUG] [thread-id 1] - Executing scenario: 'Before'
2025-01-07 16:07:55.714 [DEBUG] [thread-id 1] - Executing function: 'us.function.utils.getEnvironmentValue'
2025-01-07 16:07:55.715 [DEBUG] [thread-id 1] - Store in: store the value 'production' in the variable 'env'
2025-01-07 16:07:55.716 [DEBUG] [thread-id 1] - Timestamp: 1736294875716
2025-01-07 16:07:55.717 [DEBUG] [thread-id 1] - Executing function: 'functions.utils.setPlatformInfo'
2025-01-07 16:07:55.720 [WARN] [thread-id 1] - variable dependencies.general.appPackage was used, but r2 could not find a value for this variable. returning default of null
2025-01-07 16:07:55.720 [DEBUG] [thread-id 1] - Store in: store the value 'null' in the variable 'appPackage'
2025-01-07 16:07:55.730 [DEBUG] [thread-id 1] - conditionally execute a flow. condition: true
2025-01-07 16:07:55.945 [DEBUG] [thread-id 1] - Store in: store the value 'iOS' in the variable 'platform'
2025-01-07 16:07:55.954 [DEBUG] [thread-id 1] - R2_SUBFLOW_PRE_TRANSACTION
2025-01-07 16:07:56.380 [DEBUG] [thread-id 1] - Using us-errors-helpers.yaml
2025-01-07 16:07:56.804 [DEBUG] [thread-id 1] - Start Main
2025-01-07 16:07:56.805 [DEBUG] [thread-id 1] - Executing function: 'unified.us.functions.global.onboarding.navigateOnboardingToHome'
2025-01-07 16:07:56.805 [DEBUG] [thread-id 1] - Welcome screen loaded
2025-01-07 16:07:56.810 [DEBUG] [thread-id 1] - Verify identifier: {cta.cancel.welcome=[true]}
2025-01-07 16:07:56.810 [DEBUG] [thread-id 1] - Store in: store the value 'true' in the variable 'testStarted'
2025-01-07 16:07:56.849 [DEBUG] [thread-id 1] - Click element: 'cta.cancel.welcome'
2025-01-07 16:07:57.397 [DEBUG] [thread-id 1] - Notifiction Prompt screen loaded
2025-01-07 16:08:01.555 [DEBUG] [thread-id 1] - Verify identifier: {LocationPermissionViewController.titleLabel=[true]}
2025-01-07 16:08:01.599 [DEBUG] [thread-id 1] - Click element: 'Enter zip code'
2025-01-07 16:08:02.294 [DEBUG] [thread-id 1] - Verify identifier: {label.postal-code-entry=[true]}
2025-01-07 16:08:02.294 [DEBUG] [thread-id 1] - sleep:  2000 milliseconds
2025-01-07 16:08:04.357 [DEBUG] [thread-id 1] - Enter text: '95122'
2025-01-07 16:08:05.574 [DEBUG] [thread-id 1] - Click element: 'cta.continue'
2025-01-07 16:08:06.080 [DEBUG] [thread-id 1] - sleep:  3000 milliseconds
2025-01-07 16:08:19.446 [DEBUG] [thread-id 1] - Executing function: 'unified.us.functions.home.navigateHomeToSignIn'
2025-01-07 16:08:19.775 [DEBUG] [thread-id 1] - Click element: '//XCUIElementTypeButton[@name="Account"] | Account'
2025-01-07 16:08:20.548 [DEBUG] [thread-id 1] - Verify identifier: {//XCUIElementTypeButton[@name="SignInYourAccountTableViewCell.signInButton"]=[true]}
2025-01-07 16:08:20.886 [DEBUG] [thread-id 1] - Click element: '//XCUIElementTypeButton[@name="SignInYourAccountTableViewCell.signInButton"]'
2025-01-07 16:08:22.706 [DEBUG] [thread-id 1] - conditionally execute a flow. condition: true
2025-01-07 16:08:23.963 [DEBUG] [thread-id 1] - Store in: store the value 'true' in the variable 'signInValidated'
2025-01-07 16:08:23.976 [DEBUG] [thread-id 1] - conditionally execute a flow. condition: true
2025-01-07 16:08:25.234 [DEBUG] [thread-id 1] - SignIn page loaded
2025-01-07 16:08:26.487 [DEBUG] [thread-id 1] - Store in: store the value 'false' in the variable 'signInValidated'
2025-01-07 16:08:26.502 [DEBUG] [thread-id 1] - conditionally execute a flow. condition: true
2025-01-07 16:08:27.759 [DEBUG] [thread-id 1] - Store in: store the value 'prod.gicUser1@cloudtest.org' in the variable 'email'
2025-01-07 16:08:29.042 [DEBUG] [thread-id 1] - Store in: store the value 'e2ePassword$' in the variable 'password'
2025-01-07 16:08:29.049 [DEBUG] [thread-id 1] - Executing function: 'unified.us.functions.global.authentication.signInAccount'
2025-01-07 16:08:29.049 [DEBUG] [thread-id 1] - conditionally execute a flow. condition: true
2025-01-07 16:08:43.075 [DEBUG] [thread-id 1] - Verify identifier: {TextFieldStackView.containerStackView=[true]}
2025-01-07 16:08:43.238 [DEBUG] [thread-id 1] - Enter text: 'prod.gicUser1@cloudtest.org'
2025-01-07 16:08:47.970 [DEBUG] [thread-id 1] - Click element: 'WelcomeView.ctaButton'
2025-01-07 16:08:48.678 [DEBUG] [thread-id 1] - sleep:  2000 milliseconds
2025-01-07 16:08:51.371 [DEBUG] [thread-id 1] - conditionally execute a flow. condition: true
2025-01-07 16:08:52.843 [DEBUG] [thread-id 1] - Entered Email Successfully
2025-01-07 16:08:54.203 [DEBUG] [thread-id 1] - conditionally execute a flow. condition: true
2025-01-07 16:08:55.724 [DEBUG] [thread-id 1] - Click element: 'AuthChoiceView.passwordStackView'
2025-01-07 16:08:58.124 [DEBUG] [thread-id 1] - Selected Password Option to Login
2025-01-07 16:08:58.142 [DEBUG] [thread-id 1] - Verify identifier: {TextFieldStackView.textField=[true]}
2025-01-07 16:08:58.334 [DEBUG] [thread-id 1] - Enter text: 'e2ePassword$'
2025-01-07 16:09:05.339 [DEBUG] [thread-id 1] - Click element: 'AuthChoiceView.ctaButton'
2025-01-07 16:09:27.057 [DEBUG] [thread-id 1] - conditionally execute a flow. condition: true
2025-01-07 16:09:27.881 [DEBUG] [thread-id 1] - sleep:  2000 milliseconds
2025-01-07 16:09:41.338 [DEBUG] [thread-id 1] - Executing function: 'unified.us.functions.utils.handleCartMergePopup'
2025-01-07 16:10:02.690 [DEBUG] [thread-id 1] - No Technical Error Page observed
2025-01-07 16:10:02.700 [DEBUG] [thread-id 1] - Executing function: 'unified.us.functions.home.toolTip'
2025-01-07 16:10:12.945 [DEBUG] [thread-id 1] - conditionally execute a flow. condition: false
2025-01-07 16:10:13.632 [DEBUG] [thread-id 1] - no tooltip displayed
2025-01-07 16:10:13.661 [DEBUG] [thread-id 1] - Executing function: 'unified.us.functions.global.navigation.accountToHome'
2025-01-07 16:10:13.663 [DEBUG] [thread-id 1] - Executing function: 'unified.us.functions.global.navigation.toTab'
2025-01-07 16:10:13.663 [DEBUG] [thread-id 1] - Executing function: 'us.functions.utils.scrollIfNotVisible'
2025-01-07 16:10:14.830 [DEBUG] [thread-id 1] - Verify identifier: {//XCUIElementTypeButton[contains(@name, "Shop")]=[true]}
2025-01-07 16:10:15.507 [DEBUG] [thread-id 1] - Element already visible, scrolling is skipped
2025-01-07 16:10:15.518 [DEBUG] [thread-id 1] - Resetting scrollPosition variable to default
2025-01-07 16:10:15.519 [DEBUG] [thread-id 1] - Store in: store the value 'null' in the variable 'scrollPosition'
2025-01-07 16:10:15.519 [DEBUG] [thread-id 1] - Store in: store the value 'null' in the variable 'identifierScope'
2025-01-07 16:10:15.519 [DEBUG] [thread-id 1] - Store in: store the value 'null' in the variable 'limit'
2025-01-07 16:10:15.970 [DEBUG] [thread-id 1] - Click element: '//XCUIElementTypeButton[contains(@name, "Shop")]'
2025-01-07 16:10:16.431 [DEBUG] [thread-id 1] - Executing function: 'unified.us.functions.home.closeWPlusPromotionPopUpIfDisplayed'
2025-01-07 16:10:16.432 [DEBUG] [thread-id 1] - conditionally execute a flow. condition: true
2025-01-07 16:10:30.701 [DEBUG] [thread-id 1] - Executing function: 'unified.us.functions.global.navigation.toCartFromNavBar'
2025-01-07 16:10:32.519 [DEBUG] [thread-id 1] - Verify identifier: {//XCUIElementTypeButton[contains(@label, "Your cart")] | //XCUIElementTypeButton[(@name="SearchResultsViewController.cartButton") or (contains(@label,"Your cart contains") and contains(@label,"The estimated total is")) or (@label="Your cart is empty")]=[true]}
2025-01-07 16:10:34.317 [DEBUG] [thread-id 1] - Click element: '//XCUIElementTypeButton[contains(@label, "Your cart")] | //XCUIElementTypeButton[(@name="SearchResultsViewController.cartButton") or (contains(@label,"Your cart contains") and contains(@label,"The estimated total is")) or (@label="Your cart is empty")]'
2025-01-07 16:10:35.110 [DEBUG] [thread-id 1] - Executing function: 'unified.us.functions.cart.storeChangePopUp'
2025-01-07 16:10:42.151 [DEBUG] [thread-id 1] - No Store Change pop up screen displayed
2025-01-07 16:10:43.888 [DEBUG] [thread-id 1] - conditionally execute a flow. condition: true
2025-01-07 16:10:45.584 [DEBUG] [thread-id 1] - cart Page loaded
2025-01-07 16:10:45.599 [DEBUG] [thread-id 1] - Executing function: 'unified.us.functions.cart.removeAllCartItems'
2025-01-07 16:10:45.599 [DEBUG] [thread-id 1] - Executing function: 'unified.us.functions.cart.storeChangePopUp'
2025-01-07 16:10:49.015 [DEBUG] [thread-id 1] - No Store Change pop up screen displayed
2025-01-07 16:10:49.024 [DEBUG] [thread-id 1] - Executing function: 'unified.us.functions.cart.removeAdonsNotAvailable'
2025-01-07 16:10:53.516 [DEBUG] [thread-id 1] - No remove Adons pop up screen displayed
2025-01-07 16:10:55.264 [DEBUG] [thread-id 1] - conditionally execute a flow. condition: true
2025-01-07 16:10:57.012 [DEBUG] [thread-id 1] - No items in cart
2025-01-07 16:10:57.032 [DEBUG] [thread-id 1] - Executing function: 'unified.us.functions.cart.removeUnavailableItemsFromCart'
2025-01-07 16:10:57.033 [DEBUG] [thread-id 1] - conditionally execute a flow. condition: true
2025-01-07 16:11:08.988 [DEBUG] [thread-id 1] - Executing function: 'unified.us.functions.global.navigation.backNavigation'
2025-01-07 16:11:08.989 [DEBUG] [thread-id 1] - Global Back navigation
2025-01-07 16:11:08.989 [DEBUG] [thread-id 1] - conditionally execute a flow. condition: true
2025-01-07 16:11:15.327 [DEBUG] [thread-id 1] - Click element: '//XCUIElementTypeButton[@name="Back" or @label="Back"] | //XCUIElementTypeButton[@name="Shop"] | //XCUIElementTypeButton[@name="Home"]| //XCUIElementTypeButton[@name="Registries"] | //XCUIElementTypeButton[@name="My Items"] | //XCUIElementTypeNavigationBar[@name="Cart"]/XCUIElementTypeButton[contains(@name,"Search")]'
2025-01-07 16:11:16.094 [DEBUG] [thread-id 1] - Executing function: 'unified.us.functions.search.searchItem'
2025-01-07 16:11:18.757 [DEBUG] [thread-id 1] - Verify identifier: {Search=[true]}
2025-01-07 16:11:22.154 [DEBUG] [thread-id 1] - Click element: 'Search'
2025-01-07 16:11:23.396 [DEBUG] [thread-id 1] - Verify identifier: {Search Walmart=[true]}
2025-01-07 16:11:26.499 [DEBUG] [thread-id 1] - Click element: 'Search Walmart'
2025-01-07 16:11:27.117 [DEBUG] [thread-id 1] - Enter text: 'milk'
2025-01-07 16:11:39.015 [DEBUG] [thread-id 1] - Executing function: 'unified.us.functions.home.closeWPlusPromotionPopUpIfDisplayed'
2025-01-07 16:11:39.015 [DEBUG] [thread-id 1] - conditionally execute a flow. condition: true
2025-01-07 16:11:50.015 [DEBUG] [thread-id 1] - Executing function: 'unified.us.functions.utils.scrollIfNotVisible'
2025-01-07 16:11:50.016 [WARN] [thread-id 1] - variable scrollLimit was used, but r2 could not find a value for this variable. returning default of null
2025-01-07 16:11:50.016 [DEBUG] [thread-id 1] - conditionally execute a flow. condition: true
2025-01-07 16:11:50.853 [DEBUG] [thread-id 1] - Store in: store the value '7' in the variable 'scrollLimit'
2025-01-07 16:11:50.861 [DEBUG] [thread-id 1] - Scroll limit set to - 7
2025-01-07 16:11:50.862 [DEBUG] [thread-id 1] - conditionally execute a flow. condition: true
2025-01-07 16:11:52.338 [DEBUG] [thread-id 1] - conditionally execute a flow. condition: true
2025-01-07 16:11:53.260 [DEBUG] [thread-id 1] - Element already visible, scrolling is skipped
2025-01-07 16:11:53.276 [WARN] [thread-id 1] - variable scrollNeeded was used, but r2 could not find a value for this variable. returning default of null
2025-01-07 16:11:53.277 [DEBUG] [thread-id 1] - Resetting scrollPosition variable to default
2025-01-07 16:11:53.277 [DEBUG] [thread-id 1] - Store in: store the value 'null' in the variable 'scrollPosition'
2025-01-07 16:11:53.277 [DEBUG] [thread-id 1] - Store in: store the value 'null' in the variable 'identifierScope'
2025-01-07 16:11:53.278 [DEBUG] [thread-id 1] - Store in: store the value 'null' in the variable 'scrollLimit'
2025-01-07 16:11:53.278 [DEBUG] [thread-id 1] - Store in: store the value 'false' in the variable 'scrollNeeded'
2025-01-07 16:11:53.873 [DEBUG] [thread-id 1] - conditionally execute a flow. condition: true
2025-01-07 16:11:54.701 [DEBUG] [thread-id 1] - successfully found an item for the above search criterion
2025-01-07 16:11:54.707 [DEBUG] [thread-id 1] - Executing function: 'unified.us.functions.home.verifyBadgesForWplus'
2025-01-07 16:11:54.707 [DEBUG] [thread-id 1] - conditionally execute a flow. condition: false
2025-01-07 16:12:16.437 [DEBUG] [thread-id 1] - Main failed: 'Returned label 'Silk Dairy Free, Gluten Free, Original Almond Milk, 96 fl oz Bottle, $4.68 4.9 Â¢/fl oz, rating 4.3 out of five stars based on 1609 reviews, EBT eligible, Save with Walmart Plus, Pickup today, Delivery today, Subscribe, Sponsored' does not contain 'Pickup  today''
2025-01-07 16:12:18.133 [DEBUG] [thread-id 1] - Executing scenario: 'After'
2025-01-07 16:12:18.134 [DEBUG] [thread-id 1] - Executing function: 'unified.us.functions.utils.afterSteps'
2025-01-07 16:12:18.134 [WARN] [thread-id 1] - variable testStatus was used, but r2 could not find a value for this variable. returning default of null
2025-01-07 16:12:18.134 [DEBUG] [thread-id 1] - conditionally execute a flow. condition: false
2025-01-07 16:12:18.963 [DEBUG] [thread-id 1] - Test failed
2025-01-07 16:12:30.242 [DEBUG] [thread-id 1] - Created report: /Users/m0k0a2f/glass-automation/report/index.html
2025-01-07 16:14:17.913 [DEBUG] [thread-id 1] - Executing R2 4.0.2: '/Users/m0k0a2f/glass-automation/us/unified-e2e-tests/test-scripts/Ecomm-And-Fulfillment-Flows/badging/C2717104-validate-badging-for-members.yaml' on device: 'iPhone 14'
2025-01-07 16:16:57.151 [DEBUG] [thread-id 1] - Executing scenario: 'Before'
2025-01-07 16:16:57.153 [DEBUG] [thread-id 1] - Executing function: 'us.function.utils.getEnvironmentValue'
2025-01-07 16:16:57.154 [DEBUG] [thread-id 1] - Store in: store the value 'production' in the variable 'env'
2025-01-07 16:16:57.154 [DEBUG] [thread-id 1] - Timestamp: 1736295417154
2025-01-07 16:16:57.155 [DEBUG] [thread-id 1] - Executing function: 'functions.utils.setPlatformInfo'
2025-01-07 16:16:57.158 [WARN] [thread-id 1] - variable dependencies.general.appPackage was used, but r2 could not find a value for this variable. returning default of null
2025-01-07 16:16:57.158 [DEBUG] [thread-id 1] - Store in: store the value 'null' in the variable 'appPackage'
2025-01-07 16:16:57.168 [DEBUG] [thread-id 1] - conditionally execute a flow. condition: true
2025-01-07 16:16:57.390 [DEBUG] [thread-id 1] - Store in: store the value 'iOS' in the variable 'platform'
2025-01-07 16:16:57.398 [DEBUG] [thread-id 1] - R2_SUBFLOW_PRE_TRANSACTION
2025-01-07 16:16:57.873 [DEBUG] [thread-id 1] - Using us-errors-helpers.yaml
2025-01-07 16:16:58.325 [DEBUG] [thread-id 1] - Start Main
2025-01-07 16:16:58.326 [DEBUG] [thread-id 1] - Executing function: 'unified.us.functions.global.onboarding.navigateOnboardingToHome'
2025-01-07 16:16:58.326 [DEBUG] [thread-id 1] - Welcome screen loaded
2025-01-07 16:16:58.330 [DEBUG] [thread-id 1] - Verify identifier: {cta.cancel.welcome=[true]}
2025-01-07 16:16:58.331 [DEBUG] [thread-id 1] - Store in: store the value 'true' in the variable 'testStarted'
2025-01-07 16:16:58.373 [DEBUG] [thread-id 1] - Click element: 'cta.cancel.welcome'
2025-01-07 16:16:58.915 [DEBUG] [thread-id 1] - Notifiction Prompt screen loaded
2025-01-07 16:17:00.438 [DEBUG] [thread-id 1] - Verify identifier: {LocationPermissionViewController.titleLabel=[true]}
2025-01-07 16:17:00.486 [DEBUG] [thread-id 1] - Click element: 'Enter zip code'
2025-01-07 16:17:01.250 [DEBUG] [thread-id 1] - Verify identifier: {label.postal-code-entry=[true]}
2025-01-07 16:17:01.250 [DEBUG] [thread-id 1] - sleep:  2000 milliseconds
2025-01-07 16:17:03.305 [DEBUG] [thread-id 1] - Enter text: '95122'
2025-01-07 16:17:05.433 [DEBUG] [thread-id 1] - Click element: 'cta.continue'
2025-01-07 16:17:05.931 [DEBUG] [thread-id 1] - sleep:  3000 milliseconds
2025-01-07 16:17:18.975 [DEBUG] [thread-id 1] - Executing function: 'unified.us.functions.home.navigateHomeToSignIn'
2025-01-07 16:17:19.259 [DEBUG] [thread-id 1] - Click element: '//XCUIElementTypeButton[@name="Account"] | Account'
2025-01-07 16:17:23.006 [DEBUG] [thread-id 1] - Verify identifier: {//XCUIElementTypeButton[@name="SignInYourAccountTableViewCell.signInButton"]=[true]}
2025-01-07 16:17:23.363 [DEBUG] [thread-id 1] - Click element: '//XCUIElementTypeButton[@name="SignInYourAccountTableViewCell.signInButton"]'
2025-01-07 16:17:25.240 [DEBUG] [thread-id 1] - conditionally execute a flow. condition: true
2025-01-07 16:17:26.497 [DEBUG] [thread-id 1] - Store in: store the value 'true' in the variable 'signInValidated'
2025-01-07 16:17:26.509 [DEBUG] [thread-id 1] - conditionally execute a flow. condition: true
2025-01-07 16:17:27.853 [DEBUG] [thread-id 1] - SignIn page loaded
2025-01-07 16:17:29.203 [DEBUG] [thread-id 1] - Store in: store the value 'false' in the variable 'signInValidated'
2025-01-07 16:17:29.210 [DEBUG] [thread-id 1] - conditionally execute a flow. condition: true
2025-01-07 16:17:30.557 [DEBUG] [thread-id 1] - Store in: store the value 'paidannual3@cloudtest.org' in the variable 'email'
2025-01-07 16:17:31.910 [DEBUG] [thread-id 1] - Store in: store the value 'E2epassword' in the variable 'password'
2025-01-07 16:17:31.916 [DEBUG] [thread-id 1] - Executing function: 'unified.us.functions.global.authentication.signInAccount'
2025-01-07 16:17:31.917 [DEBUG] [thread-id 1] - conditionally execute a flow. condition: true
2025-01-07 16:17:46.514 [DEBUG] [thread-id 1] - Verify identifier: {TextFieldStackView.containerStackView=[true]}
2025-01-07 16:17:46.680 [DEBUG] [thread-id 1] - Enter text: 'paidannual3@cloudtest.org'
2025-01-07 16:17:51.459 [DEBUG] [thread-id 1] - Click element: 'WelcomeView.ctaButton'
2025-01-07 16:17:52.194 [DEBUG] [thread-id 1] - sleep:  2000 milliseconds
2025-01-07 16:17:54.939 [DEBUG] [thread-id 1] - conditionally execute a flow. condition: true
2025-01-07 16:17:56.367 [DEBUG] [thread-id 1] - Entered Email Successfully
2025-01-07 16:17:57.800 [DEBUG] [thread-id 1] - conditionally execute a flow. condition: true
2025-01-07 16:17:59.426 [DEBUG] [thread-id 1] - Click element: 'AuthChoiceView.passwordStackView'
2025-01-07 16:18:01.701 [DEBUG] [thread-id 1] - Selected Password Option to Login
2025-01-07 16:18:01.709 [DEBUG] [thread-id 1] - Verify identifier: {TextFieldStackView.textField=[true]}
2025-01-07 16:18:01.888 [DEBUG] [thread-id 1] - Enter text: 'E2epassword'
2025-01-07 16:18:08.998 [DEBUG] [thread-id 1] - Click element: 'AuthChoiceView.ctaButton'
2025-01-07 16:18:30.810 [DEBUG] [thread-id 1] - conditionally execute a flow. condition: true
2025-01-07 16:18:31.734 [DEBUG] [thread-id 1] - sleep:  2000 milliseconds
2025-01-07 16:18:44.714 [DEBUG] [thread-id 1] - Executing function: 'unified.us.functions.utils.handleCartMergePopup'
2025-01-07 16:19:06.125 [DEBUG] [thread-id 1] - No Technical Error Page observed
2025-01-07 16:19:06.132 [DEBUG] [thread-id 1] - Executing function: 'unified.us.functions.home.toolTip'
2025-01-07 16:19:16.668 [DEBUG] [thread-id 1] - conditionally execute a flow. condition: false
2025-01-07 16:19:17.547 [DEBUG] [thread-id 1] - no tooltip displayed
2025-01-07 16:19:17.563 [DEBUG] [thread-id 1] - Executing function: 'unified.us.functions.global.navigation.accountToHome'
2025-01-07 16:19:17.564 [DEBUG] [thread-id 1] - Executing function: 'unified.us.functions.global.navigation.toTab'
2025-01-07 16:19:17.565 [DEBUG] [thread-id 1] - Executing function: 'us.functions.utils.scrollIfNotVisible'
2025-01-07 16:19:19.005 [DEBUG] [thread-id 1] - Verify identifier: {//XCUIElementTypeButton[contains(@name, "Shop")]=[true]}
2025-01-07 16:19:19.876 [DEBUG] [thread-id 1] - Element already visible, scrolling is skipped
2025-01-07 16:19:19.884 [DEBUG] [thread-id 1] - Resetting scrollPosition variable to default
2025-01-07 16:19:19.884 [DEBUG] [thread-id 1] - Store in: store the value 'null' in the variable 'scrollPosition'
2025-01-07 16:19:19.885 [DEBUG] [thread-id 1] - Store in: store the value 'null' in the variable 'identifierScope'
2025-01-07 16:19:19.885 [DEBUG] [thread-id 1] - Store in: store the value 'null' in the variable 'limit'
2025-01-07 16:19:20.402 [DEBUG] [thread-id 1] - Click element: '//XCUIElementTypeButton[contains(@name, "Shop")]'
2025-01-07 16:19:20.920 [DEBUG] [thread-id 1] - Executing function: 'unified.us.functions.home.closeWPlusPromotionPopUpIfDisplayed'
2025-01-07 16:19:20.922 [DEBUG] [thread-id 1] - conditionally execute a flow. condition: true
2025-01-07 16:19:31.987 [DEBUG] [thread-id 1] - Executing function: 'unified.us.functions.global.navigation.toCartFromNavBar'
2025-01-07 16:19:53.988 [DEBUG] [thread-id 1] - Main failed: Is not present: '//XCUIElementTypeButton[contains(@label, "Your cart")] | //XCUIElementTypeButton[(@name="SearchResultsViewController.cartButton") or (contains(@label,"Your cart contains") and contains(@label,"The estimated total is")) or (@label="Your cart is empty")]'
2025-01-07 16:19:55.735 [DEBUG] [thread-id 1] - Executing scenario: 'After'
2025-01-07 16:19:55.736 [DEBUG] [thread-id 1] - Executing function: 'unified.us.functions.utils.afterSteps'
2025-01-07 16:19:55.737 [WARN] [thread-id 1] - variable testStatus was used, but r2 could not find a value for this variable. returning default of null
2025-01-07 16:19:55.737 [DEBUG] [thread-id 1] - conditionally execute a flow. condition: false
2025-01-07 16:19:56.600 [DEBUG] [thread-id 1] - Test failed
2025-01-07 16:20:06.873 [DEBUG] [thread-id 1] - Created report: /Users/m0k0a2f/glass-automation/report/index.html
2025-01-07 16:21:17.467 [DEBUG] [thread-id 1] - Executing R2 4.0.2: '/Users/m0k0a2f/glass-automation/us/unified-e2e-tests/test-scripts/Ecomm-And-Fulfillment-Flows/badging/C2717104-validate-badging-for-members.yaml' on device: 'iPhone 14'
2025-01-07 16:23:48.450 [DEBUG] [thread-id 1] - Executing scenario: 'Before'
2025-01-07 16:23:48.453 [DEBUG] [thread-id 1] - Executing function: 'us.function.utils.getEnvironmentValue'
2025-01-07 16:23:48.453 [DEBUG] [thread-id 1] - Store in: store the value 'production' in the variable 'env'
2025-01-07 16:23:48.454 [DEBUG] [thread-id 1] - Timestamp: 1736295828454
2025-01-07 16:23:48.455 [DEBUG] [thread-id 1] - Executing function: 'functions.utils.setPlatformInfo'
2025-01-07 16:23:48.458 [WARN] [thread-id 1] - variable dependencies.general.appPackage was used, but r2 could not find a value for this variable. returning default of null
2025-01-07 16:23:48.458 [DEBUG] [thread-id 1] - Store in: store the value 'null' in the variable 'appPackage'
2025-01-07 16:23:48.468 [DEBUG] [thread-id 1] - conditionally execute a flow. condition: true
2025-01-07 16:23:48.689 [DEBUG] [thread-id 1] - Store in: store the value 'iOS' in the variable 'platform'
2025-01-07 16:23:48.696 [DEBUG] [thread-id 1] - R2_SUBFLOW_PRE_TRANSACTION
2025-01-07 16:23:49.134 [DEBUG] [thread-id 1] - Using us-errors-helpers.yaml
2025-01-07 16:23:49.574 [DEBUG] [thread-id 1] - Start Main
2025-01-07 16:23:49.575 [DEBUG] [thread-id 1] - Executing function: 'unified.us.functions.global.onboarding.navigateOnboardingToHome'
2025-01-07 16:23:49.576 [DEBUG] [thread-id 1] - Welcome screen loaded
2025-01-07 16:23:49.579 [DEBUG] [thread-id 1] - Verify identifier: {cta.cancel.welcome=[true]}
2025-01-07 16:23:49.580 [DEBUG] [thread-id 1] - Store in: store the value 'true' in the variable 'testStarted'
2025-01-07 16:23:49.620 [DEBUG] [thread-id 1] - Click element: 'cta.cancel.welcome'
2025-01-07 16:23:50.136 [DEBUG] [thread-id 1] - Notifiction Prompt screen loaded
2025-01-07 16:23:51.716 [DEBUG] [thread-id 1] - Verify identifier: {LocationPermissionViewController.titleLabel=[true]}
2025-01-07 16:23:51.766 [DEBUG] [thread-id 1] - Click element: 'Enter zip code'
2025-01-07 16:23:52.447 [DEBUG] [thread-id 1] - Verify identifier: {label.postal-code-entry=[true]}
2025-01-07 16:23:52.447 [DEBUG] [thread-id 1] - sleep:  2000 milliseconds
2025-01-07 16:23:54.506 [DEBUG] [thread-id 1] - Enter text: '95122'
2025-01-07 16:23:56.378 [DEBUG] [thread-id 1] - Click element: 'cta.continue'
2025-01-07 16:23:56.872 [DEBUG] [thread-id 1] - sleep:  3000 milliseconds
2025-01-07 16:24:09.878 [DEBUG] [thread-id 1] - Executing function: 'unified.us.functions.home.navigateHomeToSignIn'
2025-01-07 16:24:10.191 [DEBUG] [thread-id 1] - Click element: '//XCUIElementTypeButton[@name="Account"] | Account'
2025-01-07 16:24:11.059 [DEBUG] [thread-id 1] - Verify identifier: {//XCUIElementTypeButton[@name="SignInYourAccountTableViewCell.signInButton"]=[true]}
2025-01-07 16:24:11.387 [DEBUG] [thread-id 1] - Click element: '//XCUIElementTypeButton[@name="SignInYourAccountTableViewCell.signInButton"]'
2025-01-07 16:24:13.300 [DEBUG] [thread-id 1] - conditionally execute a flow. condition: true
2025-01-07 16:24:14.524 [DEBUG] [thread-id 1] - Store in: store the value 'true' in the variable 'signInValidated'
2025-01-07 16:24:14.537 [DEBUG] [thread-id 1] - conditionally execute a flow. condition: true
2025-01-07 16:24:15.849 [DEBUG] [thread-id 1] - SignIn page loaded
2025-01-07 16:24:17.118 [DEBUG] [thread-id 1] - Store in: store the value 'false' in the variable 'signInValidated'
2025-01-07 16:24:17.125 [DEBUG] [thread-id 1] - conditionally execute a flow. condition: true
2025-01-07 16:24:18.389 [DEBUG] [thread-id 1] - Store in: store the value 'paidannual3@cloudtest.org' in the variable 'email'
2025-01-07 16:24:19.651 [DEBUG] [thread-id 1] - Store in: store the value 'E2epassword' in the variable 'password'
2025-01-07 16:24:19.657 [DEBUG] [thread-id 1] - Executing function: 'unified.us.functions.global.authentication.signInAccount'
2025-01-07 16:24:19.658 [DEBUG] [thread-id 1] - conditionally execute a flow. condition: true
2025-01-07 16:24:33.833 [DEBUG] [thread-id 1] - Verify identifier: {TextFieldStackView.containerStackView=[true]}
2025-01-07 16:24:33.988 [DEBUG] [thread-id 1] - Enter text: 'paidannual3@cloudtest.org'
2025-01-07 16:24:38.670 [DEBUG] [thread-id 1] - Click element: 'WelcomeView.ctaButton'
2025-01-07 16:24:39.372 [DEBUG] [thread-id 1] - sleep:  2000 milliseconds
2025-01-07 16:24:43.693 [DEBUG] [thread-id 1] - conditionally execute a flow. condition: true
2025-01-07 16:24:45.028 [DEBUG] [thread-id 1] - Entered Email Successfully
2025-01-07 16:24:46.370 [DEBUG] [thread-id 1] - conditionally execute a flow. condition: true
2025-01-07 16:24:47.915 [DEBUG] [thread-id 1] - Click element: 'AuthChoiceView.passwordStackView'
2025-01-07 16:24:50.209 [DEBUG] [thread-id 1] - Selected Password Option to Login
2025-01-07 16:24:50.215 [DEBUG] [thread-id 1] - Verify identifier: {TextFieldStackView.textField=[true]}
2025-01-07 16:24:50.420 [DEBUG] [thread-id 1] - Enter text: 'E2epassword'
2025-01-07 16:24:57.481 [DEBUG] [thread-id 1] - Click element: 'AuthChoiceView.ctaButton'
2025-01-07 16:25:19.410 [DEBUG] [thread-id 1] - conditionally execute a flow. condition: true
2025-01-07 16:25:20.249 [DEBUG] [thread-id 1] - sleep:  2000 milliseconds
2025-01-07 16:25:33.847 [DEBUG] [thread-id 1] - Executing function: 'unified.us.functions.utils.handleCartMergePopup'
2025-01-07 16:25:55.658 [DEBUG] [thread-id 1] - No Technical Error Page observed
2025-01-07 16:25:55.665 [DEBUG] [thread-id 1] - Executing function: 'unified.us.functions.home.toolTip'
2025-01-07 16:26:05.943 [DEBUG] [thread-id 1] - conditionally execute a flow. condition: false
2025-01-07 16:26:06.782 [DEBUG] [thread-id 1] - no tooltip displayed
2025-01-07 16:26:06.802 [DEBUG] [thread-id 1] - Executing function: 'unified.us.functions.global.navigation.accountToHome'
2025-01-07 16:26:06.803 [DEBUG] [thread-id 1] - Executing function: 'unified.us.functions.global.navigation.toTab'
2025-01-07 16:26:06.803 [DEBUG] [thread-id 1] - Executing function: 'us.functions.utils.scrollIfNotVisible'
2025-01-07 16:26:08.209 [DEBUG] [thread-id 1] - Verify identifier: {//XCUIElementTypeButton[contains(@name, "Shop")]=[true]}
2025-01-07 16:26:09.028 [DEBUG] [thread-id 1] - Element already visible, scrolling is skipped
2025-01-07 16:26:09.047 [DEBUG] [thread-id 1] - Resetting scrollPosition variable to default
2025-01-07 16:26:09.048 [DEBUG] [thread-id 1] - Store in: store the value 'null' in the variable 'scrollPosition'
2025-01-07 16:26:09.048 [DEBUG] [thread-id 1] - Store in: store the value 'null' in the variable 'identifierScope'
2025-01-07 16:26:09.048 [DEBUG] [thread-id 1] - Store in: store the value 'null' in the variable 'limit'
2025-01-07 16:26:09.559 [DEBUG] [thread-id 1] - Click element: '//XCUIElementTypeButton[contains(@name, "Shop")]'
2025-01-07 16:26:10.166 [DEBUG] [thread-id 1] - Executing function: 'unified.us.functions.home.closeWPlusPromotionPopUpIfDisplayed'
2025-01-07 16:26:10.168 [DEBUG] [thread-id 1] - conditionally execute a flow. condition: true
2025-01-07 16:26:22.113 [DEBUG] [thread-id 1] - Executing function: 'unified.us.functions.global.navigation.toCartFromNavBar'
2025-01-07 16:26:22.749 [DEBUG] [thread-id 1] - Verify identifier: {//XCUIElementTypeButton[contains(@label, "Your cart")] | //XCUIElementTypeButton[(@name="SearchResultsViewController.cartButton") or (contains(@label,"Your cart contains") and contains(@label,"The estimated total is")) or (@label="Your cart is empty")]=[true]}
2025-01-07 16:26:23.273 [DEBUG] [thread-id 1] - Click element: '//XCUIElementTypeButton[contains(@label, "Your cart")] | //XCUIElementTypeButton[(@name="SearchResultsViewController.cartButton") or (contains(@label,"Your cart contains") and contains(@label,"The estimated total is")) or (@label="Your cart is empty")]'
2025-01-07 16:26:23.796 [DEBUG] [thread-id 1] - Executing function: 'unified.us.functions.cart.storeChangePopUp'
2025-01-07 16:26:28.027 [DEBUG] [thread-id 1] - No Store Change pop up screen displayed
2025-01-07 16:26:30.147 [DEBUG] [thread-id 1] - conditionally execute a flow. condition: true
2025-01-07 16:26:32.232 [DEBUG] [thread-id 1] - cart Page loaded
2025-01-07 16:26:32.249 [DEBUG] [thread-id 1] - Executing function: 'unified.us.functions.cart.removeAllCartItems'
2025-01-07 16:26:32.249 [DEBUG] [thread-id 1] - Executing function: 'unified.us.functions.cart.storeChangePopUp'
2025-01-07 16:26:36.296 [DEBUG] [thread-id 1] - No Store Change pop up screen displayed
2025-01-07 16:26:36.311 [DEBUG] [thread-id 1] - Executing function: 'unified.us.functions.cart.removeAdonsNotAvailable'
2025-01-07 16:26:41.670 [DEBUG] [thread-id 1] - No remove Adons pop up screen displayed
2025-01-07 16:26:43.680 [DEBUG] [thread-id 1] - conditionally execute a flow. condition: true
2025-01-07 16:26:45.786 [DEBUG] [thread-id 1] - No items in cart
2025-01-07 16:26:45.801 [DEBUG] [thread-id 1] - Executing function: 'unified.us.functions.cart.removeUnavailableItemsFromCart'
2025-01-07 16:26:45.802 [DEBUG] [thread-id 1] - conditionally execute a flow. condition: true
2025-01-07 16:26:58.057 [DEBUG] [thread-id 1] - Executing function: 'unified.us.functions.global.navigation.backNavigation'
2025-01-07 16:26:58.057 [DEBUG] [thread-id 1] - Global Back navigation
2025-01-07 16:26:58.058 [DEBUG] [thread-id 1] - conditionally execute a flow. condition: true
2025-01-07 16:27:04.854 [DEBUG] [thread-id 1] - Click element: '//XCUIElementTypeButton[@name="Back" or @label="Back"] | //XCUIElementTypeButton[@name="Shop"] | //XCUIElementTypeButton[@name="Home"]| //XCUIElementTypeButton[@name="Registries"] | //XCUIElementTypeButton[@name="My Items"] | //XCUIElementTypeNavigationBar[@name="Cart"]/XCUIElementTypeButton[contains(@name,"Search")]'
2025-01-07 16:27:05.675 [DEBUG] [thread-id 1] - Executing function: 'unified.us.functions.search.searchItem'
2025-01-07 16:27:07.283 [DEBUG] [thread-id 1] - Verify identifier: {Search=[true]}
2025-01-07 16:27:10.436 [DEBUG] [thread-id 1] - Click element: 'Search'
2025-01-07 16:27:11.090 [DEBUG] [thread-id 1] - Verify identifier: {Search Walmart=[true]}
2025-01-07 16:27:14.191 [DEBUG] [thread-id 1] - Click element: 'Search Walmart'
2025-01-07 16:27:14.817 [DEBUG] [thread-id 1] - Enter text: 'milk'
2025-01-07 16:27:26.481 [DEBUG] [thread-id 1] - Executing function: 'unified.us.functions.home.closeWPlusPromotionPopUpIfDisplayed'
2025-01-07 16:27:26.482 [DEBUG] [thread-id 1] - conditionally execute a flow. condition: true
2025-01-07 16:27:37.539 [DEBUG] [thread-id 1] - Executing function: 'unified.us.functions.utils.scrollIfNotVisible'
2025-01-07 16:27:37.540 [WARN] [thread-id 1] - variable scrollLimit was used, but r2 could not find a value for this variable. returning default of null
2025-01-07 16:27:37.541 [DEBUG] [thread-id 1] - conditionally execute a flow. condition: true
2025-01-07 16:27:38.406 [DEBUG] [thread-id 1] - Store in: store the value '7' in the variable 'scrollLimit'
2025-01-07 16:27:38.426 [DEBUG] [thread-id 1] - Scroll limit set to - 7
2025-01-07 16:27:38.427 [DEBUG] [thread-id 1] - conditionally execute a flow. condition: true
2025-01-07 16:27:39.919 [DEBUG] [thread-id 1] - conditionally execute a flow. condition: true
2025-01-07 16:27:40.812 [DEBUG] [thread-id 1] - Element already visible, scrolling is skipped
2025-01-07 16:27:40.827 [WARN] [thread-id 1] - variable scrollNeeded was used, but r2 could not find a value for this variable. returning default of null
2025-01-07 16:27:40.828 [DEBUG] [thread-id 1] - Resetting scrollPosition variable to default
2025-01-07 16:27:40.828 [DEBUG] [thread-id 1] - Store in: store the value 'null' in the variable 'scrollPosition'
2025-01-07 16:27:40.829 [DEBUG] [thread-id 1] - Store in: store the value 'null' in the variable 'identifierScope'
2025-01-07 16:27:40.829 [DEBUG] [thread-id 1] - Store in: store the value 'null' in the variable 'scrollLimit'
2025-01-07 16:27:40.830 [DEBUG] [thread-id 1] - Store in: store the value 'false' in the variable 'scrollNeeded'
2025-01-07 16:27:41.411 [DEBUG] [thread-id 1] - conditionally execute a flow. condition: true
2025-01-07 16:27:42.285 [DEBUG] [thread-id 1] - successfully found an item for the above search criterion
2025-01-07 16:27:42.293 [DEBUG] [thread-id 1] - Executing function: 'unified.us.functions.home.verifyBadgesForWplus'
2025-01-07 16:27:42.293 [DEBUG] [thread-id 1] - conditionally execute a flow. condition: false
2025-01-07 16:28:03.427 [DEBUG] [thread-id 1] - Main failed: 'Returned label 'Silk Dairy Free, Gluten Free, Original Almond Milk, 96 fl oz Bottle, $4.68 4.9 Â¢/fl oz, rating 4.3 out of five stars based on 1609 reviews, EBT eligible, Pickup today, walmartPlus Free delivery today, Subscribe, Sponsored' does not contain 'Pickup  today''
2025-01-07 16:28:05.163 [DEBUG] [thread-id 1] - Executing scenario: 'After'
2025-01-07 16:28:05.164 [DEBUG] [thread-id 1] - Executing function: 'unified.us.functions.utils.afterSteps'
2025-01-07 16:28:05.164 [WARN] [thread-id 1] - variable testStatus was used, but r2 could not find a value for this variable. returning default of null
2025-01-07 16:28:05.164 [DEBUG] [thread-id 1] - conditionally execute a flow. condition: false
2025-01-07 16:28:06.008 [DEBUG] [thread-id 1] - Test failed
2025-01-07 16:28:16.457 [DEBUG] [thread-id 1] - Created report: /Users/m0k0a2f/glass-automation/report/index.html
2025-01-07 16:32:25.321 [DEBUG] [thread-id 1] - Executing R2 4.0.2: '/Users/m0k0a2f/glass-automation/us/unified-e2e-tests/test-scripts/Ecomm-And-Fulfillment-Flows/badging/C2717104-validate-badging-for-members.yaml' on device: 'iPhone 14'
2025-01-07 16:35:23.817 [DEBUG] [thread-id 1] - Executing R2 4.0.2: '/Users/m0k0a2f/glass-automation/us/unified-e2e-tests/test-scripts/Ecomm-And-Fulfillment-Flows/badging/C2717104-validate-badging-for-members.yaml' on device: 'iPhone 14'
2025-01-07 16:38:11.013 [DEBUG] [thread-id 1] - Executing scenario: 'Before'
2025-01-07 16:38:11.015 [DEBUG] [thread-id 1] - Executing function: 'us.function.utils.getEnvironmentValue'
2025-01-07 16:38:11.016 [DEBUG] [thread-id 1] - Store in: store the value 'production' in the variable 'env'
2025-01-07 16:38:11.017 [DEBUG] [thread-id 1] - Timestamp: 1736296691017
2025-01-07 16:38:11.018 [DEBUG] [thread-id 1] - Executing function: 'functions.utils.setPlatformInfo'
2025-01-07 16:38:11.021 [WARN] [thread-id 1] - variable dependencies.general.appPackage was used, but r2 could not find a value for this variable. returning default of null
2025-01-07 16:38:11.021 [DEBUG] [thread-id 1] - Store in: store the value 'null' in the variable 'appPackage'
2025-01-07 16:38:11.031 [DEBUG] [thread-id 1] - conditionally execute a flow. condition: true
2025-01-07 16:38:11.250 [DEBUG] [thread-id 1] - Store in: store the value 'iOS' in the variable 'platform'
2025-01-07 16:38:11.259 [DEBUG] [thread-id 1] - R2_SUBFLOW_PRE_TRANSACTION
2025-01-07 16:38:11.700 [DEBUG] [thread-id 1] - Using us-errors-helpers.yaml
2025-01-07 16:38:12.148 [DEBUG] [thread-id 1] - Start Main
2025-01-07 16:38:12.149 [DEBUG] [thread-id 1] - Executing function: 'unified.us.functions.global.onboarding.navigateOnboardingToHome'
2025-01-07 16:38:12.150 [DEBUG] [thread-id 1] - Welcome screen loaded
2025-01-07 16:38:12.153 [DEBUG] [thread-id 1] - Verify identifier: {cta.cancel.welcome=[true]}
2025-01-07 16:38:12.153 [DEBUG] [thread-id 1] - Store in: store the value 'true' in the variable 'testStarted'
2025-01-07 16:38:12.194 [DEBUG] [thread-id 1] - Click element: 'cta.cancel.welcome'
2025-01-07 16:38:12.715 [DEBUG] [thread-id 1] - Notifiction Prompt screen loaded
2025-01-07 16:38:15.084 [DEBUG] [thread-id 1] - Verify identifier: {LocationPermissionViewController.titleLabel=[true]}
2025-01-07 16:38:15.123 [DEBUG] [thread-id 1] - Click element: 'Enter zip code'
2025-01-07 16:38:15.816 [DEBUG] [thread-id 1] - Verify identifier: {label.postal-code-entry=[true]}
2025-01-07 16:38:15.816 [DEBUG] [thread-id 1] - sleep:  2000 milliseconds
2025-01-07 16:38:17.884 [DEBUG] [thread-id 1] - Enter text: '95122'
2025-01-07 16:38:19.957 [DEBUG] [thread-id 1] - Click element: 'cta.continue'
2025-01-07 16:38:20.436 [DEBUG] [thread-id 1] - sleep:  3000 milliseconds
2025-01-07 16:38:33.547 [DEBUG] [thread-id 1] - Executing function: 'unified.us.functions.home.navigateHomeToSignIn'
2025-01-07 16:38:33.913 [DEBUG] [thread-id 1] - Click element: '//XCUIElementTypeButton[@name="Account"] | Account'
2025-01-07 16:38:34.799 [DEBUG] [thread-id 1] - Verify identifier: {//XCUIElementTypeButton[@name="SignInYourAccountTableViewCell.signInButton"]=[true]}
2025-01-07 16:38:35.114 [DEBUG] [thread-id 1] - Click element: '//XCUIElementTypeButton[@name="SignInYourAccountTableViewCell.signInButton"]'
2025-01-07 16:38:36.906 [DEBUG] [thread-id 1] - conditionally execute a flow. condition: true
2025-01-07 16:38:38.130 [DEBUG] [thread-id 1] - Store in: store the value 'true' in the variable 'signInValidated'
2025-01-07 16:38:38.141 [DEBUG] [thread-id 1] - conditionally execute a flow. condition: true
2025-01-07 16:38:39.388 [DEBUG] [thread-id 1] - SignIn page loaded
2025-01-07 16:38:40.668 [DEBUG] [thread-id 1] - Store in: store the value 'false' in the variable 'signInValidated'
2025-01-07 16:38:40.677 [DEBUG] [thread-id 1] - conditionally execute a flow. condition: true
2025-01-07 16:38:41.936 [DEBUG] [thread-id 1] - Store in: store the value 'paidannual3@cloudtest.org' in the variable 'email'
2025-01-07 16:38:43.207 [DEBUG] [thread-id 1] - Store in: store the value 'E2epassword' in the variable 'password'
2025-01-07 16:38:43.214 [DEBUG] [thread-id 1] - Executing function: 'unified.us.functions.global.authentication.signInAccount'
2025-01-07 16:38:43.215 [DEBUG] [thread-id 1] - conditionally execute a flow. condition: true
2025-01-07 16:38:57.129 [DEBUG] [thread-id 1] - Verify identifier: {TextFieldStackView.containerStackView=[true]}
2025-01-07 16:38:57.278 [DEBUG] [thread-id 1] - Enter text: 'paidannual3@cloudtest.org'
2025-01-07 16:39:01.866 [DEBUG] [thread-id 1] - Click element: 'WelcomeView.ctaButton'
2025-01-07 16:39:02.565 [DEBUG] [thread-id 1] - sleep:  2000 milliseconds
2025-01-07 16:39:05.349 [DEBUG] [thread-id 1] - conditionally execute a flow. condition: true
2025-01-07 16:39:06.679 [DEBUG] [thread-id 1] - Entered Email Successfully
2025-01-07 16:39:08.039 [DEBUG] [thread-id 1] - conditionally execute a flow. condition: true
2025-01-07 16:39:09.507 [DEBUG] [thread-id 1] - Click element: 'AuthChoiceView.passwordStackView'
2025-01-07 16:39:11.605 [DEBUG] [thread-id 1] - Selected Password Option to Login
2025-01-07 16:39:11.610 [DEBUG] [thread-id 1] - Verify identifier: {TextFieldStackView.textField=[true]}
2025-01-07 16:39:11.776 [DEBUG] [thread-id 1] - Enter text: 'E2epassword'
2025-01-07 16:39:18.547 [DEBUG] [thread-id 1] - Click element: 'AuthChoiceView.ctaButton'
2025-01-07 16:39:40.604 [DEBUG] [thread-id 1] - conditionally execute a flow. condition: true
2025-01-07 16:39:41.409 [DEBUG] [thread-id 1] - sleep:  2000 milliseconds
2025-01-07 16:39:54.912 [DEBUG] [thread-id 1] - Executing function: 'unified.us.functions.utils.handleCartMergePopup'
2025-01-07 16:40:16.170 [DEBUG] [thread-id 1] - No Technical Error Page observed
2025-01-07 16:40:16.185 [DEBUG] [thread-id 1] - Executing function: 'unified.us.functions.home.toolTip'
2025-01-07 16:40:26.554 [DEBUG] [thread-id 1] - conditionally execute a flow. condition: false
2025-01-07 16:40:27.348 [DEBUG] [thread-id 1] - no tooltip displayed
2025-01-07 16:40:27.365 [DEBUG] [thread-id 1] - Executing function: 'unified.us.functions.global.navigation.accountToHome'
2025-01-07 16:40:27.366 [DEBUG] [thread-id 1] - Executing function: 'unified.us.functions.global.navigation.toTab'
2025-01-07 16:40:27.367 [DEBUG] [thread-id 1] - Executing function: 'us.functions.utils.scrollIfNotVisible'
2025-01-07 16:40:28.874 [DEBUG] [thread-id 1] - Verify identifier: {//XCUIElementTypeButton[contains(@name, "Shop")]=[true]}
2025-01-07 16:40:29.684 [DEBUG] [thread-id 1] - Element already visible, scrolling is skipped
2025-01-07 16:40:29.698 [DEBUG] [thread-id 1] - Resetting scrollPosition variable to default
2025-01-07 16:40:29.699 [DEBUG] [thread-id 1] - Store in: store the value 'null' in the variable 'scrollPosition'
2025-01-07 16:40:29.699 [DEBUG] [thread-id 1] - Store in: store the value 'null' in the variable 'identifierScope'
2025-01-07 16:40:29.699 [DEBUG] [thread-id 1] - Store in: store the value 'null' in the variable 'limit'
2025-01-07 16:40:30.210 [DEBUG] [thread-id 1] - Click element: '//XCUIElementTypeButton[contains(@name, "Shop")]'
2025-01-07 16:40:30.695 [DEBUG] [thread-id 1] - Executing function: 'unified.us.functions.home.closeWPlusPromotionPopUpIfDisplayed'
2025-01-07 16:40:30.696 [DEBUG] [thread-id 1] - conditionally execute a flow. condition: true
2025-01-07 16:40:41.828 [DEBUG] [thread-id 1] - Executing function: 'unified.us.functions.global.navigation.toCartFromNavBar'
2025-01-07 16:40:42.345 [DEBUG] [thread-id 1] - Verify identifier: {//XCUIElementTypeButton[contains(@label, "Your cart")] | //XCUIElementTypeButton[(@name="SearchResultsViewController.cartButton") or (contains(@label,"Your cart contains") and contains(@label,"The estimated total is")) or (@label="Your cart is empty")]=[true]}
2025-01-07 16:40:42.877 [DEBUG] [thread-id 1] - Click element: '//XCUIElementTypeButton[contains(@label, "Your cart")] | //XCUIElementTypeButton[(@name="SearchResultsViewController.cartButton") or (contains(@label,"Your cart contains") and contains(@label,"The estimated total is")) or (@label="Your cart is empty")]'
2025-01-07 16:40:43.392 [DEBUG] [thread-id 1] - Executing function: 'unified.us.functions.cart.storeChangePopUp'
2025-01-07 16:40:50.963 [DEBUG] [thread-id 1] - No Store Change pop up screen displayed
2025-01-07 16:40:52.869 [DEBUG] [thread-id 1] - conditionally execute a flow. condition: true
2025-01-07 16:40:54.821 [DEBUG] [thread-id 1] - cart Page loaded
2025-01-07 16:40:54.827 [DEBUG] [thread-id 1] - Executing function: 'unified.us.functions.cart.removeAllCartItems'
2025-01-07 16:40:54.828 [DEBUG] [thread-id 1] - Executing function: 'unified.us.functions.cart.storeChangePopUp'
2025-01-07 16:40:58.660 [DEBUG] [thread-id 1] - No Store Change pop up screen displayed
2025-01-07 16:40:58.675 [DEBUG] [thread-id 1] - Executing function: 'unified.us.functions.cart.removeAdonsNotAvailable'
2025-01-07 16:41:03.595 [DEBUG] [thread-id 1] - No remove Adons pop up screen displayed
2025-01-07 16:41:05.546 [DEBUG] [thread-id 1] - conditionally execute a flow. condition: true
2025-01-07 16:41:07.480 [DEBUG] [thread-id 1] - No items in cart
2025-01-07 16:41:07.486 [DEBUG] [thread-id 1] - Executing function: 'unified.us.functions.cart.removeUnavailableItemsFromCart'
2025-01-07 16:41:07.487 [DEBUG] [thread-id 1] - conditionally execute a flow. condition: true
2025-01-07 16:41:20.818 [DEBUG] [thread-id 1] - Executing function: 'unified.us.functions.global.navigation.backNavigation'
2025-01-07 16:41:20.819 [DEBUG] [thread-id 1] - Global Back navigation
2025-01-07 16:41:20.819 [DEBUG] [thread-id 1] - conditionally execute a flow. condition: true
2025-01-07 16:41:27.496 [DEBUG] [thread-id 1] - Click element: '//XCUIElementTypeButton[@name="Back" or @label="Back"] | //XCUIElementTypeButton[@name="Shop"] | //XCUIElementTypeButton[@name="Home"]| //XCUIElementTypeButton[@name="Registries"] | //XCUIElementTypeButton[@name="My Items"] | //XCUIElementTypeNavigationBar[@name="Cart"]/XCUIElementTypeButton[contains(@name,"Search")]'
2025-01-07 16:41:28.295 [DEBUG] [thread-id 1] - Executing function: 'unified.us.functions.search.searchItem'
2025-01-07 16:41:29.779 [DEBUG] [thread-id 1] - Verify identifier: {Search=[true]}
2025-01-07 16:41:32.920 [DEBUG] [thread-id 1] - Click element: 'Search'
2025-01-07 16:41:33.563 [DEBUG] [thread-id 1] - Verify identifier: {Search Walmart=[true]}
2025-01-07 16:41:36.663 [DEBUG] [thread-id 1] - Click element: 'Search Walmart'
2025-01-07 16:41:37.295 [DEBUG] [thread-id 1] - Enter text: 'milk'
2025-01-07 16:41:49.159 [DEBUG] [thread-id 1] - Executing function: 'unified.us.functions.home.closeWPlusPromotionPopUpIfDisplayed'
2025-01-07 16:41:49.160 [DEBUG] [thread-id 1] - conditionally execute a flow. condition: true
2025-01-07 16:42:01.256 [DEBUG] [thread-id 1] - Executing function: 'unified.us.functions.utils.scrollIfNotVisible'
2025-01-07 16:42:01.257 [WARN] [thread-id 1] - variable scrollLimit was used, but r2 could not find a value for this variable. returning default of null
2025-01-07 16:42:01.257 [DEBUG] [thread-id 1] - conditionally execute a flow. condition: true
2025-01-07 16:42:02.111 [DEBUG] [thread-id 1] - Store in: store the value '7' in the variable 'scrollLimit'
2025-01-07 16:42:02.117 [DEBUG] [thread-id 1] - Scroll limit set to - 7
2025-01-07 16:42:02.118 [DEBUG] [thread-id 1] - conditionally execute a flow. condition: true
2025-01-07 16:42:03.604 [DEBUG] [thread-id 1] - conditionally execute a flow. condition: true
2025-01-07 16:42:04.459 [DEBUG] [thread-id 1] - Element already visible, scrolling is skipped
2025-01-07 16:42:04.478 [WARN] [thread-id 1] - variable scrollNeeded was used, but r2 could not find a value for this variable. returning default of null
2025-01-07 16:42:04.479 [DEBUG] [thread-id 1] - Resetting scrollPosition variable to default
2025-01-07 16:42:04.479 [DEBUG] [thread-id 1] - Store in: store the value 'null' in the variable 'scrollPosition'
2025-01-07 16:42:04.479 [DEBUG] [thread-id 1] - Store in: store the value 'null' in the variable 'identifierScope'
2025-01-07 16:42:04.480 [DEBUG] [thread-id 1] - Store in: store the value 'null' in the variable 'scrollLimit'
2025-01-07 16:42:04.480 [DEBUG] [thread-id 1] - Store in: store the value 'false' in the variable 'scrollNeeded'
2025-01-07 16:42:05.077 [DEBUG] [thread-id 1] - conditionally execute a flow. condition: true
2025-01-07 16:42:05.951 [DEBUG] [thread-id 1] - successfully found an item for the above search criterion
2025-01-07 16:42:05.957 [DEBUG] [thread-id 1] - Executing function: 'unified.us.functions.home.verifyBadgesForWplus'
2025-01-07 16:42:05.958 [DEBUG] [thread-id 1] - Validate store selection completed
2025-01-07 16:42:05.958 [DEBUG] [thread-id 1] - Executing function: 'unified.us.functions.search.clickOnFirstItem'
2025-01-07 16:42:05.959 [WARN] [thread-id 1] - variable noAds was used, but r2 could not find a value for this variable. returning default of null
2025-01-07 16:42:05.959 [WARN] [thread-id 1] - variable subFilter was used, but r2 could not find a value for this variable. returning default of null
2025-01-07 16:42:05.960 [DEBUG] [thread-id 1] - conditionally execute a flow. condition: false
2025-01-07 16:42:06.815 [WARN] [thread-id 1] - variable noAds was used, but r2 could not find a value for this variable. returning default of null
2025-01-07 16:42:06.815 [DEBUG] [thread-id 1] - conditionally execute a flow. condition: true
2025-01-07 16:42:07.654 [DEBUG] [thread-id 1] - conditionally execute a flow. condition: true
2025-01-07 16:42:08.497 [DEBUG] [thread-id 1] - Executing function: 'unified.us.functions.utils.scrollIfNotVisible'
2025-01-07 16:42:08.497 [DEBUG] [thread-id 1] - Scroll limit set to - 10
2025-01-07 16:42:08.497 [DEBUG] [thread-id 1] - conditionally execute a flow. condition: true
2025-01-07 16:42:09.954 [DEBUG] [thread-id 1] - conditionally execute a flow. condition: true
2025-01-07 16:42:10.809 [DEBUG] [thread-id 1] - Element already visible, scrolling is skipped
2025-01-07 16:42:10.818 [DEBUG] [thread-id 1] - Resetting scrollPosition variable to default
2025-01-07 16:42:10.819 [DEBUG] [thread-id 1] - Store in: store the value 'null' in the variable 'scrollPosition'
2025-01-07 16:42:10.819 [DEBUG] [thread-id 1] - Store in: store the value 'null' in the variable 'identifierScope'
2025-01-07 16:42:10.819 [DEBUG] [thread-id 1] - Store in: store the value 'null' in the variable 'scrollLimit'
2025-01-07 16:42:10.819 [DEBUG] [thread-id 1] - Store in: store the value 'false' in the variable 'scrollNeeded'
2025-01-07 16:42:12.247 [DEBUG] [thread-id 1] - Click element: '//XCUIElementTypeCell[contains(@name,"ProductSectionCoordinator_searchPrimaryProductCell_indexPath")]/XCUIElementTypeOther/XCUIElementTypeOther[1]/XCUIElementTypeButton[not(contains(@label, "Sponsored")) and (contains(@label, "reviews"))][1] | //*[contains(@name,"GlassProductTile.mainStackView") and not(contains(@label, "Sponsored")) and (contains(@label, "reviews"))] | //XCUIElementTypeCell[contains(@name,"ProductSectionCoordinator_searchPrimaryProductCell_indexPath")]/XCUIElementTypeOther/XCUIElementTypeOther[1]/XCUIElementTypeButton[1][not(contains(@label, "Sponsored"))]'
2025-01-07 16:42:12.795 [DEBUG] [thread-id 1] - Executing function: 'unified.us.functions.search.verifyItemPageOpened'
2025-01-07 16:42:47.054 [DEBUG] [thread-id 1] - Verify identifier: {//XCUIElementTypeStaticText[@name="BrandNameView_brandName" or @name = "TitleView_productTitle"] | //XCUIElementTypeButton[@name="BrandNameView_brandNameButton"]=[true]}
2025-01-07 16:42:47.070 [DEBUG] [thread-id 1] - Store in: store the value 'null' in the variable 'subFilter'
2025-01-07 16:42:47.070 [DEBUG] [thread-id 1] - Store in: store the value 'false' in the variable 'noAds'
2025-01-07 16:42:47.071 [DEBUG] [thread-id 1] - Store in: store the value 'false' in the variable 'excludeSponsored'
2025-01-07 16:42:47.071 [DEBUG] [thread-id 1] - Executing function: 'unified.us.functions.home.verifyBadgesForWplus'
2025-01-07 16:42:47.071 [DEBUG] [thread-id 1] - Validate store selection completed
2025-01-07 16:42:47.072 [DEBUG] [thread-id 1] - Store in: store the value 'passed' in the variable 'testStatus'
2025-01-07 16:43:12.705 [DEBUG] [thread-id 1] - Executing scenario: 'After'
2025-01-07 16:43:12.706 [DEBUG] [thread-id 1] - Executing function: 'unified.us.functions.utils.afterSteps'
2025-01-07 16:43:12.707 [DEBUG] [thread-id 1] - conditionally execute a flow. condition: true
2025-01-07 16:43:25.311 [DEBUG] [thread-id 1] - Test passed
2025-01-07 16:43:57.867 [DEBUG] [thread-id 1] - Created report: /Users/m0k0a2f/glass-automation/report/index.html
