2025-01-08 10:11:22.570 [DEBUG] [thread-id 1] - Executing R2 4.0.2: '/Users/m0k0a2f/glass-automation/us/unified-e2e-tests/test-scripts/Ecomm-And-Fulfillment-Flows/badging/C2717104-validate-badging-for-members.yaml' on device: 'iPhone 14'
2025-01-08 10:14:18.957 [DEBUG] [thread-id 1] - Executing scenario: 'Before'
2025-01-08 10:14:18.959 [DEBUG] [thread-id 1] - Executing function: 'us.function.utils.getEnvironmentValue'
2025-01-08 10:14:18.960 [DEBUG] [thread-id 1] - Store in: store the value 'production' in the variable 'env'
2025-01-08 10:14:18.961 [DEBUG] [thread-id 1] - Timestamp: 1736360058961
2025-01-08 10:14:18.962 [DEBUG] [thread-id 1] - Executing function: 'functions.utils.setPlatformInfo'
2025-01-08 10:14:18.965 [WARN] [thread-id 1] - variable dependencies.general.appPackage was used, but r2 could not find a value for this variable. returning default of null
2025-01-08 10:14:18.965 [DEBUG] [thread-id 1] - Store in: store the value 'null' in the variable 'appPackage'
2025-01-08 10:14:18.975 [DEBUG] [thread-id 1] - conditionally execute a flow. condition: true
2025-01-08 10:14:19.200 [DEBUG] [thread-id 1] - Store in: store the value 'iOS' in the variable 'platform'
2025-01-08 10:14:19.208 [DEBUG] [thread-id 1] - R2_SUBFLOW_PRE_TRANSACTION
2025-01-08 10:14:19.653 [DEBUG] [thread-id 1] - Using us-errors-helpers.yaml
2025-01-08 10:14:20.107 [DEBUG] [thread-id 1] - Start Main
2025-01-08 10:14:20.107 [DEBUG] [thread-id 1] - Executing function: 'unified.us.functions.global.onboarding.navigateOnboardingToHome'
2025-01-08 10:14:20.108 [DEBUG] [thread-id 1] - Welcome screen loaded
2025-01-08 10:14:20.113 [DEBUG] [thread-id 1] - Verify identifier: {cta.cancel.welcome=[true]}
2025-01-08 10:14:20.113 [DEBUG] [thread-id 1] - Store in: store the value 'true' in the variable 'testStarted'
2025-01-08 10:14:20.153 [DEBUG] [thread-id 1] - Click element: 'cta.cancel.welcome'
2025-01-08 10:14:20.712 [DEBUG] [thread-id 1] - Notifiction Prompt screen loaded
2025-01-08 10:14:41.646 [DEBUG] [thread-id 1] - Main failed: Is not present: 'LocationPermissionViewController.titleLabel'
2025-01-08 10:14:42.121 [DEBUG] [thread-id 1] - Executing scenario: 'After'
2025-01-08 10:14:42.122 [DEBUG] [thread-id 1] - Executing function: 'unified.us.functions.utils.afterSteps'
2025-01-08 10:14:42.123 [WARN] [thread-id 1] - variable testStatus was used, but r2 could not find a value for this variable. returning default of null
2025-01-08 10:14:42.123 [DEBUG] [thread-id 1] - conditionally execute a flow. condition: false
2025-01-08 10:14:42.341 [DEBUG] [thread-id 1] - Test failed
2025-01-08 10:14:51.043 [DEBUG] [thread-id 1] - Created report: /Users/m0k0a2f/glass-automation/report/index.html
2025-01-08 10:16:03.612 [DEBUG] [thread-id 1] - Executing R2 4.0.2: '/Users/m0k0a2f/glass-automation/us/unified-e2e-tests/test-scripts/Ecomm-And-Fulfillment-Flows/badging/C2717104-validate-badging-for-members.yaml' on device: 'iPhone 14'
2025-01-08 10:23:53.744 [DEBUG] [thread-id 1] - Executing scenario: 'After'
2025-01-08 10:23:53.990 [DEBUG] [thread-id 1] - Executing function: 'unified.us.functions.utils.afterSteps'
2025-01-08 10:23:53.994 [WARN] [thread-id 1] - variable testStatus was used, but r2 could not find a value for this variable. returning default of null
2025-01-08 10:23:54.023 [DEBUG] [thread-id 1] - conditionally execute a flow. condition: false
2025-01-08 10:25:54.089 [DEBUG] [thread-id 1] - Test failed
2025-01-08 10:27:54.154 [WARN] [thread-id 1] - variable testStarted was used, but r2 could not find a value for this variable. returning default of null
2025-01-08 10:27:54.160 [DEBUG] [thread-id 1] - conditionally execute a flow. condition: true
2025-01-08 10:29:54.199 [WARN] [thread-id 1] - variable env was used, but r2 could not find a value for this variable. returning default of null
2025-01-08 10:29:54.942 [DEBUG] [thread-id 1] - After failed: FAILURE - null - Unable to Open App
2025-01-08 10:31:07.684 [ERROR] [thread-id 1] - org.openqa.selenium.WebDriverException: An unknown server-side error occurred while processing the command. Original error: Could not proxy command to the remote server. Original error: connect ECONNREFUSED 127.0.0.1:8100
Build info: version: '4.13.0', revision: 'ba948ece5b*'
System info: os.name: 'Mac OS X', os.arch: 'aarch64', os.version: '15.2', java.version: '20.0.1'
Driver info: io.appium.java_client.ios.IOSDriver
Command: [a561ee60-49db-404b-bb83-a59532112de7, executeScript {script=mobile: queryAppState, args=[{bundleId=com.walmart.beta.electronics}]}]
Capabilities {appium:app: /Users/m0k0a2f/glass-automa..., appium:appiumVersion: 2.0.0, appium:automationName: XCUITest, appium:bundleId: com.walmart.beta.electronics, appium:databaseEnabled: false, appium:deviceName: iPhone 14, appium:fullReset: false, appium:javascriptEnabled: true, appium:locationContextEnabled: false, appium:name: C2717104-validate-badging-f..., appium:networkConnectionEnabled: false, appium:noReset: true, appium:orientation: PORTRAIT, appium:platformVersion: 17.4, appium:processArguments: {args: [-kGlassExpEnabled, true, -com.walmart.px.skip-catcha, YES], env: {config: {"environment":"production"}}}, appium:takesScreenshot: true, appium:udid: 32FDBF13-CE1D-429A-9158-9C1..., appium:waitForQuiescence: false, appium:webStorageEnabled: false, platformName: IOS}
Session ID: a561ee60-49db-404b-bb83-a59532112de7
2025-01-08 10:31:11.333 [DEBUG] [thread-id 1] - Created report: /Users/m0k0a2f/glass-automation/report/index.html
2025-01-08 10:58:13.055 [DEBUG] [thread-id 1] - Executing R2 4.0.2: '/Users/m0k0a2f/glass-automation/us/unified-e2e-tests/test-scripts/Ecomm-And-Fulfillment-Flows/badging/C2717104-validate-badging-for-members.yaml' on device: 'iPhone 14'
2025-01-08 11:01:52.474 [DEBUG] [thread-id 1] - Executing scenario: 'Before'
2025-01-08 11:01:52.477 [DEBUG] [thread-id 1] - Executing function: 'us.function.utils.getEnvironmentValue'
2025-01-08 11:01:52.477 [DEBUG] [thread-id 1] - Store in: store the value 'production' in the variable 'env'
2025-01-08 11:01:52.478 [DEBUG] [thread-id 1] - Timestamp: 1736362912478
2025-01-08 11:01:52.479 [DEBUG] [thread-id 1] - Executing function: 'functions.utils.setPlatformInfo'
2025-01-08 11:01:52.482 [WARN] [thread-id 1] - variable dependencies.general.appPackage was used, but r2 could not find a value for this variable. returning default of null
2025-01-08 11:01:52.482 [DEBUG] [thread-id 1] - Store in: store the value 'null' in the variable 'appPackage'
2025-01-08 11:01:52.493 [DEBUG] [thread-id 1] - conditionally execute a flow. condition: true
2025-01-08 11:01:52.738 [DEBUG] [thread-id 1] - Store in: store the value 'iOS' in the variable 'platform'
2025-01-08 11:01:52.747 [DEBUG] [thread-id 1] - R2_SUBFLOW_PRE_TRANSACTION
2025-01-08 11:01:53.233 [DEBUG] [thread-id 1] - Using us-errors-helpers.yaml
2025-01-08 11:01:53.716 [DEBUG] [thread-id 1] - Start Main
2025-01-08 11:01:53.716 [DEBUG] [thread-id 1] - Executing function: 'unified.us.functions.global.onboarding.navigateOnboardingToHome'
2025-01-08 11:01:53.717 [DEBUG] [thread-id 1] - Welcome screen loaded
2025-01-08 11:01:53.720 [DEBUG] [thread-id 1] - Verify identifier: {cta.cancel.welcome=[true]}
2025-01-08 11:01:53.721 [DEBUG] [thread-id 1] - Store in: store the value 'true' in the variable 'testStarted'
2025-01-08 11:01:53.776 [DEBUG] [thread-id 1] - Click element: 'cta.cancel.welcome'
2025-01-08 11:01:54.626 [DEBUG] [thread-id 1] - Notifiction Prompt screen loaded
2025-01-08 11:01:57.350 [DEBUG] [thread-id 1] - Verify identifier: {LocationPermissionViewController.titleLabel=[true]}
2025-01-08 11:01:57.401 [DEBUG] [thread-id 1] - Click element: 'Enter zip code'
2025-01-08 11:01:58.192 [DEBUG] [thread-id 1] - Verify identifier: {label.postal-code-entry=[true]}
2025-01-08 11:01:58.192 [DEBUG] [thread-id 1] - sleep:  2000 milliseconds
2025-01-08 11:02:00.269 [DEBUG] [thread-id 1] - Enter text: '95122'
2025-01-08 11:02:03.954 [DEBUG] [thread-id 1] - Click element: 'cta.continue'
2025-01-08 11:02:04.468 [DEBUG] [thread-id 1] - sleep:  3000 milliseconds
2025-01-08 11:02:17.722 [DEBUG] [thread-id 1] - Executing function: 'unified.us.functions.home.navigateHomeToSignIn'
2025-01-08 11:02:18.062 [DEBUG] [thread-id 1] - Click element: '//XCUIElementTypeButton[@name="Account"] | Account'
2025-01-08 11:02:18.856 [DEBUG] [thread-id 1] - Verify identifier: {//XCUIElementTypeButton[@name="SignInYourAccountTableViewCell.signInButton"]=[true]}
2025-01-08 11:02:19.191 [DEBUG] [thread-id 1] - Click element: '//XCUIElementTypeButton[@name="SignInYourAccountTableViewCell.signInButton"]'
2025-01-08 11:02:21.396 [DEBUG] [thread-id 1] - conditionally execute a flow. condition: true
2025-01-08 11:02:22.840 [DEBUG] [thread-id 1] - Store in: store the value 'true' in the variable 'signInValidated'
2025-01-08 11:02:22.854 [DEBUG] [thread-id 1] - conditionally execute a flow. condition: true
2025-01-08 11:02:24.297 [DEBUG] [thread-id 1] - SignIn page loaded
2025-01-08 11:02:25.737 [DEBUG] [thread-id 1] - Store in: store the value 'false' in the variable 'signInValidated'
2025-01-08 11:02:25.745 [DEBUG] [thread-id 1] - Executing function: 'unified.us.functions.global.authentication.signInAccountWithParams'
2025-01-08 11:02:25.745 [DEBUG] [thread-id 1] - Executing function: 'unified.us.functions.authentication.signInInfo'
2025-01-08 11:02:25.747 [DEBUG] [thread-id 1] - conditionally execute a flow. condition: true
2025-01-08 11:02:27.152 [DEBUG] [thread-id 1] - Store in: store the value 'paidannual3@cloudtest.org' in the variable 'email'
2025-01-08 11:02:28.564 [DEBUG] [thread-id 1] - Store in: store the value 'E2epassword' in the variable 'password'
2025-01-08 11:02:28.571 [DEBUG] [thread-id 1] - Executing function: 'unified.us.functions.global.authentication.signInAccount'
2025-01-08 11:02:28.572 [DEBUG] [thread-id 1] - conditionally execute a flow. condition: true
2025-01-08 11:02:41.782 [DEBUG] [thread-id 1] - Verify identifier: {TextFieldStackView.containerStackView=[true]}
2025-01-08 11:02:41.971 [DEBUG] [thread-id 1] - Enter text: 'paidannual3@cloudtest.org'
2025-01-08 11:02:46.755 [DEBUG] [thread-id 1] - Click element: 'WelcomeView.ctaButton'
2025-01-08 11:02:47.641 [DEBUG] [thread-id 1] - sleep:  2000 milliseconds
2025-01-08 11:02:50.371 [DEBUG] [thread-id 1] - conditionally execute a flow. condition: true
2025-01-08 11:02:51.862 [DEBUG] [thread-id 1] - Entered Email Successfully
2025-01-08 11:02:53.376 [DEBUG] [thread-id 1] - conditionally execute a flow. condition: true
2025-01-08 11:02:55.074 [DEBUG] [thread-id 1] - Click element: 'AuthChoiceView.passwordStackView'
2025-01-08 11:02:57.467 [DEBUG] [thread-id 1] - Selected Password Option to Login
2025-01-08 11:02:57.473 [DEBUG] [thread-id 1] - Verify identifier: {TextFieldStackView.textField=[true]}
2025-01-08 11:02:57.664 [DEBUG] [thread-id 1] - Enter text: 'E2epassword'
2025-01-08 11:03:04.768 [DEBUG] [thread-id 1] - Click element: 'AuthChoiceView.ctaButton'
2025-01-08 11:03:27.620 [DEBUG] [thread-id 1] - conditionally execute a flow. condition: true
2025-01-08 11:03:28.523 [DEBUG] [thread-id 1] - sleep:  2000 milliseconds
2025-01-08 11:03:42.852 [DEBUG] [thread-id 1] - Executing function: 'unified.us.functions.utils.handleCartMergePopup'
2025-01-08 11:04:03.865 [DEBUG] [thread-id 1] - No Technical Error Page observed
2025-01-08 11:04:03.870 [DEBUG] [thread-id 1] - Executing function: 'unified.us.functions.home.toolTip'
2025-01-08 11:04:14.586 [DEBUG] [thread-id 1] - conditionally execute a flow. condition: false
2025-01-08 11:04:15.484 [DEBUG] [thread-id 1] - no tooltip displayed
2025-01-08 11:04:15.503 [DEBUG] [thread-id 1] - Executing function: 'unified.us.functions.global.navigation.accountToHome'
2025-01-08 11:04:15.504 [DEBUG] [thread-id 1] - Executing function: 'unified.us.functions.global.navigation.toTab'
2025-01-08 11:04:15.505 [DEBUG] [thread-id 1] - Executing function: 'us.functions.utils.scrollIfNotVisible'
2025-01-08 11:04:16.954 [DEBUG] [thread-id 1] - Verify identifier: {//XCUIElementTypeButton[contains(@name, "Shop")]=[true]}
2025-01-08 11:04:17.856 [DEBUG] [thread-id 1] - Element already visible, scrolling is skipped
2025-01-08 11:04:17.865 [DEBUG] [thread-id 1] - Resetting scrollPosition variable to default
2025-01-08 11:04:17.866 [DEBUG] [thread-id 1] - Store in: store the value 'null' in the variable 'scrollPosition'
2025-01-08 11:04:17.866 [DEBUG] [thread-id 1] - Store in: store the value 'null' in the variable 'identifierScope'
2025-01-08 11:04:17.867 [DEBUG] [thread-id 1] - Store in: store the value 'null' in the variable 'limit'
2025-01-08 11:04:18.384 [DEBUG] [thread-id 1] - Click element: '//XCUIElementTypeButton[contains(@name, "Shop")]'
2025-01-08 11:04:18.899 [DEBUG] [thread-id 1] - Executing function: 'unified.us.functions.home.closeWPlusPromotionPopUpIfDisplayed'
2025-01-08 11:04:18.900 [DEBUG] [thread-id 1] - conditionally execute a flow. condition: true
2025-01-08 11:04:23.685 [DEBUG] [thread-id 1] - conditionally execute a flow. condition: true
2025-01-08 11:04:28.341 [DEBUG] [thread-id 1] - Click element: '//XCUIElementTypeButton[@name="SplashPageViewController.closeButton" or contains(@label, "Close Walmart plus promotional pop up")] | //XCUIElementTypeNavigationBar[@name="WalmartPlus.SplashPageView"]/XCUIElementTypeButton | //XCUIElementTypeButton[@name="close" or @name="Close"] | //XCUIElementTypeButton[@name="SplashPageViewController.fullScreenCloseButton"] | //XCUIElementTypeButton[@name="MultiSplashViewController.fullScreenCloseButton"] | //XCUIElementTypeButton[@name="RepeatBenefitEngagementTopBarView.closeButton"] | //XCUIElementTypeButton[@name="Close"] | //XCUIElementTypeButton[@name="close"]'
2025-01-08 11:04:29.317 [DEBUG] [thread-id 1] - Executing function: 'unified.us.functions.global.navigation.toCartFromNavBar'
2025-01-08 11:04:31.287 [DEBUG] [thread-id 1] - Verify identifier: {//XCUIElementTypeButton[contains(@label, "Your cart")] | //XCUIElementTypeButton[(@name="SearchResultsViewController.cartButton") or (contains(@label,"Your cart contains") and contains(@label,"The estimated total is")) or (@label="Your cart is empty")]=[true]}
2025-01-08 11:04:33.117 [DEBUG] [thread-id 1] - Click element: '//XCUIElementTypeButton[contains(@label, "Your cart")] | //XCUIElementTypeButton[(@name="SearchResultsViewController.cartButton") or (contains(@label,"Your cart contains") and contains(@label,"The estimated total is")) or (@label="Your cart is empty")]'
2025-01-08 11:04:34.024 [DEBUG] [thread-id 1] - Executing function: 'unified.us.functions.cart.storeChangePopUp'
2025-01-08 11:04:42.447 [DEBUG] [thread-id 1] - No Store Change pop up screen displayed
2025-01-08 11:04:44.615 [DEBUG] [thread-id 1] - conditionally execute a flow. condition: true
2025-01-08 11:04:46.797 [DEBUG] [thread-id 1] - cart Page loaded
2025-01-08 11:04:46.814 [DEBUG] [thread-id 1] - Executing function: 'unified.us.functions.cart.removeAllCartItems'
2025-01-08 11:04:46.814 [DEBUG] [thread-id 1] - Executing function: 'unified.us.functions.cart.storeChangePopUp'
2025-01-08 11:04:51.112 [DEBUG] [thread-id 1] - No Store Change pop up screen displayed
2025-01-08 11:04:51.132 [DEBUG] [thread-id 1] - Executing function: 'unified.us.functions.cart.removeAdonsNotAvailable'
2025-01-08 11:04:56.737 [DEBUG] [thread-id 1] - No remove Adons pop up screen displayed
2025-01-08 11:04:58.898 [DEBUG] [thread-id 1] - conditionally execute a flow. condition: true
2025-01-08 11:05:01.080 [DEBUG] [thread-id 1] - No items in cart
2025-01-08 11:05:01.087 [DEBUG] [thread-id 1] - Executing function: 'unified.us.functions.cart.removeUnavailableItemsFromCart'
2025-01-08 11:05:01.087 [DEBUG] [thread-id 1] - conditionally execute a flow. condition: true
2025-01-08 11:05:14.112 [DEBUG] [thread-id 1] - Executing function: 'unified.us.functions.global.navigation.backNavigation'
2025-01-08 11:05:14.113 [DEBUG] [thread-id 1] - Global Back navigation
2025-01-08 11:05:14.114 [DEBUG] [thread-id 1] - conditionally execute a flow. condition: true
2025-01-08 11:05:21.350 [DEBUG] [thread-id 1] - Click element: '//XCUIElementTypeButton[@name="Back" or @label="Back"] | //XCUIElementTypeButton[@name="Shop"] | //XCUIElementTypeButton[@name="Home"]| //XCUIElementTypeButton[@name="Registries"] | //XCUIElementTypeButton[@name="My Items"] | //XCUIElementTypeNavigationBar[@name="Cart"]/XCUIElementTypeButton[contains(@name,"Search")]'
2025-01-08 11:05:22.227 [DEBUG] [thread-id 1] - Executing function: 'unified.us.functions.search.searchItem'
2025-01-08 11:05:25.347 [DEBUG] [thread-id 1] - Verify identifier: {Search=[true]}
2025-01-08 11:05:28.813 [DEBUG] [thread-id 1] - Click element: 'Search'
2025-01-08 11:05:30.437 [DEBUG] [thread-id 1] - Verify identifier: {Search Walmart=[true]}
2025-01-08 11:05:33.604 [DEBUG] [thread-id 1] - Click element: 'Search Walmart'
2025-01-08 11:05:34.353 [DEBUG] [thread-id 1] - Enter text: 'milk'
2025-01-08 11:05:46.056 [DEBUG] [thread-id 1] - Executing function: 'unified.us.functions.home.closeWPlusPromotionPopUpIfDisplayed'
2025-01-08 11:05:46.056 [DEBUG] [thread-id 1] - conditionally execute a flow. condition: true
2025-01-08 11:05:57.927 [DEBUG] [thread-id 1] - Executing function: 'unified.us.functions.utils.scrollIfNotVisible'
2025-01-08 11:05:57.928 [WARN] [thread-id 1] - variable scrollLimit was used, but r2 could not find a value for this variable. returning default of null
2025-01-08 11:05:57.929 [DEBUG] [thread-id 1] - conditionally execute a flow. condition: true
2025-01-08 11:05:58.849 [DEBUG] [thread-id 1] - Store in: store the value '7' in the variable 'scrollLimit'
2025-01-08 11:05:58.861 [DEBUG] [thread-id 1] - Scroll limit set to - 7
2025-01-08 11:05:58.861 [DEBUG] [thread-id 1] - conditionally execute a flow. condition: true
2025-01-08 11:06:00.451 [DEBUG] [thread-id 1] - conditionally execute a flow. condition: true
2025-01-08 11:06:01.407 [DEBUG] [thread-id 1] - Element already visible, scrolling is skipped
2025-01-08 11:06:01.424 [WARN] [thread-id 1] - variable scrollNeeded was used, but r2 could not find a value for this variable. returning default of null
2025-01-08 11:06:01.424 [DEBUG] [thread-id 1] - Resetting scrollPosition variable to default
2025-01-08 11:06:01.424 [DEBUG] [thread-id 1] - Store in: store the value 'null' in the variable 'scrollPosition'
2025-01-08 11:06:01.425 [DEBUG] [thread-id 1] - Store in: store the value 'null' in the variable 'identifierScope'
2025-01-08 11:06:01.425 [DEBUG] [thread-id 1] - Store in: store the value 'null' in the variable 'scrollLimit'
2025-01-08 11:06:01.425 [DEBUG] [thread-id 1] - Store in: store the value 'false' in the variable 'scrollNeeded'
2025-01-08 11:06:02.057 [DEBUG] [thread-id 1] - conditionally execute a flow. condition: true
2025-01-08 11:06:02.971 [DEBUG] [thread-id 1] - successfully found an item for the above search criterion
2025-01-08 11:06:02.984 [DEBUG] [thread-id 1] - Executing function: 'unified.us.functions.home.verifyBadgesForWplus'
2025-01-08 11:06:02.985 [DEBUG] [thread-id 1] - badge validation completed
2025-01-08 11:06:02.986 [DEBUG] [thread-id 1] - Executing function: 'unified.us.functions.search.clickOnFirstItem'
2025-01-08 11:06:02.986 [WARN] [thread-id 1] - variable noAds was used, but r2 could not find a value for this variable. returning default of null
2025-01-08 11:06:02.986 [WARN] [thread-id 1] - variable subFilter was used, but r2 could not find a value for this variable. returning default of null
2025-01-08 11:06:02.987 [DEBUG] [thread-id 1] - conditionally execute a flow. condition: false
2025-01-08 11:06:03.918 [WARN] [thread-id 1] - variable noAds was used, but r2 could not find a value for this variable. returning default of null
2025-01-08 11:06:03.918 [DEBUG] [thread-id 1] - conditionally execute a flow. condition: true
2025-01-08 11:06:04.841 [DEBUG] [thread-id 1] - conditionally execute a flow. condition: true
2025-01-08 11:06:05.787 [DEBUG] [thread-id 1] - Executing function: 'unified.us.functions.utils.scrollIfNotVisible'
2025-01-08 11:06:05.788 [DEBUG] [thread-id 1] - Scroll limit set to - 10
2025-01-08 11:06:05.789 [DEBUG] [thread-id 1] - conditionally execute a flow. condition: true
2025-01-08 11:06:17.168 [DEBUG] [thread-id 1] - conditionally execute a flow. condition: false
2025-01-08 11:06:18.075 [DEBUG] [thread-id 1] - Store in: store the value 'true' in the variable 'scrollNeeded'
2025-01-08 11:06:18.091 [DEBUG] [thread-id 1] - conditionally execute a flow. condition: true
2025-01-08 11:06:18.997 [DEBUG] [thread-id 1] - conditionally execute a flow. condition: false
2025-01-08 11:06:19.909 [DEBUG] [thread-id 1] - conditionally execute a flow. condition: true
2025-01-08 11:06:20.820 [DEBUG] [thread-id 1] - Scroll: down
2025-01-08 11:06:35.706 [DEBUG] [thread-id 1] - Resetting scrollPosition variable to default
2025-01-08 11:06:35.707 [DEBUG] [thread-id 1] - Store in: store the value 'null' in the variable 'scrollPosition'
2025-01-08 11:06:35.707 [DEBUG] [thread-id 1] - Store in: store the value 'null' in the variable 'identifierScope'
2025-01-08 11:06:35.707 [DEBUG] [thread-id 1] - Store in: store the value 'null' in the variable 'scrollLimit'
2025-01-08 11:06:35.708 [DEBUG] [thread-id 1] - Store in: store the value 'false' in the variable 'scrollNeeded'
2025-01-08 11:06:36.948 [DEBUG] [thread-id 1] - Click element: '//XCUIElementTypeCell[contains(@name,"ProductSectionCoordinator_searchPrimaryProductCell_indexPath")]/XCUIElementTypeOther/XCUIElementTypeOther[1]/XCUIElementTypeButton[not(contains(@label, "Sponsored")) and (contains(@label, "reviews"))][1] | //*[contains(@name,"GlassProductTile.mainStackView") and not(contains(@label, "Sponsored")) and (contains(@label, "reviews"))] | //XCUIElementTypeCell[contains(@name,"ProductSectionCoordinator_searchPrimaryProductCell_indexPath")]/XCUIElementTypeOther/XCUIElementTypeOther[1]/XCUIElementTypeButton[1][not(contains(@label, "Sponsored"))]'
2025-01-08 11:06:37.448 [DEBUG] [thread-id 1] - Executing function: 'unified.us.functions.search.verifyItemPageOpened'
2025-01-08 11:07:33.115 [DEBUG] [thread-id 1] - Verify identifier: {//XCUIElementTypeStaticText[@name="BrandNameView_brandName" or @name = "TitleView_productTitle"] | //XCUIElementTypeButton[@name="BrandNameView_brandNameButton"]=[true]}
2025-01-08 11:07:33.148 [DEBUG] [thread-id 1] - Store in: store the value 'null' in the variable 'subFilter'
2025-01-08 11:07:33.149 [DEBUG] [thread-id 1] - Store in: store the value 'false' in the variable 'noAds'
2025-01-08 11:07:33.149 [DEBUG] [thread-id 1] - Store in: store the value 'false' in the variable 'excludeSponsored'
2025-01-08 11:07:33.149 [DEBUG] [thread-id 1] - Executing function: 'unified.us.functions.home.verifyBadgesForWplus'
2025-01-08 11:07:33.149 [DEBUG] [thread-id 1] - badge validation completed
2025-01-08 11:07:33.150 [DEBUG] [thread-id 1] - Store in: store the value 'passed' in the variable 'testStatus'
2025-01-08 11:08:05.870 [DEBUG] [thread-id 1] - Executing scenario: 'After'
2025-01-08 11:08:05.871 [DEBUG] [thread-id 1] - Executing function: 'unified.us.functions.utils.afterSteps'
2025-01-08 11:08:05.871 [DEBUG] [thread-id 1] - conditionally execute a flow. condition: true
2025-01-08 11:08:21.807 [DEBUG] [thread-id 1] - Test passed
2025-01-08 11:09:09.316 [DEBUG] [thread-id 1] - Created report: /Users/m0k0a2f/glass-automation/report/index.html
2025-01-08 11:56:16.231 [DEBUG] [thread-id 1] - Executing R2 4.0.2: '/Users/m0k0a2f/glass-automation/us/unified-e2e-tests/test-scripts/Ecomm-And-Fulfillment-Flows/badging/C2717104-validate-badging-for-members.yaml' on device: 'Pixel_5_API_31'
2025-01-08 11:56:16.338 [INFO] [thread-id 1] - url: http://127.0.0.1:4723
2025-01-08 11:56:33.146 [DEBUG] [thread-id 1] - Executing scenario: 'Before'
2025-01-08 11:56:33.152 [DEBUG] [thread-id 1] - Executing function: 'us.function.utils.getEnvironmentValue'
2025-01-08 11:56:33.153 [DEBUG] [thread-id 1] - Store in: store the value 'production' in the variable 'env'
2025-01-08 11:56:33.153 [DEBUG] [thread-id 1] - Timestamp: 1736366193153
2025-01-08 11:56:33.154 [DEBUG] [thread-id 1] - Executing function: 'functions.utils.setPlatformInfo'
2025-01-08 11:56:33.161 [DEBUG] [thread-id 1] - Store in: store the value 'com.walmart.android.debug' in the variable 'appPackage'
2025-01-08 11:56:33.170 [DEBUG] [thread-id 1] - conditionally execute a flow. condition: false
2025-01-08 11:56:33.203 [DEBUG] [thread-id 1] - Store in: store the value 'Android' in the variable 'platform'
2025-01-08 11:56:33.204 [DEBUG] [thread-id 1] - R2_SUBFLOW_PRE_TRANSACTION
2025-01-08 11:56:33.263 [DEBUG] [thread-id 1] - Using us-errors-helpers.yaml
2025-01-08 11:56:33.327 [DEBUG] [thread-id 1] - Start Main
2025-01-08 11:56:33.328 [DEBUG] [thread-id 1] - Executing function: 'unified.us.functions.global.onboarding.navigateOnboardingToHome'
2025-01-08 11:56:33.328 [DEBUG] [thread-id 1] - Welcome screen loaded
2025-01-08 11:56:33.329 [DEBUG] [thread-id 1] - conditionally execute a flow. condition: true
2025-01-08 11:56:33.360 [DEBUG] [thread-id 1] - Start Activity: 'com.walmart.android.debug.com.walmart.glass.integration.splash.SplashActivity'
2025-01-08 11:56:45.079 [DEBUG] [thread-id 1] - Verify identifier: {com.walmart.android.debug:id/onboarding_welcome_secondary_button=[true]}
2025-01-08 11:56:45.079 [DEBUG] [thread-id 1] - Store in: store the value 'true' in the variable 'testStarted'
2025-01-08 11:56:45.721 [DEBUG] [thread-id 1] - Click element: 'com.walmart.android.debug:id/onboarding_welcome_secondary_button'
2025-01-08 11:56:46.454 [DEBUG] [thread-id 1] - Notifiction Prompt screen loaded
2025-01-08 11:56:47.868 [DEBUG] [thread-id 1] - Verify identifier: {com.walmart.android.debug:id/onboarding_location_title_textview=[true]}
2025-01-08 11:56:47.949 [DEBUG] [thread-id 1] - Click element: 'com.walmart.android.debug:id/onboarding_zip_code_button'
2025-01-08 11:56:49.186 [DEBUG] [thread-id 1] - Verify identifier: {com.walmart.android.debug:id/onboarding_title_textview=[true]}
2025-01-08 11:56:49.186 [DEBUG] [thread-id 1] - sleep:  2000 milliseconds
2025-01-08 11:56:51.269 [DEBUG] [thread-id 1] - Enter text: '95122'
2025-01-08 11:56:54.429 [DEBUG] [thread-id 1] - Click element: 'com.walmart.android.debug:id/onboarding_zip_code_search_button'
2025-01-08 11:56:55.609 [DEBUG] [thread-id 1] - sleep:  3000 milliseconds
2025-01-08 11:57:08.626 [DEBUG] [thread-id 1] - conditionally execute a flow. condition: true
2025-01-08 11:57:08.722 [DEBUG] [thread-id 1] - Executing function: 'us.functions.home.personalizedPopUpScreenClose'
2025-01-08 11:57:39.129 [DEBUG] [thread-id 1] - Executing function: 'unified.us.functions.home.navigateHomeToSignIn'
2025-01-08 11:57:39.225 [DEBUG] [thread-id 1] - Click element: '//android.widget.FrameLayout[contains(@content-desc,"Account")]'
2025-01-08 11:57:41.359 [DEBUG] [thread-id 1] - Verify identifier: {//*[@resource-id="com.walmart.android.debug:id/sign_in_button"]|//*[@resource-id="com.walmart.android.debug:id/account_sign_in_button"]=[true]}
2025-01-08 11:57:41.397 [DEBUG] [thread-id 1] - Click element: '//*[@resource-id="com.walmart.android.debug:id/sign_in_button"]|//*[@resource-id="com.walmart.android.debug:id/account_sign_in_button"]'
2025-01-08 11:57:42.123 [DEBUG] [thread-id 1] - conditionally execute a flow. condition: true
2025-01-08 11:57:52.929 [DEBUG] [thread-id 1] - conditionally execute a flow. condition: true
2025-01-08 11:57:52.954 [DEBUG] [thread-id 1] - Store in: store the value 'true' in the variable 'signInValidated'
2025-01-08 11:57:52.955 [DEBUG] [thread-id 1] - conditionally execute a flow. condition: true
2025-01-08 11:57:52.977 [DEBUG] [thread-id 1] - SignIn page loaded
2025-01-08 11:57:53.002 [DEBUG] [thread-id 1] - Store in: store the value 'false' in the variable 'signInValidated'
2025-01-08 11:57:53.003 [DEBUG] [thread-id 1] - Executing function: 'unified.us.functions.global.authentication.signInAccountWithParams'
2025-01-08 11:57:53.003 [DEBUG] [thread-id 1] - Executing function: 'unified.us.functions.authentication.signInInfo'
2025-01-08 11:57:53.004 [DEBUG] [thread-id 1] - conditionally execute a flow. condition: true
2025-01-08 11:57:53.026 [DEBUG] [thread-id 1] - Store in: store the value 'paidannual3@cloudtest.org' in the variable 'email'
2025-01-08 11:57:53.048 [DEBUG] [thread-id 1] - Store in: store the value 'E2epassword' in the variable 'password'
2025-01-08 11:57:53.049 [DEBUG] [thread-id 1] - Executing function: 'unified.us.functions.global.authentication.signInAccount'
2025-01-08 11:57:53.050 [DEBUG] [thread-id 1] - conditionally execute a flow. condition: true
2025-01-08 11:57:53.073 [DEBUG] [thread-id 1] - Executing function: 'us.functions.global.onboarding.smartLock.DismissNoneOfTheAbove'
2025-01-08 11:58:03.078 [DEBUG] [thread-id 1] - conditionally execute a flow. condition: false
2025-01-08 11:58:13.144 [WARN] [thread-id 1] - variable validateSignInPage was used, but r2 could not find a value for this variable. returning default of null
2025-01-08 11:58:23.226 [DEBUG] [thread-id 1] - Verify identifier: {//android.widget.EditText[@content-desc="Email"]/android.widget.FrameLayout/android.widget.EditText | //android.widget.LinearLayout[@resource-id="com.walmart.android.debug:id/auth_field_login_id"]/android.widget.FrameLayout/android.widget.EditText | //android.widget.EditText[@text="Email"] | //android.widget.LinearLayout[@resource-id="com.walmart.android.debug:id/auth_field_login_id_component"]//android.widget.EditText | //android.widget.LinearLayout[@resource-id="com.walmart.android.debug:id/phone_number_field"]//android.widget.EditText=[true]}
2025-01-08 11:58:23.255 [DEBUG] [thread-id 1] - Enter text: 'paidannual3@cloudtest.org'
2025-01-08 11:58:31.892 [DEBUG] [thread-id 1] - Click element: 'com.walmart.android.debug:id/auth_button_main'
2025-01-08 11:58:32.498 [DEBUG] [thread-id 1] - sleep:  2000 milliseconds
2025-01-08 11:58:34.577 [DEBUG] [thread-id 1] - conditionally execute a flow. condition: true
2025-01-08 11:58:34.609 [DEBUG] [thread-id 1] - Entered Email Successfully
2025-01-08 11:58:34.645 [DEBUG] [thread-id 1] - conditionally execute a flow. condition: true
2025-01-08 11:58:34.708 [DEBUG] [thread-id 1] - Click element: 'com.walmart.android.debug:id/auth_choice_radio_button_password_title'
2025-01-08 11:58:35.957 [DEBUG] [thread-id 1] - Selected Password Option to Login
2025-01-08 11:58:35.985 [DEBUG] [thread-id 1] - Verify identifier: {//android.widget.LinearLayout[@resource-id="com.walmart.android.debug:id/auth_field_password"]/android.widget.FrameLayout/android.widget.EditText | //android.widget.EditText[@text="Password"] | //android.widget.EditText[@content-desc="Password"]/android.widget.FrameLayout/android.widget.EditText=[true]}
2025-01-08 11:58:36.031 [DEBUG] [thread-id 1] - Enter text: 'E2epassword'
2025-01-08 11:58:37.755 [DEBUG] [thread-id 1] - conditionally execute a flow. condition: true
2025-01-08 11:58:39.104 [DEBUG] [thread-id 1] - conditionally execute a flow. condition: true
2025-01-08 11:58:39.254 [DEBUG] [thread-id 1] - Click element: '//android.widget.ImageView[@content-desc="Back"]'
2025-01-08 11:58:41.998 [DEBUG] [thread-id 1] - Click element: 'com.walmart.android.debug:id/auth_button_main'
2025-01-08 11:59:02.728 [DEBUG] [thread-id 1] - Executing function: 'unified.us.functions.utils.handleCartMergePopup'
2025-01-08 11:59:22.864 [DEBUG] [thread-id 1] - No Technical Error Page observed
2025-01-08 11:59:22.865 [DEBUG] [thread-id 1] - Executing function: 'unified.us.functions.home.toolTip'
2025-01-08 11:59:22.931 [DEBUG] [thread-id 1] - conditionally execute a flow. condition: true
2025-01-08 11:59:23.003 [DEBUG] [thread-id 1] - tooltip displayed
2025-01-08 11:59:23.160 [DEBUG] [thread-id 1] - Click element with offset: 'com.walmart.android.debug:id/design_callout_close_button'
2025-01-08 11:59:23.859 [DEBUG] [thread-id 1] - Executing function: 'unified.us.functions.global.navigation.accountToHome'
2025-01-08 11:59:23.861 [DEBUG] [thread-id 1] - Executing function: 'unified.us.functions.global.navigation.toTab'
2025-01-08 11:59:23.863 [DEBUG] [thread-id 1] - Executing function: 'us.functions.utils.scrollIfNotVisible'
2025-01-08 11:59:23.864 [WARN] [thread-id 1] - variable scrollLimit was used, but r2 could not find a value for this variable. returning default of null
2025-01-08 11:59:23.871 [DEBUG] [thread-id 1] - conditionally execute a flow. condition: true
2025-01-08 11:59:24.116 [DEBUG] [thread-id 1] - Store in: store the value '7' in the variable 'scrollLimit'
2025-01-08 11:59:24.119 [DEBUG] [thread-id 1] - Scroll limit set to - 7
2025-01-08 11:59:24.849 [DEBUG] [thread-id 1] - conditionally execute a flow. condition: true
2025-01-08 11:59:24.915 [DEBUG] [thread-id 1] - Required identifier already displayed
2025-01-08 11:59:24.918 [DEBUG] [thread-id 1] - Resetting scrollPosition variable to default
2025-01-08 11:59:24.919 [DEBUG] [thread-id 1] - Store in: store the value 'null' in the variable 'scrollPosition'
2025-01-08 11:59:24.919 [DEBUG] [thread-id 1] - Store in: store the value 'null' in the variable 'identifierScope'
2025-01-08 11:59:24.920 [DEBUG] [thread-id 1] - Store in: store the value 'null' in the variable 'scrollLimit'
2025-01-08 11:59:24.973 [DEBUG] [thread-id 1] - Click element: '//android.widget.FrameLayout[contains(@content-desc, "Shop")]'
2025-01-08 11:59:25.590 [DEBUG] [thread-id 1] - Executing function: 'unified.us.functions.home.closeWPlusPromotionPopUpIfDisplayed'
2025-01-08 11:59:25.592 [DEBUG] [thread-id 1] - conditionally execute a flow. condition: true
2025-01-08 11:59:27.316 [DEBUG] [thread-id 1] - sleep:  6000 milliseconds
2025-01-08 11:59:44.060 [DEBUG] [thread-id 1] - Executing function: 'unified.us.functions.global.navigation.toCartFromNavBar'
2025-01-08 11:59:44.142 [DEBUG] [thread-id 1] - Verify identifier: {com.walmart.android.debug:id/cart_summary_icon=[true]}
2025-01-08 11:59:44.224 [DEBUG] [thread-id 1] - Click element: 'com.walmart.android.debug:id/cart_summary_icon'
2025-01-08 11:59:44.923 [DEBUG] [thread-id 1] - Executing function: 'unified.us.functions.cart.storeChangePopUp'
2025-01-08 11:59:48.545 [DEBUG] [thread-id 1] - No Store Change pop up screen displayed
2025-01-08 11:59:49.051 [DEBUG] [thread-id 1] - conditionally execute a flow. condition: true
2025-01-08 11:59:49.122 [DEBUG] [thread-id 1] - cart Page loaded
2025-01-08 11:59:49.124 [DEBUG] [thread-id 1] - Executing function: 'unified.us.functions.cart.removeAllCartItems'
2025-01-08 11:59:49.125 [DEBUG] [thread-id 1] - Executing function: 'unified.us.functions.cart.storeChangePopUp'
2025-01-08 11:59:49.521 [DEBUG] [thread-id 1] - No Store Change pop up screen displayed
2025-01-08 11:59:49.523 [DEBUG] [thread-id 1] - Executing function: 'unified.us.functions.cart.removeAdonsNotAvailable'
2025-01-08 11:59:49.720 [DEBUG] [thread-id 1] - No remove Adons pop up screen displayed
2025-01-08 11:59:49.785 [DEBUG] [thread-id 1] - conditionally execute a flow. condition: true
2025-01-08 11:59:49.849 [DEBUG] [thread-id 1] - No items in cart
2025-01-08 11:59:49.850 [DEBUG] [thread-id 1] - Executing function: 'unified.us.functions.cart.removeUnavailableItemsFromCart'
2025-01-08 11:59:49.850 [DEBUG] [thread-id 1] - conditionally execute a flow. condition: true
2025-01-08 12:00:10.205 [DEBUG] [thread-id 1] - conditionally execute a flow. condition: false
2025-01-08 12:00:10.298 [DEBUG] [thread-id 1] - oos is not displayed
2025-01-08 12:00:10.299 [DEBUG] [thread-id 1] - Executing function: 'unified.us.functions.global.navigation.backNavigation'
2025-01-08 12:00:10.300 [DEBUG] [thread-id 1] - Global Back navigation
2025-01-08 12:00:10.302 [DEBUG] [thread-id 1] - conditionally execute a flow. condition: true
2025-01-08 12:00:10.367 [DEBUG] [thread-id 1] - Press go back key: 'true'
2025-01-08 12:00:11.866 [DEBUG] [thread-id 1] - Executing function: 'unified.us.functions.search.searchItem'
2025-01-08 12:00:11.867 [DEBUG] [thread-id 1] - conditionally execute a flow. condition: true
2025-01-08 12:00:23.296 [DEBUG] [thread-id 1] - Verify identifier: {com.walmart.android.debug:id/navigation_search=[true]}
2025-01-08 12:00:26.588 [DEBUG] [thread-id 1] - Click element: 'com.walmart.android.debug:id/navigation_search'
2025-01-08 12:00:27.825 [DEBUG] [thread-id 1] - Verify identifier: {//android.widget.EditText[(@text="Search Walmart") or (@text="Search everything at Walmart") or (@text="Search") or contains(@resource-id,'search_view')]=[true]}
2025-01-08 12:00:31.119 [DEBUG] [thread-id 1] - Click element: '//android.widget.EditText[(@text="Search Walmart") or (@text="Search everything at Walmart") or (@text="Search") or contains(@resource-id,'search_view')]'
2025-01-08 12:00:32.355 [DEBUG] [thread-id 1] - Enter text: 'milk'
2025-01-08 12:00:34.433 [DEBUG] [thread-id 1] - Enter text: 'milk'
2025-01-08 12:00:48.247 [DEBUG] [thread-id 1] - Executing function: 'unified.us.functions.home.closeWPlusPromotionPopUpIfDisplayed'
2025-01-08 12:00:48.248 [DEBUG] [thread-id 1] - conditionally execute a flow. condition: true
2025-01-08 12:00:48.347 [DEBUG] [thread-id 1] - sleep:  6000 milliseconds
2025-01-08 12:01:04.527 [DEBUG] [thread-id 1] - Executing function: 'unified.us.functions.utils.scrollIfNotVisible'
2025-01-08 12:01:04.530 [DEBUG] [thread-id 1] - conditionally execute a flow. condition: true
2025-01-08 12:01:04.625 [DEBUG] [thread-id 1] - Store in: store the value '7' in the variable 'scrollLimit'
2025-01-08 12:01:04.627 [DEBUG] [thread-id 1] - Scroll limit set to - 7
2025-01-08 12:01:04.628 [DEBUG] [thread-id 1] - conditionally execute a flow. condition: false
2025-01-08 12:01:04.825 [DEBUG] [thread-id 1] - conditionally execute a flow. condition: true
2025-01-08 12:01:04.929 [DEBUG] [thread-id 1] - Required identifier already displayed
2025-01-08 12:01:04.931 [WARN] [thread-id 1] - variable scrollNeeded was used, but r2 could not find a value for this variable. returning default of null
2025-01-08 12:01:04.932 [DEBUG] [thread-id 1] - Resetting scrollPosition variable to default
2025-01-08 12:01:04.933 [DEBUG] [thread-id 1] - Store in: store the value 'null' in the variable 'scrollPosition'
2025-01-08 12:01:04.934 [DEBUG] [thread-id 1] - Store in: store the value 'null' in the variable 'identifierScope'
2025-01-08 12:01:04.935 [DEBUG] [thread-id 1] - Store in: store the value 'null' in the variable 'scrollLimit'
2025-01-08 12:01:04.936 [DEBUG] [thread-id 1] - Store in: store the value 'false' in the variable 'scrollNeeded'
2025-01-08 12:01:05.017 [DEBUG] [thread-id 1] - conditionally execute a flow. condition: true
2025-01-08 12:01:05.111 [DEBUG] [thread-id 1] - successfully found an item for the above search criterion
2025-01-08 12:01:05.112 [DEBUG] [thread-id 1] - Executing function: 'unified.us.functions.home.verifyBadgesForWplus'
2025-01-08 12:01:05.115 [DEBUG] [thread-id 1] - badge validation completed
2025-01-08 12:01:05.117 [DEBUG] [thread-id 1] - Executing function: 'unified.us.functions.search.clickOnFirstItem'
2025-01-08 12:01:05.118 [WARN] [thread-id 1] - variable noAds was used, but r2 could not find a value for this variable. returning default of null
2025-01-08 12:01:05.118 [WARN] [thread-id 1] - variable subFilter was used, but r2 could not find a value for this variable. returning default of null
2025-01-08 12:01:05.118 [DEBUG] [thread-id 1] - conditionally execute a flow. condition: false
2025-01-08 12:01:05.215 [WARN] [thread-id 1] - variable noAds was used, but r2 could not find a value for this variable. returning default of null
2025-01-08 12:01:05.215 [DEBUG] [thread-id 1] - conditionally execute a flow. condition: true
2025-01-08 12:01:05.309 [DEBUG] [thread-id 1] - conditionally execute a flow. condition: false
2025-01-08 12:01:05.409 [DEBUG] [thread-id 1] - loop: from 0 to 8
2025-01-08 12:01:05.566 [DEBUG] [thread-id 1] - conditionally execute a flow. condition: true
2025-01-08 12:01:05.655 [DEBUG] [thread-id 1] - Scroll: down
2025-01-08 12:01:22.338 [DEBUG] [thread-id 1] - conditionally execute a flow. condition: true
2025-01-08 12:01:22.421 [DEBUG] [thread-id 1] - Scroll: down
2025-01-08 12:01:27.810 [DEBUG] [thread-id 1] - conditionally execute a flow. condition: true
2025-01-08 12:01:27.891 [DEBUG] [thread-id 1] - Scroll: down
2025-01-08 12:01:33.600 [DEBUG] [thread-id 1] - Click element: '//*[contains(@resource-id, "tempo_shared_contentContainerView") or contains(@resource-id, "tempo_components_contentContainerView") or contains(@resource-id, "tempo_components_internal_contentContainerView")]//*[contains(@resource-id, "product_tile_image")] | //*[contains(@resource-id, "tempo_shared_contentContainerView") or contains(@resource-id, "tempo_components_contentContainerView") or contains(@resource-id, "tempo_components_internal_contentContainerView")]//*[contains(@resource-id, "com.walmart.android.debug:id/product_tile_image_view")]'
2025-01-08 12:01:34.299 [DEBUG] [thread-id 1] - Executing function: 'unified.us.functions.search.verifyItemPageOpened'
2025-01-08 12:01:39.321 [DEBUG] [thread-id 1] - Verify identifier: {//android.widget.TextView[@resource-id="com.walmart.android.debug:id/item_redesign_name"] | //android.widget.TextView[@resource-id="com.walmart.android.debug:id/brand_link"]=[true]}
2025-01-08 12:01:39.325 [DEBUG] [thread-id 1] - Store in: store the value 'null' in the variable 'subFilter'
2025-01-08 12:01:39.326 [DEBUG] [thread-id 1] - Store in: store the value 'false' in the variable 'noAds'
2025-01-08 12:01:39.328 [DEBUG] [thread-id 1] - Store in: store the value 'false' in the variable 'excludeSponsored'
2025-01-08 12:01:39.329 [DEBUG] [thread-id 1] - Executing function: 'unified.us.functions.home.verifyBadgesForWplus'
2025-01-08 12:01:39.330 [DEBUG] [thread-id 1] - badge validation completed
2025-01-08 12:01:39.331 [DEBUG] [thread-id 1] - Store in: store the value 'passed' in the variable 'testStatus'
2025-01-08 12:01:39.796 [DEBUG] [thread-id 1] - Executing scenario: 'After'
2025-01-08 12:01:39.797 [DEBUG] [thread-id 1] - Executing function: 'unified.us.functions.utils.afterSteps'
2025-01-08 12:01:39.798 [DEBUG] [thread-id 1] - conditionally execute a flow. condition: true
2025-01-08 12:01:40.230 [DEBUG] [thread-id 1] - Test passed
2025-01-08 12:01:43.134 [DEBUG] [thread-id 1] - Created report: /Users/m0k0a2f/glass-automation/report/index.html
